<?xml version="1.0" encoding="UTF-8"?>
<coverage generated="1751917989199" clover="3.2.0">
  <project timestamp="1751917989199" name="All files">
    <metrics statements="2385" coveredstatements="758" conditionals="1106" coveredconditionals="199" methods="582" coveredmethods="155" elements="4073" coveredelements="1112" complexity="0" loc="2385" ncloc="2385" packages="16" files="39" classes="39"/>
    <package name="Project-C0Di3">
      <metrics statements="203" coveredstatements="79" conditionals="99" coveredconditionals="46" methods="67" coveredmethods="9"/>
      <file name="gemma3n:4B-agent.ts" path="/workspaces/Project-C0Di3/gemma3n:4B-agent.ts">
        <metrics statements="203" coveredstatements="79" conditionals="99" coveredconditionals="46" methods="67" coveredmethods="9"/>
        <line num="1" count="1" type="stmt"/>
        <line num="2" count="1" type="stmt"/>
        <line num="3" count="1" type="stmt"/>
        <line num="4" count="1" type="stmt"/>
        <line num="5" count="1" type="stmt"/>
        <line num="6" count="1" type="stmt"/>
        <line num="17" count="1" type="stmt"/>
        <line num="18" count="1" type="stmt"/>
        <line num="19" count="1" type="stmt"/>
        <line num="20" count="1" type="stmt"/>
        <line num="21" count="1" type="stmt"/>
        <line num="22" count="1" type="stmt"/>
        <line num="23" count="1" type="stmt"/>
        <line num="24" count="1" type="stmt"/>
        <line num="25" count="1" type="stmt"/>
        <line num="26" count="1" type="stmt"/>
        <line num="27" count="1" type="stmt"/>
        <line num="28" count="1" type="stmt"/>
        <line num="29" count="1" type="stmt"/>
        <line num="30" count="1" type="stmt"/>
        <line num="36" count="1" type="stmt"/>
        <line num="60" count="3" type="stmt"/>
        <line num="61" count="3" type="stmt"/>
        <line num="65" count="3" type="cond" truecount="5" falsecount="1"/>
        <line num="66" count="3" type="cond" truecount="6" falsecount="2"/>
        <line num="67" count="3" type="cond" truecount="6" falsecount="2"/>
        <line num="68" count="3" type="cond" truecount="8" falsecount="2"/>
        <line num="69" count="3" type="cond" truecount="8" falsecount="2"/>
        <line num="72" count="3" type="cond" truecount="5" falsecount="1"/>
        <line num="73" count="3" type="stmt"/>
        <line num="74" count="3" type="stmt"/>
        <line num="77" count="3" type="cond" truecount="1" falsecount="1"/>
        <line num="78" count="3" type="cond" truecount="0" falsecount="1"/>
        <line num="79" count="0" type="stmt"/>
        <line num="82" count="3" type="stmt"/>
        <line num="88" count="3" type="stmt"/>
        <line num="92" count="3" type="stmt"/>
        <line num="99" count="3" type="stmt"/>
        <line num="107" count="3" type="stmt"/>
        <line num="110" count="0" type="cond" truecount="1" falsecount="1"/>
        <line num="114" count="3" type="stmt"/>
        <line num="115" count="3" type="cond" truecount="3" falsecount="1"/>
        <line num="116" count="3" type="stmt"/>
        <line num="118" count="0" type="stmt"/>
        <line num="119" count="0" type="stmt"/>
        <line num="123" count="3" type="stmt"/>
        <line num="130" count="3" type="stmt"/>
        <line num="139" count="3" type="stmt"/>
        <line num="142" count="3" type="stmt"/>
        <line num="149" count="3" type="stmt"/>
        <line num="156" count="3" type="stmt"/>
        <line num="165" count="3" type="stmt"/>
        <line num="166" count="3" type="stmt"/>
        <line num="173" count="3" type="stmt"/>
        <line num="181" count="3" type="stmt"/>
        <line num="189" count="3" type="stmt"/>
        <line num="192" count="3" type="stmt"/>
        <line num="195" count="3" type="stmt"/>
        <line num="199" count="3" type="stmt"/>
        <line num="200" count="3" type="stmt"/>
        <line num="201" count="3" type="stmt"/>
        <line num="202" count="3" type="stmt"/>
        <line num="203" count="3" type="stmt"/>
        <line num="207" count="0" type="stmt"/>
        <line num="209" count="0" type="stmt"/>
        <line num="213" count="3" type="stmt"/>
        <line num="214" count="3" type="stmt"/>
        <line num="217" count="3" type="stmt"/>
        <line num="220" count="3" type="stmt"/>
        <line num="223" count="3" type="stmt"/>
        <line num="226" count="3" type="stmt"/>
        <line num="233" count="0" type="stmt"/>
        <line num="235" count="0" type="stmt"/>
        <line num="236" count="0" type="stmt"/>
        <line num="241" count="0" type="stmt"/>
        <line num="250" count="3" type="cond" truecount="1" falsecount="0"/>
        <line num="251" count="3" type="stmt"/>
        <line num="252" count="3" type="stmt"/>
        <line num="253" count="3" type="stmt"/>
        <line num="255" count="3" type="stmt"/>
        <line num="257" count="3" type="stmt"/>
        <line num="260" count="3" type="stmt"/>
        <line num="261" count="3" type="stmt"/>
        <line num="264" count="3" type="stmt"/>
        <line num="267" count="0" type="stmt"/>
        <line num="269" count="0" type="stmt"/>
        <line num="271" count="0" type="stmt"/>
        <line num="279" count="0" type="stmt"/>
        <line num="280" count="0" type="stmt"/>
        <line num="281" count="0" type="stmt"/>
        <line num="282" count="0" type="stmt"/>
        <line num="290" count="3" type="stmt"/>
        <line num="295" count="3" type="stmt"/>
        <line num="302" count="3" type="stmt"/>
        <line num="303" count="15" type="cond" truecount="0" falsecount="1"/>
        <line num="304" count="0" type="cond" truecount="0" falsecount="2"/>
        <line num="308" count="0" type="cond" truecount="0" falsecount="1"/>
        <line num="309" count="0" type="stmt"/>
        <line num="311" count="0" type="cond" truecount="0" falsecount="3"/>
        <line num="312" count="0" type="stmt"/>
        <line num="314" count="0" type="cond" truecount="0" falsecount="1"/>
        <line num="315" count="0" type="stmt"/>
        <line num="316" count="0" type="stmt"/>
        <line num="327" count="0" type="cond" truecount="0" falsecount="1"/>
        <line num="328" count="0" type="stmt"/>
        <line num="332" count="0" type="cond" truecount="0" falsecount="1"/>
        <line num="333" count="0" type="stmt"/>
        <line num="337" count="0" type="stmt"/>
        <line num="338" count="0" type="cond" truecount="0" falsecount="3"/>
        <line num="339" count="0" type="stmt"/>
        <line num="342" count="0" type="stmt"/>
        <line num="349" count="0" type="stmt"/>
        <line num="353" count="0" type="stmt"/>
        <line num="361" count="0" type="stmt"/>
        <line num="368" count="0" type="stmt"/>
        <line num="375" count="0" type="stmt"/>
        <line num="376" count="0" type="stmt"/>
        <line num="378" count="0" type="stmt"/>
        <line num="381" count="0" type="stmt"/>
        <line num="382" count="0" type="stmt"/>
        <line num="385" count="0" type="stmt"/>
        <line num="386" count="0" type="stmt"/>
        <line num="387" count="0" type="stmt"/>
        <line num="390" count="0" type="stmt"/>
        <line num="397" count="0" type="stmt"/>
        <line num="399" count="0" type="stmt"/>
        <line num="400" count="0" type="stmt"/>
        <line num="410" count="3" type="cond" truecount="0" falsecount="1"/>
        <line num="411" count="0" type="stmt"/>
        <line num="412" count="0" type="stmt"/>
        <line num="413" count="0" type="stmt"/>
        <line num="419" count="0" type="stmt"/>
        <line num="420" count="0" type="cond" truecount="0" falsecount="1"/>
        <line num="421" count="0" type="stmt"/>
        <line num="424" count="0" type="stmt"/>
        <line num="433" count="0" type="stmt"/>
        <line num="440" count="0" type="stmt"/>
        <line num="441" count="0" type="stmt"/>
        <line num="442" count="0" type="stmt"/>
        <line num="449" count="0" type="stmt"/>
        <line num="456" count="0" type="stmt"/>
        <line num="460" count="0" type="stmt"/>
        <line num="467" count="0" type="stmt"/>
        <line num="474" count="0" type="stmt"/>
        <line num="477" count="0" type="stmt"/>
        <line num="484" count="0" type="stmt"/>
        <line num="488" count="0" type="stmt"/>
        <line num="492" count="0" type="stmt"/>
        <line num="496" count="0" type="stmt"/>
        <line num="498" count="0" type="cond" truecount="0" falsecount="1"/>
        <line num="499" count="0" type="stmt"/>
        <line num="507" count="0" type="stmt"/>
        <line num="510" count="0" type="stmt"/>
        <line num="517" count="0" type="stmt"/>
        <line num="524" count="0" type="stmt"/>
        <line num="528" count="0" type="stmt"/>
        <line num="532" count="0" type="stmt"/>
        <line num="536" count="0" type="stmt"/>
        <line num="540" count="0" type="stmt"/>
        <line num="544" count="0" type="stmt"/>
        <line num="548" count="0" type="stmt"/>
        <line num="555" count="0" type="stmt"/>
        <line num="559" count="0" type="stmt"/>
        <line num="563" count="0" type="stmt"/>
        <line num="569" count="0" type="stmt"/>
        <line num="570" count="0" type="cond" truecount="0" falsecount="1"/>
        <line num="571" count="0" type="stmt"/>
        <line num="578" count="0" type="cond" truecount="0" falsecount="1"/>
        <line num="579" count="0" type="stmt"/>
        <line num="593" count="0" type="stmt"/>
        <line num="600" count="0" type="stmt"/>
        <line num="607" count="0" type="stmt"/>
        <line num="614" count="0" type="stmt"/>
        <line num="620" count="0" type="cond" truecount="0" falsecount="1"/>
        <line num="621" count="0" type="stmt"/>
        <line num="622" count="0" type="stmt"/>
        <line num="633" count="0" type="stmt"/>
        <line num="635" count="0" type="stmt"/>
        <line num="645" count="0" type="stmt"/>
        <line num="659" count="0" type="stmt"/>
        <line num="660" count="0" type="stmt"/>
        <line num="668" count="0" type="stmt"/>
        <line num="675" count="0" type="stmt"/>
        <line num="682" count="0" type="stmt"/>
        <line num="695" count="0" type="stmt"/>
        <line num="702" count="0" type="stmt"/>
        <line num="709" count="0" type="stmt"/>
        <line num="714" count="0" type="cond" truecount="0" falsecount="2"/>
        <line num="718" count="0" type="stmt"/>
        <line num="722" count="0" type="stmt"/>
        <line num="726" count="0" type="stmt"/>
        <line num="730" count="0" type="stmt"/>
        <line num="735" count="0" type="cond" truecount="0" falsecount="1"/>
        <line num="736" count="0" type="stmt"/>
        <line num="739" count="0" type="stmt"/>
        <line num="748" count="0" type="cond" truecount="0" falsecount="1"/>
        <line num="749" count="0" type="cond" truecount="0" falsecount="1"/>
        <line num="750" count="0" type="stmt"/>
        <line num="754" count="0" type="stmt"/>
        <line num="762" count="0" type="stmt"/>
        <line num="767" count="0" type="cond" truecount="0" falsecount="1"/>
        <line num="768" count="0" type="stmt"/>
        <line num="771" count="0" type="stmt"/>
      </file>
    </package>
    <package name="Project-C0Di3.clients">
      <metrics statements="64" coveredstatements="31" conditionals="67" coveredconditionals="27" methods="9" coveredmethods="6"/>
      <file name="llama-cpp-client.ts" path="/workspaces/Project-C0Di3/clients/llama-cpp-client.ts">
        <metrics statements="55" coveredstatements="27" conditionals="67" coveredconditionals="27" methods="7" coveredmethods="5"/>
        <line num="1" count="1" type="stmt"/>
        <line num="15" count="1" type="stmt"/>
        <line num="17" count="9" type="stmt"/>
        <line num="18" count="9" type="stmt"/>
        <line num="21" count="9" type="stmt"/>
        <line num="30" count="42" type="stmt"/>
        <line num="31" count="42" type="stmt"/>
        <line num="32" count="42" type="stmt"/>
        <line num="33" count="118" type="stmt"/>
        <line num="34" count="118" type="stmt"/>
        <line num="45" count="0" type="stmt"/>
        <line num="47" count="118" type="stmt"/>
        <line num="48" count="118" type="cond" truecount="3" falsecount="6"/>
        <line num="49" count="118" type="stmt"/>
        <line num="50" count="118" type="cond" truecount="1" falsecount="0"/>
        <line num="51" count="82" type="stmt"/>
        <line num="53" count="0" type="stmt"/>
        <line num="57" count="36" type="cond" truecount="5" falsecount="1"/>
        <line num="66" count="0" type="stmt"/>
        <line num="67" count="0" type="stmt"/>
        <line num="68" count="0" type="stmt"/>
        <line num="69" count="0" type="stmt"/>
        <line num="70" count="0" type="stmt"/>
        <line num="83" count="0" type="stmt"/>
        <line num="84" count="0" type="stmt"/>
        <line num="85" count="0" type="stmt"/>
        <line num="86" count="0" type="stmt"/>
        <line num="87" count="0" type="stmt"/>
        <line num="88" count="0" type="cond" truecount="0" falsecount="2"/>
        <line num="89" count="0" type="stmt"/>
        <line num="90" count="0" type="cond" truecount="0" falsecount="1"/>
        <line num="91" count="0" type="stmt"/>
        <line num="92" count="0" type="stmt"/>
        <line num="93" count="0" type="cond" truecount="0" falsecount="1"/>
        <line num="98" count="0" type="stmt"/>
        <line num="100" count="0" type="stmt"/>
        <line num="101" count="0" type="cond" truecount="0" falsecount="9"/>
        <line num="102" count="0" type="stmt"/>
        <line num="103" count="0" type="cond" truecount="0" falsecount="1"/>
        <line num="104" count="0" type="stmt"/>
        <line num="106" count="0" type="stmt"/>
        <line num="110" count="0" type="cond" truecount="0" falsecount="6"/>
        <line num="119" count="3" type="stmt"/>
        <line num="120" count="3" type="stmt"/>
        <line num="121" count="3" type="stmt"/>
        <line num="122" count="9" type="stmt"/>
        <line num="123" count="9" type="stmt"/>
        <line num="128" count="0" type="stmt"/>
        <line num="130" count="9" type="stmt"/>
        <line num="131" count="9" type="cond" truecount="3" falsecount="6"/>
        <line num="132" count="9" type="stmt"/>
        <line num="133" count="9" type="cond" truecount="1" falsecount="0"/>
        <line num="134" count="6" type="stmt"/>
        <line num="136" count="0" type="stmt"/>
        <line num="140" count="3" type="cond" truecount="5" falsecount="1"/>
      </file>
      <file name="log-analyzer-client.ts" path="/workspaces/Project-C0Di3/clients/log-analyzer-client.ts">
        <metrics statements="9" coveredstatements="4" conditionals="0" coveredconditionals="0" methods="2" coveredmethods="1"/>
        <line num="1" count="1" type="stmt"/>
        <line num="4" count="1" type="stmt"/>
        <line num="9" count="3" type="stmt"/>
        <line num="10" count="3" type="stmt"/>
        <line num="14" count="0" type="stmt"/>
        <line num="15" count="0" type="stmt"/>
        <line num="16" count="0" type="stmt"/>
        <line num="18" count="0" type="stmt"/>
        <line num="19" count="0" type="stmt"/>
      </file>
    </package>
    <package name="Project-C0Di3.config">
      <metrics statements="72" coveredstatements="23" conditionals="31" coveredconditionals="11" methods="23" coveredmethods="3"/>
      <file name="config-manager.ts" path="/workspaces/Project-C0Di3/config/config-manager.ts">
        <metrics statements="72" coveredstatements="23" conditionals="31" coveredconditionals="11" methods="23" coveredmethods="3"/>
        <line num="1" count="1" type="stmt"/>
        <line num="2" count="1" type="stmt"/>
        <line num="9" count="1" type="stmt"/>
        <line num="10" count="3" type="stmt"/>
        <line num="12" count="3" type="stmt"/>
        <line num="15" count="3" type="stmt"/>
        <line num="16" count="3" type="cond" truecount="2" falsecount="0"/>
        <line num="19" count="3" type="stmt"/>
        <line num="22" count="3" type="cond" truecount="1" falsecount="2"/>
        <line num="23" count="0" type="stmt"/>
        <line num="28" count="3" type="stmt"/>
        <line num="29" count="3" type="stmt"/>
        <line num="30" count="3" type="cond" truecount="1" falsecount="0"/>
        <line num="31" count="3" type="stmt"/>
        <line num="32" count="3" type="stmt"/>
        <line num="35" count="0" type="stmt"/>
        <line num="40" count="0" type="stmt"/>
        <line num="41" count="0" type="cond" truecount="0" falsecount="3"/>
        <line num="42" count="0" type="stmt"/>
        <line num="43" count="0" type="stmt"/>
        <line num="46" count="0" type="stmt"/>
        <line num="51" count="39" type="stmt"/>
        <line num="52" count="39" type="stmt"/>
        <line num="54" count="39" type="stmt"/>
        <line num="55" count="63" type="cond" truecount="5" falsecount="0"/>
        <line num="56" count="39" type="stmt"/>
        <line num="58" count="24" type="stmt"/>
        <line num="62" count="15" type="cond" truecount="1" falsecount="1"/>
        <line num="66" count="0" type="stmt"/>
        <line num="67" count="0" type="stmt"/>
        <line num="69" count="0" type="stmt"/>
        <line num="70" count="0" type="stmt"/>
        <line num="71" count="0" type="cond" truecount="0" falsecount="3"/>
        <line num="72" count="0" type="stmt"/>
        <line num="74" count="0" type="stmt"/>
        <line num="77" count="0" type="stmt"/>
        <line num="81" count="0" type="stmt"/>
        <line num="85" count="0" type="cond" truecount="0" falsecount="1"/>
        <line num="86" count="0" type="stmt"/>
        <line num="87" count="0" type="stmt"/>
        <line num="88" count="0" type="stmt"/>
        <line num="90" count="0" type="stmt"/>
        <line num="96" count="0" type="stmt"/>
        <line num="100" count="0" type="stmt"/>
        <line num="105" count="0" type="stmt"/>
        <line num="108" count="0" type="stmt"/>
        <line num="113" count="0" type="stmt"/>
        <line num="116" count="0" type="stmt"/>
        <line num="121" count="0" type="stmt"/>
        <line num="124" count="0" type="stmt"/>
        <line num="129" count="0" type="cond" truecount="0" falsecount="4"/>
        <line num="138" count="3" type="stmt"/>
        <line num="139" count="3" type="stmt"/>
        <line num="143" count="0" type="stmt"/>
        <line num="144" count="0" type="stmt"/>
        <line num="148" count="0" type="cond" truecount="0" falsecount="1"/>
        <line num="150" count="0" type="cond" truecount="0" falsecount="2"/>
        <line num="151" count="0" type="cond" truecount="0" falsecount="2"/>
        <line num="152" count="0" type="stmt"/>
        <line num="155" count="0" type="stmt"/>
        <line num="156" count="0" type="stmt"/>
        <line num="157" count="0" type="stmt"/>
        <line num="161" count="0" type="stmt"/>
        <line num="162" count="0" type="stmt"/>
        <line num="164" count="0" type="cond" truecount="0" falsecount="1"/>
        <line num="165" count="0" type="stmt"/>
        <line num="166" count="0" type="stmt"/>
        <line num="169" count="0" type="stmt"/>
        <line num="173" count="0" type="stmt"/>
        <line num="177" count="0" type="stmt"/>
        <line num="182" count="0" type="stmt"/>
        <line num="185" count="0" type="stmt"/>
      </file>
    </package>
    <package name="Project-C0Di3.context">
      <metrics statements="14" coveredstatements="7" conditionals="0" coveredconditionals="0" methods="7" coveredmethods="2"/>
      <file name="context-manager.ts" path="/workspaces/Project-C0Di3/context/context-manager.ts">
        <metrics statements="14" coveredstatements="7" conditionals="0" coveredconditionals="0" methods="7" coveredmethods="2"/>
        <line num="3" count="1" type="stmt"/>
        <line num="4" count="4" type="stmt"/>
        <line num="14" count="3" type="stmt"/>
        <line num="19" count="3" type="stmt"/>
        <line num="20" count="3" type="stmt"/>
        <line num="21" count="3" type="stmt"/>
        <line num="25" count="0" type="stmt"/>
        <line num="29" count="0" type="stmt"/>
        <line num="33" count="0" type="stmt"/>
        <line num="37" count="0" type="stmt"/>
        <line num="41" count="0" type="stmt"/>
        <line num="42" count="0" type="stmt"/>
        <line num="43" count="0" type="stmt"/>
        <line num="47" count="1" type="stmt"/>
      </file>
    </package>
    <package name="Project-C0Di3.events">
      <metrics statements="2" coveredstatements="2" conditionals="0" coveredconditionals="0" methods="0" coveredmethods="0"/>
      <file name="event-bus.ts" path="/workspaces/Project-C0Di3/events/event-bus.ts">
        <metrics statements="2" coveredstatements="2" conditionals="0" coveredconditionals="0" methods="0" coveredmethods="0"/>
        <line num="1" count="1" type="stmt"/>
        <line num="3" count="1" type="stmt"/>
      </file>
    </package>
    <package name="Project-C0Di3.learning">
      <metrics statements="107" coveredstatements="21" conditionals="46" coveredconditionals="5" methods="25" coveredmethods="2"/>
      <file name="feedback-loop.ts" path="/workspaces/Project-C0Di3/learning/feedback-loop.ts">
        <metrics statements="107" coveredstatements="21" conditionals="46" coveredconditionals="5" methods="25" coveredmethods="2"/>
        <line num="3" count="1" type="stmt"/>
        <line num="4" count="1" type="stmt"/>
        <line num="5" count="1" type="stmt"/>
        <line num="6" count="1" type="stmt"/>
        <line num="12" count="1" type="stmt"/>
        <line num="17" count="3" type="stmt"/>
        <line num="20" count="3" type="stmt"/>
        <line num="28" count="3" type="stmt"/>
        <line num="29" count="3" type="stmt"/>
        <line num="30" count="3" type="cond" truecount="1" falsecount="1"/>
        <line num="31" count="3" type="stmt"/>
        <line num="32" count="3" type="cond" truecount="1" falsecount="1"/>
        <line num="33" count="3" type="cond" truecount="2" falsecount="0"/>
        <line num="36" count="3" type="stmt"/>
        <line num="39" count="3" type="stmt"/>
        <line num="42" count="3" type="stmt"/>
        <line num="49" count="3" type="stmt"/>
        <line num="51" count="3" type="stmt"/>
        <line num="52" count="3" type="cond" truecount="1" falsecount="0"/>
        <line num="53" count="3" type="stmt"/>
        <line num="54" count="3" type="stmt"/>
        <line num="57" count="0" type="stmt"/>
        <line num="58" count="0" type="stmt"/>
        <line num="66" count="0" type="stmt"/>
        <line num="68" count="0" type="stmt"/>
        <line num="69" count="0" type="stmt"/>
        <line num="71" count="0" type="stmt"/>
        <line num="79" count="0" type="stmt"/>
        <line num="83" count="0" type="cond" truecount="0" falsecount="2"/>
        <line num="86" count="0" type="stmt"/>
        <line num="87" count="0" type="stmt"/>
        <line num="90" count="0" type="stmt"/>
        <line num="100" count="0" type="stmt"/>
        <line num="101" count="0" type="stmt"/>
        <line num="104" count="0" type="stmt"/>
        <line num="107" count="0" type="cond" truecount="0" falsecount="1"/>
        <line num="108" count="0" type="stmt"/>
        <line num="112" count="0" type="stmt"/>
        <line num="115" count="0" type="stmt"/>
        <line num="120" count="0" type="stmt"/>
        <line num="128" count="0" type="stmt"/>
        <line num="146" count="0" type="stmt"/>
        <line num="149" count="0" type="stmt"/>
        <line num="152" count="0" type="stmt"/>
        <line num="156" count="0" type="stmt"/>
        <line num="163" count="0" type="stmt"/>
        <line num="166" count="0" type="stmt"/>
        <line num="168" count="0" type="cond" truecount="0" falsecount="1"/>
        <line num="170" count="0" type="stmt"/>
        <line num="171" count="0" type="stmt"/>
        <line num="177" count="0" type="cond" truecount="0" falsecount="1"/>
        <line num="178" count="0" type="stmt"/>
        <line num="183" count="0" type="stmt"/>
        <line num="190" count="0" type="stmt"/>
        <line num="194" count="0" type="stmt"/>
        <line num="208" count="0" type="stmt"/>
        <line num="215" count="0" type="cond" truecount="0" falsecount="1"/>
        <line num="216" count="0" type="cond" truecount="0" falsecount="2"/>
        <line num="219" count="0" type="cond" truecount="0" falsecount="1"/>
        <line num="220" count="0" type="cond" truecount="0" falsecount="2"/>
        <line num="225" count="0" type="stmt"/>
        <line num="239" count="0" type="stmt"/>
        <line num="240" count="0" type="stmt"/>
        <line num="241" count="0" type="stmt"/>
        <line num="242" count="0" type="stmt"/>
        <line num="245" count="0" type="cond" truecount="0" falsecount="2"/>
        <line num="249" count="0" type="cond" truecount="0" falsecount="4"/>
        <line num="250" count="0" type="stmt"/>
        <line num="251" count="0" type="stmt"/>
        <line num="255" count="0" type="cond" truecount="0" falsecount="1"/>
        <line num="256" count="0" type="stmt"/>
        <line num="257" count="0" type="cond" truecount="0" falsecount="2"/>
        <line num="258" count="0" type="stmt"/>
        <line num="259" count="0" type="cond" truecount="0" falsecount="2"/>
        <line num="260" count="0" type="stmt"/>
        <line num="262" count="0" type="stmt"/>
        <line num="267" count="0" type="stmt"/>
        <line num="286" count="0" type="stmt"/>
        <line num="289" count="0" type="cond" truecount="0" falsecount="1"/>
        <line num="290" count="0" type="stmt"/>
        <line num="293" count="0" type="cond" truecount="0" falsecount="1"/>
        <line num="294" count="0" type="stmt"/>
        <line num="297" count="0" type="cond" truecount="0" falsecount="1"/>
        <line num="298" count="0" type="stmt"/>
        <line num="301" count="0" type="cond" truecount="0" falsecount="1"/>
        <line num="302" count="0" type="stmt"/>
        <line num="305" count="0" type="stmt"/>
        <line num="319" count="0" type="stmt"/>
        <line num="329" count="0" type="stmt"/>
        <line num="337" count="0" type="stmt"/>
        <line num="338" count="0" type="stmt"/>
        <line num="340" count="0" type="stmt"/>
        <line num="341" count="0" type="stmt"/>
        <line num="342" count="0" type="stmt"/>
        <line num="343" count="0" type="stmt"/>
        <line num="344" count="0" type="stmt"/>
        <line num="348" count="0" type="stmt"/>
        <line num="349" count="0" type="stmt"/>
        <line num="352" count="0" type="stmt"/>
        <line num="353" count="0" type="cond" truecount="0" falsecount="2"/>
        <line num="354" count="0" type="stmt"/>
        <line num="357" count="0" type="stmt"/>
        <line num="358" count="0" type="stmt"/>
        <line num="360" count="0" type="stmt"/>
        <line num="362" count="0" type="stmt"/>
        <line num="367" count="0" type="stmt"/>
        <line num="368" count="0" type="stmt"/>
      </file>
    </package>
    <package name="Project-C0Di3.memory">
      <metrics statements="218" coveredstatements="83" conditionals="79" coveredconditionals="10" methods="81" coveredmethods="23"/>
      <file name="concept-graph.ts" path="/workspaces/Project-C0Di3/memory/concept-graph.ts">
        <metrics statements="20" coveredstatements="5" conditionals="4" coveredconditionals="0" methods="6" coveredmethods="2"/>
        <line num="1" count="1" type="stmt"/>
        <line num="19" count="1" type="stmt"/>
        <line num="20" count="3" type="stmt"/>
        <line num="21" count="3" type="stmt"/>
        <line num="24" count="0" type="stmt"/>
        <line num="25" count="0" type="stmt"/>
        <line num="26" count="0" type="stmt"/>
        <line num="27" count="0" type="stmt"/>
        <line num="31" count="3" type="stmt"/>
        <line num="35" count="0" type="stmt"/>
        <line num="39" count="0" type="cond" truecount="0" falsecount="3"/>
        <line num="40" count="0" type="stmt"/>
        <line num="42" count="0" type="stmt"/>
        <line num="43" count="0" type="stmt"/>
        <line num="44" count="0" type="stmt"/>
        <line num="45" count="0" type="stmt"/>
        <line num="49" count="0" type="stmt"/>
        <line num="50" count="0" type="cond" truecount="0" falsecount="1"/>
        <line num="51" count="0" type="stmt"/>
        <line num="54" count="0" type="stmt"/>
      </file>
      <file name="episodic-memory.ts" path="/workspaces/Project-C0Di3/memory/episodic-memory.ts">
        <metrics statements="15" coveredstatements="3" conditionals="11" coveredconditionals="0" methods="14" coveredmethods="2"/>
        <line num="3" count="1" type="stmt"/>
        <line num="4" count="3" type="stmt"/>
        <line num="7" count="0" type="stmt"/>
        <line num="11" count="0" type="cond" truecount="0" falsecount="2"/>
        <line num="15" count="3" type="stmt"/>
        <line num="19" count="0" type="stmt"/>
        <line num="20" count="0" type="cond" truecount="0" falsecount="5"/>
        <line num="23" count="0" type="cond" truecount="0" falsecount="2"/>
        <line num="29" count="0" type="stmt"/>
        <line num="33" count="0" type="stmt"/>
        <line num="37" count="0" type="stmt"/>
        <line num="41" count="0" type="stmt"/>
        <line num="42" count="0" type="cond" truecount="0" falsecount="2"/>
        <line num="43" count="0" type="stmt"/>
        <line num="45" count="0" type="stmt"/>
      </file>
      <file name="memory-cache.ts" path="/workspaces/Project-C0Di3/memory/memory-cache.ts">
        <metrics statements="18" coveredstatements="13" conditionals="2" coveredconditionals="0" methods="9" coveredmethods="5"/>
        <line num="3" count="1" type="stmt"/>
        <line num="4" count="3" type="stmt"/>
        <line num="5" count="3" type="stmt"/>
        <line num="6" count="3" type="stmt"/>
        <line num="11" count="3" type="stmt"/>
        <line num="12" count="3" type="cond" truecount="0" falsecount="1"/>
        <line num="13" count="0" type="stmt"/>
        <line num="14" count="0" type="stmt"/>
        <line num="16" count="3" type="stmt"/>
        <line num="17" count="3" type="stmt"/>
        <line num="21" count="3" type="stmt"/>
        <line num="25" count="3" type="stmt"/>
        <line num="29" count="3" type="stmt"/>
        <line num="30" count="3" type="cond" truecount="0" falsecount="1"/>
        <line num="31" count="0" type="stmt"/>
        <line num="33" count="3" type="stmt"/>
        <line num="36" count="0" type="stmt"/>
        <line num="38" count="0" type="stmt"/>
      </file>
      <file name="memory-system.ts" path="/workspaces/Project-C0Di3/memory/memory-system.ts">
        <metrics statements="120" coveredstatements="53" conditionals="52" coveredconditionals="10" methods="22" coveredmethods="9"/>
        <line num="1" count="1" type="stmt"/>
        <line num="2" count="1" type="stmt"/>
        <line num="3" count="1" type="stmt"/>
        <line num="4" count="1" type="stmt"/>
        <line num="5" count="1" type="stmt"/>
        <line num="6" count="1" type="stmt"/>
        <line num="7" count="1" type="stmt"/>
        <line num="8" count="1" type="stmt"/>
        <line num="9" count="1" type="stmt"/>
        <line num="10" count="1" type="stmt"/>
        <line num="11" count="1" type="stmt"/>
        <line num="12" count="1" type="stmt"/>
        <line num="13" count="1" type="stmt"/>
        <line num="15" count="1" type="stmt"/>
        <line num="20" count="1" type="stmt"/>
        <line num="32" count="3" type="stmt"/>
        <line num="35" count="3" type="stmt"/>
        <line num="36" count="3" type="cond" truecount="1" falsecount="1"/>
        <line num="37" count="3" type="cond" truecount="1" falsecount="1"/>
        <line num="40" count="3" type="stmt"/>
        <line num="43" count="3" type="stmt"/>
        <line num="46" count="3" type="stmt"/>
        <line num="53" count="3" type="stmt"/>
        <line num="55" count="3" type="stmt"/>
        <line num="57" count="3" type="stmt"/>
        <line num="59" count="3" type="cond" truecount="1" falsecount="1"/>
        <line num="61" count="3" type="stmt"/>
        <line num="65" count="3" type="stmt"/>
        <line num="69" count="3" type="cond" truecount="1" falsecount="3"/>
        <line num="71" count="0" type="stmt"/>
        <line num="73" count="3" type="stmt"/>
        <line num="75" count="0" type="cond" truecount="0" falsecount="1"/>
        <line num="76" count="0" type="stmt"/>
        <line num="78" count="0" type="stmt"/>
        <line num="80" count="0" type="stmt"/>
        <line num="88" count="3" type="cond" truecount="0" falsecount="1"/>
        <line num="89" count="0" type="stmt"/>
        <line num="92" count="3" type="stmt"/>
        <line num="95" count="3" type="stmt"/>
        <line num="97" count="3" type="stmt"/>
        <line num="98" count="3" type="stmt"/>
        <line num="102" count="0" type="cond" truecount="0" falsecount="1"/>
        <line num="103" count="0" type="stmt"/>
        <line num="104" count="0" type="stmt"/>
        <line num="107" count="0" type="stmt"/>
        <line num="108" count="0" type="stmt"/>
        <line num="109" count="0" type="stmt"/>
        <line num="112" count="0" type="stmt"/>
        <line num="113" count="0" type="stmt"/>
        <line num="114" count="0" type="stmt"/>
        <line num="115" count="0" type="stmt"/>
        <line num="117" count="0" type="stmt"/>
        <line num="118" count="0" type="stmt"/>
        <line num="120" count="0" type="stmt"/>
        <line num="121" count="0" type="stmt"/>
        <line num="133" count="0" type="stmt"/>
        <line num="134" count="0" type="stmt"/>
        <line num="137" count="0" type="cond" truecount="0" falsecount="2"/>
        <line num="140" count="0" type="stmt"/>
        <line num="143" count="0" type="stmt"/>
        <line num="144" count="0" type="stmt"/>
        <line num="145" count="0" type="stmt"/>
        <line num="146" count="0" type="stmt"/>
        <line num="150" count="0" type="stmt"/>
        <line num="160" count="0" type="cond" truecount="0" falsecount="1"/>
        <line num="161" count="0" type="stmt"/>
        <line num="173" count="0" type="stmt"/>
        <line num="178" count="0" type="stmt"/>
        <line num="189" count="0" type="stmt"/>
        <line num="198" count="0" type="cond" truecount="0" falsecount="2"/>
        <line num="199" count="0" type="stmt"/>
        <line num="202" count="0" type="stmt"/>
        <line num="205" count="0" type="stmt"/>
        <line num="208" count="0" type="stmt"/>
        <line num="221" count="3" type="cond" truecount="0" falsecount="1"/>
        <line num="222" count="3" type="stmt"/>
        <line num="223" count="3" type="stmt"/>
        <line num="226" count="3" type="stmt"/>
        <line num="229" count="0" type="stmt"/>
        <line num="232" count="0" type="stmt"/>
        <line num="234" count="0" type="stmt"/>
        <line num="241" count="0" type="stmt"/>
        <line num="242" count="0" type="stmt"/>
        <line num="244" count="3" type="stmt"/>
        <line num="245" count="3" type="stmt"/>
        <line num="252" count="3" type="cond" truecount="0" falsecount="1"/>
        <line num="253" count="3" type="cond" truecount="1" falsecount="1"/>
        <line num="254" count="3" type="cond" truecount="2" falsecount="0"/>
        <line num="256" count="3" type="stmt"/>
        <line num="257" count="3" type="cond" truecount="1" falsecount="0"/>
        <line num="258" count="3" type="stmt"/>
        <line num="259" count="3" type="cond" truecount="0" falsecount="1"/>
        <line num="260" count="0" type="stmt"/>
        <line num="261" count="0" type="stmt"/>
        <line num="265" count="3" type="stmt"/>
        <line num="266" count="3" type="stmt"/>
        <line num="268" count="3" type="stmt"/>
        <line num="270" count="0" type="stmt"/>
        <line num="271" count="0" type="stmt"/>
        <line num="279" count="0" type="stmt"/>
        <line num="280" count="0" type="stmt"/>
        <line num="281" count="0" type="stmt"/>
        <line num="288" count="0" type="cond" truecount="0" falsecount="4"/>
        <line num="289" count="0" type="stmt"/>
        <line num="290" count="0" type="cond" truecount="0" falsecount="3"/>
        <line num="291" count="0" type="stmt"/>
        <line num="295" count="0" type="cond" truecount="0" falsecount="2"/>
        <line num="297" count="0" type="stmt"/>
        <line num="299" count="0" type="stmt"/>
        <line num="307" count="0" type="stmt"/>
        <line num="309" count="0" type="stmt"/>
        <line num="313" count="0" type="stmt"/>
        <line num="317" count="0" type="stmt"/>
        <line num="318" count="0" type="stmt"/>
        <line num="319" count="0" type="stmt"/>
        <line num="321" count="0" type="stmt"/>
        <line num="329" count="3" type="stmt"/>
        <line num="336" count="3" type="stmt"/>
        <line num="348" count="0" type="stmt"/>
        <line num="355" count="0" type="stmt"/>
      </file>
      <file name="procedural-memory.ts" path="/workspaces/Project-C0Di3/memory/procedural-memory.ts">
        <metrics statements="19" coveredstatements="3" conditionals="5" coveredconditionals="0" methods="10" coveredmethods="2"/>
        <line num="3" count="1" type="stmt"/>
        <line num="4" count="3" type="stmt"/>
        <line num="7" count="0" type="cond" truecount="0" falsecount="1"/>
        <line num="8" count="0" type="stmt"/>
        <line num="10" count="0" type="stmt"/>
        <line num="14" count="0" type="stmt"/>
        <line num="15" count="0" type="cond" truecount="0" falsecount="2"/>
        <line num="19" count="3" type="stmt"/>
        <line num="24" count="0" type="stmt"/>
        <line num="25" count="0" type="stmt"/>
        <line num="26" count="0" type="cond" truecount="0" falsecount="1"/>
        <line num="27" count="0" type="stmt"/>
        <line num="30" count="0" type="stmt"/>
        <line num="34" count="0" type="stmt"/>
        <line num="38" count="0" type="stmt"/>
        <line num="42" count="0" type="stmt"/>
        <line num="46" count="0" type="cond" truecount="0" falsecount="1"/>
        <line num="47" count="0" type="stmt"/>
        <line num="49" count="0" type="stmt"/>
      </file>
      <file name="semantic-memory.ts" path="/workspaces/Project-C0Di3/memory/semantic-memory.ts">
        <metrics statements="12" coveredstatements="3" conditionals="1" coveredconditionals="0" methods="11" coveredmethods="2"/>
        <line num="4" count="1" type="stmt"/>
        <line num="5" count="3" type="stmt"/>
        <line num="9" count="0" type="stmt"/>
        <line num="14" count="0" type="stmt"/>
        <line num="17" count="0" type="cond" truecount="0" falsecount="1"/>
        <line num="18" count="0" type="stmt"/>
        <line num="19" count="0" type="stmt"/>
        <line num="24" count="3" type="stmt"/>
        <line num="33" count="0" type="stmt"/>
        <line num="37" count="0" type="stmt"/>
        <line num="38" count="0" type="stmt"/>
        <line num="42" count="0" type="stmt"/>
      </file>
      <file name="working-memory.ts" path="/workspaces/Project-C0Di3/memory/working-memory.ts">
        <metrics statements="14" coveredstatements="3" conditionals="4" coveredconditionals="0" methods="9" coveredmethods="1"/>
        <line num="3" count="1" type="stmt"/>
        <line num="4" count="3" type="stmt"/>
        <line num="8" count="3" type="stmt"/>
        <line num="12" count="0" type="cond" truecount="0" falsecount="1"/>
        <line num="13" count="0" type="stmt"/>
        <line num="15" count="0" type="stmt"/>
        <line num="19" count="0" type="stmt"/>
        <line num="23" count="0" type="stmt"/>
        <line num="27" count="0" type="stmt"/>
        <line num="31" count="0" type="stmt"/>
        <line num="35" count="0" type="stmt"/>
        <line num="36" count="0" type="cond" truecount="0" falsecount="2"/>
        <line num="37" count="0" type="stmt"/>
        <line num="39" count="0" type="stmt"/>
      </file>
    </package>
    <package name="Project-C0Di3.memory.stores">
      <metrics statements="78" coveredstatements="11" conditionals="9" coveredconditionals="0" methods="23" coveredmethods="2"/>
      <file name="chromadb-store.ts" path="/workspaces/Project-C0Di3/memory/stores/chromadb-store.ts">
        <metrics statements="11" coveredstatements="1" conditionals="0" coveredconditionals="0" methods="5" coveredmethods="0"/>
        <line num="3" count="1" type="stmt"/>
        <line num="6" count="0" type="stmt"/>
        <line num="7" count="0" type="stmt"/>
        <line num="12" count="0" type="stmt"/>
        <line num="13" count="0" type="stmt"/>
        <line num="18" count="0" type="stmt"/>
        <line num="19" count="0" type="stmt"/>
        <line num="24" count="0" type="stmt"/>
        <line num="25" count="0" type="stmt"/>
        <line num="30" count="0" type="stmt"/>
        <line num="31" count="0" type="stmt"/>
      </file>
      <file name="inmemory-store.ts" path="/workspaces/Project-C0Di3/memory/stores/inmemory-store.ts">
        <metrics statements="21" coveredstatements="5" conditionals="7" coveredconditionals="0" methods="10" coveredmethods="2"/>
        <line num="1" count="1" type="stmt"/>
        <line num="4" count="1" type="stmt"/>
        <line num="5" count="3" type="stmt"/>
        <line num="6" count="3" type="stmt"/>
        <line num="10" count="0" type="stmt"/>
        <line num="11" count="0" type="stmt"/>
        <line num="15" count="0" type="stmt"/>
        <line num="16" count="0" type="stmt"/>
        <line num="22" count="3" type="stmt"/>
        <line num="24" count="0" type="stmt"/>
        <line num="25" count="0" type="stmt"/>
        <line num="26" count="0" type="cond" truecount="0" falsecount="2"/>
        <line num="27" count="0" type="stmt"/>
        <line num="28" count="0" type="stmt"/>
        <line num="29" count="0" type="cond" truecount="0" falsecount="4"/>
        <line num="30" count="0" type="cond" truecount="0" falsecount="1"/>
        <line num="31" count="0" type="stmt"/>
        <line num="35" count="0" type="stmt"/>
        <line num="36" count="0" type="stmt"/>
        <line num="40" count="0" type="stmt"/>
        <line num="44" count="0" type="stmt"/>
      </file>
      <file name="postgres-store.ts" path="/workspaces/Project-C0Di3/memory/stores/postgres-store.ts">
        <metrics statements="46" coveredstatements="5" conditionals="2" coveredconditionals="0" methods="8" coveredmethods="0"/>
        <line num="3" count="1" type="stmt"/>
        <line num="4" count="1" type="stmt"/>
        <line num="5" count="0" type="stmt"/>
        <line num="8" count="1" type="stmt"/>
        <line num="11" count="1" type="stmt"/>
        <line num="14" count="1" type="stmt"/>
        <line num="20" count="0" type="cond" truecount="0" falsecount="1"/>
        <line num="21" count="0" type="stmt"/>
        <line num="23" count="0" type="stmt"/>
        <line num="24" count="0" type="stmt"/>
        <line num="25" count="0" type="stmt"/>
        <line num="26" count="0" type="stmt"/>
        <line num="30" count="0" type="stmt"/>
        <line num="31" count="0" type="stmt"/>
        <line num="32" count="0" type="stmt"/>
        <line num="40" count="0" type="stmt"/>
        <line num="45" count="0" type="stmt"/>
        <line num="46" count="0" type="stmt"/>
        <line num="47" count="0" type="stmt"/>
        <line num="48" count="0" type="stmt"/>
        <line num="53" count="0" type="stmt"/>
        <line num="58" count="0" type="stmt"/>
        <line num="59" count="0" type="stmt"/>
        <line num="60" count="0" type="stmt"/>
        <line num="62" count="0" type="stmt"/>
        <line num="63" count="0" type="stmt"/>
        <line num="64" count="0" type="stmt"/>
        <line num="70" count="0" type="stmt"/>
        <line num="72" count="0" type="stmt"/>
        <line num="73" count="0" type="stmt"/>
        <line num="75" count="0" type="stmt"/>
        <line num="80" count="0" type="stmt"/>
        <line num="81" count="0" type="stmt"/>
        <line num="82" count="0" type="stmt"/>
        <line num="83" count="0" type="stmt"/>
        <line num="87" count="0" type="stmt"/>
        <line num="89" count="0" type="stmt"/>
        <line num="94" count="0" type="stmt"/>
        <line num="95" count="0" type="stmt"/>
        <line num="96" count="0" type="stmt"/>
        <line num="98" count="0" type="stmt"/>
        <line num="103" count="0" type="stmt"/>
        <line num="104" count="0" type="stmt"/>
        <line num="105" count="0" type="stmt"/>
        <line num="106" count="0" type="stmt"/>
        <line num="108" count="0" type="stmt"/>
      </file>
    </package>
    <package name="Project-C0Di3.monitoring">
      <metrics statements="88" coveredstatements="26" conditionals="35" coveredconditionals="3" methods="30" coveredmethods="7"/>
      <file name="performance-monitor.ts" path="/workspaces/Project-C0Di3/monitoring/performance-monitor.ts">
        <metrics statements="88" coveredstatements="26" conditionals="35" coveredconditionals="3" methods="30" coveredmethods="7"/>
        <line num="1" count="1" type="stmt"/>
        <line num="2" count="1" type="stmt"/>
        <line num="20" count="1" type="stmt"/>
        <line num="21" count="3" type="stmt"/>
        <line num="26" count="3" type="stmt"/>
        <line num="27" count="3" type="stmt"/>
        <line num="30" count="3" type="cond" truecount="1" falsecount="1"/>
        <line num="31" count="3" type="stmt"/>
        <line num="32" count="3" type="cond" truecount="2" falsecount="0"/>
        <line num="33" count="3" type="stmt"/>
        <line num="36" count="3" type="stmt"/>
        <line num="37" count="15" type="stmt"/>
        <line num="41" count="3" type="stmt"/>
        <line num="45" count="3" type="stmt"/>
        <line num="46" count="0" type="stmt"/>
        <line num="49" count="3" type="stmt"/>
        <line num="50" count="0" type="stmt"/>
        <line num="51" count="0" type="stmt"/>
        <line num="54" count="3" type="stmt"/>
        <line num="55" count="0" type="stmt"/>
        <line num="58" count="3" type="stmt"/>
        <line num="59" count="0" type="cond" truecount="0" falsecount="2"/>
        <line num="60" count="0" type="stmt"/>
        <line num="65" count="6" type="stmt"/>
        <line num="69" count="0" type="stmt"/>
        <line num="70" count="0" type="cond" truecount="0" falsecount="1"/>
        <line num="71" count="0" type="stmt"/>
        <line num="72" count="0" type="stmt"/>
        <line num="73" count="0" type="stmt"/>
        <line num="75" count="0" type="stmt"/>
        <line num="79" count="6" type="stmt"/>
        <line num="80" count="6" type="stmt"/>
        <line num="82" count="0" type="stmt"/>
        <line num="83" count="0" type="stmt"/>
        <line num="84" count="0" type="cond" truecount="0" falsecount="5"/>
        <line num="85" count="0" type="stmt"/>
        <line num="92" count="0" type="stmt"/>
        <line num="93" count="0" type="stmt"/>
        <line num="97" count="0" type="cond" truecount="0" falsecount="1"/>
        <line num="98" count="0" type="stmt"/>
        <line num="103" count="0" type="stmt"/>
        <line num="106" count="0" type="stmt"/>
        <line num="107" count="0" type="cond" truecount="0" falsecount="1"/>
        <line num="108" count="0" type="stmt"/>
        <line num="111" count="0" type="cond" truecount="0" falsecount="1"/>
        <line num="112" count="0" type="stmt"/>
        <line num="116" count="0" type="cond" truecount="0" falsecount="1"/>
        <line num="117" count="0" type="stmt"/>
        <line num="125" count="0" type="stmt"/>
        <line num="130" count="0" type="cond" truecount="0" falsecount="1"/>
        <line num="131" count="0" type="stmt"/>
        <line num="136" count="0" type="stmt"/>
        <line num="140" count="0" type="stmt"/>
        <line num="141" count="0" type="stmt"/>
        <line num="143" count="0" type="cond" truecount="0" falsecount="5"/>
        <line num="144" count="0" type="stmt"/>
        <line num="149" count="0" type="cond" truecount="0" falsecount="2"/>
        <line num="153" count="0" type="stmt"/>
        <line num="154" count="0" type="cond" truecount="0" falsecount="3"/>
        <line num="155" count="0" type="stmt"/>
        <line num="157" count="0" type="stmt"/>
        <line num="161" count="0" type="stmt"/>
        <line num="162" count="0" type="cond" truecount="0" falsecount="3"/>
        <line num="163" count="0" type="stmt"/>
        <line num="164" count="0" type="stmt"/>
        <line num="165" count="0" type="stmt"/>
        <line num="167" count="0" type="stmt"/>
        <line num="171" count="3" type="stmt"/>
        <line num="175" count="3" type="stmt"/>
        <line num="177" count="3" type="stmt"/>
        <line num="178" count="15" type="cond" truecount="0" falsecount="1"/>
        <line num="179" count="0" type="stmt"/>
        <line num="180" count="0" type="stmt"/>
        <line num="183" count="0" type="stmt"/>
        <line num="190" count="3" type="stmt"/>
        <line num="194" count="0" type="stmt"/>
        <line num="198" count="3" type="stmt"/>
        <line num="205" count="0" type="stmt"/>
        <line num="206" count="0" type="stmt"/>
        <line num="207" count="0" type="stmt"/>
        <line num="211" count="0" type="stmt"/>
        <line num="212" count="0" type="stmt"/>
        <line num="214" count="0" type="stmt"/>
        <line num="218" count="0" type="stmt"/>
        <line num="222" count="0" type="stmt"/>
        <line num="226" count="0" type="cond" truecount="0" falsecount="3"/>
        <line num="227" count="0" type="stmt"/>
        <line num="228" count="0" type="stmt"/>
      </file>
    </package>
    <package name="Project-C0Di3.plugins">
      <metrics statements="65" coveredstatements="28" conditionals="19" coveredconditionals="6" methods="15" coveredmethods="6"/>
      <file name="plugin-manager.ts" path="/workspaces/Project-C0Di3/plugins/plugin-manager.ts">
        <metrics statements="65" coveredstatements="28" conditionals="19" coveredconditionals="6" methods="15" coveredmethods="6"/>
        <line num="1" count="1" type="stmt"/>
        <line num="2" count="1" type="stmt"/>
        <line num="3" count="1" type="stmt"/>
        <line num="5" count="1" type="stmt"/>
        <line num="22" count="1" type="stmt"/>
        <line num="23" count="3" type="stmt"/>
        <line num="30" count="3" type="stmt"/>
        <line num="31" count="3" type="cond" truecount="1" falsecount="1"/>
        <line num="32" count="3" type="stmt"/>
        <line num="33" count="3" type="stmt"/>
        <line num="35" count="3" type="cond" truecount="0" falsecount="1"/>
        <line num="36" count="0" type="stmt"/>
        <line num="41" count="3" type="stmt"/>
        <line num="43" count="3" type="stmt"/>
        <line num="44" count="3" type="stmt"/>
        <line num="47" count="3" type="cond" truecount="0" falsecount="1"/>
        <line num="48" count="0" type="stmt"/>
        <line num="49" count="0" type="stmt"/>
        <line num="52" count="3" type="stmt"/>
        <line num="54" count="0" type="cond" truecount="0" falsecount="2"/>
        <line num="55" count="0" type="stmt"/>
        <line num="56" count="0" type="stmt"/>
        <line num="58" count="0" type="stmt"/>
        <line num="59" count="0" type="stmt"/>
        <line num="61" count="0" type="stmt"/>
        <line num="63" count="0" type="stmt"/>
        <line num="64" count="0" type="stmt"/>
        <line num="67" count="3" type="stmt"/>
        <line num="68" count="3" type="stmt"/>
        <line num="73" count="0" type="stmt"/>
        <line num="74" count="0" type="stmt"/>
        <line num="75" count="0" type="cond" truecount="0" falsecount="1"/>
        <line num="76" count="0" type="cond" truecount="0" falsecount="1"/>
        <line num="77" count="0" type="stmt"/>
        <line num="80" count="0" type="stmt"/>
        <line num="81" count="0" type="stmt"/>
        <line num="82" count="0" type="stmt"/>
        <line num="84" count="0" type="stmt"/>
        <line num="86" count="0" type="stmt"/>
        <line num="88" count="0" type="stmt"/>
        <line num="89" count="0" type="stmt"/>
        <line num="94" count="3" type="stmt"/>
        <line num="95" count="3" type="cond" truecount="1" falsecount="0"/>
        <line num="96" count="3" type="stmt"/>
        <line num="102" count="3" type="stmt"/>
        <line num="103" count="3" type="stmt"/>
        <line num="105" count="3" type="stmt"/>
        <line num="106" count="3" type="cond" truecount="4" falsecount="0"/>
        <line num="107" count="3" type="stmt"/>
        <line num="108" count="3" type="stmt"/>
        <line num="112" count="0" type="stmt"/>
        <line num="117" count="0" type="stmt"/>
        <line num="127" count="0" type="stmt"/>
        <line num="131" count="0" type="stmt"/>
        <line num="135" count="0" type="stmt"/>
        <line num="139" count="0" type="stmt"/>
        <line num="143" count="0" type="stmt"/>
        <line num="144" count="0" type="cond" truecount="0" falsecount="1"/>
        <line num="146" count="0" type="stmt"/>
        <line num="148" count="0" type="stmt"/>
        <line num="152" count="0" type="stmt"/>
        <line num="153" count="0" type="stmt"/>
        <line num="154" count="0" type="stmt"/>
        <line num="159" count="3" type="stmt"/>
        <line num="163" count="0" type="stmt"/>
      </file>
    </package>
    <package name="Project-C0Di3.reasoning">
      <metrics statements="438" coveredstatements="183" conditionals="228" coveredconditionals="48" methods="85" coveredmethods="33"/>
      <file name="absolute-zero-reasoner.ts" path="/workspaces/Project-C0Di3/reasoning/absolute-zero-reasoner.ts">
        <metrics statements="88" coveredstatements="11" conditionals="56" coveredconditionals="1" methods="14" coveredmethods="1"/>
        <line num="3" count="1" type="stmt"/>
        <line num="4" count="1" type="stmt"/>
        <line num="10" count="1" type="stmt"/>
        <line num="17" count="3" type="stmt"/>
        <line num="18" count="3" type="stmt"/>
        <line num="19" count="3" type="stmt"/>
        <line num="22" count="3" type="stmt"/>
        <line num="23" count="3" type="stmt"/>
        <line num="24" count="3" type="cond" truecount="1" falsecount="1"/>
        <line num="25" count="3" type="stmt"/>
        <line num="28" count="3" type="cond" truecount="0" falsecount="1"/>
        <line num="29" count="0" type="cond" truecount="0" falsecount="2"/>
        <line num="30" count="0" type="cond" truecount="0" falsecount="2"/>
        <line num="31" count="0" type="cond" truecount="0" falsecount="4"/>
        <line num="43" count="0" type="stmt"/>
        <line num="46" count="0" type="stmt"/>
        <line num="49" count="0" type="stmt"/>
        <line num="95" count="0" type="stmt"/>
        <line num="101" count="0" type="stmt"/>
        <line num="108" count="0" type="stmt"/>
        <line num="109" count="0" type="stmt"/>
        <line num="111" count="0" type="stmt"/>
        <line num="113" count="0" type="stmt"/>
        <line num="114" count="0" type="stmt"/>
        <line num="119" count="0" type="stmt"/>
        <line num="120" count="0" type="stmt"/>
        <line num="122" count="0" type="stmt"/>
        <line num="124" count="0" type="stmt"/>
        <line num="125" count="0" type="stmt"/>
        <line num="133" count="0" type="stmt"/>
        <line num="135" count="0" type="cond" truecount="0" falsecount="7"/>
        <line num="137" count="0" type="cond" truecount="0" falsecount="2"/>
        <line num="140" count="0" type="stmt"/>
        <line num="143" count="0" type="stmt"/>
        <line num="149" count="0" type="stmt"/>
        <line num="156" count="0" type="stmt"/>
        <line num="162" count="0" type="stmt"/>
        <line num="168" count="0" type="stmt"/>
        <line num="176" count="0" type="stmt"/>
        <line num="195" count="0" type="stmt"/>
        <line num="196" count="0" type="stmt"/>
        <line num="197" count="0" type="stmt"/>
        <line num="198" count="0" type="cond" truecount="0" falsecount="2"/>
        <line num="200" count="0" type="stmt"/>
        <line num="201" count="0" type="stmt"/>
        <line num="217" count="0" type="cond" truecount="0" falsecount="2"/>
        <line num="218" count="0" type="stmt"/>
        <line num="221" count="0" type="stmt"/>
        <line num="243" count="0" type="stmt"/>
        <line num="244" count="0" type="stmt"/>
        <line num="245" count="0" type="stmt"/>
        <line num="246" count="0" type="cond" truecount="0" falsecount="2"/>
        <line num="248" count="0" type="stmt"/>
        <line num="249" count="0" type="stmt"/>
        <line num="265" count="0" type="cond" truecount="0" falsecount="2"/>
        <line num="266" count="0" type="stmt"/>
        <line num="269" count="0" type="stmt"/>
        <line num="297" count="0" type="stmt"/>
        <line num="298" count="0" type="stmt"/>
        <line num="299" count="0" type="stmt"/>
        <line num="300" count="0" type="cond" truecount="0" falsecount="2"/>
        <line num="302" count="0" type="stmt"/>
        <line num="303" count="0" type="stmt"/>
        <line num="320" count="0" type="cond" truecount="0" falsecount="1"/>
        <line num="321" count="0" type="stmt"/>
        <line num="329" count="0" type="cond" truecount="0" falsecount="2"/>
        <line num="331" count="0" type="stmt"/>
        <line num="335" count="0" type="stmt"/>
        <line num="365" count="0" type="stmt"/>
        <line num="366" count="0" type="stmt"/>
        <line num="367" count="0" type="stmt"/>
        <line num="370" count="0" type="stmt"/>
        <line num="372" count="0" type="cond" truecount="0" falsecount="1"/>
        <line num="373" count="0" type="stmt"/>
        <line num="374" count="0" type="stmt"/>
        <line num="375" count="0" type="cond" truecount="0" falsecount="3"/>
        <line num="376" count="0" type="stmt"/>
        <line num="386" count="0" type="stmt"/>
        <line num="393" count="0" type="stmt"/>
        <line num="394" count="0" type="stmt"/>
        <line num="410" count="0" type="cond" truecount="0" falsecount="2"/>
        <line num="412" count="0" type="stmt"/>
        <line num="416" count="0" type="stmt"/>
        <line num="430" count="0" type="stmt"/>
        <line num="431" count="0" type="stmt"/>
        <line num="432" count="0" type="stmt"/>
        <line num="434" count="0" type="stmt"/>
        <line num="435" count="0" type="stmt"/>
      </file>
      <file name="darwin-godel-engine.ts" path="/workspaces/Project-C0Di3/reasoning/darwin-godel-engine.ts">
        <metrics statements="123" coveredstatements="84" conditionals="50" coveredconditionals="15" methods="28" coveredmethods="17"/>
        <line num="1" count="1" type="stmt"/>
        <line num="4" count="1" type="stmt"/>
        <line num="10" count="1" type="stmt"/>
        <line num="17" count="3" type="stmt"/>
        <line num="18" count="3" type="stmt"/>
        <line num="19" count="3" type="stmt"/>
        <line num="20" count="3" type="stmt"/>
        <line num="23" count="3" type="stmt"/>
        <line num="24" count="3" type="stmt"/>
        <line num="27" count="3" type="stmt"/>
        <line num="28" count="3" type="stmt"/>
        <line num="29" count="3" type="cond" truecount="1" falsecount="1"/>
        <line num="30" count="3" type="stmt"/>
        <line num="33" count="3" type="cond" truecount="0" falsecount="1"/>
        <line num="34" count="0" type="cond" truecount="0" falsecount="2"/>
        <line num="35" count="0" type="cond" truecount="0" falsecount="2"/>
        <line num="36" count="0" type="cond" truecount="0" falsecount="2"/>
        <line num="37" count="0" type="cond" truecount="0" falsecount="2"/>
        <line num="40" count="3" type="cond" truecount="0" falsecount="1"/>
        <line num="41" count="0" type="cond" truecount="0" falsecount="2"/>
        <line num="42" count="0" type="cond" truecount="0" falsecount="4"/>
        <line num="54" count="3" type="stmt"/>
        <line num="57" count="3" type="stmt"/>
        <line num="60" count="3" type="stmt"/>
        <line num="63" count="3" type="stmt"/>
        <line num="105" count="3" type="stmt"/>
        <line num="112" count="3" type="stmt"/>
        <line num="124" count="3" type="stmt"/>
        <line num="126" count="3" type="cond" truecount="1" falsecount="0"/>
        <line num="127" count="3" type="cond" truecount="0" falsecount="1"/>
        <line num="128" count="3" type="stmt"/>
        <line num="139" count="3" type="stmt"/>
        <line num="141" count="3" type="stmt"/>
        <line num="142" count="6" type="stmt"/>
        <line num="144" count="3" type="stmt"/>
        <line num="151" count="9" type="stmt"/>
        <line num="153" count="9" type="cond" truecount="3" falsecount="3"/>
        <line num="155" count="3" type="stmt"/>
        <line num="158" count="3" type="stmt"/>
        <line num="161" count="3" type="stmt"/>
        <line num="169" count="0" type="stmt"/>
        <line num="170" count="0" type="cond" truecount="0" falsecount="2"/>
        <line num="173" count="0" type="stmt"/>
        <line num="174" count="0" type="stmt"/>
        <line num="177" count="0" type="stmt"/>
        <line num="191" count="3" type="stmt"/>
        <line num="192" count="3" type="stmt"/>
        <line num="193" count="3" type="cond" truecount="1" falsecount="1"/>
        <line num="194" count="3" type="stmt"/>
        <line num="196" count="3" type="stmt"/>
        <line num="197" count="16" type="stmt"/>
        <line num="198" count="5" type="stmt"/>
        <line num="199" count="5" type="stmt"/>
        <line num="201" count="5" type="cond" truecount="1" falsecount="0"/>
        <line num="202" count="1" type="stmt"/>
        <line num="203" count="1" type="stmt"/>
        <line num="207" count="5" type="stmt"/>
        <line num="208" count="2" type="stmt"/>
        <line num="209" count="2" type="stmt"/>
        <line num="212" count="0" type="stmt"/>
        <line num="229" count="16" type="stmt"/>
        <line num="231" count="16" type="cond" truecount="0" falsecount="1"/>
        <line num="232" count="16" type="cond" truecount="1" falsecount="0"/>
        <line num="233" count="16" type="stmt"/>
        <line num="245" count="5" type="stmt"/>
        <line num="248" count="5" type="stmt"/>
        <line num="249" count="5" type="stmt"/>
        <line num="252" count="5" type="stmt"/>
        <line num="253" count="13" type="cond" truecount="2" falsecount="0"/>
        <line num="255" count="12" type="stmt"/>
        <line num="256" count="12" type="stmt"/>
        <line num="257" count="9" type="stmt"/>
        <line num="260" count="1" type="stmt"/>
        <line num="261" count="1" type="stmt"/>
        <line num="266" count="2" type="stmt"/>
        <line num="268" count="10" type="cond" truecount="1" falsecount="1"/>
        <line num="274" count="2" type="stmt"/>
        <line num="284" count="12" type="stmt"/>
        <line num="285" count="12" type="stmt"/>
        <line num="286" count="12" type="stmt"/>
        <line num="297" count="74" type="stmt"/>
        <line num="298" count="74" type="stmt"/>
        <line num="301" count="25" type="stmt"/>
        <line num="302" count="25" type="stmt"/>
        <line num="304" count="25" type="stmt"/>
        <line num="305" count="68" type="stmt"/>
        <line num="306" count="68" type="cond" truecount="1" falsecount="0"/>
        <line num="307" count="9" type="stmt"/>
        <line num="312" count="16" type="stmt"/>
        <line num="323" count="12" type="stmt"/>
        <line num="336" count="12" type="stmt"/>
        <line num="337" count="12" type="stmt"/>
        <line num="338" count="0" type="stmt"/>
        <line num="340" count="9" type="stmt"/>
        <line num="342" count="9" type="stmt"/>
        <line num="354" count="0" type="stmt"/>
        <line num="363" count="0" type="stmt"/>
        <line num="368" count="0" type="stmt"/>
        <line num="369" count="0" type="stmt"/>
        <line num="370" count="0" type="stmt"/>
        <line num="372" count="0" type="stmt"/>
        <line num="373" count="0" type="stmt"/>
        <line num="381" count="0" type="stmt"/>
        <line num="388" count="0" type="stmt"/>
        <line num="399" count="0" type="stmt"/>
        <line num="400" count="0" type="stmt"/>
        <line num="401" count="0" type="cond" truecount="0" falsecount="2"/>
        <line num="402" count="0" type="stmt"/>
        <line num="413" count="0" type="stmt"/>
        <line num="417" count="0" type="stmt"/>
        <line num="418" count="0" type="stmt"/>
        <line num="420" count="0" type="stmt"/>
        <line num="422" count="0" type="stmt"/>
        <line num="423" count="0" type="stmt"/>
        <line num="428" count="0" type="stmt"/>
        <line num="429" count="0" type="stmt"/>
        <line num="431" count="0" type="stmt"/>
        <line num="433" count="0" type="stmt"/>
        <line num="434" count="0" type="stmt"/>
        <line num="439" count="3" type="stmt"/>
        <line num="440" count="3" type="stmt"/>
        <line num="444" count="0" type="stmt"/>
        <line num="445" count="0" type="stmt"/>
      </file>
      <file name="reasoning-engine.ts" path="/workspaces/Project-C0Di3/reasoning/reasoning-engine.ts">
        <metrics statements="209" coveredstatements="82" conditionals="122" coveredconditionals="32" methods="32" coveredmethods="12"/>
        <line num="1" count="1" type="stmt"/>
        <line num="3" count="1" type="stmt"/>
        <line num="5" count="1" type="stmt"/>
        <line num="6" count="1" type="stmt"/>
        <line num="7" count="1" type="stmt"/>
        <line num="8" count="1" type="stmt"/>
        <line num="14" count="1" type="stmt"/>
        <line num="27" count="3" type="stmt"/>
        <line num="28" count="3" type="stmt"/>
        <line num="29" count="3" type="cond" truecount="3" falsecount="1"/>
        <line num="30" count="3" type="cond" truecount="3" falsecount="1"/>
        <line num="31" count="3" type="stmt"/>
        <line num="32" count="3" type="stmt"/>
        <line num="33" count="3" type="stmt"/>
        <line num="36" count="3" type="stmt"/>
        <line num="42" count="3" type="stmt"/>
        <line num="48" count="3" type="stmt"/>
        <line num="61" count="3" type="stmt"/>
        <line num="65" count="3" type="cond" truecount="1" falsecount="1"/>
        <line num="67" count="3" type="stmt"/>
        <line num="68" count="3" type="stmt"/>
        <line num="71" count="3" type="stmt"/>
        <line num="77" count="3" type="cond" truecount="1" falsecount="2"/>
        <line num="78" count="0" type="stmt"/>
        <line num="79" count="0" type="stmt"/>
        <line num="81" count="0" type="stmt"/>
        <line num="97" count="3" type="stmt"/>
        <line num="98" count="3" type="stmt"/>
        <line num="100" count="0" type="stmt"/>
        <line num="101" count="0" type="stmt"/>
        <line num="107" count="3" type="cond" truecount="2" falsecount="2"/>
        <line num="108" count="0" type="stmt"/>
        <line num="109" count="3" type="cond" truecount="1" falsecount="1"/>
        <line num="110" count="3" type="stmt"/>
        <line num="112" count="0" type="stmt"/>
        <line num="116" count="3" type="cond" truecount="0" falsecount="1"/>
        <line num="117" count="0" type="stmt"/>
        <line num="122" count="3" type="stmt"/>
        <line num="123" count="3" type="cond" truecount="1" falsecount="2"/>
        <line num="125" count="0" type="stmt"/>
        <line num="126" count="0" type="stmt"/>
        <line num="128" count="3" type="stmt"/>
        <line num="129" count="3" type="stmt"/>
        <line num="131" count="0" type="stmt"/>
        <line num="132" count="0" type="stmt"/>
        <line num="135" count="0" type="stmt"/>
        <line num="136" count="0" type="stmt"/>
        <line num="140" count="3" type="stmt"/>
        <line num="142" count="3" type="stmt"/>
        <line num="148" count="3" type="stmt"/>
        <line num="156" count="3" type="stmt"/>
        <line num="167" count="3" type="stmt"/>
        <line num="168" count="3" type="stmt"/>
        <line num="169" count="0" type="stmt"/>
        <line num="171" count="3" type="stmt"/>
        <line num="174" count="3" type="stmt"/>
        <line num="191" count="0" type="stmt"/>
        <line num="192" count="0" type="stmt"/>
        <line num="193" count="0" type="stmt"/>
        <line num="196" count="0" type="stmt"/>
        <line num="217" count="3" type="stmt"/>
        <line num="220" count="3" type="cond" truecount="0" falsecount="1"/>
        <line num="221" count="0" type="stmt"/>
        <line num="225" count="3" type="stmt"/>
        <line num="226" count="18" type="stmt"/>
        <line num="229" count="3" type="stmt"/>
        <line num="241" count="3" type="stmt"/>
        <line num="242" count="3" type="stmt"/>
        <line num="243" count="0" type="stmt"/>
        <line num="245" count="0" type="cond" truecount="0" falsecount="1"/>
        <line num="246" count="0" type="stmt"/>
        <line num="247" count="0" type="stmt"/>
        <line num="251" count="0" type="stmt"/>
        <line num="252" count="0" type="stmt"/>
        <line num="253" count="0" type="cond" truecount="0" falsecount="3"/>
        <line num="254" count="0" type="stmt"/>
        <line num="256" count="0" type="stmt"/>
        <line num="257" count="0" type="stmt"/>
        <line num="260" count="0" type="stmt"/>
        <line num="262" count="3" type="stmt"/>
        <line num="263" count="3" type="stmt"/>
        <line num="274" count="3" type="stmt"/>
        <line num="277" count="3" type="cond" truecount="0" falsecount="1"/>
        <line num="278" count="0" type="stmt"/>
        <line num="282" count="3" type="stmt"/>
        <line num="285" count="3" type="stmt"/>
        <line num="287" count="0" type="stmt"/>
        <line num="294" count="0" type="stmt"/>
        <line num="295" count="0" type="stmt"/>
        <line num="311" count="3" type="stmt"/>
        <line num="313" count="3" type="stmt"/>
        <line num="314" count="3" type="stmt"/>
        <line num="315" count="3" type="stmt"/>
        <line num="317" count="3" type="stmt"/>
        <line num="318" count="9" type="stmt"/>
        <line num="320" count="6" type="cond" truecount="0" falsecount="1"/>
        <line num="321" count="0" type="stmt"/>
        <line num="324" count="6" type="stmt"/>
        <line num="327" count="6" type="cond" truecount="0" falsecount="1"/>
        <line num="328" count="0" type="cond" truecount="0" falsecount="2"/>
        <line num="332" count="0" type="stmt"/>
        <line num="339" count="9" type="stmt"/>
        <line num="341" count="9" type="stmt"/>
        <line num="342" count="9" type="cond" truecount="1" falsecount="4"/>
        <line num="344" count="0" type="stmt"/>
        <line num="346" count="0" type="stmt"/>
        <line num="347" count="0" type="stmt"/>
        <line num="350" count="9" type="stmt"/>
        <line num="352" count="0" type="stmt"/>
        <line num="354" count="0" type="stmt"/>
        <line num="355" count="0" type="stmt"/>
        <line num="359" count="0" type="stmt"/>
        <line num="360" count="0" type="cond" truecount="0" falsecount="2"/>
        <line num="361" count="0" type="stmt"/>
        <line num="369" count="6" type="cond" truecount="1" falsecount="1"/>
        <line num="371" count="6" type="stmt"/>
        <line num="378" count="6" type="stmt"/>
        <line num="396" count="0" type="stmt"/>
        <line num="398" count="0" type="stmt"/>
        <line num="403" count="0" type="stmt"/>
        <line num="419" count="0" type="stmt"/>
        <line num="422" count="0" type="cond" truecount="0" falsecount="1"/>
        <line num="423" count="0" type="stmt"/>
        <line num="427" count="0" type="stmt"/>
        <line num="429" count="0" type="stmt"/>
        <line num="430" count="0" type="stmt"/>
        <line num="431" count="0" type="stmt"/>
        <line num="433" count="0" type="stmt"/>
        <line num="434" count="0" type="stmt"/>
        <line num="442" count="0" type="stmt"/>
        <line num="444" count="0" type="stmt"/>
        <line num="445" count="0" type="stmt"/>
        <line num="447" count="0" type="cond" truecount="0" falsecount="1"/>
        <line num="448" count="0" type="stmt"/>
        <line num="451" count="0" type="stmt"/>
        <line num="453" count="0" type="stmt"/>
        <line num="454" count="0" type="stmt"/>
        <line num="456" count="0" type="stmt"/>
        <line num="462" count="0" type="stmt"/>
        <line num="470" count="0" type="stmt"/>
        <line num="471" count="0" type="stmt"/>
        <line num="472" count="0" type="cond" truecount="0" falsecount="2"/>
        <line num="474" count="0" type="stmt"/>
        <line num="481" count="0" type="stmt"/>
        <line num="495" count="0" type="stmt"/>
        <line num="496" count="0" type="stmt"/>
        <line num="497" count="0" type="stmt"/>
        <line num="501" count="0" type="stmt"/>
        <line num="503" count="0" type="cond" truecount="0" falsecount="2"/>
        <line num="507" count="0" type="stmt"/>
        <line num="509" count="0" type="stmt"/>
        <line num="515" count="0" type="stmt"/>
        <line num="516" count="0" type="stmt"/>
        <line num="520" count="0" type="stmt"/>
        <line num="522" count="0" type="stmt"/>
        <line num="529" count="3" type="cond" truecount="0" falsecount="1"/>
        <line num="530" count="0" type="stmt"/>
        <line num="533" count="3" type="stmt"/>
        <line num="535" count="3" type="stmt"/>
        <line num="537" count="3" type="stmt"/>
        <line num="539" count="3" type="stmt"/>
        <line num="540" count="0" type="stmt"/>
        <line num="547" count="0" type="cond" truecount="0" falsecount="5"/>
        <line num="548" count="0" type="cond" truecount="0" falsecount="2"/>
        <line num="549" count="0" type="stmt"/>
        <line num="553" count="3" type="stmt"/>
        <line num="555" count="0" type="stmt"/>
        <line num="556" count="0" type="stmt"/>
        <line num="564" count="3" type="stmt"/>
        <line num="567" count="3" type="cond" truecount="0" falsecount="1"/>
        <line num="568" count="0" type="stmt"/>
        <line num="571" count="3" type="cond" truecount="0" falsecount="1"/>
        <line num="572" count="0" type="stmt"/>
        <line num="573" count="0" type="cond" truecount="0" falsecount="1"/>
        <line num="574" count="0" type="stmt"/>
        <line num="580" count="3" type="stmt"/>
        <line num="581" count="0" type="stmt"/>
        <line num="584" count="3" type="stmt"/>
        <line num="591" count="0" type="cond" truecount="0" falsecount="3"/>
        <line num="594" count="0" type="stmt"/>
        <line num="598" count="0" type="cond" truecount="0" falsecount="2"/>
        <line num="600" count="0" type="stmt"/>
        <line num="607" count="0" type="stmt"/>
        <line num="618" count="0" type="stmt"/>
        <line num="619" count="0" type="cond" truecount="0" falsecount="2"/>
        <line num="627" count="0" type="stmt"/>
        <line num="636" count="0" type="stmt"/>
        <line num="643" count="0" type="stmt"/>
        <line num="645" count="0" type="stmt"/>
        <line num="646" count="0" type="cond" truecount="0" falsecount="5"/>
        <line num="647" count="0" type="stmt"/>
        <line num="648" count="0" type="stmt"/>
        <line num="649" count="0" type="stmt"/>
        <line num="650" count="0" type="stmt"/>
        <line num="651" count="0" type="stmt"/>
        <line num="653" count="0" type="cond" truecount="0" falsecount="4"/>
        <line num="654" count="0" type="stmt"/>
        <line num="657" count="0" type="cond" truecount="0" falsecount="4"/>
        <line num="658" count="0" type="stmt"/>
        <line num="661" count="0" type="cond" truecount="0" falsecount="4"/>
        <line num="662" count="0" type="stmt"/>
        <line num="667" count="0" type="stmt"/>
        <line num="674" count="0" type="stmt"/>
        <line num="676" count="0" type="stmt"/>
        <line num="684" count="0" type="stmt"/>
        <line num="780" count="1" type="stmt"/>
        <line num="783" count="0" type="stmt"/>
        <line num="784" count="0" type="stmt"/>
        <line num="785" count="0" type="stmt"/>
      </file>
      <file name="reasoning-graph.ts" path="/workspaces/Project-C0Di3/reasoning/reasoning-graph.ts">
        <metrics statements="18" coveredstatements="6" conditionals="0" coveredconditionals="0" methods="11" coveredmethods="3"/>
        <line num="2" count="1" type="stmt"/>
        <line num="19" count="1" type="stmt"/>
        <line num="20" count="3" type="stmt"/>
        <line num="21" count="3" type="stmt"/>
        <line num="26" count="3" type="stmt"/>
        <line num="27" count="3" type="stmt"/>
        <line num="40" count="0" type="stmt"/>
        <line num="44" count="0" type="stmt"/>
        <line num="48" count="0" type="stmt"/>
        <line num="52" count="0" type="stmt"/>
        <line num="56" count="0" type="stmt"/>
        <line num="60" count="0" type="stmt"/>
        <line num="61" count="0" type="stmt"/>
        <line num="65" count="0" type="stmt"/>
        <line num="67" count="0" type="stmt"/>
        <line num="71" count="0" type="stmt"/>
        <line num="72" count="0" type="stmt"/>
        <line num="73" count="0" type="stmt"/>
      </file>
    </package>
    <package name="Project-C0Di3.services">
      <metrics statements="811" coveredstatements="207" conditionals="352" coveredconditionals="34" methods="154" coveredmethods="49"/>
      <file name="audit-service.ts" path="/workspaces/Project-C0Di3/services/audit-service.ts">
        <metrics statements="42" coveredstatements="12" conditionals="2" coveredconditionals="0" methods="12" coveredmethods="2"/>
        <line num="1" count="1" type="stmt"/>
        <line num="2" count="1" type="stmt"/>
        <line num="3" count="1" type="stmt"/>
        <line num="22" count="1" type="stmt"/>
        <line num="28" count="3" type="stmt"/>
        <line num="29" count="3" type="stmt"/>
        <line num="30" count="3" type="stmt"/>
        <line num="31" count="3" type="stmt"/>
        <line num="32" count="3" type="stmt"/>
        <line num="36" count="3" type="stmt"/>
        <line num="37" count="0" type="stmt"/>
        <line num="51" count="3" type="stmt"/>
        <line num="52" count="0" type="stmt"/>
        <line num="66" count="3" type="stmt"/>
        <line num="67" count="0" type="stmt"/>
        <line num="84" count="0" type="stmt"/>
        <line num="85" count="0" type="stmt"/>
        <line num="86" count="0" type="stmt"/>
        <line num="87" count="0" type="stmt"/>
        <line num="88" count="0" type="stmt"/>
        <line num="92" count="0" type="stmt"/>
        <line num="93" count="0" type="stmt"/>
        <line num="94" count="0" type="stmt"/>
        <line num="95" count="0" type="stmt"/>
[...]
        <line num="275" count="0" type="stmt"/>
        <line num="276" count="0" type="stmt"/>
        <line num="278" count="0" type="stmt"/>
        <line num="283" count="0" type="stmt"/>
        <line num="290" count="0" type="stmt"/>
        <line num="294" count="0" type="stmt"/>
        <line num="295" count="0" type="cond" truecount="0" falsecount="1"/>
        <line num="296" count="0" type="stmt"/>
        <line num="299" count="0" type="stmt"/>
        <line num="300" count="0" type="cond" truecount="0" falsecount="1"/>
        <line num="301" count="0" type="stmt"/>
        <line num="305" count="0" type="stmt"/>
        <line num="323" count="0" type="stmt"/>
        <line num="324" count="0" type="stmt"/>
        <line num="325" count="0" type="stmt"/>
        <line num="327" count="0" type="cond" truecount="0" falsecount="2"/>
        <line num="329" count="0" type="cond" truecount="0" falsecount="1"/>
        <line num="330" count="0" type="stmt"/>
        <line num="332" count="0" type="stmt"/>
        <line num="333" count="0" type="stmt"/>
        <line num="334" count="0" type="stmt"/>
        <line num="335" count="0" type="stmt"/>
        <line num="337" count="0" type="stmt"/>
        <line num="344" count="0" type="stmt"/>
        <line num="345" count="0" type="stmt"/>
        <line num="346" count="0" type="stmt"/>
        <line num="348" count="0" type="cond" truecount="0" falsecount="3"/>
        <line num="349" count="0" type="stmt"/>
        <line num="350" count="0" type="stmt"/>
        <line num="351" count="0" type="stmt"/>
        <line num="355" count="0" type="stmt"/>
        <line num="357" count="0" type="stmt"/>
        <line num="358" count="0" type="stmt"/>
        <line num="359" count="0" type="stmt"/>
        <line num="361" count="0" type="cond" truecount="0" falsecount="3"/>
        <line num="362" count="0" type="stmt"/>
        <line num="363" count="0" type="stmt"/>
        <line num="364" count="0" type="stmt"/>
        <line num="368" count="0" type="stmt"/>
        <line num="371" count="0" type="stmt"/>
        <line num="372" count="0" type="stmt"/>
        <line num="377" count="0" type="stmt"/>
        <line num="378" count="0" type="stmt"/>
        <line num="379" count="0" type="cond" truecount="0" falsecount="3"/>
        <line num="380" count="0" type="cond" truecount="0" falsecount="3"/>
        <line num="381" count="0" type="stmt"/>
        <line num="384" count="0" type="cond" truecount="0" falsecount="1"/>
        <line num="385" count="0" type="stmt"/>
        <line num="388" count="0" type="stmt"/>
        <line num="389" count="0" type="stmt"/>
        <line num="390" count="0" type="stmt"/>
        <line num="391" count="0" type="stmt"/>
        <line num="392" count="0" type="stmt"/>
        <line num="393" count="0" type="stmt"/>
        <line num="394" count="0" type="stmt"/>
        <line num="397" count="0" type="stmt"/>
        <line num="401" count="0" type="stmt"/>
        <line num="403" count="0" type="stmt"/>
        <line num="404" count="0" type="stmt"/>
        <line num="405" count="0" type="stmt"/>
        <line num="406" count="0" type="stmt"/>
        <line num="407" count="0" type="stmt"/>
        <line num="409" count="0" type="cond" truecount="0" falsecount="1"/>
        <line num="410" count="0" type="stmt"/>
        <line num="411" count="0" type="cond" truecount="0" falsecount="8"/>
        <line num="414" count="0" type="cond" truecount="0" falsecount="1"/>
        <line num="415" count="0" type="stmt"/>
        <line num="416" count="0" type="stmt"/>
        <line num="417" count="0" type="stmt"/>
        <line num="418" count="0" type="cond" truecount="0" falsecount="8"/>
        <line num="422" count="0" type="stmt"/>
        <line num="426" count="0" type="cond" truecount="0" falsecount="1"/>
        <line num="427" count="0" type="stmt"/>
        <line num="436" count="0" type="stmt"/>
        <line num="440" count="0" type="stmt"/>
        <line num="455" count="0" type="stmt"/>
        <line num="456" count="0" type="stmt"/>
        <line num="457" count="0" type="stmt"/>
        <line num="459" count="0" type="stmt"/>
        <line num="460" count="0" type="stmt"/>
      </file>
      <file name="log-analysis-service.ts" path="/workspaces/Project-C0Di3/services/log-analysis-service.ts">
        <metrics statements="16" coveredstatements="4" conditionals="1" coveredconditionals="0" methods="2" coveredmethods="1"/>
        <line num="5" count="1" type="stmt"/>
        <line num="11" count="3" type="stmt"/>
        <line num="12" count="3" type="stmt"/>
        <line num="13" count="3" type="stmt"/>
        <line num="17" count="0" type="stmt"/>
        <line num="18" count="0" type="stmt"/>
        <line num="19" count="0" type="stmt"/>
        <line num="20" count="0" type="cond" truecount="0" falsecount="1"/>
        <line num="21" count="0" type="stmt"/>
        <line num="22" count="0" type="stmt"/>
        <line num="25" count="0" type="stmt"/>
        <line num="26" count="0" type="stmt"/>
        <line num="27" count="0" type="stmt"/>
        <line num="32" count="0" type="stmt"/>
        <line num="34" count="0" type="stmt"/>
        <line num="35" count="0" type="stmt"/>
      </file>
    </package>
    <package name="Project-C0Di3.tools">
      <metrics statements="68" coveredstatements="27" conditionals="43" coveredconditionals="2" methods="18" coveredmethods="5"/>
      <file name="tool-registry.ts" path="/workspaces/Project-C0Di3/tools/tool-registry.ts">
        <metrics statements="68" coveredstatements="27" conditionals="43" coveredconditionals="2" methods="18" coveredmethods="5"/>
        <line num="1" count="1" type="stmt"/>
        <line num="2" count="1" type="stmt"/>
        <line num="3" count="1" type="stmt"/>
        <line num="4" count="1" type="stmt"/>
        <line num="5" count="1" type="stmt"/>
        <line num="6" count="1" type="stmt"/>
        <line num="7" count="1" type="stmt"/>
        <line num="8" count="1" type="stmt"/>
        <line num="24" count="1" type="stmt"/>
        <line num="25" count="6" type="stmt"/>
        <line num="30" count="6" type="cond" truecount="2" falsecount="0"/>
        <line num="31" count="6" type="stmt"/>
        <line num="33" count="6" type="stmt"/>
        <line num="34" count="6" type="stmt"/>
        <line num="35" count="6" type="stmt"/>
        <line num="36" count="6" type="stmt"/>
        <line num="37" count="6" type="stmt"/>
        <line num="38" count="6" type="stmt"/>
        <line num="42" count="42" type="stmt"/>
        <line num="43" count="42" type="stmt"/>
        <line num="44" count="42" type="stmt"/>
        <line num="48" count="0" type="stmt"/>
        <line num="49" count="0" type="cond" truecount="0" falsecount="1"/>
        <line num="50" count="0" type="stmt"/>
        <line num="51" count="0" type="stmt"/>
        <line num="53" count="0" type="stmt"/>
        <line num="57" count="0" type="stmt"/>
        <line num="61" count="0" type="stmt"/>
        <line num="65" count="3" type="stmt"/>
        <line num="69" count="0" type="stmt"/>
        <line num="73" count="3" type="stmt"/>
        <line num="77" count="0" type="stmt"/>
        <line num="81" count="0" type="stmt"/>
        <line num="83" count="0" type="stmt"/>
        <line num="84" count="0" type="stmt"/>
        <line num="85" count="0" type="cond" truecount="0" falsecount="1"/>
        <line num="86" count="0" type="stmt"/>
        <line num="90" count="0" type="cond" truecount="0" falsecount="15"/>
        <line num="91" count="0" type="stmt"/>
        <line num="97" count="0" type="cond" truecount="0" falsecount="9"/>
        <line num="98" count="0" type="stmt"/>
        <line num="100" count="0" type="cond" truecount="0" falsecount="9"/>
        <line num="101" count="0" type="stmt"/>
        <line num="104" count="0" type="stmt"/>
        <line num="105" count="0" type="stmt"/>
        <line num="107" count="0" type="stmt"/>
        <line num="108" count="0" type="stmt"/>
        <line num="110" count="0" type="stmt"/>
        <line num="111" count="0" type="stmt"/>
        <line num="113" count="0" type="stmt"/>
        <line num="120" count="0" type="stmt"/>
        <line num="121" count="0" type="cond" truecount="0" falsecount="2"/>
        <line num="123" count="0" type="stmt"/>
        <line num="124" count="0" type="stmt"/>
        <line num="126" count="0" type="stmt"/>
        <line num="135" count="0" type="stmt"/>
        <line num="143" count="0" type="stmt"/>
        <line num="144" count="0" type="stmt"/>
        <line num="145" count="0" type="stmt"/>
        <line num="146" count="0" type="stmt"/>
        <line num="151" count="3" type="stmt"/>
        <line num="155" count="0" type="stmt"/>
        <line num="156" count="0" type="stmt"/>
        <line num="162" count="0" type="stmt"/>
        <line num="163" count="0" type="stmt"/>
        <line num="168" count="3" type="stmt"/>
        <line num="169" count="6" type="stmt"/>
        <line num="172" count="3" type="stmt"/>
      </file>
    </package>
    <package name="Project-C0Di3.tools.blue">
      <metrics statements="65" coveredstatements="6" conditionals="44" coveredconditionals="0" methods="18" coveredmethods="0"/>
      <file name="osquery.ts" path="/workspaces/Project-C0Di3/tools/blue/osquery.ts">
        <metrics statements="21" coveredstatements="2" conditionals="13" coveredconditionals="0" methods="6" coveredmethods="0"/>
        <line num="1" count="1" type="stmt"/>
        <line num="8" count="1" type="stmt"/>
        <line num="16" count="0" type="cond" truecount="0" falsecount="1"/>
        <line num="17" count="0" type="cond" truecount="0" falsecount="4"/>
        <line num="18" count="0" type="stmt"/>
        <line num="20" count="0" type="cond" truecount="0" falsecount="3"/>
        <line num="21" count="0" type="stmt"/>
        <line num="23" count="0" type="cond" truecount="0" falsecount="2"/>
        <line num="24" count="0" type="stmt"/>
        <line num="25" count="0" type="stmt"/>
        <line num="26" count="0" type="stmt"/>
        <line num="27" count="0" type="stmt"/>
        <line num="28" count="0" type="stmt"/>
        <line num="29" count="0" type="stmt"/>
        <line num="30" count="0" type="stmt"/>
        <line num="31" count="0" type="stmt"/>
        <line num="32" count="0" type="stmt"/>
        <line num="33" count="0" type="cond" truecount="0" falsecount="1"/>
        <line num="34" count="0" type="cond" truecount="0" falsecount="2"/>
        <line num="36" count="0" type="stmt"/>
        <line num="37" count="0" type="stmt"/>
      </file>
      <file name="snort.ts" path="/workspaces/Project-C0Di3/tools/blue/snort.ts">
        <metrics statements="21" coveredstatements="2" conditionals="14" coveredconditionals="0" methods="6" coveredmethods="0"/>
        <line num="1" count="1" type="stmt"/>
        <line num="8" count="1" type="stmt"/>
        <line num="16" count="0" type="cond" truecount="0" falsecount="2"/>
        <line num="17" count="0" type="cond" truecount="0" falsecount="4"/>
        <line num="18" count="0" type="stmt"/>
        <line num="20" count="0" type="cond" truecount="0" falsecount="3"/>
        <line num="21" count="0" type="stmt"/>
        <line num="23" count="0" type="cond" truecount="0" falsecount="2"/>
        <line num="24" count="0" type="stmt"/>
        <line num="25" count="0" type="stmt"/>
        <line num="26" count="0" type="stmt"/>
        <line num="27" count="0" type="stmt"/>
        <line num="28" count="0" type="stmt"/>
        <line num="29" count="0" type="stmt"/>
        <line num="30" count="0" type="stmt"/>
        <line num="31" count="0" type="stmt"/>
        <line num="32" count="0" type="stmt"/>
        <line num="33" count="0" type="cond" truecount="0" falsecount="1"/>
        <line num="34" count="0" type="cond" truecount="0" falsecount="2"/>
        <line num="36" count="0" type="stmt"/>
        <line num="37" count="0" type="stmt"/>
      </file>
      <file name="yara.ts" path="/workspaces/Project-C0Di3/tools/blue/yara.ts">
        <metrics statements="23" coveredstatements="2" conditionals="17" coveredconditionals="0" methods="6" coveredmethods="0"/>
        <line num="1" count="1" type="stmt"/>
        <line num="8" count="1" type="stmt"/>
        <line num="17" count="0" type="cond" truecount="0" falsecount="1"/>
        <line num="18" count="0" type="cond" truecount="0" falsecount="4"/>
        <line num="19" count="0" type="stmt"/>
        <line num="21" count="0" type="cond" truecount="0" falsecount="4"/>
        <line num="22" count="0" type="stmt"/>
        <line num="24" count="0" type="cond" truecount="0" falsecount="3"/>
        <line num="25" count="0" type="stmt"/>
        <line num="27" count="0" type="cond" truecount="0" falsecount="2"/>
        <line num="28" count="0" type="stmt"/>
        <line num="29" count="0" type="stmt"/>
        <line num="30" count="0" type="stmt"/>
        <line num="31" count="0" type="stmt"/>
        <line num="32" count="0" type="stmt"/>
        <line num="33" count="0" type="stmt"/>
        <line num="34" count="0" type="stmt"/>
        <line num="35" count="0" type="stmt"/>
        <line num="36" count="0" type="stmt"/>
        <line num="37" count="0" type="cond" truecount="0" falsecount="1"/>
        <line num="38" count="0" type="cond" truecount="0" falsecount="2"/>
        <line num="40" count="0" type="stmt"/>
        <line num="41" count="0" type="stmt"/>
      </file>
    </package>
    <package name="Project-C0Di3.tools.red">
      <metrics statements="63" coveredstatements="6" conditionals="39" coveredconditionals="0" methods="18" coveredmethods="0"/>
      <file name="burpsuite.ts" path="/workspaces/Project-C0Di3/tools/red/burpsuite.ts">
        <metrics statements="21" coveredstatements="2" conditionals="13" coveredconditionals="0" methods="6" coveredmethods="0"/>
        <line num="1" count="1" type="stmt"/>
        <line num="8" count="1" type="stmt"/>
        <line num="16" count="0" type="cond" truecount="0" falsecount="1"/>
        <line num="17" count="0" type="cond" truecount="0" falsecount="4"/>
        <line num="18" count="0" type="stmt"/>
        <line num="20" count="0" type="cond" truecount="0" falsecount="3"/>
        <line num="21" count="0" type="stmt"/>
        <line num="23" count="0" type="cond" truecount="0" falsecount="2"/>
        <line num="24" count="0" type="stmt"/>
        <line num="25" count="0" type="stmt"/>
        <line num="26" count="0" type="stmt"/>
        <line num="27" count="0" type="stmt"/>
        <line num="28" count="0" type="stmt"/>
        <line num="29" count="0" type="stmt"/>
        <line num="30" count="0" type="stmt"/>
        <line num="31" count="0" type="stmt"/>
        <line num="32" count="0" type="stmt"/>
        <line num="33" count="0" type="cond" truecount="0" falsecount="1"/>
        <line num="34" count="0" type="cond" truecount="0" falsecount="2"/>
        <line num="36" count="0" type="stmt"/>
        <line num="37" count="0" type="stmt"/>
      </file>
      <file name="nmap.ts" path="/workspaces/Project-C0Di3/tools/red/nmap.ts">
        <metrics statements="21" coveredstatements="2" conditionals="13" coveredconditionals="0" methods="6" coveredmethods="0"/>
        <line num="1" count="1" type="stmt"/>
        <line num="8" count="1" type="stmt"/>
        <line num="16" count="0" type="cond" truecount="0" falsecount="1"/>
        <line num="17" count="0" type="cond" truecount="0" falsecount="4"/>
        <line num="18" count="0" type="stmt"/>
        <line num="21" count="0" type="cond" truecount="0" falsecount="3"/>
        <line num="22" count="0" type="stmt"/>
        <line num="25" count="0" type="cond" truecount="0" falsecount="2"/>
        <line num="26" count="0" type="stmt"/>
        <line num="27" count="0" type="stmt"/>
        <line num="28" count="0" type="stmt"/>
        <line num="29" count="0" type="stmt"/>
        <line num="30" count="0" type="stmt"/>
        <line num="31" count="0" type="stmt"/>
        <line num="32" count="0" type="stmt"/>
        <line num="33" count="0" type="stmt"/>
        <line num="34" count="0" type="stmt"/>
        <line num="35" count="0" type="cond" truecount="0" falsecount="1"/>
        <line num="36" count="0" type="cond" truecount="0" falsecount="2"/>
        <line num="38" count="0" type="stmt"/>
        <line num="39" count="0" type="stmt"/>
      </file>
      <file name="sqlmap.ts" path="/workspaces/Project-C0Di3/tools/red/sqlmap.ts">
        <metrics statements="21" coveredstatements="2" conditionals="13" coveredconditionals="0" methods="6" coveredmethods="0"/>
        <line num="1" count="1" type="stmt"/>
        <line num="8" count="1" type="stmt"/>
        <line num="16" count="0" type="cond" truecount="0" falsecount="1"/>
        <line num="17" count="0" type="cond" truecount="0" falsecount="4"/>
        <line num="18" count="0" type="stmt"/>
        <line num="21" count="0" type="cond" truecount="0" falsecount="3"/>
        <line num="22" count="0" type="stmt"/>
        <line num="24" count="0" type="cond" truecount="0" falsecount="2"/>
        <line num="25" count="0" type="stmt"/>
        <line num="26" count="0" type="stmt"/>
        <line num="27" count="0" type="stmt"/>
        <line num="28" count="0" type="stmt"/>
        <line num="29" count="0" type="stmt"/>
        <line num="30" count="0" type="stmt"/>
        <line num="31" count="0" type="stmt"/>
        <line num="32" count="0" type="stmt"/>
        <line num="33" count="0" type="stmt"/>
        <line num="34" count="0" type="cond" truecount="0" falsecount="1"/>
        <line num="35" count="0" type="cond" truecount="0" falsecount="2"/>
        <line num="37" count="0" type="stmt"/>
        <line num="38" count="0" type="stmt"/>
      </file>
    </package>
    <package name="Project-C0Di3.utils">
      <metrics statements="29" coveredstatements="18" conditionals="15" coveredconditionals="7" methods="9" coveredmethods="8"/>
      <file name="logger.ts" path="/workspaces/Project-C0Di3/utils/logger.ts">
        <metrics statements="29" coveredstatements="18" conditionals="15" coveredconditionals="7" methods="9" coveredmethods="8"/>
        <line num="1" count="1" type="stmt"/>
        <line num="6" count="39" type="stmt"/>
        <line num="7" count="39" type="stmt"/>
        <line num="11" count="183" type="stmt"/>
        <line num="12" count="183" type="stmt"/>
        <line num="13" count="183" type="stmt"/>
        <line num="14" count="183" type="stmt"/>
        <line num="18" count="147" type="stmt"/>
        <line num="19" count="147" type="cond" truecount="2" falsecount="0"/>
        <line num="20" count="39" type="cond" truecount="1" falsecount="1"/>
        <line num="22" count="147" type="stmt"/>
        <line num="26" count="36" type="cond" truecount="0" falsecount="1"/>
        <line num="27" count="0" type="stmt"/>
        <line num="32" count="108" type="cond" truecount="1" falsecount="0"/>
        <line num="33" count="108" type="stmt"/>
        <line num="38" count="33" type="cond" truecount="1" falsecount="0"/>
        <line num="39" count="33" type="stmt"/>
        <line num="44" count="6" type="cond" truecount="1" falsecount="0"/>
        <line num="45" count="6" type="stmt"/>
        <line num="50" count="0" type="cond" truecount="0" falsecount="5"/>
        <line num="52" count="0" type="stmt"/>
        <line num="53" count="0" type="stmt"/>
        <line num="55" count="0" type="stmt"/>
        <line num="56" count="0" type="stmt"/>
        <line num="58" count="0" type="stmt"/>
        <line num="59" count="0" type="stmt"/>
        <line num="61" count="0" type="stmt"/>
        <line num="62" count="0" type="stmt"/>
        <line num="64" count="0" type="stmt"/>
      </file>
    </package>
  </project>
</coverage>
