{"/workspaces/Project-C0Di3/gemma3n:4B-agent.ts": {"path":"/workspaces/Project-C0Di3/gemma3n:4B-agent.ts","statementMap":{"0":{"start":{"line":1,"column":0},"end":{"line":1,"column":23}},"1":{"start":{"line":2,"column":0},"end":{"line":2,"column":60}},"2":{"start":{"line":3,"column":0},"end":{"line":3,"column":66}},"3":{"start":{"line":4,"column":0},"end":{"line":4,"column":56}},"4":{"start":{"line":5,"column":0},"end":{"line":5,"column":59}},"5":{"start":{"line":6,"column":0},"end":{"line":6,"column":46}},"6":{"start":{"line":17,"column":0},"end":{"line":17,"column":56}},"7":{"start":{"line":18,"column":0},"end":{"line":18,"column":54}},"8":{"start":{"line":19,"column":0},"end":{"line":19,"column":70}},"9":{"start":{"line":20,"column":0},"end":{"line":20,"column":57}},"10":{"start":{"line":21,"column":0},"end":{"line":21,"column":63}},"11":{"start":{"line":22,"column":0},"end":{"line":22,"column":56}},"12":{"start":{"line":23,"column":0},"end":{"line":23,"column":73}},"13":{"start":{"line":24,"column":0},"end":{"line":24,"column":91}},"14":{"start":{"line":25,"column":0},"end":{"line":25,"column":79}},"15":{"start":{"line":26,"column":0},"end":{"line":26,"column":65}},"16":{"start":{"line":27,"column":0},"end":{"line":27,"column":69}},"17":{"start":{"line":28,"column":0},"end":{"line":28,"column":53}},"18":{"start":{"line":29,"column":0},"end":{"line":29,"column":40}},"19":{"start":{"line":30,"column":0},"end":{"line":30,"column":52}},"20":{"start":{"line":60,"column":10},"end":{"line":60,"column":38}},"21":{"start":{"line":61,"column":10},"end":{"line":61,"column":43}},"22":{"start":{"line":65,"column":4},"end":{"line":65,"column":66}},"23":{"start":{"line":66,"column":4},"end":{"line":66,"column":65}},"24":{"start":{"line":67,"column":4},"end":{"line":67,"column":71}},"25":{"start":{"line":68,"column":4},"end":{"line":68,"column":72}},"26":{"start":{"line":69,"column":4},"end":{"line":69,"column":82}},"27":{"start":{"line":72,"column":4},"end":{"line":72,"column":76}},"28":{"start":{"line":73,"column":4},"end":{"line":73,"column":35}},"29":{"start":{"line":74,"column":4},"end":{"line":74,"column":78}},"30":{"start":{"line":77,"column":26},"end":{"line":77,"column":107}},"31":{"start":{"line":78,"column":4},"end":{"line":80,"column":5}},"32":{"start":{"line":79,"column":6},"end":{"line":79,"column":125}},"33":{"start":{"line":82,"column":4},"end":{"line":86,"column":6}},"34":{"start":{"line":88,"column":30},"end":{"line":90,"column":null}},"35":{"start":{"line":92,"column":4},"end":{"line":96,"column":6}},"36":{"start":{"line":99,"column":4},"end":{"line":104,"column":7}},"37":{"start":{"line":107,"column":4},"end":{"line":111,"column":7}},"38":{"start":{"line":110,"column":51},"end":{"line":110,"column":91}},"39":{"start":{"line":114,"column":4},"end":{"line":120,"column":5}},"40":{"start":{"line":115,"column":6},"end":{"line":115,"column":129}},"41":{"start":{"line":116,"column":6},"end":{"line":116,"column":62}},"42":{"start":{"line":118,"column":6},"end":{"line":118,"column":67}},"43":{"start":{"line":119,"column":6},"end":{"line":119,"column":126}},"44":{"start":{"line":123,"column":4},"end":{"line":127,"column":6}},"45":{"start":{"line":130,"column":4},"end":{"line":137,"column":7}},"46":{"start":{"line":139,"column":4},"end":{"line":139,"column":87}},"47":{"start":{"line":142,"column":4},"end":{"line":146,"column":6}},"48":{"start":{"line":149,"column":4},"end":{"line":153,"column":6}},"49":{"start":{"line":156,"column":4},"end":{"line":162,"column":6}},"50":{"start":{"line":165,"column":4},"end":{"line":165,"column":56}},"51":{"start":{"line":166,"column":4},"end":{"line":170,"column":7}},"52":{"start":{"line":173,"column":4},"end":{"line":179,"column":7}},"53":{"start":{"line":181,"column":4},"end":{"line":186,"column":7}},"54":{"start":{"line":189,"column":4},"end":{"line":189,"column":47}},"55":{"start":{"line":192,"column":4},"end":{"line":192,"column":33}},"56":{"start":{"line":195,"column":4},"end":{"line":195,"column":22}},"57":{"start":{"line":199,"column":4},"end":{"line":199,"column":125}},"58":{"start":{"line":199,"column":71},"end":{"line":199,"column":123}},"59":{"start":{"line":200,"column":4},"end":{"line":200,"column":124}},"60":{"start":{"line":200,"column":72},"end":{"line":200,"column":122}},"61":{"start":{"line":201,"column":4},"end":{"line":201,"column":65}},"62":{"start":{"line":202,"column":4},"end":{"line":202,"column":96}},"63":{"start":{"line":203,"column":4},"end":{"line":203,"column":113}},"64":{"start":{"line":207,"column":4},"end":{"line":207,"column":45}},"65":{"start":{"line":209,"column":4},"end":{"line":209,"column":44}},"66":{"start":{"line":213,"column":4},"end":{"line":237,"column":5}},"67":{"start":{"line":214,"column":6},"end":{"line":214,"column":53}},"68":{"start":{"line":217,"column":6},"end":{"line":217,"column":49}},"69":{"start":{"line":220,"column":6},"end":{"line":220,"column":45}},"70":{"start":{"line":223,"column":6},"end":{"line":223,"column":37}},"71":{"start":{"line":226,"column":6},"end":{"line":226,"column":60}},"72":{"start":{"line":233,"column":6},"end":{"line":233,"column":63}},"73":{"start":{"line":235,"column":6},"end":{"line":235,"column":67}},"74":{"start":{"line":236,"column":6},"end":{"line":236,"column":18}},"75":{"start":{"line":241,"column":4},"end":{"line":241,"column":57}},"76":{"start":{"line":250,"column":23},"end":{"line":284,"column":null}},"77":{"start":{"line":251,"column":22},"end":{"line":251,"column":36}},"78":{"start":{"line":252,"column":4},"end":{"line":252,"column":55}},"79":{"start":{"line":253,"column":24},"end":{"line":253,"column":71}},"80":{"start":{"line":255,"column":4},"end":{"line":283,"column":5}},"81":{"start":{"line":257,"column":22},"end":{"line":257,"column":73}},"82":{"start":{"line":260,"column":28},"end":{"line":260,"column":85}},"83":{"start":{"line":261,"column":6},"end":{"line":261,"column":56}},"84":{"start":{"line":264,"column":21},"end":{"line":264,"column":92}},"85":{"start":{"line":267,"column":6},"end":{"line":267,"column":62}},"86":{"start":{"line":269,"column":6},"end":{"line":269,"column":24}},"87":{"start":{"line":271,"column":6},"end":{"line":277,"column":8}},"88":{"start":{"line":279,"column":6},"end":{"line":279,"column":47}},"89":{"start":{"line":280,"column":6},"end":{"line":280,"column":33}},"90":{"start":{"line":281,"column":6},"end":{"line":281,"column":52}},"91":{"start":{"line":282,"column":6},"end":{"line":282,"column":18}},"92":{"start":{"line":290,"column":47},"end":{"line":294,"column":6}},"93":{"start":{"line":295,"column":4},"end":{"line":295,"column":85}},"94":{"start":{"line":302,"column":4},"end":{"line":319,"column":5}},"95":{"start":{"line":303,"column":6},"end":{"line":318,"column":7}},"96":{"start":{"line":304,"column":22},"end":{"line":306,"column":48}},"97":{"start":{"line":308,"column":8},"end":{"line":310,"column":9}},"98":{"start":{"line":309,"column":10},"end":{"line":309,"column":83}},"99":{"start":{"line":311,"column":8},"end":{"line":313,"column":9}},"100":{"start":{"line":312,"column":10},"end":{"line":312,"column":75}},"101":{"start":{"line":314,"column":8},"end":{"line":317,"column":9}},"102":{"start":{"line":315,"column":10},"end":{"line":315,"column":32}},"103":{"start":{"line":316,"column":10},"end":{"line":316,"column":76}},"104":{"start":{"line":327,"column":4},"end":{"line":329,"column":5}},"105":{"start":{"line":328,"column":6},"end":{"line":328,"column":19}},"106":{"start":{"line":332,"column":4},"end":{"line":334,"column":5}},"107":{"start":{"line":333,"column":6},"end":{"line":333,"column":18}},"108":{"start":{"line":337,"column":21},"end":{"line":337,"column":39}},"109":{"start":{"line":338,"column":4},"end":{"line":340,"column":5}},"110":{"start":{"line":339,"column":6},"end":{"line":339,"column":18}},"111":{"start":{"line":342,"column":4},"end":{"line":342,"column":36}},"112":{"start":{"line":349,"column":45},"end":{"line":352,"column":6}},"113":{"start":{"line":353,"column":4},"end":{"line":353,"column":67}},"114":{"start":{"line":361,"column":4},"end":{"line":361,"column":37}},"115":{"start":{"line":368,"column":4},"end":{"line":368,"column":56}},"116":{"start":{"line":375,"column":4},"end":{"line":375,"column":52}},"117":{"start":{"line":376,"column":4},"end":{"line":401,"column":5}},"118":{"start":{"line":378,"column":6},"end":{"line":378,"column":42}},"119":{"start":{"line":381,"column":6},"end":{"line":381,"column":34}},"120":{"start":{"line":382,"column":6},"end":{"line":382,"column":47}},"121":{"start":{"line":385,"column":6},"end":{"line":385,"column":47}},"122":{"start":{"line":386,"column":6},"end":{"line":386,"column":40}},"123":{"start":{"line":387,"column":6},"end":{"line":387,"column":56}},"124":{"start":{"line":390,"column":6},"end":{"line":395,"column":9}},"125":{"start":{"line":397,"column":6},"end":{"line":397,"column":56}},"126":{"start":{"line":399,"column":6},"end":{"line":399,"column":57}},"127":{"start":{"line":400,"column":6},"end":{"line":400,"column":18}},"128":{"start":{"line":410,"column":4},"end":{"line":426,"column":5}},"129":{"start":{"line":411,"column":6},"end":{"line":425,"column":7}},"130":{"start":{"line":412,"column":19},"end":{"line":412,"column":46}},"131":{"start":{"line":413,"column":25},"end":{"line":418,"column":10}},"132":{"start":{"line":419,"column":8},"end":{"line":419,"column":79}},"133":{"start":{"line":420,"column":8},"end":{"line":422,"column":9}},"134":{"start":{"line":421,"column":10},"end":{"line":421,"column":84}},"135":{"start":{"line":424,"column":8},"end":{"line":424,"column":64}},"136":{"start":{"line":433,"column":4},"end":{"line":433,"column":25}},"137":{"start":{"line":440,"column":4},"end":{"line":440,"column":45}},"138":{"start":{"line":441,"column":4},"end":{"line":441,"column":63}},"139":{"start":{"line":442,"column":4},"end":{"line":442,"column":26}},"140":{"start":{"line":449,"column":4},"end":{"line":449,"column":45}},"141":{"start":{"line":456,"column":4},"end":{"line":456,"column":50}},"142":{"start":{"line":460,"column":4},"end":{"line":460,"column":39}},"143":{"start":{"line":467,"column":4},"end":{"line":467,"column":56}},"144":{"start":{"line":474,"column":4},"end":{"line":474,"column":44}},"145":{"start":{"line":477,"column":4},"end":{"line":477,"column":41}},"146":{"start":{"line":484,"column":4},"end":{"line":484,"column":50}},"147":{"start":{"line":488,"column":4},"end":{"line":488,"column":50}},"148":{"start":{"line":492,"column":4},"end":{"line":492,"column":47}},"149":{"start":{"line":496,"column":4},"end":{"line":496,"column":48}},"150":{"start":{"line":498,"column":4},"end":{"line":500,"column":5}},"151":{"start":{"line":499,"column":6},"end":{"line":499,"column":35}},"152":{"start":{"line":507,"column":4},"end":{"line":507,"column":59}},"153":{"start":{"line":510,"column":4},"end":{"line":510,"column":65}},"154":{"start":{"line":517,"column":4},"end":{"line":517,"column":54}},"155":{"start":{"line":524,"column":4},"end":{"line":524,"column":74}},"156":{"start":{"line":528,"column":4},"end":{"line":528,"column":73}},"157":{"start":{"line":532,"column":4},"end":{"line":532,"column":62}},"158":{"start":{"line":536,"column":4},"end":{"line":536,"column":73}},"159":{"start":{"line":540,"column":4},"end":{"line":540,"column":68}},"160":{"start":{"line":544,"column":4},"end":{"line":544,"column":53}},"161":{"start":{"line":548,"column":4},"end":{"line":548,"column":57}},"162":{"start":{"line":555,"column":4},"end":{"line":555,"column":61}},"163":{"start":{"line":559,"column":4},"end":{"line":559,"column":58}},"164":{"start":{"line":563,"column":4},"end":{"line":563,"column":63}},"165":{"start":{"line":569,"column":19},"end":{"line":569,"column":50}},"166":{"start":{"line":570,"column":4},"end":{"line":572,"column":5}},"167":{"start":{"line":571,"column":6},"end":{"line":571,"column":77}},"168":{"start":{"line":578,"column":43},"end":{"line":587,"column":null}},"169":{"start":{"line":579,"column":4},"end":{"line":586,"column":7}},"170":{"start":{"line":593,"column":4},"end":{"line":593,"column":61}},"171":{"start":{"line":600,"column":4},"end":{"line":600,"column":63}},"172":{"start":{"line":607,"column":4},"end":{"line":607,"column":78}},"173":{"start":{"line":614,"column":4},"end":{"line":614,"column":71}},"174":{"start":{"line":620,"column":39},"end":{"line":662,"column":null}},"175":{"start":{"line":621,"column":4},"end":{"line":661,"column":5}},"176":{"start":{"line":622,"column":23},"end":{"line":631,"column":8}},"177":{"start":{"line":633,"column":21},"end":{"line":633,"column":58}},"178":{"start":{"line":635,"column":6},"end":{"line":643,"column":9}},"179":{"start":{"line":645,"column":6},"end":{"line":657,"column":8}},"180":{"start":{"line":659,"column":6},"end":{"line":659,"column":52}},"181":{"start":{"line":660,"column":6},"end":{"line":660,"column":18}},"182":{"start":{"line":668,"column":4},"end":{"line":668,"column":43}},"183":{"start":{"line":675,"column":4},"end":{"line":675,"column":33}},"184":{"start":{"line":682,"column":26},"end":{"line":693,"column":6}},"185":{"start":{"line":695,"column":4},"end":{"line":695,"column":54}},"186":{"start":{"line":702,"column":4},"end":{"line":702,"column":41}},"187":{"start":{"line":709,"column":4},"end":{"line":709,"column":43}},"188":{"start":{"line":714,"column":4},"end":{"line":714,"column":91}},"189":{"start":{"line":718,"column":4},"end":{"line":718,"column":46}},"190":{"start":{"line":722,"column":4},"end":{"line":722,"column":59}},"191":{"start":{"line":726,"column":4},"end":{"line":726,"column":54}},"192":{"start":{"line":730,"column":4},"end":{"line":730,"column":41}},"193":{"start":{"line":735,"column":4},"end":{"line":737,"column":5}},"194":{"start":{"line":736,"column":6},"end":{"line":736,"column":47}},"195":{"start":{"line":739,"column":4},"end":{"line":744,"column":6}},"196":{"start":{"line":748,"column":29},"end":{"line":763,"column":null}},"197":{"start":{"line":749,"column":4},"end":{"line":751,"column":5}},"198":{"start":{"line":750,"column":6},"end":{"line":750,"column":67}},"199":{"start":{"line":754,"column":19},"end":{"line":759,"column":null}},"200":{"start":{"line":762,"column":4},"end":{"line":762,"column":18}},"201":{"start":{"line":767,"column":4},"end":{"line":769,"column":5}},"202":{"start":{"line":768,"column":6},"end":{"line":768,"column":64}},"203":{"start":{"line":771,"column":4},"end":{"line":778,"column":6}},"204":{"start":{"line":36,"column":0},"end":{"line":36,"column":13}}},"fnMap":{"0":{"name":"(anonymous_16)","decl":{"start":{"line":63,"column":2},"end":{"line":63,"column":14}},"loc":{"start":{"line":63,"column":26},"end":{"line":196,"column":3}}},"1":{"name":"(anonymous_17)","decl":{"start":{"line":110,"column":41},"end":{"line":110,"column":42}},"loc":{"start":{"line":110,"column":51},"end":{"line":110,"column":91}}},"2":{"name":"(anonymous_18)","decl":{"start":{"line":198,"column":10},"end":{"line":198,"column":31}},"loc":{"start":{"line":198,"column":31},"end":{"line":204,"column":3}}},"3":{"name":"(anonymous_19)","decl":{"start":{"line":199,"column":38},"end":{"line":199,"column":39}},"loc":{"start":{"line":199,"column":71},"end":{"line":199,"column":123}}},"4":{"name":"(anonymous_20)","decl":{"start":{"line":200,"column":39},"end":{"line":200,"column":40}},"loc":{"start":{"line":200,"column":72},"end":{"line":200,"column":122}}},"5":{"name":"(anonymous_21)","decl":{"start":{"line":206,"column":10},"end":{"line":206,"column":21}},"loc":{"start":{"line":206,"column":34},"end":{"line":210,"column":3}}},"6":{"name":"(anonymous_22)","decl":{"start":{"line":212,"column":16},"end":{"line":212,"column":26}},"loc":{"start":{"line":212,"column":26},"end":{"line":238,"column":null}}},"7":{"name":"(anonymous_24)","decl":{"start":{"line":240,"column":15},"end":{"line":240,"column":25}},"loc":{"start":{"line":240,"column":42},"end":{"line":242,"column":null}}},"8":{"name":"(anonymous_26)","decl":{"start":{"line":250,"column":15},"end":{"line":250,"column":22}},"loc":{"start":{"line":250,"column":22},"end":{"line":284,"column":null}}},"9":{"name":"(anonymous_27)","decl":{"start":{"line":250,"column":23},"end":{"line":250,"column":36}},"loc":{"start":{"line":250,"column":66},"end":{"line":284,"column":3}}},"10":{"name":"(anonymous_28)","decl":{"start":{"line":289,"column":16},"end":{"line":289,"column":37}},"loc":{"start":{"line":289,"column":90},"end":{"line":296,"column":null}}},"11":{"name":"(anonymous_30)","decl":{"start":{"line":301,"column":16},"end":{"line":301,"column":39}},"loc":{"start":{"line":301,"column":58},"end":{"line":320,"column":null}}},"12":{"name":"(anonymous_32)","decl":{"start":{"line":325,"column":10},"end":{"line":325,"column":28}},"loc":{"start":{"line":325,"column":39},"end":{"line":343,"column":3}}},"13":{"name":"(anonymous_33)","decl":{"start":{"line":348,"column":16},"end":{"line":348,"column":36}},"loc":{"start":{"line":348,"column":88},"end":{"line":354,"column":null}}},"14":{"name":"(anonymous_35)","decl":{"start":{"line":360,"column":9},"end":{"line":360,"column":21}},"loc":{"start":{"line":360,"column":32},"end":{"line":362,"column":3}}},"15":{"name":"(anonymous_36)","decl":{"start":{"line":367,"column":2},"end":{"line":367,"column":23}},"loc":{"start":{"line":367,"column":23},"end":{"line":369,"column":3}}},"16":{"name":"(anonymous_37)","decl":{"start":{"line":374,"column":8},"end":{"line":374,"column":16}},"loc":{"start":{"line":374,"column":16},"end":{"line":402,"column":null}}},"17":{"name":"(anonymous_39)","decl":{"start":{"line":409,"column":16},"end":{"line":409,"column":30}},"loc":{"start":{"line":409,"column":54},"end":{"line":427,"column":null}}},"18":{"name":"(anonymous_41)","decl":{"start":{"line":412,"column":19},"end":{"line":412,"column":32}},"loc":{"start":{"line":412,"column":19},"end":{"line":412,"column":46}}},"19":{"name":"(anonymous_42)","decl":{"start":{"line":432,"column":2},"end":{"line":432,"column":13}},"loc":{"start":{"line":432,"column":13},"end":{"line":434,"column":3}}},"20":{"name":"(anonymous_43)","decl":{"start":{"line":439,"column":2},"end":{"line":439,"column":17}},"loc":{"start":{"line":439,"column":17},"end":{"line":443,"column":3}}},"21":{"name":"(anonymous_44)","decl":{"start":{"line":448,"column":15},"end":{"line":448,"column":34}},"loc":{"start":{"line":448,"column":52},"end":{"line":450,"column":null}}},"22":{"name":"(anonymous_46)","decl":{"start":{"line":455,"column":15},"end":{"line":455,"column":32}},"loc":{"start":{"line":455,"column":50},"end":{"line":457,"column":null}}},"23":{"name":"(anonymous_48)","decl":{"start":{"line":459,"column":15},"end":{"line":459,"column":29}},"loc":{"start":{"line":459,"column":47},"end":{"line":461,"column":null}}},"24":{"name":"(anonymous_50)","decl":{"start":{"line":466,"column":8},"end":{"line":466,"column":24}},"loc":{"start":{"line":466,"column":56},"end":{"line":468,"column":null}}},"25":{"name":"(anonymous_52)","decl":{"start":{"line":473,"column":9},"end":{"line":473,"column":20}},"loc":{"start":{"line":473,"column":20},"end":{"line":475,"column":3}}},"26":{"name":"(anonymous_53)","decl":{"start":{"line":476,"column":9},"end":{"line":476,"column":20}},"loc":{"start":{"line":476,"column":33},"end":{"line":478,"column":3}}},"27":{"name":"(anonymous_54)","decl":{"start":{"line":483,"column":9},"end":{"line":483,"column":26}},"loc":{"start":{"line":483,"column":26},"end":{"line":485,"column":3}}},"28":{"name":"(anonymous_55)","decl":{"start":{"line":487,"column":9},"end":{"line":487,"column":26}},"loc":{"start":{"line":487,"column":43},"end":{"line":489,"column":3}}},"29":{"name":"(anonymous_56)","decl":{"start":{"line":491,"column":9},"end":{"line":491,"column":23}},"loc":{"start":{"line":491,"column":23},"end":{"line":493,"column":3}}},"30":{"name":"(anonymous_57)","decl":{"start":{"line":495,"column":9},"end":{"line":495,"column":24}},"loc":{"start":{"line":495,"column":41},"end":{"line":501,"column":3}}},"31":{"name":"(anonymous_58)","decl":{"start":{"line":506,"column":9},"end":{"line":506,"column":27}},"loc":{"start":{"line":506,"column":44},"end":{"line":508,"column":3}}},"32":{"name":"(anonymous_59)","decl":{"start":{"line":509,"column":9},"end":{"line":509,"column":27}},"loc":{"start":{"line":509,"column":62},"end":{"line":511,"column":3}}},"33":{"name":"(anonymous_60)","decl":{"start":{"line":516,"column":15},"end":{"line":516,"column":31}},"loc":{"start":{"line":516,"column":31},"end":{"line":518,"column":null}}},"34":{"name":"(anonymous_62)","decl":{"start":{"line":523,"column":15},"end":{"line":523,"column":35}},"loc":{"start":{"line":523,"column":83},"end":{"line":525,"column":null}}},"35":{"name":"(anonymous_64)","decl":{"start":{"line":527,"column":15},"end":{"line":527,"column":38}},"loc":{"start":{"line":527,"column":82},"end":{"line":529,"column":null}}},"36":{"name":"(anonymous_66)","decl":{"start":{"line":531,"column":15},"end":{"line":531,"column":26}},"loc":{"start":{"line":531,"column":59},"end":{"line":533,"column":null}}},"37":{"name":"(anonymous_68)","decl":{"start":{"line":535,"column":15},"end":{"line":535,"column":30}},"loc":{"start":{"line":535,"column":66},"end":{"line":537,"column":null}}},"38":{"name":"(anonymous_70)","decl":{"start":{"line":539,"column":9},"end":{"line":539,"column":29}},"loc":{"start":{"line":539,"column":68},"end":{"line":541,"column":3}}},"39":{"name":"(anonymous_71)","decl":{"start":{"line":543,"column":9},"end":{"line":543,"column":28}},"loc":{"start":{"line":543,"column":43},"end":{"line":545,"column":3}}},"40":{"name":"(anonymous_72)","decl":{"start":{"line":547,"column":15},"end":{"line":547,"column":29}},"loc":{"start":{"line":547,"column":45},"end":{"line":549,"column":null}}},"41":{"name":"(anonymous_74)","decl":{"start":{"line":554,"column":15},"end":{"line":554,"column":33}},"loc":{"start":{"line":554,"column":33},"end":{"line":556,"column":null}}},"42":{"name":"(anonymous_76)","decl":{"start":{"line":558,"column":9},"end":{"line":558,"column":24}},"loc":{"start":{"line":558,"column":24},"end":{"line":560,"column":3}}},"43":{"name":"(anonymous_77)","decl":{"start":{"line":562,"column":15},"end":{"line":562,"column":35}},"loc":{"start":{"line":562,"column":35},"end":{"line":564,"column":null}}},"44":{"name":"(anonymous_79)","decl":{"start":{"line":566,"column":15},"end":{"line":566,"column":33}},"loc":{"start":{"line":566,"column":33},"end":{"line":573,"column":null}}},"45":{"name":"(anonymous_81)","decl":{"start":{"line":578,"column":15},"end":{"line":578,"column":42}},"loc":{"start":{"line":578,"column":42},"end":{"line":587,"column":null}}},"46":{"name":"(anonymous_82)","decl":{"start":{"line":578,"column":43},"end":{"line":578,"column":56}},"loc":{"start":{"line":578,"column":75},"end":{"line":587,"column":3}}},"47":{"name":"(anonymous_83)","decl":{"start":{"line":592,"column":9},"end":{"line":592,"column":32}},"loc":{"start":{"line":592,"column":43},"end":{"line":594,"column":3}}},"48":{"name":"(anonymous_84)","decl":{"start":{"line":599,"column":9},"end":{"line":599,"column":36}},"loc":{"start":{"line":599,"column":36},"end":{"line":601,"column":3}}},"49":{"name":"(anonymous_85)","decl":{"start":{"line":606,"column":9},"end":{"line":606,"column":43}},"loc":{"start":{"line":606,"column":60},"end":{"line":608,"column":3}}},"50":{"name":"(anonymous_86)","decl":{"start":{"line":613,"column":9},"end":{"line":613,"column":44}},"loc":{"start":{"line":613,"column":44},"end":{"line":615,"column":3}}},"51":{"name":"(anonymous_87)","decl":{"start":{"line":620,"column":8},"end":{"line":620,"column":38}},"loc":{"start":{"line":620,"column":38},"end":{"line":662,"column":null}}},"52":{"name":"(anonymous_88)","decl":{"start":{"line":620,"column":39},"end":{"line":620,"column":52}},"loc":{"start":{"line":620,"column":71},"end":{"line":662,"column":3}}},"53":{"name":"(anonymous_89)","decl":{"start":{"line":667,"column":2},"end":{"line":667,"column":18}},"loc":{"start":{"line":667,"column":18},"end":{"line":669,"column":3}}},"54":{"name":"(anonymous_90)","decl":{"start":{"line":674,"column":2},"end":{"line":674,"column":15}},"loc":{"start":{"line":674,"column":15},"end":{"line":676,"column":3}}},"55":{"name":"(anonymous_91)","decl":{"start":{"line":681,"column":8},"end":{"line":681,"column":23}},"loc":{"start":{"line":681,"column":23},"end":{"line":696,"column":null}}},"56":{"name":"(anonymous_93)","decl":{"start":{"line":701,"column":2},"end":{"line":701,"column":16}},"loc":{"start":{"line":701,"column":16},"end":{"line":703,"column":3}}},"57":{"name":"(anonymous_94)","decl":{"start":{"line":708,"column":2},"end":{"line":708,"column":16}},"loc":{"start":{"line":708,"column":31},"end":{"line":710,"column":3}}},"58":{"name":"(anonymous_95)","decl":{"start":{"line":713,"column":9},"end":{"line":713,"column":21}},"loc":{"start":{"line":713,"column":21},"end":{"line":715,"column":3}}},"59":{"name":"(anonymous_96)","decl":{"start":{"line":717,"column":9},"end":{"line":717,"column":22}},"loc":{"start":{"line":717,"column":39},"end":{"line":719,"column":3}}},"60":{"name":"(anonymous_97)","decl":{"start":{"line":721,"column":9},"end":{"line":721,"column":27}},"loc":{"start":{"line":721,"column":44},"end":{"line":723,"column":3}}},"61":{"name":"(anonymous_98)","decl":{"start":{"line":725,"column":9},"end":{"line":725,"column":30}},"loc":{"start":{"line":725,"column":30},"end":{"line":727,"column":3}}},"62":{"name":"(anonymous_99)","decl":{"start":{"line":729,"column":9},"end":{"line":729,"column":24}},"loc":{"start":{"line":729,"column":24},"end":{"line":731,"column":3}}},"63":{"name":"(anonymous_100)","decl":{"start":{"line":734,"column":9},"end":{"line":734,"column":33}},"loc":{"start":{"line":734,"column":50},"end":{"line":745,"column":3}}},"64":{"name":"(anonymous_101)","decl":{"start":{"line":748,"column":15},"end":{"line":748,"column":28}},"loc":{"start":{"line":748,"column":28},"end":{"line":763,"column":null}}},"65":{"name":"(anonymous_102)","decl":{"start":{"line":748,"column":29},"end":{"line":748,"column":44}},"loc":{"start":{"line":748,"column":63},"end":{"line":763,"column":3}}},"66":{"name":"(anonymous_103)","decl":{"start":{"line":766,"column":15},"end":{"line":766,"column":32}},"loc":{"start":{"line":766,"column":32},"end":{"line":779,"column":null}}}},"branchMap":{"0":{"loc":{"start":{"line":65,"column":21},"end":{"line":65,"column":65}},"type":"binary-expr","locations":[{"start":{"line":65,"column":21},"end":{"line":65,"column":38}},{"start":{"line":65,"column":42},"end":{"line":65,"column":65}}]},"1":{"loc":{"start":{"line":65,"column":21},"end":{"line":65,"column":38}},"type":"cond-expr","locations":[{"start":{"line":65,"column":27},"end":{"line":65,"column":29}},{"start":{"line":65,"column":21},"end":{"line":65,"column":38}}]},"2":{"loc":{"start":{"line":65,"column":21},"end":{"line":65,"column":29}},"type":"binary-expr","locations":[{"start":{"line":65,"column":21},"end":{"line":65,"column":29}},{"start":{"line":65,"column":21},"end":{"line":65,"column":29}}]},"3":{"loc":{"start":{"line":66,"column":23},"end":{"line":66,"column":64}},"type":"cond-expr","locations":[{"start":{"line":66,"column":51},"end":{"line":66,"column":53}},{"start":{"line":66,"column":51},"end":{"line":66,"column":64}}]},"4":{"loc":{"start":{"line":66,"column":23},"end":{"line":66,"column":53}},"type":"binary-expr","locations":[{"start":{"line":66,"column":23},"end":{"line":66,"column":53}},{"start":{"line":66,"column":51},"end":{"line":66,"column":53}}]},"5":{"loc":{"start":{"line":66,"column":23},"end":{"line":66,"column":51}},"type":"cond-expr","locations":[{"start":{"line":66,"column":29},"end":{"line":66,"column":31}},{"start":{"line":66,"column":23},"end":{"line":66,"column":51}}]},"6":{"loc":{"start":{"line":66,"column":23},"end":{"line":66,"column":31}},"type":"binary-expr","locations":[{"start":{"line":66,"column":23},"end":{"line":66,"column":31}},{"start":{"line":66,"column":23},"end":{"line":66,"column":31}}]},"7":{"loc":{"start":{"line":67,"column":26},"end":{"line":67,"column":70}},"type":"cond-expr","locations":[{"start":{"line":67,"column":54},"end":{"line":67,"column":56}},{"start":{"line":67,"column":54},"end":{"line":67,"column":70}}]},"8":{"loc":{"start":{"line":67,"column":26},"end":{"line":67,"column":56}},"type":"binary-expr","locations":[{"start":{"line":67,"column":26},"end":{"line":67,"column":56}},{"start":{"line":67,"column":54},"end":{"line":67,"column":56}}]},"9":{"loc":{"start":{"line":67,"column":26},"end":{"line":67,"column":54}},"type":"cond-expr","locations":[{"start":{"line":67,"column":32},"end":{"line":67,"column":34}},{"start":{"line":67,"column":26},"end":{"line":67,"column":54}}]},"10":{"loc":{"start":{"line":67,"column":26},"end":{"line":67,"column":34}},"type":"binary-expr","locations":[{"start":{"line":67,"column":26},"end":{"line":67,"column":34}},{"start":{"line":67,"column":26},"end":{"line":67,"column":34}}]},"11":{"loc":{"start":{"line":68,"column":22},"end":{"line":68,"column":71}},"type":"binary-expr","locations":[{"start":{"line":68,"column":22},"end":{"line":68,"column":62}},{"start":{"line":68,"column":66},"end":{"line":68,"column":71}}]},"12":{"loc":{"start":{"line":68,"column":22},"end":{"line":68,"column":62}},"type":"cond-expr","locations":[{"start":{"line":68,"column":50},"end":{"line":68,"column":52}},{"start":{"line":68,"column":50},"end":{"line":68,"column":62}}]},"13":{"loc":{"start":{"line":68,"column":22},"end":{"line":68,"column":52}},"type":"binary-expr","locations":[{"start":{"line":68,"column":22},"end":{"line":68,"column":52}},{"start":{"line":68,"column":50},"end":{"line":68,"column":52}}]},"14":{"loc":{"start":{"line":68,"column":22},"end":{"line":68,"column":50}},"type":"cond-expr","locations":[{"start":{"line":68,"column":28},"end":{"line":68,"column":30}},{"start":{"line":68,"column":22},"end":{"line":68,"column":50}}]},"15":{"loc":{"start":{"line":68,"column":22},"end":{"line":68,"column":30}},"type":"binary-expr","locations":[{"start":{"line":68,"column":22},"end":{"line":68,"column":30}},{"start":{"line":68,"column":22},"end":{"line":68,"column":30}}]},"16":{"loc":{"start":{"line":69,"column":27},"end":{"line":69,"column":81}},"type":"binary-expr","locations":[{"start":{"line":69,"column":27},"end":{"line":69,"column":72}},{"start":{"line":69,"column":76},"end":{"line":69,"column":81}}]},"17":{"loc":{"start":{"line":69,"column":27},"end":{"line":69,"column":72}},"type":"cond-expr","locations":[{"start":{"line":69,"column":55},"end":{"line":69,"column":57}},{"start":{"line":69,"column":55},"end":{"line":69,"column":72}}]},"18":{"loc":{"start":{"line":69,"column":27},"end":{"line":69,"column":57}},"type":"binary-expr","locations":[{"start":{"line":69,"column":27},"end":{"line":69,"column":57}},{"start":{"line":69,"column":55},"end":{"line":69,"column":57}}]},"19":{"loc":{"start":{"line":69,"column":27},"end":{"line":69,"column":55}},"type":"cond-expr","locations":[{"start":{"line":69,"column":33},"end":{"line":69,"column":35}},{"start":{"line":69,"column":27},"end":{"line":69,"column":55}}]},"20":{"loc":{"start":{"line":69,"column":27},"end":{"line":69,"column":35}},"type":"binary-expr","locations":[{"start":{"line":69,"column":27},"end":{"line":69,"column":35}},{"start":{"line":69,"column":27},"end":{"line":69,"column":35}}]},"21":{"loc":{"start":{"line":72,"column":25},"end":{"line":72,"column":75}},"type":"binary-expr","locations":[{"start":{"line":72,"column":25},"end":{"line":72,"column":46}},{"start":{"line":72,"column":50},"end":{"line":72,"column":75}}]},"22":{"loc":{"start":{"line":72,"column":25},"end":{"line":72,"column":46}},"type":"cond-expr","locations":[{"start":{"line":72,"column":31},"end":{"line":72,"column":33}},{"start":{"line":72,"column":25},"end":{"line":72,"column":46}}]},"23":{"loc":{"start":{"line":72,"column":25},"end":{"line":72,"column":33}},"type":"binary-expr","locations":[{"start":{"line":72,"column":25},"end":{"line":72,"column":33}},{"start":{"line":72,"column":25},"end":{"line":72,"column":33}}]},"24":{"loc":{"start":{"line":77,"column":26},"end":{"line":77,"column":107}},"type":"binary-expr","locations":[{"start":{"line":77,"column":26},"end":{"line":77,"column":71}},{"start":{"line":77,"column":75},"end":{"line":77,"column":107}}]},"25":{"loc":{"start":{"line":78,"column":4},"end":{"line":80,"column":5}},"type":"if","locations":[{"start":{"line":78,"column":4},"end":{"line":80,"column":5}}]},"26":{"loc":{"start":{"line":110,"column":22},"end":{"line":110,"column":103}},"type":"cond-expr","locations":[{"start":{"line":110,"column":41},"end":{"line":110,"column":91}},{"start":{"line":110,"column":94},"end":{"line":110,"column":103}}]},"27":{"loc":{"start":{"line":115,"column":76},"end":{"line":115,"column":126}},"type":"cond-expr","locations":[{"start":{"line":115,"column":99},"end":{"line":115,"column":103}},{"start":{"line":115,"column":103},"end":{"line":115,"column":126}}]},"28":{"loc":{"start":{"line":115,"column":76},"end":{"line":115,"column":103}},"type":"binary-expr","locations":[{"start":{"line":115,"column":76},"end":{"line":115,"column":103}},{"start":{"line":115,"column":99},"end":{"line":115,"column":103}}]},"29":{"loc":{"start":{"line":250,"column":38},"end":{"line":250,"column":66}},"type":"default-arg","locations":[{"start":{"line":250,"column":64},"end":{"line":250,"column":66}}]},"30":{"loc":{"start":{"line":272,"column":14},"end":{"line":272,"column":75}},"type":"cond-expr","locations":[{"start":{"line":272,"column":43},"end":{"line":272,"column":49}},{"start":{"line":272,"column":53},"end":{"line":272,"column":74}}]},"31":{"loc":{"start":{"line":272,"column":53},"end":{"line":272,"column":74}},"type":"binary-expr","locations":[{"start":{"line":272,"column":53},"end":{"line":272,"column":68}},{"start":{"line":272,"column":72},"end":{"line":272,"column":74}}]},"32":{"loc":{"start":{"line":272,"column":53},"end":{"line":272,"column":68}},"type":"cond-expr","locations":[{"start":{"line":272,"column":59},"end":{"line":272,"column":61}},{"start":{"line":272,"column":53},"end":{"line":272,"column":68}}]},"33":{"loc":{"start":{"line":272,"column":53},"end":{"line":272,"column":61}},"type":"binary-expr","locations":[{"start":{"line":272,"column":53},"end":{"line":272,"column":61}},{"start":{"line":272,"column":53},"end":{"line":272,"column":61}}]},"34":{"loc":{"start":{"line":291,"column":16},"end":{"line":291,"column":80}},"type":"cond-expr","locations":[{"start":{"line":291,"column":55},"end":{"line":291,"column":71}},{"start":{"line":291,"column":74},"end":{"line":291,"column":80}}]},"35":{"loc":{"start":{"line":292,"column":13},"end":{"line":292,"column":80}},"type":"cond-expr","locations":[{"start":{"line":292,"column":52},"end":{"line":292,"column":68}},{"start":{"line":292,"column":71},"end":{"line":292,"column":80}}]},"36":{"loc":{"start":{"line":303,"column":6},"end":{"line":318,"column":7}},"type":"if","locations":[{"start":{"line":303,"column":6},"end":{"line":318,"column":7}}]},"37":{"loc":{"start":{"line":304,"column":22},"end":{"line":306,"column":48}},"type":"cond-expr","locations":[{"start":{"line":305,"column":10},"end":{"line":305,"column":54}},{"start":{"line":306,"column":10},"end":{"line":306,"column":48}}]},"38":{"loc":{"start":{"line":308,"column":8},"end":{"line":310,"column":9}},"type":"if","locations":[{"start":{"line":308,"column":8},"end":{"line":310,"column":9}}]},"39":{"loc":{"start":{"line":311,"column":8},"end":{"line":313,"column":9}},"type":"if","locations":[{"start":{"line":311,"column":8},"end":{"line":313,"column":9}}]},"40":{"loc":{"start":{"line":311,"column":12},"end":{"line":311,"column":57}},"type":"binary-expr","locations":[{"start":{"line":311,"column":12},"end":{"line":311,"column":33}},{"start":{"line":311,"column":37},"end":{"line":311,"column":57}}]},"41":{"loc":{"start":{"line":314,"column":8},"end":{"line":317,"column":9}},"type":"if","locations":[{"start":{"line":314,"column":8},"end":{"line":317,"column":9}}]},"42":{"loc":{"start":{"line":327,"column":4},"end":{"line":329,"column":5}},"type":"if","locations":[{"start":{"line":327,"column":4},"end":{"line":329,"column":5}}]},"43":{"loc":{"start":{"line":332,"column":4},"end":{"line":334,"column":5}},"type":"if","locations":[{"start":{"line":332,"column":4},"end":{"line":334,"column":5}}]},"44":{"loc":{"start":{"line":338,"column":4},"end":{"line":340,"column":5}},"type":"if","locations":[{"start":{"line":338,"column":4},"end":{"line":340,"column":5}}]},"45":{"loc":{"start":{"line":338,"column":8},"end":{"line":338,"column":54}},"type":"binary-expr","locations":[{"start":{"line":338,"column":8},"end":{"line":338,"column":27}},{"start":{"line":338,"column":31},"end":{"line":338,"column":54}}]},"46":{"loc":{"start":{"line":410,"column":4},"end":{"line":426,"column":5}},"type":"if","locations":[{"start":{"line":410,"column":4},"end":{"line":426,"column":5}}]},"47":{"loc":{"start":{"line":420,"column":8},"end":{"line":422,"column":9}},"type":"if","locations":[{"start":{"line":420,"column":8},"end":{"line":422,"column":9}}]},"48":{"loc":{"start":{"line":498,"column":4},"end":{"line":500,"column":5}},"type":"if","locations":[{"start":{"line":498,"column":4},"end":{"line":500,"column":5}}]},"49":{"loc":{"start":{"line":570,"column":4},"end":{"line":572,"column":5}},"type":"if","locations":[{"start":{"line":570,"column":4},"end":{"line":572,"column":5}}]},"50":{"loc":{"start":{"line":578,"column":58},"end":{"line":578,"column":75}},"type":"default-arg","locations":[{"start":{"line":578,"column":73},"end":{"line":578,"column":75}}]},"51":{"loc":{"start":{"line":583,"column":18},"end":{"line":583,"column":42}},"type":"binary-expr","locations":[{"start":{"line":583,"column":18},"end":{"line":583,"column":36}},{"start":{"line":583,"column":40},"end":{"line":583,"column":42}}]},"52":{"loc":{"start":{"line":620,"column":54},"end":{"line":620,"column":71}},"type":"default-arg","locations":[{"start":{"line":620,"column":69},"end":{"line":620,"column":71}}]},"53":{"loc":{"start":{"line":626,"column":20},"end":{"line":626,"column":44}},"type":"binary-expr","locations":[{"start":{"line":626,"column":20},"end":{"line":626,"column":38}},{"start":{"line":626,"column":42},"end":{"line":626,"column":44}}]},"54":{"loc":{"start":{"line":714,"column":11},"end":{"line":714,"column":90}},"type":"binary-expr","locations":[{"start":{"line":714,"column":11},"end":{"line":714,"column":44}},{"start":{"line":714,"column":48},"end":{"line":714,"column":90}}]},"55":{"loc":{"start":{"line":735,"column":4},"end":{"line":737,"column":5}},"type":"if","locations":[{"start":{"line":735,"column":4},"end":{"line":737,"column":5}}]},"56":{"loc":{"start":{"line":748,"column":46},"end":{"line":748,"column":63}},"type":"default-arg","locations":[{"start":{"line":748,"column":61},"end":{"line":748,"column":63}}]},"57":{"loc":{"start":{"line":749,"column":4},"end":{"line":751,"column":5}},"type":"if","locations":[{"start":{"line":749,"column":4},"end":{"line":751,"column":5}}]},"58":{"loc":{"start":{"line":767,"column":4},"end":{"line":769,"column":5}},"type":"if","locations":[{"start":{"line":767,"column":4},"end":{"line":769,"column":5}}]}},"s":{"0":1,"1":1,"2":1,"3":1,"4":1,"5":1,"6":1,"7":1,"8":1,"9":1,"10":1,"11":1,"12":1,"13":1,"14":1,"15":1,"16":1,"17":1,"18":1,"19":1,"20":3,"21":3,"22":3,"23":3,"24":3,"25":3,"26":3,"27":3,"28":3,"29":3,"30":3,"31":3,"32":0,"33":3,"34":3,"35":3,"36":3,"37":3,"38":0,"39":3,"40":3,"41":3,"42":0,"43":0,"44":3,"45":3,"46":3,"47":3,"48":3,"49":3,"50":3,"51":3,"52":3,"53":3,"54":3,"55":3,"56":3,"57":3,"58":3,"59":3,"60":0,"61":3,"62":3,"63":3,"64":0,"65":0,"66":3,"67":3,"68":3,"69":3,"70":3,"71":3,"72":0,"73":0,"74":0,"75":0,"76":3,"77":3,"78":3,"79":3,"80":3,"81":3,"82":3,"83":3,"84":3,"85":0,"86":0,"87":0,"88":0,"89":0,"90":0,"91":0,"92":3,"93":3,"94":3,"95":15,"96":0,"97":0,"98":0,"99":0,"100":0,"101":0,"102":0,"103":0,"104":0,"105":0,"106":0,"107":0,"108":0,"109":0,"110":0,"111":0,"112":0,"113":0,"114":0,"115":0,"116":0,"117":0,"118":0,"119":0,"120":0,"121":0,"122":0,"123":0,"124":0,"125":0,"126":0,"127":0,"128":3,"129":0,"130":0,"131":0,"132":0,"133":0,"134":0,"135":0,"136":0,"137":0,"138":0,"139":0,"140":0,"141":0,"142":0,"143":0,"144":0,"145":0,"146":0,"147":0,"148":0,"149":0,"150":0,"151":0,"152":0,"153":0,"154":0,"155":0,"156":0,"157":0,"158":0,"159":0,"160":0,"161":0,"162":0,"163":0,"164":0,"165":0,"166":0,"167":0,"168":0,"169":0,"170":0,"171":0,"172":0,"173":0,"174":0,"175":0,"176":0,"177":0,"178":0,"179":0,"180":0,"181":0,"182":0,"183":0,"184":0,"185":0,"186":0,"187":0,"188":0,"189":0,"190":0,"191":0,"192":0,"193":0,"194":0,"195":0,"196":0,"197":0,"198":0,"199":0,"200":0,"201":0,"202":0,"203":0,"204":1},"f":{"0":3,"1":0,"2":3,"3":3,"4":0,"5":0,"6":3,"7":0,"8":3,"9":3,"10":3,"11":3,"12":0,"13":0,"14":0,"15":0,"16":0,"17":3,"18":0,"19":0,"20":0,"21":0,"22":0,"23":0,"24":0,"25":0,"26":0,"27":0,"28":0,"29":0,"30":0,"31":0,"32":0,"33":0,"34":0,"35":0,"36":0,"37":0,"38":0,"39":0,"40":0,"41":0,"42":0,"43":0,"44":0,"45":0,"46":0,"47":0,"48":0,"49":0,"50":0,"51":0,"52":0,"53":0,"54":0,"55":0,"56":0,"57":0,"58":0,"59":0,"60":0,"61":0,"62":0,"63":0,"64":0,"65":0,"66":0},"b":{"0":[3,3],"1":[3,0],"2":[3,3],"3":[3,0],"4":[3,3],"5":[3,0],"6":[3,3],"7":[3,0],"8":[3,3],"9":[3,0],"10":[3,3],"11":[3,3],"12":[3,0],"13":[3,3],"14":[3,0],"15":[3,3],"16":[3,3],"17":[3,0],"18":[3,3],"19":[3,0],"20":[3,3],"21":[3,3],"22":[3,0],"23":[3,3],"24":[3,0],"25":[0],"26":[0,3],"27":[0,3],"28":[3,3],"29":[3],"30":[0,0],"31":[0,0],"32":[0,0],"33":[0,0],"34":[0,3],"35":[0,3],"36":[0],"37":[0,0],"38":[0],"39":[0],"40":[0,0],"41":[0],"42":[0],"43":[0],"44":[0],"45":[0,0],"46":[0],"47":[0],"48":[0],"49":[0],"50":[0],"51":[0,0],"52":[0],"53":[0,0],"54":[0,0],"55":[0],"56":[0],"57":[0],"58":[0]}}
,"/workspaces/Project-C0Di3/clients/llama-cpp-client.ts": {"path":"/workspaces/Project-C0Di3/clients/llama-cpp-client.ts","statementMap":{"0":{"start":{"line":1,"column":0},"end":{"line":1,"column":45}},"1":{"start":{"line":17,"column":10},"end":{"line":17,"column":34}},"2":{"start":{"line":18,"column":10},"end":{"line":18,"column":33}},"3":{"start":{"line":21,"column":4},"end":{"line":21,"column":25}},"4":{"start":{"line":30,"column":18},"end":{"line":30,"column":19}},"5":{"start":{"line":31,"column":25},"end":{"line":31,"column":29}},"6":{"start":{"line":32,"column":4},"end":{"line":56,"column":5}},"7":{"start":{"line":33,"column":6},"end":{"line":55,"column":7}},"8":{"start":{"line":34,"column":40},"end":{"line":43,"column":null}},"9":{"start":{"line":45,"column":8},"end":{"line":45,"column":37}},"10":{"start":{"line":47,"column":8},"end":{"line":47,"column":26}},"11":{"start":{"line":48,"column":8},"end":{"line":54,"column":9}},"12":{"start":{"line":49,"column":10},"end":{"line":49,"column":20}},"13":{"start":{"line":50,"column":10},"end":{"line":50,"column":48}},"14":{"start":{"line":50,"column":42},"end":{"line":50,"column":48}},"15":{"start":{"line":51,"column":10},"end":{"line":51,"column":67}},"16":{"start":{"line":51,"column":35},"end":{"line":51,"column":65}},"17":{"start":{"line":53,"column":10},"end":{"line":53,"column":62}},"18":{"start":{"line":57,"column":4},"end":{"line":57,"column":116}},"19":{"start":{"line":66,"column":18},"end":{"line":66,"column":19}},"20":{"start":{"line":67,"column":25},"end":{"line":67,"column":29}},"21":{"start":{"line":68,"column":4},"end":{"line":109,"column":5}},"22":{"start":{"line":69,"column":6},"end":{"line":108,"column":7}},"23":{"start":{"line":70,"column":25},"end":{"line":82,"column":11}},"24":{"start":{"line":83,"column":23},"end":{"line":83,"column":36}},"25":{"start":{"line":84,"column":21},"end":{"line":84,"column":23}},"26":{"start":{"line":85,"column":8},"end":{"line":97,"column":9}},"27":{"start":{"line":85,"column":34},"end":{"line":85,"column":40}},"28":{"start":{"line":85,"column":34},"end":{"line":85,"column":42}},"29":{"start":{"line":85,"column":30},"end":{"line":85,"column":34}},"30":{"start":{"line":86,"column":10},"end":{"line":86,"column":37}},"31":{"start":{"line":87,"column":22},"end":{"line":87,"column":40}},"32":{"start":{"line":88,"column":10},"end":{"line":88,"column":37}},"33":{"start":{"line":89,"column":10},"end":{"line":96,"column":11}},"34":{"start":{"line":90,"column":12},"end":{"line":95,"column":13}},"35":{"start":{"line":91,"column":14},"end":{"line":94,"column":24}},"36":{"start":{"line":92,"column":29},"end":{"line":92,"column":45}},"37":{"start":{"line":93,"column":16},"end":{"line":93,"column":53}},"38":{"start":{"line":93,"column":34},"end":{"line":93,"column":53}},"39":{"start":{"line":98,"column":8},"end":{"line":98,"column":15}},"40":{"start":{"line":100,"column":8},"end":{"line":100,"column":26}},"41":{"start":{"line":101,"column":8},"end":{"line":107,"column":9}},"42":{"start":{"line":102,"column":10},"end":{"line":102,"column":20}},"43":{"start":{"line":103,"column":10},"end":{"line":103,"column":48}},"44":{"start":{"line":103,"column":42},"end":{"line":103,"column":48}},"45":{"start":{"line":104,"column":10},"end":{"line":104,"column":67}},"46":{"start":{"line":104,"column":35},"end":{"line":104,"column":65}},"47":{"start":{"line":106,"column":10},"end":{"line":106,"column":71}},"48":{"start":{"line":110,"column":4},"end":{"line":110,"column":125}},"49":{"start":{"line":119,"column":18},"end":{"line":119,"column":19}},"50":{"start":{"line":120,"column":25},"end":{"line":120,"column":29}},"51":{"start":{"line":121,"column":4},"end":{"line":139,"column":5}},"52":{"start":{"line":122,"column":6},"end":{"line":138,"column":7}},"53":{"start":{"line":123,"column":40},"end":{"line":126,"column":null}},"54":{"start":{"line":128,"column":8},"end":{"line":128,"column":39}},"55":{"start":{"line":130,"column":8},"end":{"line":130,"column":26}},"56":{"start":{"line":131,"column":8},"end":{"line":137,"column":9}},"57":{"start":{"line":132,"column":10},"end":{"line":132,"column":20}},"58":{"start":{"line":133,"column":10},"end":{"line":133,"column":48}},"59":{"start":{"line":133,"column":42},"end":{"line":133,"column":48}},"60":{"start":{"line":134,"column":10},"end":{"line":134,"column":67}},"61":{"start":{"line":134,"column":35},"end":{"line":134,"column":65}},"62":{"start":{"line":136,"column":10},"end":{"line":136,"column":70}},"63":{"start":{"line":140,"column":4},"end":{"line":140,"column":124}},"64":{"start":{"line":15,"column":0},"end":{"line":15,"column":13}}},"fnMap":{"0":{"name":"(anonymous_28)","decl":{"start":{"line":20,"column":2},"end":{"line":20,"column":14}},"loc":{"start":{"line":20,"column":81},"end":{"line":22,"column":3}}},"1":{"name":"(anonymous_29)","decl":{"start":{"line":29,"column":8},"end":{"line":29,"column":16}},"loc":{"start":{"line":29,"column":51},"end":{"line":58,"column":null}}},"2":{"name":"(anonymous_31)","decl":{"start":{"line":51,"column":28},"end":{"line":51,"column":31}},"loc":{"start":{"line":51,"column":35},"end":{"line":51,"column":65}}},"3":{"name":"(anonymous_32)","decl":{"start":{"line":65,"column":9},"end":{"line":65,"column":23}},"loc":{"start":{"line":65,"column":58},"end":{"line":111,"column":null}}},"4":{"name":"(anonymous_34)","decl":{"start":{"line":104,"column":28},"end":{"line":104,"column":31}},"loc":{"start":{"line":104,"column":35},"end":{"line":104,"column":65}}},"5":{"name":"(anonymous_35)","decl":{"start":{"line":118,"column":8},"end":{"line":118,"column":13}},"loc":{"start":{"line":118,"column":26},"end":{"line":141,"column":null}}},"6":{"name":"(anonymous_37)","decl":{"start":{"line":134,"column":28},"end":{"line":134,"column":31}},"loc":{"start":{"line":134,"column":35},"end":{"line":134,"column":65}}}},"branchMap":{"0":{"loc":{"start":{"line":20,"column":14},"end":{"line":20,"column":81}},"type":"default-arg","locations":[{"start":{"line":20,"column":31},"end":{"line":20,"column":81}}]},"1":{"loc":{"start":{"line":20,"column":31},"end":{"line":20,"column":81}},"type":"binary-expr","locations":[{"start":{"line":20,"column":31},"end":{"line":20,"column":54}},{"start":{"line":20,"column":58},"end":{"line":20,"column":81}}]},"2":{"loc":{"start":{"line":38,"column":23},"end":{"line":38,"column":47}},"type":"binary-expr","locations":[{"start":{"line":38,"column":23},"end":{"line":38,"column":40}},{"start":{"line":38,"column":44},"end":{"line":38,"column":47}}]},"3":{"loc":{"start":{"line":39,"column":25},"end":{"line":39,"column":51}},"type":"binary-expr","locations":[{"start":{"line":39,"column":25},"end":{"line":39,"column":44}},{"start":{"line":39,"column":48},"end":{"line":39,"column":51}}]},"4":{"loc":{"start":{"line":41,"column":18},"end":{"line":41,"column":43}},"type":"binary-expr","locations":[{"start":{"line":41,"column":18},"end":{"line":41,"column":30}},{"start":{"line":41,"column":34},"end":{"line":41,"column":43}}]},"5":{"loc":{"start":{"line":48,"column":8},"end":{"line":54,"column":9}},"type":"if","locations":[{"start":{"line":48,"column":8},"end":{"line":54,"column":9}},{"start":{"line":52,"column":15},"end":{"line":54,"column":9}}]},"6":{"loc":{"start":{"line":48,"column":12},"end":{"line":48,"column":107}},"type":"binary-expr","locations":[{"start":{"line":48,"column":12},"end":{"line":48,"column":41}},{"start":{"line":48,"column":45},"end":{"line":48,"column":74}},{"start":{"line":48,"column":78},"end":{"line":48,"column":107}}]},"7":{"loc":{"start":{"line":48,"column":78},"end":{"line":48,"column":100}},"type":"cond-expr","locations":[{"start":{"line":48,"column":92},"end":{"line":48,"column":94}},{"start":{"line":48,"column":92},"end":{"line":48,"column":100}}]},"8":{"loc":{"start":{"line":48,"column":78},"end":{"line":48,"column":94}},"type":"binary-expr","locations":[{"start":{"line":48,"column":78},"end":{"line":48,"column":94}},{"start":{"line":48,"column":92},"end":{"line":48,"column":94}}]},"9":{"loc":{"start":{"line":50,"column":10},"end":{"line":50,"column":48}},"type":"if","locations":[{"start":{"line":50,"column":10},"end":{"line":50,"column":48}}]},"10":{"loc":{"start":{"line":57,"column":81},"end":{"line":57,"column":112}},"type":"binary-expr","locations":[{"start":{"line":57,"column":81},"end":{"line":57,"column":99}},{"start":{"line":57,"column":103},"end":{"line":57,"column":112}}]},"11":{"loc":{"start":{"line":57,"column":81},"end":{"line":57,"column":99}},"type":"cond-expr","locations":[{"start":{"line":57,"column":90},"end":{"line":57,"column":92}},{"start":{"line":57,"column":81},"end":{"line":57,"column":99}}]},"12":{"loc":{"start":{"line":57,"column":81},"end":{"line":57,"column":92}},"type":"binary-expr","locations":[{"start":{"line":57,"column":81},"end":{"line":57,"column":92}},{"start":{"line":57,"column":81},"end":{"line":57,"column":92}}]},"13":{"loc":{"start":{"line":75,"column":23},"end":{"line":75,"column":47}},"type":"binary-expr","locations":[{"start":{"line":75,"column":23},"end":{"line":75,"column":40}},{"start":{"line":75,"column":44},"end":{"line":75,"column":47}}]},"14":{"loc":{"start":{"line":76,"column":25},"end":{"line":76,"column":51}},"type":"binary-expr","locations":[{"start":{"line":76,"column":25},"end":{"line":76,"column":44}},{"start":{"line":76,"column":48},"end":{"line":76,"column":51}}]},"15":{"loc":{"start":{"line":78,"column":18},"end":{"line":78,"column":43}},"type":"binary-expr","locations":[{"start":{"line":78,"column":18},"end":{"line":78,"column":30}},{"start":{"line":78,"column":34},"end":{"line":78,"column":43}}]},"16":{"loc":{"start":{"line":88,"column":19},"end":{"line":88,"column":36}},"type":"binary-expr","locations":[{"start":{"line":88,"column":19},"end":{"line":88,"column":30}},{"start":{"line":88,"column":34},"end":{"line":88,"column":36}}]},"17":{"loc":{"start":{"line":90,"column":12},"end":{"line":95,"column":13}},"type":"if","locations":[{"start":{"line":90,"column":12},"end":{"line":95,"column":13}}]},"18":{"loc":{"start":{"line":93,"column":16},"end":{"line":93,"column":53}},"type":"if","locations":[{"start":{"line":93,"column":16},"end":{"line":93,"column":53}}]},"19":{"loc":{"start":{"line":101,"column":8},"end":{"line":107,"column":9}},"type":"if","locations":[{"start":{"line":101,"column":8},"end":{"line":107,"column":9}},{"start":{"line":105,"column":15},"end":{"line":107,"column":9}}]},"20":{"loc":{"start":{"line":101,"column":12},"end":{"line":101,"column":107}},"type":"binary-expr","locations":[{"start":{"line":101,"column":12},"end":{"line":101,"column":41}},{"start":{"line":101,"column":45},"end":{"line":101,"column":74}},{"start":{"line":101,"column":78},"end":{"line":101,"column":107}}]},"21":{"loc":{"start":{"line":101,"column":78},"end":{"line":101,"column":100}},"type":"cond-expr","locations":[{"start":{"line":101,"column":92},"end":{"line":101,"column":94}},{"start":{"line":101,"column":92},"end":{"line":101,"column":100}}]},"22":{"loc":{"start":{"line":101,"column":78},"end":{"line":101,"column":94}},"type":"binary-expr","locations":[{"start":{"line":101,"column":78},"end":{"line":101,"column":94}},{"start":{"line":101,"column":92},"end":{"line":101,"column":94}}]},"23":{"loc":{"start":{"line":103,"column":10},"end":{"line":103,"column":48}},"type":"if","locations":[{"start":{"line":103,"column":10},"end":{"line":103,"column":48}}]},"24":{"loc":{"start":{"line":110,"column":90},"end":{"line":110,"column":121}},"type":"binary-expr","locations":[{"start":{"line":110,"column":90},"end":{"line":110,"column":108}},{"start":{"line":110,"column":112},"end":{"line":110,"column":121}}]},"25":{"loc":{"start":{"line":110,"column":90},"end":{"line":110,"column":108}},"type":"cond-expr","locations":[{"start":{"line":110,"column":99},"end":{"line":110,"column":101}},{"start":{"line":110,"column":90},"end":{"line":110,"column":108}}]},"26":{"loc":{"start":{"line":110,"column":90},"end":{"line":110,"column":101}},"type":"binary-expr","locations":[{"start":{"line":110,"column":90},"end":{"line":110,"column":101}},{"start":{"line":110,"column":90},"end":{"line":110,"column":101}}]},"27":{"loc":{"start":{"line":131,"column":8},"end":{"line":137,"column":9}},"type":"if","locations":[{"start":{"line":131,"column":8},"end":{"line":137,"column":9}},{"start":{"line":135,"column":15},"end":{"line":137,"column":9}}]},"28":{"loc":{"start":{"line":131,"column":12},"end":{"line":131,"column":107}},"type":"binary-expr","locations":[{"start":{"line":131,"column":12},"end":{"line":131,"column":41}},{"start":{"line":131,"column":45},"end":{"line":131,"column":74}},{"start":{"line":131,"column":78},"end":{"line":131,"column":107}}]},"29":{"loc":{"start":{"line":131,"column":78},"end":{"line":131,"column":100}},"type":"cond-expr","locations":[{"start":{"line":131,"column":92},"end":{"line":131,"column":94}},{"start":{"line":131,"column":92},"end":{"line":131,"column":100}}]},"30":{"loc":{"start":{"line":131,"column":78},"end":{"line":131,"column":94}},"type":"binary-expr","locations":[{"start":{"line":131,"column":78},"end":{"line":131,"column":94}},{"start":{"line":131,"column":92},"end":{"line":131,"column":94}}]},"31":{"loc":{"start":{"line":133,"column":10},"end":{"line":133,"column":48}},"type":"if","locations":[{"start":{"line":133,"column":10},"end":{"line":133,"column":48}}]},"32":{"loc":{"start":{"line":140,"column":89},"end":{"line":140,"column":120}},"type":"binary-expr","locations":[{"start":{"line":140,"column":89},"end":{"line":140,"column":107}},{"start":{"line":140,"column":111},"end":{"line":140,"column":120}}]},"33":{"loc":{"start":{"line":140,"column":89},"end":{"line":140,"column":107}},"type":"cond-expr","locations":[{"start":{"line":140,"column":98},"end":{"line":140,"column":100}},{"start":{"line":140,"column":89},"end":{"line":140,"column":107}}]},"34":{"loc":{"start":{"line":140,"column":89},"end":{"line":140,"column":100}},"type":"binary-expr","locations":[{"start":{"line":140,"column":89},"end":{"line":140,"column":100}},{"start":{"line":140,"column":89},"end":{"line":140,"column":100}}]}},"s":{"0":1,"1":9,"2":9,"3":9,"4":42,"5":42,"6":42,"7":118,"8":118,"9":0,"10":118,"11":118,"12":118,"13":118,"14":36,"15":82,"16":82,"17":0,"18":36,"19":0,"20":0,"21":0,"22":0,"23":0,"24":0,"25":0,"26":0,"27":0,"28":0,"29":0,"30":0,"31":0,"32":0,"33":0,"34":0,"35":0,"36":0,"37":0,"38":0,"39":0,"40":0,"41":0,"42":0,"43":0,"44":0,"45":0,"46":0,"47":0,"48":0,"49":3,"50":3,"51":3,"52":9,"53":9,"54":0,"55":9,"56":9,"57":9,"58":9,"59":3,"60":6,"61":6,"62":0,"63":3,"64":1},"f":{"0":9,"1":42,"2":82,"3":0,"4":0,"5":3,"6":6},"b":{"0":[6],"1":[6,6],"2":[118,118],"3":[118,118],"4":[118,118],"5":[118,0],"6":[118,118,0],"7":[0,0],"8":[0,0],"9":[36],"10":[36,36],"11":[0,36],"12":[36,36],"13":[0,0],"14":[0,0],"15":[0,0],"16":[0,0],"17":[0],"18":[0],"19":[0,0],"20":[0,0,0],"21":[0,0],"22":[0,0],"23":[0],"24":[0,0],"25":[0,0],"26":[0,0],"27":[9,0],"28":[9,9,0],"29":[0,0],"30":[0,0],"31":[3],"32":[3,3],"33":[0,3],"34":[3,3]}}
,"/workspaces/Project-C0Di3/clients/log-analyzer-client.ts": {"path":"/workspaces/Project-C0Di3/clients/log-analyzer-client.ts","statementMap":{"0":{"start":{"line":1,"column":0},"end":{"line":1,"column":26}},"1":{"start":{"line":9,"column":4},"end":{"line":9,"column":27}},"2":{"start":{"line":10,"column":4},"end":{"line":10,"column":25}},"3":{"start":{"line":14,"column":4},"end":{"line":20,"column":5}},"4":{"start":{"line":15,"column":23},"end":{"line":15,"column":72}},"5":{"start":{"line":16,"column":6},"end":{"line":16,"column":27}},"6":{"start":{"line":18,"column":6},"end":{"line":18,"column":56}},"7":{"start":{"line":19,"column":6},"end":{"line":19,"column":18}},"8":{"start":{"line":4,"column":0},"end":{"line":4,"column":13}}},"fnMap":{"0":{"name":"(anonymous_8)","decl":{"start":{"line":8,"column":2},"end":{"line":8,"column":14}},"loc":{"start":{"line":8,"column":45},"end":{"line":11,"column":3}}},"1":{"name":"(anonymous_9)","decl":{"start":{"line":13,"column":15},"end":{"line":13,"column":22}},"loc":{"start":{"line":13,"column":34},"end":{"line":21,"column":null}}}},"branchMap":{},"s":{"0":1,"1":3,"2":3,"3":0,"4":0,"5":0,"6":0,"7":0,"8":1},"f":{"0":3,"1":0},"b":{}}
,"/workspaces/Project-C0Di3/config/config-manager.ts": {"path":"/workspaces/Project-C0Di3/config/config-manager.ts","statementMap":{"0":{"start":{"line":1,"column":0},"end":{"line":1,"column":31}},"1":{"start":{"line":2,"column":0},"end":{"line":2,"column":29}},"2":{"start":{"line":10,"column":10},"end":{"line":10,"column":27}},"3":{"start":{"line":12,"column":10},"end":{"line":12,"column":34}},"4":{"start":{"line":138,"column":10},"end":{"line":138,"column":53}},"5":{"start":{"line":139,"column":10},"end":{"line":139,"column":49}},"6":{"start":{"line":15,"column":4},"end":{"line":15,"column":41}},"7":{"start":{"line":16,"column":4},"end":{"line":16,"column":53}},"8":{"start":{"line":19,"column":4},"end":{"line":19,"column":29}},"9":{"start":{"line":22,"column":4},"end":{"line":24,"column":5}},"10":{"start":{"line":23,"column":6},"end":{"line":23,"column":24}},"11":{"start":{"line":28,"column":4},"end":{"line":36,"column":5}},"12":{"start":{"line":29,"column":34},"end":{"line":29,"column":84}},"13":{"start":{"line":30,"column":6},"end":{"line":33,"column":7}},"14":{"start":{"line":31,"column":30},"end":{"line":31,"column":66}},"15":{"start":{"line":32,"column":8},"end":{"line":32,"column":43}},"16":{"start":{"line":35,"column":6},"end":{"line":35,"column":60}},"17":{"start":{"line":40,"column":4},"end":{"line":47,"column":5}},"18":{"start":{"line":41,"column":6},"end":{"line":44,"column":7}},"19":{"start":{"line":42,"column":27},"end":{"line":42,"column":59}},"20":{"start":{"line":43,"column":8},"end":{"line":43,"column":56}},"21":{"start":{"line":46,"column":6},"end":{"line":46,"column":52}},"22":{"start":{"line":51,"column":17},"end":{"line":51,"column":31}},"23":{"start":{"line":52,"column":18},"end":{"line":52,"column":29}},"24":{"start":{"line":54,"column":4},"end":{"line":60,"column":5}},"25":{"start":{"line":55,"column":6},"end":{"line":59,"column":7}},"26":{"start":{"line":56,"column":8},"end":{"line":56,"column":29}},"27":{"start":{"line":58,"column":8},"end":{"line":58,"column":28}},"28":{"start":{"line":62,"column":4},"end":{"line":62,"column":58}},"29":{"start":{"line":66,"column":17},"end":{"line":66,"column":31}},"30":{"start":{"line":67,"column":18},"end":{"line":67,"column":29}},"31":{"start":{"line":69,"column":4},"end":{"line":75,"column":5}},"32":{"start":{"line":69,"column":17},"end":{"line":69,"column":18}},"33":{"start":{"line":70,"column":16},"end":{"line":70,"column":23}},"34":{"start":{"line":71,"column":6},"end":{"line":73,"column":7}},"35":{"start":{"line":72,"column":8},"end":{"line":72,"column":24}},"36":{"start":{"line":74,"column":6},"end":{"line":74,"column":27}},"37":{"start":{"line":77,"column":4},"end":{"line":77,"column":43}},"38":{"start":{"line":81,"column":4},"end":{"line":81,"column":30}},"39":{"start":{"line":85,"column":4},"end":{"line":92,"column":5}},"40":{"start":{"line":86,"column":6},"end":{"line":91,"column":7}},"41":{"start":{"line":87,"column":8},"end":{"line":87,"column":56}},"42":{"start":{"line":88,"column":8},"end":{"line":88,"column":70}},"43":{"start":{"line":90,"column":8},"end":{"line":90,"column":53}},"44":{"start":{"line":96,"column":4},"end":{"line":96,"column":48}},"45":{"start":{"line":100,"column":4},"end":{"line":100,"column":44}},"46":{"start":{"line":105,"column":4},"end":{"line":105,"column":40}},"47":{"start":{"line":108,"column":4},"end":{"line":108,"column":31}},"48":{"start":{"line":113,"column":4},"end":{"line":113,"column":45}},"49":{"start":{"line":116,"column":4},"end":{"line":116,"column":40}},"50":{"start":{"line":121,"column":4},"end":{"line":121,"column":43}},"51":{"start":{"line":124,"column":4},"end":{"line":124,"column":38}},"52":{"start":{"line":129,"column":4},"end":{"line":130,"column":81}},"53":{"start":{"line":143,"column":19},"end":{"line":143,"column":36}},"54":{"start":{"line":144,"column":4},"end":{"line":144,"column":91}},"55":{"start":{"line":148,"column":4},"end":{"line":159,"column":5}},"56":{"start":{"line":150,"column":26},"end":{"line":150,"column":92}},"57":{"start":{"line":151,"column":6},"end":{"line":158,"column":7}},"58":{"start":{"line":152,"column":8},"end":{"line":152,"column":44}},"59":{"start":{"line":155,"column":23},"end":{"line":155,"column":40}},"60":{"start":{"line":156,"column":24},"end":{"line":156,"column":62}},"61":{"start":{"line":157,"column":8},"end":{"line":157,"column":40}},"62":{"start":{"line":161,"column":19},"end":{"line":161,"column":36}},"63":{"start":{"line":162,"column":22},"end":{"line":162,"column":80}},"64":{"start":{"line":164,"column":4},"end":{"line":167,"column":5}},"65":{"start":{"line":165,"column":6},"end":{"line":165,"column":40}},"66":{"start":{"line":166,"column":6},"end":{"line":166,"column":18}},"67":{"start":{"line":169,"column":4},"end":{"line":169,"column":17}},"68":{"start":{"line":173,"column":4},"end":{"line":173,"column":38}},"69":{"start":{"line":177,"column":4},"end":{"line":177,"column":39}},"70":{"start":{"line":182,"column":4},"end":{"line":182,"column":115}},"71":{"start":{"line":185,"column":4},"end":{"line":185,"column":57}},"72":{"start":{"line":9,"column":0},"end":{"line":9,"column":13}}},"fnMap":{"0":{"name":"(anonymous_9)","decl":{"start":{"line":14,"column":2},"end":{"line":14,"column":14}},"loc":{"start":{"line":14,"column":41},"end":{"line":25,"column":3}}},"1":{"name":"(anonymous_10)","decl":{"start":{"line":27,"column":10},"end":{"line":27,"column":27}},"loc":{"start":{"line":27,"column":27},"end":{"line":37,"column":3}}},"2":{"name":"(anonymous_11)","decl":{"start":{"line":39,"column":10},"end":{"line":39,"column":20}},"loc":{"start":{"line":39,"column":20},"end":{"line":48,"column":3}}},"3":{"name":"(anonymous_12)","decl":{"start":{"line":50,"column":2},"end":{"line":50,"column":5}},"loc":{"start":{"line":50,"column":37},"end":{"line":63,"column":3}}},"4":{"name":"(anonymous_13)","decl":{"start":{"line":65,"column":2},"end":{"line":65,"column":5}},"loc":{"start":{"line":65,"column":29},"end":{"line":78,"column":3}}},"5":{"name":"(anonymous_14)","decl":{"start":{"line":80,"column":2},"end":{"line":80,"column":8}},"loc":{"start":{"line":80,"column":8},"end":{"line":82,"column":3}}},"6":{"name":"(anonymous_15)","decl":{"start":{"line":84,"column":2},"end":{"line":84,"column":6}},"loc":{"start":{"line":84,"column":6},"end":{"line":93,"column":3}}},"7":{"name":"(anonymous_16)","decl":{"start":{"line":95,"column":2},"end":{"line":95,"column":7}},"loc":{"start":{"line":95,"column":19},"end":{"line":97,"column":3}}},"8":{"name":"(anonymous_17)","decl":{"start":{"line":99,"column":2},"end":{"line":99,"column":7}},"loc":{"start":{"line":99,"column":7},"end":{"line":101,"column":3}}},"9":{"name":"(anonymous_18)","decl":{"start":{"line":104,"column":2},"end":{"line":104,"column":13}},"loc":{"start":{"line":104,"column":13},"end":{"line":106,"column":3}}},"10":{"name":"(anonymous_19)","decl":{"start":{"line":107,"column":2},"end":{"line":107,"column":13}},"loc":{"start":{"line":107,"column":26},"end":{"line":109,"column":3}}},"11":{"name":"(anonymous_20)","decl":{"start":{"line":112,"column":2},"end":{"line":112,"column":19}},"loc":{"start":{"line":112,"column":19},"end":{"line":114,"column":3}}},"12":{"name":"(anonymous_21)","decl":{"start":{"line":115,"column":2},"end":{"line":115,"column":19}},"loc":{"start":{"line":115,"column":36},"end":{"line":117,"column":3}}},"13":{"name":"(anonymous_22)","decl":{"start":{"line":120,"column":2},"end":{"line":120,"column":16}},"loc":{"start":{"line":120,"column":16},"end":{"line":122,"column":3}}},"14":{"name":"(anonymous_23)","decl":{"start":{"line":123,"column":2},"end":{"line":123,"column":17}},"loc":{"start":{"line":123,"column":34},"end":{"line":125,"column":3}}},"15":{"name":"(anonymous_24)","decl":{"start":{"line":128,"column":2},"end":{"line":128,"column":14}},"loc":{"start":{"line":128,"column":14},"end":{"line":131,"column":3}}},"16":{"name":"(anonymous_25)","decl":{"start":{"line":132,"column":2},"end":{"line":132,"column":15}},"loc":{"start":{"line":132,"column":32},"end":{"line":135,"column":3}}},"17":{"name":"(anonymous_26)","decl":{"start":{"line":141,"column":2},"end":{"line":141,"column":19}},"loc":{"start":{"line":141,"column":36},"end":{"line":145,"column":3}}},"18":{"name":"(anonymous_27)","decl":{"start":{"line":147,"column":2},"end":{"line":147,"column":20}},"loc":{"start":{"line":147,"column":37},"end":{"line":170,"column":3}}},"19":{"name":"(anonymous_28)","decl":{"start":{"line":172,"column":2},"end":{"line":172,"column":23}},"loc":{"start":{"line":172,"column":23},"end":{"line":174,"column":3}}},"20":{"name":"(anonymous_29)","decl":{"start":{"line":176,"column":2},"end":{"line":176,"column":17}},"loc":{"start":{"line":176,"column":17},"end":{"line":178,"column":3}}},"21":{"name":"(anonymous_30)","decl":{"start":{"line":181,"column":2},"end":{"line":181,"column":20}},"loc":{"start":{"line":181,"column":37},"end":{"line":183,"column":3}}},"22":{"name":"(anonymous_31)","decl":{"start":{"line":184,"column":2},"end":{"line":184,"column":20}},"loc":{"start":{"line":184,"column":55},"end":{"line":186,"column":3}}}},"branchMap":{"0":{"loc":{"start":{"line":14,"column":14},"end":{"line":14,"column":41}},"type":"default-arg","locations":[{"start":{"line":14,"column":39},"end":{"line":14,"column":41}}]},"1":{"loc":{"start":{"line":16,"column":25},"end":{"line":16,"column":52}},"type":"binary-expr","locations":[{"start":{"line":16,"column":25},"end":{"line":16,"column":46}},{"start":{"line":16,"column":50},"end":{"line":16,"column":52}}]},"2":{"loc":{"start":{"line":22,"column":4},"end":{"line":24,"column":5}},"type":"if","locations":[{"start":{"line":22,"column":4},"end":{"line":24,"column":5}}]},"3":{"loc":{"start":{"line":22,"column":8},"end":{"line":22,"column":57}},"type":"binary-expr","locations":[{"start":{"line":22,"column":8},"end":{"line":22,"column":23}},{"start":{"line":22,"column":27},"end":{"line":22,"column":57}}]},"4":{"loc":{"start":{"line":30,"column":6},"end":{"line":33,"column":7}},"type":"if","locations":[{"start":{"line":30,"column":6},"end":{"line":33,"column":7}}]},"5":{"loc":{"start":{"line":41,"column":6},"end":{"line":44,"column":7}},"type":"if","locations":[{"start":{"line":41,"column":6},"end":{"line":44,"column":7}}]},"6":{"loc":{"start":{"line":41,"column":10},"end":{"line":41,"column":59}},"type":"binary-expr","locations":[{"start":{"line":41,"column":10},"end":{"line":41,"column":25}},{"start":{"line":41,"column":29},"end":{"line":41,"column":59}}]},"7":{"loc":{"start":{"line":55,"column":6},"end":{"line":59,"column":7}},"type":"if","locations":[{"start":{"line":55,"column":6},"end":{"line":59,"column":7}},{"start":{"line":57,"column":13},"end":{"line":59,"column":7}}]},"8":{"loc":{"start":{"line":55,"column":10},"end":{"line":55,"column":64}},"type":"binary-expr","locations":[{"start":{"line":55,"column":10},"end":{"line":55,"column":17}},{"start":{"line":55,"column":21},"end":{"line":55,"column":48}},{"start":{"line":55,"column":52},"end":{"line":55,"column":64}}]},"9":{"loc":{"start":{"line":62,"column":11},"end":{"line":62,"column":57}},"type":"cond-expr","locations":[{"start":{"line":62,"column":35},"end":{"line":62,"column":42}},{"start":{"line":62,"column":45},"end":{"line":62,"column":57}}]},"10":{"loc":{"start":{"line":71,"column":6},"end":{"line":73,"column":7}},"type":"if","locations":[{"start":{"line":71,"column":6},"end":{"line":73,"column":7}}]},"11":{"loc":{"start":{"line":71,"column":10},"end":{"line":71,"column":59}},"type":"binary-expr","locations":[{"start":{"line":71,"column":10},"end":{"line":71,"column":25}},{"start":{"line":71,"column":29},"end":{"line":71,"column":59}}]},"12":{"loc":{"start":{"line":85,"column":4},"end":{"line":92,"column":5}},"type":"if","locations":[{"start":{"line":85,"column":4},"end":{"line":92,"column":5}}]},"13":{"loc":{"start":{"line":129,"column":11},"end":{"line":130,"column":80}},"type":"binary-expr","locations":[{"start":{"line":129,"column":11},"end":{"line":129,"column":47}},{"start":{"line":129,"column":51},"end":{"line":129,"column":84}},{"start":{"line":130,"column":11},"end":{"line":130,"column":45}},{"start":{"line":130,"column":49},"end":{"line":130,"column":80}}]},"14":{"loc":{"start":{"line":148,"column":4},"end":{"line":159,"column":5}},"type":"if","locations":[{"start":{"line":148,"column":4},"end":{"line":159,"column":5}}]},"15":{"loc":{"start":{"line":150,"column":26},"end":{"line":150,"column":92}},"type":"binary-expr","locations":[{"start":{"line":150,"column":26},"end":{"line":150,"column":53}},{"start":{"line":150,"column":57},"end":{"line":150,"column":92}}]},"16":{"loc":{"start":{"line":151,"column":6},"end":{"line":158,"column":7}},"type":"if","locations":[{"start":{"line":151,"column":6},"end":{"line":158,"column":7}},{"start":{"line":153,"column":13},"end":{"line":158,"column":7}}]},"17":{"loc":{"start":{"line":164,"column":4},"end":{"line":167,"column":5}},"type":"if","locations":[{"start":{"line":164,"column":4},"end":{"line":167,"column":5}}]}},"s":{"0":1,"1":1,"2":3,"3":3,"4":3,"5":3,"6":3,"7":3,"8":3,"9":3,"10":0,"11":3,"12":3,"13":3,"14":3,"15":3,"16":0,"17":0,"18":0,"19":0,"20":0,"21":0,"22":39,"23":39,"24":39,"25":63,"26":39,"27":24,"28":15,"29":0,"30":0,"31":0,"32":0,"33":0,"34":0,"35":0,"36":0,"37":0,"38":0,"39":0,"40":0,"41":0,"42":0,"43":0,"44":0,"45":0,"46":0,"47":0,"48":0,"49":0,"50":0,"51":0,"52":0,"53":0,"54":0,"55":0,"56":0,"57":0,"58":0,"59":0,"60":0,"61":0,"62":0,"63":0,"64":0,"65":0,"66":0,"67":0,"68":0,"69":0,"70":0,"71":0,"72":1},"f":{"0":3,"1":3,"2":0,"3":39,"4":0,"5":0,"6":0,"7":0,"8":0,"9":0,"10":0,"11":0,"12":0,"13":0,"14":0,"15":0,"16":0,"17":0,"18":0,"19":0,"20":0,"21":0,"22":0},"b":{"0":[3],"1":[3,3],"2":[0],"3":[3,0],"4":[3],"5":[0],"6":[0,0],"7":[39,24],"8":[63,63,63],"9":[15,0],"10":[0],"11":[0,0],"12":[0],"13":[0,0,0,0],"14":[0],"15":[0,0],"16":[0,0],"17":[0]}}
,"/workspaces/Project-C0Di3/context/context-manager.ts": {"path":"/workspaces/Project-C0Di3/context/context-manager.ts","statementMap":{"0":{"start":{"line":4,"column":10},"end":{"line":8,"column":4}},"1":{"start":{"line":14,"column":43},"end":{"line":18,"column":6}},"2":{"start":{"line":19,"column":4},"end":{"line":19,"column":49}},"3":{"start":{"line":20,"column":4},"end":{"line":20,"column":61}},"4":{"start":{"line":21,"column":4},"end":{"line":21,"column":24}},"5":{"start":{"line":25,"column":4},"end":{"line":25,"column":49}},"6":{"start":{"line":29,"column":4},"end":{"line":29,"column":24}},"7":{"start":{"line":33,"column":4},"end":{"line":33,"column":49}},"8":{"start":{"line":37,"column":4},"end":{"line":37,"column":66}},"9":{"start":{"line":41,"column":4},"end":{"line":41,"column":39}},"10":{"start":{"line":42,"column":4},"end":{"line":42,"column":42}},"11":{"start":{"line":43,"column":4},"end":{"line":43,"column":41}},"12":{"start":{"line":3,"column":0},"end":{"line":3,"column":13}},"13":{"start":{"line":47,"column":13},"end":{"line":47,"column":51}}},"fnMap":{"0":{"name":"(anonymous_7)","decl":{"start":{"line":3,"column":0},"end":{"line":3,"column":13}},"loc":{"start":{"line":3,"column":0},"end":{"line":45,"column":1}}},"1":{"name":"(anonymous_8)","decl":{"start":{"line":10,"column":15},"end":{"line":10,"column":33}},"loc":{"start":{"line":10,"column":53},"end":{"line":22,"column":null}}},"2":{"name":"(anonymous_10)","decl":{"start":{"line":24,"column":9},"end":{"line":24,"column":24}},"loc":{"start":{"line":24,"column":44},"end":{"line":26,"column":3}}},"3":{"name":"(anonymous_11)","decl":{"start":{"line":28,"column":9},"end":{"line":28,"column":19}},"loc":{"start":{"line":28,"column":19},"end":{"line":30,"column":3}}},"4":{"name":"(anonymous_12)","decl":{"start":{"line":32,"column":9},"end":{"line":32,"column":20}},"loc":{"start":{"line":32,"column":44},"end":{"line":34,"column":3}}},"5":{"name":"(anonymous_13)","decl":{"start":{"line":36,"column":9},"end":{"line":36,"column":20}},"loc":{"start":{"line":36,"column":35},"end":{"line":38,"column":3}}},"6":{"name":"(anonymous_14)","decl":{"start":{"line":40,"column":9},"end":{"line":40,"column":21}},"loc":{"start":{"line":40,"column":21},"end":{"line":44,"column":3}}}},"branchMap":{},"s":{"0":4,"1":3,"2":3,"3":3,"4":3,"5":0,"6":0,"7":0,"8":0,"9":0,"10":0,"11":0,"12":1,"13":1},"f":{"0":4,"1":3,"2":0,"3":0,"4":0,"5":0,"6":0},"b":{}}
,"/workspaces/Project-C0Di3/events/event-bus.ts": {"path":"/workspaces/Project-C0Di3/events/event-bus.ts","statementMap":{"0":{"start":{"line":1,"column":0},"end":{"line":1,"column":38}},"1":{"start":{"line":3,"column":0},"end":{"line":3,"column":13}}},"fnMap":{},"branchMap":{},"s":{"0":1,"1":1},"f":{},"b":{}}
,"/workspaces/Project-C0Di3/learning/feedback-loop.ts": {"path":"/workspaces/Project-C0Di3/learning/feedback-loop.ts","statementMap":{"0":{"start":{"line":3,"column":0},"end":{"line":3,"column":47}},"1":{"start":{"line":4,"column":0},"end":{"line":4,"column":41}},"2":{"start":{"line":5,"column":0},"end":{"line":5,"column":31}},"3":{"start":{"line":6,"column":0},"end":{"line":6,"column":29}},"4":{"start":{"line":17,"column":10},"end":{"line":17,"column":48}},"5":{"start":{"line":20,"column":10},"end":{"line":25,"column":4}},"6":{"start":{"line":28,"column":4},"end":{"line":28,"column":33}},"7":{"start":{"line":29,"column":4},"end":{"line":29,"column":51}},"8":{"start":{"line":30,"column":4},"end":{"line":30,"column":55}},"9":{"start":{"line":31,"column":4},"end":{"line":31,"column":45}},"10":{"start":{"line":32,"column":4},"end":{"line":32,"column":52}},"11":{"start":{"line":33,"column":4},"end":{"line":33,"column":72}},"12":{"start":{"line":36,"column":4},"end":{"line":36,"column":43}},"13":{"start":{"line":39,"column":4},"end":{"line":39,"column":31}},"14":{"start":{"line":42,"column":4},"end":{"line":42,"column":72}},"15":{"start":{"line":49,"column":24},"end":{"line":49,"column":80}},"16":{"start":{"line":51,"column":4},"end":{"line":59,"column":5}},"17":{"start":{"line":52,"column":6},"end":{"line":55,"column":7}},"18":{"start":{"line":53,"column":8},"end":{"line":53,"column":60}},"19":{"start":{"line":54,"column":8},"end":{"line":54,"column":96}},"20":{"start":{"line":57,"column":6},"end":{"line":57,"column":66}},"21":{"start":{"line":58,"column":6},"end":{"line":58,"column":32}},"22":{"start":{"line":66,"column":24},"end":{"line":66,"column":80}},"23":{"start":{"line":68,"column":4},"end":{"line":72,"column":5}},"24":{"start":{"line":69,"column":6},"end":{"line":69,"column":58}},"25":{"start":{"line":71,"column":6},"end":{"line":71,"column":66}},"26":{"start":{"line":79,"column":4},"end":{"line":121,"column":null}},"27":{"start":{"line":83,"column":22},"end":{"line":83,"column":79}},"28":{"start":{"line":86,"column":20},"end":{"line":86,"column":77}},"29":{"start":{"line":87,"column":4},"end":{"line":87,"column":42}},"30":{"start":{"line":90,"column":41},"end":{"line":97,"column":6}},"31":{"start":{"line":100,"column":25},"end":{"line":100,"column":84}},"32":{"start":{"line":101,"column":4},"end":{"line":101,"column":46}},"33":{"start":{"line":104,"column":4},"end":{"line":104,"column":45}},"34":{"start":{"line":107,"column":4},"end":{"line":109,"column":5}},"35":{"start":{"line":108,"column":6},"end":{"line":108,"column":63}},"36":{"start":{"line":112,"column":4},"end":{"line":112,"column":31}},"37":{"start":{"line":115,"column":4},"end":{"line":118,"column":7}},"38":{"start":{"line":120,"column":4},"end":{"line":120,"column":84}},"39":{"start":{"line":128,"column":41},"end":{"line":143,"column":6}},"40":{"start":{"line":146,"column":4},"end":{"line":146,"column":45}},"41":{"start":{"line":149,"column":4},"end":{"line":149,"column":31}},"42":{"start":{"line":152,"column":4},"end":{"line":154,"column":7}},"43":{"start":{"line":156,"column":4},"end":{"line":156,"column":62}},"44":{"start":{"line":163,"column":4},"end":{"line":163,"column":64}},"45":{"start":{"line":166,"column":24},"end":{"line":166,"column":77}},"46":{"start":{"line":168,"column":4},"end":{"line":191,"column":5}},"47":{"start":{"line":170,"column":6},"end":{"line":170,"column":47}},"48":{"start":{"line":171,"column":6},"end":{"line":174,"column":8}},"49":{"start":{"line":177,"column":6},"end":{"line":187,"column":7}},"50":{"start":{"line":178,"column":29},"end":{"line":180,"column":null}},"51":{"start":{"line":183,"column":8},"end":{"line":186,"column":10}},"52":{"start":{"line":190,"column":6},"end":{"line":190,"column":33}},"53":{"start":{"line":194,"column":4},"end":{"line":197,"column":7}},"54":{"start":{"line":208,"column":4},"end":{"line":208,"column":61}},"55":{"start":{"line":215,"column":4},"end":{"line":217,"column":5}},"56":{"start":{"line":216,"column":6},"end":{"line":216,"column":77}},"57":{"start":{"line":219,"column":4},"end":{"line":223,"column":5}},"58":{"start":{"line":220,"column":6},"end":{"line":222,"column":67}},"59":{"start":{"line":225,"column":4},"end":{"line":225,"column":60}},"60":{"start":{"line":239,"column":22},"end":{"line":239,"column":25}},"61":{"start":{"line":240,"column":19},"end":{"line":240,"column":22}},"62":{"start":{"line":241,"column":20},"end":{"line":241,"column":23}},"63":{"start":{"line":242,"column":21},"end":{"line":242,"column":24}},"64":{"start":{"line":245,"column":23},"end":{"line":247,"column":50}},"65":{"start":{"line":249,"column":4},"end":{"line":252,"column":5}},"66":{"start":{"line":250,"column":6},"end":{"line":250,"column":24}},"67":{"start":{"line":251,"column":6},"end":{"line":251,"column":21}},"68":{"start":{"line":255,"column":4},"end":{"line":264,"column":5}},"69":{"start":{"line":256,"column":20},"end":{"line":256,"column":48}},"70":{"start":{"line":257,"column":6},"end":{"line":263,"column":7}},"71":{"start":{"line":258,"column":8},"end":{"line":258,"column":25}},"72":{"start":{"line":259,"column":13},"end":{"line":263,"column":7}},"73":{"start":{"line":260,"column":8},"end":{"line":260,"column":25}},"74":{"start":{"line":262,"column":8},"end":{"line":262,"column":25}},"75":{"start":{"line":267,"column":4},"end":{"line":272,"column":6}},"76":{"start":{"line":28
[...]
,"column":0},"end":{"line":1,"column":38}},"1":{"start":{"line":8,"column":13},"end":{"line":41,"column":2}},"2":{"start":{"line":16,"column":37},"end":{"line":16,"column":42}},"3":{"start":{"line":17,"column":4},"end":{"line":19,"column":5}},"4":{"start":{"line":18,"column":6},"end":{"line":18,"column":77}},"5":{"start":{"line":20,"column":4},"end":{"line":22,"column":5}},"6":{"start":{"line":21,"column":6},"end":{"line":21,"column":61}},"7":{"start":{"line":23,"column":23},"end":{"line":23,"column":72}},"8":{"start":{"line":24,"column":17},"end":{"line":24,"column":52}},"9":{"start":{"line":25,"column":4},"end":{"line":39,"column":7}},"10":{"start":{"line":26,"column":19},"end":{"line":26,"column":63}},"11":{"start":{"line":27,"column":19},"end":{"line":27,"column":21}},"12":{"start":{"line":28,"column":19},"end":{"line":28,"column":21}},"13":{"start":{"line":29,"column":6},"end":{"line":29,"column":71}},"14":{"start":{"line":29,"column":41},"end":{"line":29,"column":67}},"15":{"start":{"line":30,"column":6},"end":{"line":30,"column":71}},"16":{"start":{"line":30,"column":41},"end":{"line":30,"column":67}},"17":{"start":{"line":31,"column":6},"end":{"line":31,"column":96}},"18":{"start":{"line":31,"column":32},"end":{"line":31,"column":94}},"19":{"start":{"line":32,"column":6},"end":{"line":38,"column":9}},"20":{"start":{"line":33,"column":8},"end":{"line":35,"column":9}},"21":{"start":{"line":34,"column":10},"end":{"line":34,"column":83}},"22":{"start":{"line":36,"column":24},"end":{"line":36,"column":66}},"23":{"start":{"line":37,"column":8},"end":{"line":37,"column":58}}},"fnMap":{"0":{"name":"(anonymous_7)","decl":{"start":{"line":15,"column":8},"end":{"line":15,"column":15}},"loc":{"start":{"line":15,"column":41},"end":{"line":40,"column":null}}},"1":{"name":"(anonymous_9)","decl":{"start":{"line":25,"column":23},"end":{"line":25,"column":24}},"loc":{"start":{"line":25,"column":43},"end":{"line":39,"column":5}}},"2":{"name":"(anonymous_10)","decl":{"start":{"line":29,"column":29},"end":{"line":29,"column":30}},"loc":{"start":{"line":29,"column":38},"end":{"line":29,"column":69}}},"3":{"name":"(anonymous_11)","decl":{"start":{"line":30,"column":29},"end":{"line":30,"column":30}},"loc":{"start":{"line":30,"column":38},"end":{"line":30,"column":69}}},"4":{"name":"(anonymous_12)","decl":{"start":{"line":31,"column":23},"end":{"line":31,"column":24}},"loc":{"start":{"line":31,"column":32},"end":{"line":31,"column":94}}},"5":{"name":"(anonymous_13)","decl":{"start":{"line":32,"column":23},"end":{"line":32,"column":24}},"loc":{"start":{"line":32,"column":32},"end":{"line":38,"column":7}}}},"branchMap":{"0":{"loc":{"start":{"line":16,"column":20},"end":{"line":16,"column":32}},"type":"default-arg","locations":[{"start":{"line":16,"column":30},"end":{"line":16,"column":32}}]},"1":{"loc":{"start":{"line":17,"column":4},"end":{"line":19,"column":5}},"type":"if","locations":[{"start":{"line":17,"column":4},"end":{"line":19,"column":5}}]},"2":{"loc":{"start":{"line":17,"column":8},"end":{"line":17,"column":75}},"type":"binary-expr","locations":[{"start":{"line":17,"column":8},"end":{"line":17,"column":15}},{"start":{"line":17,"column":19},"end":{"line":17,"column":45}},{"start":{"line":17,"column":49},"end":{"line":17,"column":75}}]},"3":{"loc":{"start":{"line":20,"column":4},"end":{"line":22,"column":5}},"type":"if","locations":[{"start":{"line":20,"column":4},"end":{"line":22,"column":5}}]},"4":{"loc":{"start":{"line":20,"column":8},"end":{"line":20,"column":49}},"type":"binary-expr","locations":[{"start":{"line":20,"column":8},"end":{"line":20,"column":15}},{"start":{"line":20,"column":19},"end":{"line":20,"column":49}}]},"5":{"loc":{"start":{"line":23,"column":23},"end":{"line":23,"column":72}},"type":"cond-expr","locations":[{"start":{"line":23,"column":33},"end":{"line":23,"column":67}},{"start":{"line":23,"column":70},"end":{"line":23,"column":72}}]},"6":{"loc":{"start":{"line":33,"column":8},"end":{"line":35,"column":9}},"type":"if","locations":[{"start":{"line":33,"column":8},"end":{"line":35,"column":9}}]},"7":{"loc":{"start":{"line":34,"column":34},"end":{"line":34,"column":80}},"type":"binary-expr","locations":[{"start":{"line":34,"column":34},"end":{"line":34,"column":40}},{"start":{"line":34,"column":44},"end":{"line":34,"column":80}}]}},"s":{"0":1,"1":1,"2":0,"3":0,"4":0,"5":0,"6":0,"7":0,"8":0,"9":0,"10":0,"11":0,"12":0,"13":0,"14":0,"15":0,"16":0,"17":0,"18":0,"19":0,"20":0,"21":0,"22":0,"23":0},"f":{"0":0,"1":0,"2":0,"3":0,"4":0,"5":0},"b":{"0":[0],"1":[0],"2":[0,0,0],"3":[0],"4":[0,0],"5":[0,0],"6":[0],"7":[0,0]}}
,"/workspaces/Project-C0Di3/tools/red/nmap.ts": {"path":"/workspaces/Project-C0Di3/tools/red/nmap.ts","statementMap":{"0":{"start":{"line":1,"column":0},"end":{"line":1,"column":38}},"1":{"start":{"line":8,"column":13},"end":{"line":43,"column":2}},"2":{"start":{"line":16,"column":37},"end":{"line":16,"column":42}},"3":{"start":{"line":17,"column":4},"end":{"line":19,"column":5}},"4":{"start":{"line":18,"column":6},"end":{"line":18,"column":80}},"5":{"start":{"line":21,"column":4},"end":{"line":23,"column":5}},"6":{"start":{"line":22,"column":6},"end":{"line":22,"column":61}},"7":{"start":{"line":25,"column":23},"end":{"line":25,"column":72}},"8":{"start":{"line":26,"column":17},"end":{"line":26,"column":40}},"9":{"start":{"line":27,"column":4},"end":{"line":41,"column":7}},"10":{"start":{"line":28,"column":19},"end":{"line":28,"column":58}},"11":{"start":{"line":29,"column":19},"end":{"line":29,"column":21}},"12":{"start":{"line":30,"column":19},"end":{"line":30,"column":21}},"13":{"start":{"line":31,"column":6},"end":{"line":31,"column":71}},"14":{"start":{"line":31,"column":41},"end":{"line":31,"column":67}},"15":{"start":{"line":32,"column":6},"end":{"line":32,"column":71}},"16":{"start":{"line":32,"column":41},"end":{"line":32,"column":67}},"17":{"start":{"line":33,"column":6},"end":{"line":33,"column":91}},"18":{"start":{"line":33,"column":32},"end":{"line":33,"column":89}},"19":{"start":{"line":34,"column":6},"end":{"line":40,"column":9}},"20":{"start":{"line":35,"column":8},"end":{"line":37,"column":9}},"21":{"start":{"line":36,"column":10},"end":{"line":36,"column":78}},"22":{"start":{"line":38,"column":24},"end":{"line":38,"column":66}},"23":{"start":{"line":39,"column":8},"end":{"line":39,"column":58}}},"fnMap":{"0":{"name":"(anonymous_7)","decl":{"start":{"line":15,"column":8},"end":{"line":15,"column":15}},"loc":{"start":{"line":15,"column":41},"end":{"line":42,"column":null}}},"1":{"name":"(anonymous_9)","decl":{"start":{"line":27,"column":23},"end":{"line":27,"column":24}},"loc":{"start":{"line":27,"column":43},"end":{"line":41,"column":5}}},"2":{"name":"(anonymous_10)","decl":{"start":{"line":31,"column":29},"end":{"line":31,"column":30}},"loc":{"start":{"line":31,"column":38},"end":{"line":31,"column":69}}},"3":{"name":"(anonymous_11)","decl":{"start":{"line":32,"column":29},"end":{"line":32,"column":30}},"loc":{"start":{"line":32,"column":38},"end":{"line":32,"column":69}}},"4":{"name":"(anonymous_12)","decl":{"start":{"line":33,"column":23},"end":{"line":33,"column":24}},"loc":{"start":{"line":33,"column":32},"end":{"line":33,"column":89}}},"5":{"name":"(anonymous_13)","decl":{"start":{"line":34,"column":23},"end":{"line":34,"column":24}},"loc":{"start":{"line":34,"column":32},"end":{"line":40,"column":7}}}},"branchMap":{"0":{"loc":{"start":{"line":16,"column":20},"end":{"line":16,"column":32}},"type":"default-arg","locations":[{"start":{"line":16,"column":30},"end":{"line":16,"column":32}}]},"1":{"loc":{"start":{"line":17,"column":4},"end":{"line":19,"column":5}},"type":"if","locations":[{"start":{"line":17,"column":4},"end":{"line":19,"column":5}}]},"2":{"loc":{"start":{"line":17,"column":8},"end":{"line":17,"column":75}},"type":"binary-expr","locations":[{"start":{"line":17,"column":8},"end":{"line":17,"column":15}},{"start":{"line":17,"column":19},"end":{"line":17,"column":45}},{"start":{"line":17,"column":49},"end":{"line":17,"column":75}}]},"3":{"loc":{"start":{"line":21,"column":4},"end":{"line":23,"column":5}},"type":"if","locations":[{"start":{"line":21,"column":4},"end":{"line":23,"column":5}}]},"4":{"loc":{"start":{"line":21,"column":8},"end":{"line":21,"column":49}},"type":"binary-expr","locations":[{"start":{"line":21,"column":8},"end":{"line":21,"column":15}},{"start":{"line":21,"column":19},"end":{"line":21,"column":49}}]},"5":{"loc":{"start":{"line":25,"column":23},"end":{"line":25,"column":72}},"type":"cond-expr","locations":[{"start":{"line":25,"column":33},"end":{"line":25,"column":67}},{"start":{"line":25,"column":70},"end":{"line":25,"column":72}}]},"6":{"loc":{"start":{"line":35,"column":8},"end":{"line":37,"column":9}},"type":"if","locations":[{"start":{"line":35,"column":8},"end":{"line":37,"column":9}}]},"7":{"loc":{"start":{"line":36,"column":34},"end":{"line":36,"column":75}},"type":"binary-expr","locations":[{"start":{"line":36,"column":34},"end":{"line":36,"column":40}},{"start":{"line":36,"column":44},"end":{"line":36,"column":75}}]}},"s":{"0":1,"1":1,"2":0,"3":0,"4":0,"5":0,"6":0,"7":0,"8":0,"9":0,"10":0,"11":0,"12":0,"13":0,"14":0,"15":0,"16":0,"17":0,"18":0,"19":0,"20":0,"21":0,"22":0,"23":0},"f":{"0":0,"1":0,"2":0,"3":0,"4":0,"5":0},"b":{"0":[0],"1":[0],"2":[0,0,0],"3":[0],"4":[0,0],"5":[0,0],"6":[0],"7":[0,0]}}
,"/workspaces/Project-C0Di3/tools/red/sqlmap.ts": {"path":"/workspaces/Project-C0Di3/tools/red/sqlmap.ts","statementMap":{"0":{"start":{"line":1,"column":0},"end":{"line":1,"column":38}},"1":{"start":{"line":8,"column":13},"end":{"line":42,"column":2}},"2":{"start":{"line":16,"column":34},"end":{"line":16,"column":39}},"3":{"start":{"line":17,"column":4},"end":{"line":19,"column":5}},"4":{"start":{"line":18,"column":6},"end":{"line":18,"column":74}},"5":{"start":{"line":21,"column":4},"end":{"line":23,"column":5}},"6":{"start":{"line":22,"column":6},"end":{"line":22,"column":61}},"7":{"start":{"line":24,"column":23},"end":{"line":24,"column":72}},"8":{"start":{"line":25,"column":17},"end":{"line":25,"column":43}},"9":{"start":{"line":26,"column":4},"end":{"line":40,"column":7}},"10":{"start":{"line":27,"column":19},"end":{"line":27,"column":60}},"11":{"start":{"line":28,"column":19},"end":{"line":28,"column":21}},"12":{"start":{"line":29,"column":19},"end":{"line":29,"column":21}},"13":{"start":{"line":30,"column":6},"end":{"line":30,"column":71}},"14":{"start":{"line":30,"column":41},"end":{"line":30,"column":67}},"15":{"start":{"line":31,"column":6},"end":{"line":31,"column":71}},"16":{"start":{"line":31,"column":41},"end":{"line":31,"column":67}},"17":{"start":{"line":32,"column":6},"end":{"line":32,"column":93}},"18":{"start":{"line":32,"column":32},"end":{"line":32,"column":91}},"19":{"start":{"line":33,"column":6},"end":{"line":39,"column":9}},"20":{"start":{"line":34,"column":8},"end":{"line":36,"column":9}},"21":{"start":{"line":35,"column":10},"end":{"line":35,"column":80}},"22":{"start":{"line":37,"column":24},"end":{"line":37,"column":66}},"23":{"start":{"line":38,"column":8},"end":{"line":38,"column":58}}},"fnMap":{"0":{"name":"(anonymous_7)","decl":{"start":{"line":15,"column":8},"end":{"line":15,"column":15}},"loc":{"start":{"line":15,"column":41},"end":{"line":41,"column":null}}},"1":{"name":"(anonymous_9)","decl":{"start":{"line":26,"column":23},"end":{"line":26,"column":24}},"loc":{"start":{"line":26,"column":43},"end":{"line":40,"column":5}}},"2":{"name":"(anonymous_10)","decl":{"start":{"line":30,"column":29},"end":{"line":30,"column":30}},"loc":{"start":{"line":30,"column":38},"end":{"line":30,"column":69}}},"3":{"name":"(anonymous_11)","decl":{"start":{"line":31,"column":29},"end":{"line":31,"column":30}},"loc":{"start":{"line":31,"column":38},"end":{"line":31,"column":69}}},"4":{"name":"(anonymous_12)","decl":{"start":{"line":32,"column":23},"end":{"line":32,"column":24}},"loc":{"start":{"line":32,"column":32},"end":{"line":32,"column":91}}},"5":{"name":"(anonymous_13)","decl":{"start":{"line":33,"column":23},"end":{"line":33,"column":24}},"loc":{"start":{"line":33,"column":32},"end":{"line":39,"column":7}}}},"branchMap":{"0":{"loc":{"start":{"line":16,"column":17},"end":{"line":16,"column":29}},"type":"default-arg","locations":[{"start":{"line":16,"column":27},"end":{"line":16,"column":29}}]},"1":{"loc":{"start":{"line":17,"column":4},"end":{"line":19,"column":5}},"type":"if","locations":[{"start":{"line":17,"column":4},"end":{"line":19,"column":5}}]},"2":{"loc":{"start":{"line":17,"column":8},"end":{"line":17,"column":91}},"type":"binary-expr","locations":[{"start":{"line":17,"column":8},"end":{"line":17,"column":12}},{"start":{"line":17,"column":16},"end":{"line":17,"column":39}},{"start":{"line":17,"column":43},"end":{"line":17,"column":91}}]},"3":{"loc":{"start":{"line":21,"column":4},"end":{"line":23,"column":5}},"type":"if","locations":[{"start":{"line":21,"column":4},"end":{"line":23,"column":5}}]},"4":{"loc":{"start":{"line":21,"column":8},"end":{"line":21,"column":49}},"type":"binary-expr","locations":[{"start":{"line":21,"column":8},"end":{"line":21,"column":15}},{"start":{"line":21,"column":19},"end":{"line":21,"column":49}}]},"5":{"loc":{"start":{"line":24,"column":23},"end":{"line":24,"column":72}},"type":"cond-expr","locations":[{"start":{"line":24,"column":33},"end":{"line":24,"column":67}},{"start":{"line":24,"column":70},"end":{"line":24,"column":72}}]},"6":{"loc":{"start":{"line":34,"column":8},"end":{"line":36,"column":9}},"type":"if","locations":[{"start":{"line":34,"column":8},"end":{"line":36,"column":9}}]},"7":{"loc":{"start":{"line":35,"column":34},"end":{"line":35,"column":77}},"type":"binary-expr","locations":[{"start":{"line":35,"column":34},"end":{"line":35,"column":40}},{"start":{"line":35,"column":44},"end":{"line":35,"column":77}}]}},"s":{"0":1,"1":1,"2":0,"3":0,"4":0,"5":0,"6":0,"7":0,"8":0,"9":0,"10":0,"11":0,"12":0,"13":0,"14":0,"15":0,"16":0,"17":0,"18":0,"19":0,"20":0,"21":0,"22":0,"23":0},"f":{"0":0,"1":0,"2":0,"3":0,"4":0,"5":0},"b":{"0":[0],"1":[0],"2":[0,0,0],"3":[0],"4":[0,0],"5":[0,0],"6":[0],"7":[0,0]}}
,"/workspaces/Project-C0Di3/utils/logger.ts": {"path":"/workspaces/Project-C0Di3/utils/logger.ts","statementMap":{"0":{"start":{"line":6,"column":4},"end":{"line":6,"column":27}},"1":{"start":{"line":7,"column":4},"end":{"line":7,"column":23}},"2":{"start":{"line":11,"column":19},"end":{"line":11,"column":53}},"3":{"start":{"line":12,"column":30},"end":{"line":12,"column":56}},"4":{"start":{"line":13,"column":32},"end":{"line":13,"column":53}},"5":{"start":{"line":14,"column":4},"end":{"line":14,"column":52}},"6":{"start":{"line":18,"column":22},"end":{"line":18,"column":46}},"7":{"start":{"line":19,"column":26},"end":{"line":21,"column":20}},"8":{"start":{"line":20,"column":6},"end":{"line":20,"column":65}},"9":{"start":{"line":22,"column":4},"end":{"line":22,"column":98}},"10":{"start":{"line":26,"column":4},"end":{"line":28,"column":5}},"11":{"start":{"line":27,"column":6},"end":{"line":27,"column":67}},"12":{"start":{"line":32,"column":4},"end":{"line":34,"column":5}},"13":{"start":{"line":33,"column":6},"end":{"line":33,"column":65}},"14":{"start":{"line":38,"column":4},"end":{"line":40,"column":5}},"15":{"start":{"line":39,"column":6},"end":{"line":39,"column":65}},"16":{"start":{"line":44,"column":4},"end":{"line":46,"column":5}},"17":{"start":{"line":45,"column":6},"end":{"line":45,"column":67}},"18":{"start":{"line":50,"column":4},"end":{"line":65,"column":5}},"19":{"start":{"line":52,"column":8},"end":{"line":52,"column":37}},"20":{"start":{"line":53,"column":8},"end":{"line":53,"column":14}},"21":{"start":{"line":55,"column":8},"end":{"line":55,"column":36}},"22":{"start":{"line":56,"column":8},"end":{"line":56,"column":14}},"23":{"start":{"line":58,"column":8},"end":{"line":58,"column":36}},"24":{"start":{"line":59,"column":8},"end":{"line":59,"column":14}},"25":{"start":{"line":61,"column":8},"end":{"line":61,"column":37}},"26":{"start":{"line":62,"column":8},"end":{"line":62,"column":14}},"27":{"start":{"line":64,"column":8},"end":{"line":64,"column":36}},"28":{"start":{"line":1,"column":0},"end":{"line":1,"column":13}}},"fnMap":{"0":{"name":"(anonymous_0)","decl":{"start":{"line":5,"column":2},"end":{"line":5,"column":14}},"loc":{"start":{"line":5,"column":69},"end":{"line":8,"column":3}}},"1":{"name":"(anonymous_1)","decl":{"start":{"line":10,"column":10},"end":{"line":10,"column":19}},"loc":{"start":{"line":10,"column":33},"end":{"line":15,"column":3}}},"2":{"name":"(anonymous_2)","decl":{"start":{"line":17,"column":10},"end":{"line":17,"column":23}},"loc":{"start":{"line":17,"column":70},"end":{"line":23,"column":3}}},"3":{"name":"(anonymous_3)","decl":{"start":{"line":19,"column":59},"end":{"line":19,"column":62}},"loc":{"start":{"line":20,"column":6},"end":{"line":20,"column":65}}},"4":{"name":"(anonymous_4)","decl":{"start":{"line":25,"column":2},"end":{"line":25,"column":7}},"loc":{"start":{"line":25,"column":39},"end":{"line":29,"column":3}}},"5":{"name":"(anonymous_5)","decl":{"start":{"line":31,"column":2},"end":{"line":31,"column":6}},"loc":{"start":{"line":31,"column":38},"end":{"line":35,"column":3}}},"6":{"name":"(anonymous_6)","decl":{"start":{"line":37,"column":2},"end":{"line":37,"column":6}},"loc":{"start":{"line":37,"column":38},"end":{"line":41,"column":3}}},"7":{"name":"(anonymous_7)","decl":{"start":{"line":43,"column":2},"end":{"line":43,"column":7}},"loc":{"start":{"line":43,"column":39},"end":{"line":47,"column":3}}},"8":{"name":"(anonymous_8)","decl":{"start":{"line":49,"column":2},"end":{"line":49,"column":5}},"loc":{"start":{"line":49,"column":52},"end":{"line":66,"column":3}}}},"branchMap":{"0":{"loc":{"start":{"line":5,"column":14},"end":{"line":5,"column":45}},"type":"default-arg","locations":[{"start":{"line":5,"column":32},"end":{"line":5,"column":45}}]},"1":{"loc":{"start":{"line":5,"column":47},"end":{"line":5,"column":69}},"type":"default-arg","locations":[{"start":{"line":5,"column":63},"end":{"line":5,"column":69}}]},"2":{"loc":{"start":{"line":19,"column":26},"end":{"line":21,"column":20}},"type":"cond-expr","locations":[{"start":{"line":19,"column":44},"end":{"line":21,"column":15}},{"start":{"line":21,"column":18},"end":{"line":21,"column":20}}]},"3":{"loc":{"start":{"line":20,"column":6},"end":{"line":20,"column":65}},"type":"cond-expr","locations":[{"start":{"line":20,"column":32},"end":{"line":20,"column":51}},{"start":{"line":20,"column":54},"end":{"line":20,"column":65}}]},"4":{"loc":{"start":{"line":26,"column":4},"end":{"line":28,"column":5}},"type":"if","locations":[{"start":{"line":26,"column":4},"end":{"line":28,"column":5}}]},"5":{"loc":{"start":{"line":32,"column":4},"end":{"line":34,"column":5}},"type":"if","locations":[{"start":{"line":32,"column":4},"end":{"line":34,"column":5}}]},"6":{"loc":{"start":{"line":38,"column":4},"end":{"line":40,"column":5}},"type":"if","locations":[{"start":{"line":38,"column":4},"end":{"line":40,"column":5}}]},"7":{"loc":{"start":{"line":44,"column":4},"end":{"line":46,"column":5}},"type":"if","locations":[{"start":{"line":44,"column":4},"end":{"line":46,"column":5}}]},"8":{"loc":{"start":{"line":50,"column":4},"end":{"line":65,"column":5}},"type":"switch","locations":[{"start":{"line":51,"column":6},"end":{"line":53,"column":14}},{"start":{"line":54,"column":6},"end":{"line":56,"column":14}},{"start":{"line":57,"column":6},"end":{"line":59,"column":14}},{"start":{"line":60,"column":6},"end":{"line":62,"column":14}},{"start":{"line":63,"column":6},"end":{"line":64,"column":36}}]}},"s":{"0":39,"1":39,"2":183,"3":183,"4":183,"5":183,"6":147,"7":147,"8":39,"9":147,"10":36,"11":0,"12":108,"13":108,"14":33,"15":33,"16":6,"17":6,"18":0,"19":0,"20":0,"21":0,"22":0,"23":0,"24":0,"25":0,"26":0,"27":0,"28":1},"f":{"0":39,"1":183,"2":147,"3":39,"4":36,"5":108,"6":33,"7":6,"8":0},"b":{"0":[0],"1":[39],"2":[39,108],"3":[39,0],"4":[0],"5":[108],"6":[33],"7":[6],"8":[0,0,0,0,0]}}
}
