{"/home/runner/work/Project-C0Di3/Project-C0Di3/gemma3n:4B-agent.js": {"path":"/home/runner/work/Project-C0Di3/Project-C0Di3/gemma3n:4B-agent.js","statementMap":{"0":{"start":{"line":2,"column":22},"end":{"line":12,"column":3}},"1":{"start":{"line":3,"column":4},"end":{"line":3,"column":33}},"2":{"start":{"line":3,"column":26},"end":{"line":3,"column":33}},"3":{"start":{"line":4,"column":15},"end":{"line":4,"column":52}},"4":{"start":{"line":5,"column":4},"end":{"line":7,"column":5}},"5":{"start":{"line":6,"column":6},"end":{"line":6,"column":68}},"6":{"start":{"line":6,"column":51},"end":{"line":6,"column":63}},"7":{"start":{"line":8,"column":4},"end":{"line":8,"column":39}},"8":{"start":{"line":10,"column":4},"end":{"line":10,"column":33}},"9":{"start":{"line":10,"column":26},"end":{"line":10,"column":33}},"10":{"start":{"line":11,"column":4},"end":{"line":11,"column":17}},"11":{"start":{"line":13,"column":25},"end":{"line":17,"column":2}},"12":{"start":{"line":14,"column":4},"end":{"line":14,"column":72}},"13":{"start":{"line":16,"column":4},"end":{"line":16,"column":21}},"14":{"start":{"line":18,"column":19},"end":{"line":34,"column":4}},"15":{"start":{"line":19,"column":18},"end":{"line":26,"column":5}},"16":{"start":{"line":20,"column":8},"end":{"line":24,"column":10}},"17":{"start":{"line":21,"column":21},"end":{"line":21,"column":23}},"18":{"start":{"line":22,"column":12},"end":{"line":22,"column":95}},"19":{"start":{"line":22,"column":29},"end":{"line":22,"column":95}},"20":{"start":{"line":22,"column":77},"end":{"line":22,"column":95}},"21":{"start":{"line":23,"column":12},"end":{"line":23,"column":22}},"22":{"start":{"line":25,"column":8},"end":{"line":25,"column":26}},"23":{"start":{"line":27,"column":4},"end":{"line":33,"column":6}},"24":{"start":{"line":28,"column":8},"end":{"line":28,"column":46}},"25":{"start":{"line":28,"column":35},"end":{"line":28,"column":46}},"26":{"start":{"line":29,"column":21},"end":{"line":29,"column":23}},"27":{"start":{"line":30,"column":8},"end":{"line":30,"column":137}},"28":{"start":{"line":30,"column":25},"end":{"line":30,"column":137}},"29":{"start":{"line":30,"column":38},"end":{"line":30,"column":50}},"30":{"start":{"line":30,"column":56},"end":{"line":30,"column":57}},"31":{"start":{"line":30,"column":78},"end":{"line":30,"column":137}},"32":{"start":{"line":30,"column":102},"end":{"line":30,"column":137}},"33":{"start":{"line":31,"column":8},"end":{"line":31,"column":40}},"34":{"start":{"line":32,"column":8},"end":{"line":32,"column":22}},"35":{"start":{"line":35,"column":16},"end":{"line":43,"column":1}},"36":{"start":{"line":36,"column":28},"end":{"line":36,"column":110}},"37":{"start":{"line":36,"column":91},"end":{"line":36,"column":106}},"38":{"start":{"line":37,"column":4},"end":{"line":42,"column":7}},"39":{"start":{"line":38,"column":36},"end":{"line":38,"column":97}},"40":{"start":{"line":38,"column":42},"end":{"line":38,"column":70}},"41":{"start":{"line":38,"column":85},"end":{"line":38,"column":95}},"42":{"start":{"line":39,"column":35},"end":{"line":39,"column":100}},"43":{"start":{"line":39,"column":41},"end":{"line":39,"column":73}},"44":{"start":{"line":39,"column":88},"end":{"line":39,"column":98}},"45":{"start":{"line":40,"column":32},"end":{"line":40,"column":116}},"46":{"start":{"line":41,"column":8},"end":{"line":41,"column":78}},"47":{"start":{"line":44,"column":0},"end":{"line":44,"column":62}},"48":{"start":{"line":45,"column":0},"end":{"line":45,"column":28}},"49":{"start":{"line":46,"column":0},"end":{"line":46,"column":25}},"50":{"start":{"line":47,"column":27},"end":{"line":47,"column":64}},"51":{"start":{"line":48,"column":30},"end":{"line":48,"column":70}},"52":{"start":{"line":49,"column":25},"end":{"line":49,"column":59}},"53":{"start":{"line":50,"column":26},"end":{"line":50,"column":62}},"54":{"start":{"line":51,"column":20},"end":{"line":51,"column":49}},"55":{"start":{"line":52,"column":24},"end":{"line":52,"column":59}},"56":{"start":{"line":53,"column":24},"end":{"line":53,"column":57}},"57":{"start":{"line":54,"column":30},"end":{"line":54,"column":73}},"58":{"start":{"line":55,"column":25},"end":{"line":55,"column":60}},"59":{"start":{"line":56,"column":27},"end":{"line":56,"column":66}},"60":{"start":{"line":57,"column":24},"end":{"line":57,"column":59}},"61":{"start":{"line":58,"column":33},"end":{"line":58,"column":77}},"62":{"start":{"line":59,"column":42},"end":{"line":59,"column":95}},"63":{"start":{"line":60,"column":36},"end":{"line":60,"column":83}},"64":{"start":{"line":61,"column":29},"end":{"line":61,"column":69}},"65":{"start":{"line":62,"column":31},"end":{"line":62,"column":73}},"66":{"start":{"line":63,"column":24},"end":{"line":63,"column":56}},"67":{"start":{"line":64,"column":17},"end":{"line":64,"column":42}},"68":{"start":{"line":65,"column":22},"end":{"line":65,"column":55}},"69":{"start":{"line":66,"column":23},"end":{"line":66,"column":54}},"70":{"start":{"line":74,"column":8},"end":{"line":74,"column":32}},"71":{"start":{"line":75,"column":8},"end":{"line":75,"column":37}},"72":{"start":{"line":76,"column":8},"end":{"line":79,"column":9}},"73":{"start":{"line":77,"column":12},"end":{"line":77,"column":31}},"74":{"start":{"line":78,"column":12},"end":{"line":78,"column":31}},"75":{"start":{"line":80,"column":64},"end":{"line":80,"column":102}},"76":{"start":{"line":81,"column":8},"end":{"line":81,"column":43}},"77":{"start":{"line":82,"column":8},"end":{"line":82,"column":43}},"78":{"start":{"line":84,"column":8},"end":{"line":84,"column":119}},"79":{"start":{"line":85,"column":8},"end":{"line":85,"column":162}},"80":{"start":{"line":86,"column":8},"end":{"line":86,"column":168}},"81":{"start":{"line":87,"column":8},"end":{"line":87,"column":171}},"82":{"start":{"line":88,"column":8},"end":{"line":88,"column":181}},"83":{"start":{"line":89,"column":8},"end":{"line":89,"column":86}},"84":{"start":{"line":90,"column":8},"end":{"line":90,"column":90}},"85":{"start":{"line":91,"column":8},"end":{"line":91,"column":108}},"86":{"start":{"line":92,"column":8},"end":{"line":94,"column":9}},"87":{"start":{"line":93,"column":12},"end":{"line":93,"column":104}},"88":{"start":{"line":93,"column":63},"end":{"line":93,"column":103}},"89":{"start":{"line":96,"column":30},"end":{"line":96,"column":111}},"90":{"start":{"line":97,"column":8},"end":{"line":99,"column":9}},"91":{"start":{"line":98,"column":12},"end":{"line":98,"column":131}},"92":{"start":{"line":100,"column":8},"end":{"line":100,"column":98}},"93":{"start":{"line":101,"column":8},"end":{"line":101,"column":110}},"94":{"start":{"line":102,"column":8},"end":{"line":109,"column":9}},"95":{"start":{"line":103,"column":12},"end":{"line":103,"column":93}},"96":{"start":{"line":104,"column":12},"end":{"line":104,"column":68}},"97":{"start":{"line":107,"column":12},"end":{"line":107,"column":73}},"98":{"start":{"line":108,"column":12},"end":{"line":108,"column":132}},"99":{"start":{"line":110,"column":8},"end":{"line":110,"column":106}},"100":{"start":{"line":111,"column":8},"end":{"line":111,"column":92}},"101":{"start":{"line":112,"column":8},"end":{"line":112,"column":114}},"102":{"start":{"line":113,"column":8},"end":{"line":113,"column":132}},"103":{"start":{"line":114,"column":8},"end":{"line":114,"column":94}},"104":{"start":{"line":115,"column":8},"end":{"line":115,"column":120}},"105":{"start":{"line":116,"column":8},"end":{"line":116,"column":98}},"106":{"start":{"line":117,"column":8},"end":{"line":117,"column":100}},"107":{"start":{"line":118,"column":8},"end":{"line":118,"column":104}},"108":{"start":{"line":119,"column":8},"end":{"line":119,"column":98}},"109":{"start":{"line":120,"column":8},"end":{"line":120,"column":102}},"110":{"start":{"line":122,"column":8},"end":{"line":127,"column":11}},"111":{"start":{"line":129,"column":8},"end":{"line":129,"column":37}},"112":{"start":{"line":131,"column":8},"end":{"line":131,"column":26}},"113":{"start":{"line":134,"column":26},"end":{"line":134,"column":137}},"114":{"start":{"line":136,"column":8},"end":{"line":146,"column":9}},"115":{"start":{"line":137,"column":12},"end":{"line":137,"column":87}},"116":{"start":{"line":139,"column":13},"end":{"line":146,"column":9}},"117":{"start":{"line":140,"column":12},"end":{"line":140,"column":49}},"118":{"start":{"line":141,"column":12},"end":{"line":141,"column":88}},"119":{"start":{"line":144,"column":12},"end":{"line":144,"column":71}},"120":{"start":{"line":145,"column":12},"end":{"line":145,"column":88}},"121":{"start":{"line":147,"column":8},"end":{"line":149,"column":9}},"122":{"start":{"line":148,"column":12},"end":{"line":148,"column":104}},"123":{"start":{"line":148,"column":76},"end":{"line":148,"column":102}},"124":{"start":{"line":150,"column":8},"end":{"line":152,"column":9}},"125":{"start":{"line":151,"column":12},"end":{"line":151,"column":220}},"126":{"start":{"line":151,"column":84},"end":{"line":151,"column":216}},"127":{"start":{"line":153,"column":8},"end":{"line":155,"column":9}},"128":{"start":{"line":154,"column":12},"end":{"line":154,"column":258}},"129":{"start":{"line":154,"column":87},"end":{"line":154,"column":254}},"130":{"start":{"line":156,"column":8},"end":{"line":158,"column":9}},"131":{"start":{"line":157,"column":12},"end":{"line":157,"column":186}},"132":{"start":{"line":157,"column":88},"end":{"line":157,"column":130}},"133":{"start":{"line":159,"column":8},"end":{"line":165,"column":9}},"134":{"start":{"line":160,"column":12},"end":{"line":164,"column":70}},"135":{"start":{"line":160,"column":92},"end":{"line":164,"column":14}},"136":{"start":{"line":166,"column":8},"end":{"line":176,"column":9}},"137":{"start":{"line":167,"column":12},"end":{"line":175,"column":70}},"138":{"start":{"line":167,"column":88},"end":{"line":175,"column":14}},"139":{"start":{"line":177,"column":8},"end":{"line":179,"column":9}},"140":{"start":{"line":178,"column":12},"end":{"line":178,"column":122}},"141":{"start":{"line":178,"column":82},"end":{"line":178,"column":120}},"142":{"start":{"line":180,"column":8},"end":{"line":182,"column":9}},"143":{"start":{"line":181,"column":12},"end":{"line":181,"column":431}},"144":{"start":{"line":181,"column":121},"end":{"line":181,"column":292}},"145":{"start":{"line":183,"column":8},"end":{"line":185,"column":9}},"146":{"start":{"line":184,"column":12},"end":{"line":184,"column":332}},"147":{"start":{"line":184,"column":112},"end":{"line":184,"column":176}},"148":{"start":{"line":186,"column":8},"end":{"line":188,"column":9}},"149":{"start":{"line":187,"column":12},"end":{"line":187,"column":228}},"150":{"start":{"line":187,"column":94},"end":{"line":187,"column":168}},"151":{"start":{"line":189,"column":8},"end":{"line":204,"column":9}},"152":{"start":{"line":190,"column":12},"end":{"line":203,"column":15}},"153":{"start":{"line":190,"column":139},"end":{"line":197,"column":14}},"154":{"start":{"line":205,"column":8},"end":{"line":212,"column":9}},"155":{"start":{"line":206,"column":12},"end":{"line":211,"column":159}},"156":{"start":{"line":206,"column":107},"end":{"line":211,"column":14}},"157":{"start":{"line":213,"column":8},"end":{"line":219,"column":9}},"158":{"start":{"line":214,"column":12},"end":{"line":218,"column":113}},"159":{"start":{"line":214,"column":103},"end":{"line":218,"column":14}},"160":{"start":{"line":220,"column":8},"end":{"line":222,"column":9}},"161":{"start":{"line":221,"column":12},"end":{"line":221,"column":308}},"162":{"start":{"line":221,"column":108},"end":{"line":221,"column":175}},"163":{"start":{"line":223,"column":8},"end":{"line":231,"column":9}},"164":{"start":{"line":224,"column":12},"end":{"line":230,"column":15}},"165":{"start":{"line":224,"column":143},"end":{"line":224,"column":252}},"166":{"start":{"line":232,"column":8},"end":{"line":234,"column":9}},"167":{"start":{"line":233,"column":12},"end":{"line":233,"column":272}},"168":{"start":{"line":233,"column":91},"end":{"line":233,"column":218}},"169":{"start":{"line":235,"column":8},"end":{"line":243,"column":9}},"170":{"start":{"line":236,"column":12},"end":{"line":242,"column":69}},"171":{"start":{"line":237,"column":28},"end":{"line":237,"column":104}},"172":{"start":{"line":238,"column":16},"end":{"line":240,"column":17}},"173":{"start":{"line":239,"column":20},"end":{"line":239,"column":139}},"174":{"start":{"line":241,"column":16},"end":{"line":241,"column":128}},"175":{"start":{"line":244,"column":8},"end":{"line":246,"column":9}},"176":{"start":{"line":245,"column":12},"end":{"line":245,"column":344}},"177":{"start":{"line":245,"column":119},"end":{"line":245,"column":199}},"178":{"start":{"line":247,"column":8},"end":{"line":247,"column":44}},"179":{"start":{"line":250,"column":8},"end":{"line":250,"column":106}},"180":{"start":{"line":250,"column":52},"end":{"line":250,"column":104}},"181":{"start":{"line":251,"column":8},"end":{"line":251,"column":105}},"182":{"start":{"line":251,"column":53},"end":{"line":251,"column":103}},"183":{"start":{"line":252,"column":8},"end":{"line":252,"column":69}},"184":{"start":{"line":253,"column":8},"end":{"line":253,"column":100}},"185":{"start":{"line":254,"column":8},"end":{"line":254,"column":117}},"186":{"start":{"line":257,"column":8},"end":{"line":257,"column":49}},"187":{"start":{"line":259,"column":8},"end":{"line":259,"column":48}},"188":{"start":{"line":262,"column":8},"end":{"line":283,"column":11}},"189":{"start":{"line":263,"column":12},"end":{"line":282,"column":13}},"190":{"start":{"line":264,"column":16},"end":{"line":264,"column":63}},"191":{"start":{"line":266,"column":16},"end":{"line":266,"column":59}},"192":{"start":{"line":268,"column":16},"end":{"line":268,"column":55}},"193":{"start":{"line":270,"column":16},"end":{"line":270,"column":47}},"194":{"start":{"line":272,"column":16},"end":{"line":272,"column":70}},"195":{"start":{"line":277,"column":16},"end":{"line":277,"column":73}},"196":{"start":{"line":280,"column":16},"end":{"line":280,"column":77}},"197":{"start":{"line":281,"column":16},"end":{"line":281,"column":28}},"198":{"start":{"line":286,"column":8},"end":{"line":288,"column":11}},"199":{"start":{"line":287,"column":12},"end":{"line":287,"column":65}},"200":{"start":{"line":297,"column":8},"end":{"line":326,"column":11}},"201":{"start":{"line":298,"column":30},"end":{"line":298,"column":44}},"202":{"start":{"line":299,"column":12},"end":{"line":299,"column":63}},"203":{"start":{"line":300,"column":32},"end":{"line":300,"column":79}},"204":{"start":{"line":301,"column":12},"end":{"line":325,"column":13}},"205":{"start":{"line":303,"column":32},"end":{"line":303,"column":83}},"206":{"start":{"line":305,"column":38},"end":{"line":305,"column":95}},"207":{"start":{"line":306,"column":16},"end":{"line":306,"column":66}},"208":{"start":{"line":308,"column":31},"end":{"line":308,"column":102}},"209":{"start":{"line":310,"column":16},"end":{"line":310,"column":72}},"210":{"start":{"line":311,"column":16},"end":{"line":311,"column":34}},"211":{"start":{"line":312,"column":16},"end":{"line":318,"column":18}},"212":{"start":{"line":321,"column":16},"end":{"line":321,"column":57}},"213":{"start":{"line":322,"column":16},"end":{"line":322,"column":43}},"214":{"start":{"line":323,"column":16},"end":{"line":323,"column":62}},"215":{"start":{"line":324,"column":16},"end":{"line":324,"column":28}},"216":{"start":{"line":332,"column":8},"end":{"line":339,"column":11}},"217":{"start":{"line":333,"column":37},"end":{"line":337,"column":13}},"218":{"start":{"line":338,"column":12},"end":{"line":338,"column":93}},"219":{"start":{"line":345,"column":8},"end":{"line":363,"column":11}},"220":{"start":{"line":346,"column":12},"end":{"line":362,"column":13}},"221":{"start":{"line":347,"column":16},"end":{"line":361,"column":17}},"222":{"start":{"line":348,"column":34},"end":{"line":350,"column":62}},"223":{"start":{"line":351,"column":20},"end":{"line":353,"column":21}},"224":{"start":{"line":352,"column":24},"end":{"line":352,"column":97}},"225":{"start":{"line":354,"column":20},"end":{"line":356,"column":21}},"226":{"start":{"line":355,"column":24},"end":{"line":355,"column":89}},"227":{"start":{"line":357,"column":20},"end":{"line":360,"column":21}},"228":{"start":{"line":358,"column":24},"end":{"line":358,"column":46}},"229":{"start":{"line":359,"column":24},"end":{"line":359,"column":90}},"230":{"start":{"line":370,"column":8},"end":{"line":372,"column":9}},"231":{"start":{"line":371,"column":12},"end":{"line":371,"column":25}},"232":{"start":{"line":374,"column":8},"end":{"line":376,"column":9}},"233":{"start":{"line":375,"column":12},"end":{"line":375,"column":24}},"234":{"start":{"line":378,"column":25},"end":{"line":378,"column":43}},"235":{"start":{"line":379,"column":8},"end":{"line":381,"column":9}},"236":{"start":{"line":380,"column":12},"end":{"line":380,"column":24}},"237":{"start":{"line":382,"column":8},"end":{"line":382,"column":40}},"238":{"start":{"line":388,"column":8},"end":{"line":394,"column":11}},"239":{"start":{"line":389,"column":36},"end":{"line":392,"column":13}},"240":{"start":{"line":393,"column":12},"end":{"line":393,"column":68}},"241":{"start":{"line":401,"column":8},"end":{"line":401,"column":41}},"242":{"start":{"line":407,"column":8},"end":{"line":407,"column":60}},"243":{"start":{"line":413,"column":8},"end":{"line":438,"column":11}},"244":{"start":{"line":414,"column":12},"end":{"line":414,"column":60}},"245":{"start":{"line":415,"column":12},"end":{"line":437,"column":13}},"246":{"start":{"line":417,"column":16},"end":{"line":417,"column":52}},"247":{"start":{"line":419,"column":16},"end":{"line":419,"column":44}},"248":{"start":{"line":420,"column":16},"end":{"line":420,"column":57}},"249":{"start":{"line":422,"column":16},"end":{"line":422,"column":57}},"250":{"start":{"line":423,"column":16},"end":{"line":423,"column":50}},"251":{"start":{"line":424,"column":16},"end":{"line":424,"column":66}},"252":{"start":{"line":426,"column":16},"end":{"line":431,"column":19}},"253":{"start":{"line":432,"column":16},"end":{"line":432,"column":66}},"254":{"start":{"line":435,"column":16},"end":{"line":435,"column":67}},"255":{"start":{"line":436,"column":16},"end":{"line":436,"column":28}},"256":{"start":{"line":446,"column":8},"end":{"line":465,"column":11}},"257":{"start":{"line":447,"column":12},"end":{"line":464,"column":13}},"258":{"start":{"line":448,"column":16},"end":{"line":463,"column":17}},"259":{"start":{"line":449,"column":31},"end":{"line":449,"column":103}},"260":{"start":{"line":449,"column":66},"end":{"line":449,"column":102}},"261":{"start":{"line":450,"column":37},"end":{"line":455,"column":21}},"262":{"start":{"line":456,"column":20},"end":{"line":456,"column":91}},"263":{"start":{"line":457,"column":20},"end":{"line":459,"column":21}},"264":{"start":{"line":458,"column":24},"end":{"line":458,"column":98}},"265":{"start":{"line":462,"column":20},"end":{"line":462,"column":76}},"266":{"start":{"line":471,"column":8},"end":{"line":471,"column":29}},"267":{"start":{"line":477,"column":8},"end":{"line":477,"column":49}},"268":{"start":{"line":478,"column":8},"end":{"line":478,"column":67}},"269":{"start":{"line":479,"column":8},"end":{"line":479,"column":30}},"270":{"start":{"line":485,"column":8},"end":{"line":487,"column":11}},"271":{"start":{"line":486,"column":12},"end":{"line":486,"column":53}},"272":{"start":{"line":493,"column":8},"end":{"line":495,"column":11}},"273":{"start":{"line":494,"column":12},"end":{"line":494,"column":58}},"274":{"start":{"line":498,"column":8},"end":{"line":500,"column":11}},"275":{"start":{"line":499,"column":12},"end":{"line":499,"column":47}},"276":{"start":{"line":506,"column":8},"end":{"line":508,"column":11}},"277":{"start":{"line":507,"column":12},"end":{"line":507,"column":64}},"278":{"start":{"line":514,"column":8},"end":{"line":514,"column":48}},"279":{"start":{"line":517,"column":8},"end":{"line":517,"column":45}},"280":{"start":{"line":523,"column":8},"end":{"line":523,"column":54}},"281":{"start":{"line":526,"column":8},"end":{"line":526,"column":54}},"282":{"start":{"line":529,"column":8},"end":{"line":529,"column":51}},"283":{"start":{"line":532,"column":8},"end":{"line":532,"column":52}},"284":{"start":{"line":534,"column":8},"end":{"line":536,"column":9}},"285":{"start":{"line":535,"column":12},"end":{"line":535,"column":41}},"286":{"start":{"line":542,"column":8},"end":{"line":542,"column":63}},"287":{"start":{"line":545,"column":8},"end":{"line":545,"column":69}},"288":{"start":{"line":551,"column":8},"end":{"line":553,"column":11}},"289":{"start":{"line":552,"column":12},"end":{"line":552,"column":62}},"290":{"start":{"line":559,"column":8},"end":{"line":561,"column":11}},"291":{"start":{"line":560,"column":12},"end":{"line":560,"column":82}},"292":{"start":{"line":564,"column":8},"end":{"line":566,"column":11}},"293":{"start":{"line":565,"column":12},"end":{"line":565,"column":81}},"294":{"start":{"line":569,"column":8},"end":{"line":571,"column":11}},"295":{"start":{"line":570,"column":12},"end":{"line":570,"column":70}},"296":{"start":{"line":574,"column":8},"end":{"line":576,"column":11}},"297":{"start":{"line":575,"column":12},"end":{"line":575,"column":81}},"298":{"start":{"line":579,"column":8},"end":{"line":579,"column":72}},"299":{"start":{"line":582,"column":8},"end":{"line":582,"column":57}},"300":{"start":{"line":585,"column":8},"end":{"line":587,"column":11}},"301":{"start":{"line":586,"column":12},"end":{"line":586,"column":65}},"302":{"start":{"line":593,"column":8},"end":{"line":595,"column":11}},"303":{"start":{"line":594,"column":12},"end":{"line":594,"column":69}},"304":{"start":{"line":598,"column":8},"end":{"line":598,"column":62}},"305":{"start":{"line":601,"column":8},"end":{"line":603,"column":11}},"306":{"start":{"line":602,"column":12},"end":{"line":602,"column":71}},"307":{"start":{"line":606,"column":8},"end":{"line":613,"column":11}},"308":{"start":{"line":609,"column":27},"end":{"line":609,"column":58}},"309":{"start":{"line":610,"column":12},"end":{"line":612,"column":13}},"310":{"start":{"line":611,"column":16},"end":{"line":611,"column":87}},"311":{"start":{"line":619,"column":8},"end":{"line":628,"column":11}},"312":{"start":{"line":620,"column":12},"end":{"line":627,"column":15}},"313":{"start":{"line":634,"column":8},"end":{"line":634,"column":65}},"314":{"start":{"line":640,"column":8},"end":{"line":640,"column":67}},"315":{"start":{"line":646,"column":8},"end":{"line":646,"column":82}},"316":{"start":{"line":652,"column":8},"end":{"line":652,"column":75}},"317":{"start":{"line":658,"column":8},"end":{"line":698,"column":11}},"318":{"start":{"line":659,"column":12},"end":{"line":697,"column":13}},"319":{"start":{"line":660,"column":33},"end":{"line":669,"column":17}},"320":{"start":{"line":670,"column":31},"end":{"line":670,"column":68}},"321":{"start":{"line":671,"column":16},"end":{"line":679,"column":19}},"322":{"start":{"line":680,"column":16},"end":{"line":692,"column":18}},"323":{"start":{"line":695,"column":16},"end":{"line":695,"column":62}},"324":{"start":{"line":696,"column":16},"end":{"line":696,"column":28}},"325":{"start":{"line":704,"column":8},"end":{"line":704,"column":47}},"326":{"start":{"line":710,"column":8},"end":{"line":710,"column":37}},"327":{"start":{"line":716,"column":8},"end":{"line":730,"column":11}},"328":{"start":{"line":717,"column":34},"end":{"line":728,"column":13}},"329":{"start":{"line":729,"column":12},"end":{"line":729,"column":62}},"330":{"start":{"line":736,"column":8},"end":{"line":736,"column":45}},"331":{"start":{"line":742,"column":8},"end":{"line":742,"column":47}},"332":{"start":{"line":746,"column":8},"end":{"line":746,"column":95}},"333":{"start":{"line":749,"column":8},"end":{"line":749,"column":50}},"334":{"start":{"line":752,"column":8},"end":{"line":752,"column":63}},"335":{"start":{"line":755,"column":8},"end":{"line":755,"column":58}},"336":{"start":{"line":758,"column":8},"end":{"line":758,"column":45}},"337":{"start":{"line":762,"column":8},"end":{"line":764,"column":9}},"338":{"start":{"line":763,"column":12},"end":{"line":763,"column":53}},"339":{"start":{"line":766,"column":8},"end":{"line":771,"column":10}},"340":{"start":{"line":775,"column":8},"end":{"line":782,"column":11}},"341":{"start":{"line":776,"column":12},"end":{"line":778,"column":13}},"342":{"start":{"line":777,"column":16},"end":{"line":777,"column":77}},"343":{"start":{"line":780,"column":27},"end":{"line":780,"column":168}},"344":{"start":{"line":781,"column":12},"end":{"line":781,"column":26}},"345":{"start":{"line":786,"column":8},"end":{"line":798,"column":11}},"346":{"start":{"line":787,"column":12},"end":{"line":789,"column":13}},"347":{"start":{"line":788,"column":16},"end":{"line":788,"column":74}},"348":{"start":{"line":790,"column":12},"end":{"line":797,"column":14}},"349":{"start":{"line":801,"column":0},"end":{"line":801,"column":32}}},"fnMap":{"0":{"name":"(anonymous_0)","decl":{"start":{"line":2,"column":74},"end":{"line":2,"column":75}},"loc":{"start":{"line":2,"column":96},"end":{"line":9,"column":1}},"line":2},"1":{"name":"(anonymous_1)","decl":{"start":{"line":6,"column":38},"end":{"line":6,"column":39}},"loc":{"start":{"line":6,"column":49},"end":{"line":6,"column":65}},"line":6},"2":{"name":"(anonymous_2)","decl":{"start":{"line":9,"column":6},"end":{"line":9,"column":7}},"loc":{"start":{"line":9,"column":28},"end":{"line":12,"column":1}},"line":9},"3":{"name":"(anonymous_3)","decl":{"start":{"line":13,"column":80},"end":{"line":13,"column":81}},"loc":{"start":{"line":13,"column":95},"end":{"line":15,"column":1}},"line":13},"4":{"name":"(anonymous_4)","decl":{"start":{"line":15,"column":5},"end":{"line":15,"column":6}},"loc":{"start":{"line":15,"column":20},"end":{"line":17,"column":1}},"line":15},"5":{"name":"(anonymous_5)","decl":{"start":{"line":18,"column":51},"end":{"line":18,"column":52}},"loc":{"start":{"line":18,"column":63},"end":{"line":34,"column":1}},"line":18},"6":{"name":"(anonymous_6)","decl":{"start":{"line":19,"column":18},"end":{"line":19,"column":19}},"loc":{"start":{"line":19,"column":30},"end":{"line":26,"column":5}},"line":19},"7":{"name":"(anonymous_7)","decl":{"start":{"line":20,"column":48},"end":{"line":20,"column":49}},"loc":{"start":{"line":20,"column":61},"end":{"line":24,"column":9}},"line":20},"8":{"name":"(anonymous_8)","decl":{"start":{"line":27,"column":11},"end":{"line":27,"column":12}},"loc":{"start":{"line":27,"column":26},"end":{"line":33,"column":5}},"line":27},"9":{"name":"(anonymous_9)","decl":{"start":{"line":35,"column":44},"end":{"line":35,"column":45}},"loc":{"start":{"line":35,"column":89},"end":{"line":43,"column":1}},"line":35},"10":{"name":"adopt","decl":{"start":{"line":36,"column":13},"end":{"line":36,"column":18}},"loc":{"start":{"line":36,"column":26},"end":{"line":36,"column":112}},"line":36},"11":{"name":"(anonymous_11)","decl":{"start":{"line":36,"column":70},"end":{"line":36,"column":71}},"loc":{"start":{"line":36,"column":89},"end":{"line":36,"column":108}},"line":36},"12":{"name":"(anonymous_12)","decl":{"start":{"line":37,"column":36},"end":{"line":37,"column":37}},"loc":{"start":{"line":37,"column":63},"end":{"line":42,"column":5}},"line":37},"13":{"name":"fulfilled","decl":{"start":{"line":38,"column":17},"end":{"line":38,"column":26}},"loc":{"start":{"line":38,"column":34},"end":{"line":38,"column":99}},"line":38},"14":{"name":"rejected","decl":{"start":{"line":39,"column":17},"end":{"line":39,"column":25}},"loc":{"start":{"line":39,"column":33},"end":{"line":39,"column":102}},"line":39},"15":{"name":"step","decl":{"start":{"line":40,"column":17},"end":{"line":40,"column":21}},"loc":{"start":{"line":40,"column":30},"end":{"line":40,"column":118}},"line":40},"16":{"name":"(anonymous_16)","decl":{"start":{"line":72,"column":4},"end":{"line":72,"column":5}},"loc":{"start":{"line":72,"column":35},"end":{"line":132,"column":5}},"line":72},"17":{"name":"(anonymous_17)","decl":{"start":{"line":93,"column":53},"end":{"line":93,"column":54}},"loc":{"start":{"line":93,"column":63},"end":{"line":93,"column":103}},"line":93},"18":{"name":"(anonymous_18)","decl":{"start":{"line":133,"column":4},"end":{"line":133,"column":5}},"loc":{"start":{"line":133,"column":46},"end":{"line":248,"column":5}},"line":133},"19":{"name":"(anonymous_19)","decl":{"start":{"line":148,"column":70},"end":{"line":148,"column":71}},"loc":{"start":{"line":148,"column":76},"end":{"line":148,"column":102}},"line":148},"20":{"name":"(anonymous_20)","decl":{"start":{"line":151,"column":68},"end":{"line":151,"column":69}},"loc":{"start":{"line":151,"column":74},"end":{"line":151,"column":218}},"line":151},"21":{"name":"(anonymous_21)","decl":{"start":{"line":154,"column":71},"end":{"line":154,"column":72}},"loc":{"start":{"line":154,"column":77},"end":{"line":154,"column":256}},"line":154},"22":{"name":"(anonymous_22)","decl":{"start":{"line":157,"column":74},"end":{"line":157,"column":75}},"loc":{"start":{"line":157,"column":88},"end":{"line":157,"column":130}},"line":157},"23":{"name":"(anonymous_23)","decl":{"start":{"line":160,"column":78},"end":{"line":160,"column":79}},"loc":{"start":{"line":160,"column":92},"end":{"line":164,"column":14}},"line":160},"24":{"name":"(anonymous_24)","decl":{"start":{"line":167,"column":74},"end":{"line":167,"column":75}},"loc":{"start":{"line":167,"column":88},"end":{"line":175,"column":14}},"line":167},"25":{"name":"(anonymous_25)","decl":{"start":{"line":178,"column":76},"end":{"line":178,"column":77}},"loc":{"start":{"line":178,"column":82},"end":{"line":178,"column":120}},"line":178},"26":{"name":"(anonymous_26)","decl":{"start":{"line":181,"column":91},"end":{"line":181,"column":92}},"loc":{"start":{"line":181,"column":121},"end":{"line":181,"column":292}},"line":181},"27":{"name":"(anonymous_27)","decl":{"start":{"line":184,"column":72},"end":{"line":184,"column":73}},"loc":{"start":{"line":184,"column":112},"end":{"line":184,"column":176}},"line":184},"28":{"name":"(anonymous_28)","decl":{"start":{"line":187,"column":82},"end":{"line":187,"column":83}},"loc":{"start":{"line":187,"column":94},"end":{"line":187,"column":168}},"line":187},"29":{"name":"(anonymous_29)","decl":{"start":{"line":190,"column":77},"end":{"line":190,"column":78}},"loc":{"start":{"line":190,"column":139},"end":{"line":197,"column":14}},"line":190},"30":{"name":"(anonymous_30)","decl":{"start":{"line":206,"column":74},"end":{"line":206,"column":75}},"loc":{"start":{"line":206,"column":107},"end":{"line":211,"column":14}},"line":206},"31":{"name":"(anonymous_31)","decl":{"start":{"line":214,"column":75},"end":{"line":214,"column":76}},"loc":{"start":{"line":214,"column":103},"end":{"line":218,"column":14}},"line":214},"32":{"name":"(anonymous_32)","decl":{"start":{"line":221,"column":78},"end":{"line":221,"column":79}},"loc":{"start":{"line":221,"column":108},"end":{"line":221,"column":175}},"line":221},"33":{"name":"(anonymous_33)","decl":{"start":{"line":224,"column":85},"end":{"line":224,"column":86}},"loc":{"start":{"line":224,"column":143},"end":{"line":224,"column":252}},"line":224},"34":{"name":"(anonymous_34)","decl":{"start":{"line":233,"column":79},"end":{"line":233,"column":80}},"loc":{"start":{"line":233,"column":91},"end":{"line":233,"column":218}},"line":233},"35":{"name":"(anonymous_35)","decl":{"start":{"line":236,"column":74},"end":{"line":236,"column":75}},"loc":{"start":{"line":236,"column":88},"end":{"line":242,"column":13}},"line":236},"36":{"name":"(anonymous_36)","decl":{"start":{"line":245,"column":80},"end":{"line":245,"column":81}},"loc":{"start":{"line":245,"column":119},"end":{"line":245,"column":199}},"line":245},"37":{"name":"(anonymous_37)","decl":{"start":{"line":249,"column":4},"end":{"line":249,"column":5}},"loc":{"start":{"line":249,"column":28},"end":{"line":255,"column":5}},"line":249},"38":{"name":"(anonymous_38)","decl":{"start":{"line":250,"column":42},"end":{"line":250,"column":43}},"loc":{"start":{"line":250,"column":52},"end":{"line":250,"column":104}},"line":250},"39":{"name":"(anonymous_39)","decl":{"start":{"line":251,"column":43},"end":{"line":251,"column":44}},"loc":{"start":{"line":251,"column":53},"end":{"line":251,"column":103}},"line":251},"40":{"name":"(anonymous_40)","decl":{"start":{"line":256,"column":4},"end":{"line":256,"column":5}},"loc":{"start":{"line":256,"column":23},"end":{"line":260,"column":5}},"line":256},"41":{"name":"(anonymous_41)","decl":{"start":{"line":261,"column":4},"end":{"line":261,"column":5}},"loc":{"start":{"line":261,"column":17},"end":{"line":284,"column":5}},"line":261},"42":{"name":"(anonymous_42)","decl":{"start":{"line":262,"column":47},"end":{"line":262,"column":48}},"loc":{"start":{"line":262,"column":60},"end":{"line":283,"column":9}},"line":262},"43":{"name":"(anonymous_43)","decl":{"start":{"line":285,"column":4},"end":{"line":285,"column":5}},"loc":{"start":{"line":285,"column":25},"end":{"line":289,"column":5}},"line":285},"44":{"name":"(anonymous_44)","decl":{"start":{"line":286,"column":47},"end":{"line":286,"column":48}},"loc":{"start":{"line":286,"column":60},"end":{"line":288,"column":9}},"line":286},"45":{"name":"(anonymous_45)","decl":{"start":{"line":296,"column":4},"end":{"line":296,"column":5}},"loc":{"start":{"line":296,"column":21},"end":{"line":327,"column":5}},"line":296},"46":{"name":"(anonymous_46)","decl":{"start":{"line":297,"column":50},"end":{"line":297,"column":51}},"loc":{"start":{"line":297,"column":82},"end":{"line":326,"column":9}},"line":297},"47":{"name":"(anonymous_47)","decl":{"start":{"line":331,"column":4},"end":{"line":331,"column":5}},"loc":{"start":{"line":331,"column":51},"end":{"line":340,"column":5}},"line":331},"48":{"name":"(anonymous_48)","decl":{"start":{"line":332,"column":47},"end":{"line":332,"column":48}},"loc":{"start":{"line":332,"column":60},"end":{"line":339,"column":9}},"line":332},"49":{"name":"(anonymous_49)","decl":{"start":{"line":344,"column":4},"end":{"line":344,"column":5}},"loc":{"start":{"line":344,"column":43},"end":{"line":364,"column":5}},"line":344},"50":{"name":"(anonymous_50)","decl":{"start":{"line":345,"column":47},"end":{"line":345,"column":48}},"loc":{"start":{"line":345,"column":60},"end":{"line":363,"column":9}},"line":345},"51":{"name":"(anonymous_51)","decl":{"start":{"line":368,"column":4},"end":{"line":368,"column":5}},"loc":{"start":{"line":368,"column":30},"end":{"line":383,"column":5}},"line":368},"52":{"name":"(anonymous_52)","decl":{"start":{"line":387,"column":4},"end":{"line":387,"column":5}},"loc":{"start":{"line":387,"column":49},"end":{"line":395,"column":5}},"line":387},"53":{"name":"(anonymous_53)","decl":{"start":{"line":388,"column":47},"end":{"line":388,"column":48}},"loc":{"start":{"line":388,"column":60},"end":{"line":394,"column":9}},"line":388},"54":{"name":"(anonymous_54)","decl":{"start":{"line":400,"column":4},"end":{"line":400,"column":5}},"loc":{"start":{"line":400,"column":23},"end":{"line":402,"column":5}},"line":400},"55":{"name":"(anonymous_55)","decl":{"start":{"line":406,"column":4},"end":{"line":406,"column":5}},"loc":{"start":{"line":406,"column":28},"end":{"line":408,"column":5}},"line":406},"56":{"name":"(anonymous_56)","decl":{"start":{"line":412,"column":4},"end":{"line":412,"column":5}},"loc":{"start":{"line":412,"column":15},"end":{"line":439,"column":5}},"line":412},"57":{"name":"(anonymous_57)","decl":{"start":{"line":413,"column":47},"end":{"line":413,"column":48}},"loc":{"start":{"line":413,"column":60},"end":{"line":438,"column":9}},"line":413},"58":{"name":"(anonymous_58)","decl":{"start":{"line":445,"column":4},"end":{"line":445,"column":5}},"loc":{"start":{"line":445,"column":31},"end":{"line":466,"column":5}},"line":445},"59":{"name":"(anonymous_59)","decl":{"start":{"line":446,"column":47},"end":{"line":446,"column":48}},"loc":{"start":{"line":446,"column":60},"end":{"line":465,"column":9}},"line":446},"60":{"name":"(anonymous_60)","decl":{"start":{"line":449,"column":60},"end":{"line":449,"column":61}},"loc":{"start":{"line":449,"column":66},"end":{"line":449,"column":102}},"line":449},"61":{"name":"(anonymous_61)","decl":{"start":{"line":470,"column":4},"end":{"line":470,"column":5}},"loc":{"start":{"line":470,"column":18},"end":{"line":472,"column":5}},"line":470},"62":{"name":"(anonymous_62)","decl":{"start":{"line":476,"column":4},"end":{"line":476,"column":5}},"loc":{"start":{"line":476,"column":22},"end":{"line":480,"column":5}},"line":476},"63":{"name":"(anonymous_63)","decl":{"start":{"line":484,"column":4},"end":{"line":484,"column":5}},"loc":{"start":{"line":484,"column":35},"end":{"line":488,"column":5}},"line":484},"64":{"name":"(anonymous_64)","decl":{"start":{"line":485,"column":47},"end":{"line":485,"column":48}},"loc":{"start":{"line":485,"column":60},"end":{"line":487,"column":9}},"line":485},"65":{"name":"(anonymous_65)","decl":{"start":{"line":492,"column":4},"end":{"line":492,"column":5}},"loc":{"start":{"line":492,"column":33},"end":{"line":496,"column":5}},"line":492},"66":{"name":"(anonymous_66)","decl":{"start":{"line":493,"column":47},"end":{"line":493,"column":48}},"loc":{"start":{"line":493,"column":60},"end":{"line":495,"column":9}},"line":493},"67":{"name":"(anonymous_67)","decl":{"start":{"line":497,"column":4},"end":{"line":497,"column":5}},"loc":{"start":{"line":497,"column":30},"end":{"line":501,"column":5}},"line":497},"68":{"name":"(anonymous_68)","decl":{"start":{"line":498,"column":47},"end":{"line":498,"column":48}},"loc":{"start":{"line":498,"column":60},"end":{"line":500,"column":9}},"line":498},"69":{"name":"(anonymous_69)","decl":{"start":{"line":505,"column":4},"end":{"line":505,"column":5}},"loc":{"start":{"line":505,"column":38},"end":{"line":509,"column":5}},"line":505},"70":{"name":"(anonymous_70)","decl":{"start":{"line":506,"column":47},"end":{"line":506,"column":48}},"loc":{"start":{"line":506,"column":60},"end":{"line":508,"column":9}},"line":506},"71":{"name":"(anonymous_71)","decl":{"start":{"line":513,"column":4},"end":{"line":513,"column":5}},"loc":{"start":{"line":513,"column":18},"end":{"line":515,"column":5}},"line":513},"72":{"name":"(anonymous_72)","decl":{"start":{"line":516,"column":4},"end":{"line":516,"column":5}},"loc":{"start":{"line":516,"column":22},"end":{"line":518,"column":5}},"line":516},"73":{"name":"(anonymous_73)","decl":{"start":{"line":522,"column":4},"end":{"line":522,"column":5}},"loc":{"start":{"line":522,"column":24},"end":{"line":524,"column":5}},"line":522},"74":{"name":"(anonymous_74)","decl":{"start":{"line":525,"column":4},"end":{"line":525,"column":5}},"loc":{"start":{"line":525,"column":31},"end":{"line":527,"column":5}},"line":525},"75":{"name":"(anonymous_75)","decl":{"start":{"line":528,"column":4},"end":{"line":528,"column":5}},"loc":{"start":{"line":528,"column":21},"end":{"line":530,"column":5}},"line":528},"76":{"name":"(anonymous_76)","decl":{"start":{"line":531,"column":4},"end":{"line":531,"column":5}},"loc":{"start":{"line":531,"column":29},"end":{"line":537,"column":5}},"line":531},"77":{"name":"(anonymous_77)","decl":{"start":{"line":541,"column":4},"end":{"line":541,"column":5}},"loc":{"start":{"line":541,"column":33},"end":{"line":543,"column":5}},"line":541},"78":{"name":"(anonymous_78)","decl":{"start":{"line":544,"column":4},"end":{"line":544,"column":5}},"loc":{"start":{"line":544,"column":46},"end":{"line":546,"column":5}},"line":544},"79":{"name":"(anonymous_79)","decl":{"start":{"line":550,"column":4},"end":{"line":550,"column":5}},"loc":{"start":{"line":550,"column":23},"end":{"line":554,"column":5}},"line":550},"80":{"name":"(anonymous_80)","decl":{"start":{"line":551,"column":47},"end":{"line":551,"column":48}},"loc":{"start":{"line":551,"column":60},"end":{"line":553,"column":9}},"line":551},"81":{"name":"(anonymous_81)","decl":{"start":{"line":558,"column":4},"end":{"line":558,"column":5}},"loc":{"start":{"line":558,"column":53},"end":{"line":562,"column":5}},"line":558},"82":{"name":"(anonymous_82)","decl":{"start":{"line":559,"column":47},"end":{"line":559,"column":48}},"loc":{"start":{"line":559,"column":60},"end":{"line":561,"column":9}},"line":559},"83":{"name":"(anonymous_83)","decl":{"start":{"line":563,"column":4},"end":{"line":563,"column":5}},"loc":{"start":{"line":563,"column":52},"end":{"line":567,"column":5}},"line":563},"84":{"name":"(anonymous_84)","decl":{"start":{"line":564,"column":47},"end":{"line":564,"column":48}},"loc":{"start":{"line":564,"column":60},"end":{"line":566,"column":9}},"line":564},"85":{"name":"(anonymous_85)","decl":{"start":{"line":568,"column":4},"end":{"line":568,"column":5}},"loc":{"start":{"line":568,"column":33},"end":{"line":572,"column":5}},"line":568},"86":{"name":"(anonymous_86)","decl":{"start":{"line":569,"column":47},"end":{"line":569,"column":48}},"loc":{"start":{"line":569,"column":60},"end":{"line":571,"column":9}},"line":569},"87":{"name":"(anonymous_87)","decl":{"start":{"line":573,"column":4},"end":{"line":573,"column":5}},"loc":{"start":{"line":573,"column":44},"end":{"line":577,"column":5}},"line":573},"88":{"name":"(anonymous_88)","decl":{"start":{"line":574,"column":47},"end":{"line":574,"column":48}},"loc":{"start":{"line":574,"column":60},"end":{"line":576,"column":9}},"line":574},"89":{"name":"(anonymous_89)","decl":{"start":{"line":578,"column":4},"end":{"line":578,"column":5}},"loc":{"start":{"line":578,"column":47},"end":{"line":580,"column":5}},"line":578},"90":{"name":"(anonymous_90)","decl":{"start":{"line":581,"column":4},"end":{"line":581,"column":5}},"loc":{"start":{"line":581,"column":32},"end":{"line":583,"column":5}},"line":581},"91":{"name":"(anonymous_91)","decl":{"start":{"line":584,"column":4},"end":{"line":584,"column":5}},"loc":{"start":{"line":584,"column":28},"end":{"line":588,"column":5}},"line":584},"92":{"name":"(anonymous_92)","decl":{"start":{"line":585,"column":47},"end":{"line":585,"column":48}},"loc":{"start":{"line":585,"column":60},"end":{"line":587,"column":9}},"line":585},"93":{"name":"(anonymous_93)","decl":{"start":{"line":592,"column":4},"end":{"line":592,"column":5}},"loc":{"start":{"line":592,"column":25},"end":{"line":596,"column":5}},"line":592},"94":{"name":"(anonymous_94)","decl":{"start":{"line":593,"column":47},"end":{"line":593,"column":48}},"loc":{"start":{"line":593,"column":60},"end":{"line":595,"column":9}},"line":593},"95":{"name":"(anonymous_95)","decl":{"start":{"line":597,"column":4},"end":{"line":597,"column":5}},"loc":{"start":{"line":597,"column":22},"end":{"line":599,"column":5}},"line":597},"96":{"name":"(anonymous_96)","decl":{"start":{"line":600,"column":4},"end":{"line":600,"column":5}},"loc":{"start":{"line":600,"column":27},"end":{"line":604,"column":5}},"line":600},"97":{"name":"(anonymous_97)","decl":{"start":{"line":601,"column":47},"end":{"line":601,"column":48}},"loc":{"start":{"line":601,"column":60},"end":{"line":603,"column":9}},"line":601},"98":{"name":"(anonymous_98)","decl":{"start":{"line":605,"column":4},"end":{"line":605,"column":5}},"loc":{"start":{"line":605,"column":25},"end":{"line":614,"column":5}},"line":605},"99":{"name":"(anonymous_99)","decl":{"start":{"line":606,"column":47},"end":{"line":606,"column":48}},"loc":{"start":{"line":606,"column":60},"end":{"line":613,"column":9}},"line":606},"100":{"name":"(anonymous_100)","decl":{"start":{"line":618,"column":4},"end":{"line":618,"column":5}},"loc":{"start":{"line":618,"column":41},"end":{"line":629,"column":5}},"line":618},"101":{"name":"(anonymous_101)","decl":{"start":{"line":619,"column":50},"end":{"line":619,"column":51}},"loc":{"start":{"line":619,"column":82},"end":{"line":628,"column":9}},"line":619},"102":{"name":"(anonymous_102)","decl":{"start":{"line":633,"column":4},"end":{"line":633,"column":5}},"loc":{"start":{"line":633,"column":32},"end":{"line":635,"column":5}},"line":633},"103":{"name":"(anonymous_103)","decl":{"start":{"line":639,"column":4},"end":{"line":639,"column":5}},"loc":{"start":{"line":639,"column":34},"end":{"line":641,"column":5}},"line":639},"104":{"name":"(anonymous_104)","decl":{"start":{"line":645,"column":4},"end":{"line":645,"column":5}},"loc":{"start":{"line":645,"column":49},"end":{"line":647,"column":5}},"line":645},"105":{"name":"(anonymous_105)","decl":{"start":{"line":651,"column":4},"end":{"line":651,"column":5}},"loc":{"start":{"line":651,"column":42},"end":{"line":653,"column":5}},"line":651},"106":{"name":"(anonymous_106)","decl":{"start":{"line":657,"column":4},"end":{"line":657,"column":5}},"loc":{"start":{"line":657,"column":44},"end":{"line":699,"column":5}},"line":657},"107":{"name":"(anonymous_107)","decl":{"start":{"line":658,"column":50},"end":{"line":658,"column":51}},"loc":{"start":{"line":658,"column":82},"end":{"line":698,"column":9}},"line":658},"108":{"name":"(anonymous_108)","decl":{"start":{"line":703,"column":4},"end":{"line":703,"column":5}},"loc":{"start":{"line":703,"column":23},"end":{"line":705,"column":5}},"line":703},"109":{"name":"(anonymous_109)","decl":{"start":{"line":709,"column":4},"end":{"line":709,"column":5}},"loc":{"start":{"line":709,"column":20},"end":{"line":711,"column":5}},"line":709},"110":{"name":"(anonymous_110)","decl":{"start":{"line":715,"column":4},"end":{"line":715,"column":5}},"loc":{"start":{"line":715,"column":22},"end":{"line":731,"column":5}},"line":715},"111":{"name":"(anonymous_111)","decl":{"start":{"line":716,"column":47},"end":{"line":716,"column":48}},"loc":{"start":{"line":716,"column":60},"end":{"line":730,"column":9}},"line":716},"112":{"name":"(anonymous_112)","decl":{"start":{"line":735,"column":4},"end":{"line":735,"column":5}},"loc":{"start":{"line":735,"column":21},"end":{"line":737,"column":5}},"line":735},"113":{"name":"(anonymous_113)","decl":{"start":{"line":741,"column":4},"end":{"line":741,"column":5}},"loc":{"start":{"line":741,"column":30},"end":{"line":743,"column":5}},"line":741},"114":{"name":"(anonymous_114)","decl":{"start":{"line":745,"column":4},"end":{"line":745,"column":5}},"loc":{"start":{"line":745,"column":19},"end":{"line":747,"column":5}},"line":745},"115":{"name":"(anonymous_115)","decl":{"start":{"line":748,"column":4},"end":{"line":748,"column":5}},"loc":{"start":{"line":748,"column":27},"end":{"line":750,"column":5}},"line":748},"116":{"name":"(anonymous_116)","decl":{"start":{"line":751,"column":4},"end":{"line":751,"column":5}},"loc":{"start":{"line":751,"column":33},"end":{"line":753,"column":5}},"line":751},"117":{"name":"(anonymous_117)","decl":{"start":{"line":754,"column":4},"end":{"line":754,"column":5}},"loc":{"start":{"line":754,"column":28},"end":{"line":756,"column":5}},"line":754},"118":{"name":"(anonymous_118)","decl":{"start":{"line":757,"column":4},"end":{"line":757,"column":5}},"loc":{"start":{"line":757,"column":22},"end":{"line":759,"column":5}},"line":757},"119":{"name":"(anonymous_119)","decl":{"start":{"line":761,"column":4},"end":{"line":761,"column":5}},"loc":{"start":{"line":761,"column":39},"end":{"line":772,"column":5}},"line":761},"120":{"name":"(anonymous_120)","decl":{"start":{"line":774,"column":4},"end":{"line":774,"column":5}},"loc":{"start":{"line":774,"column":29},"end":{"line":783,"column":5}},"line":774},"121":{"name":"(anonymous_121)","decl":{"start":{"line":775,"column":50},"end":{"line":775,"column":51}},"loc":{"start":{"line":775,"column":84},"end":{"line":782,"column":9}},"line":775},"122":{"name":"(anonymous_122)","decl":{"start":{"line":785,"column":4},"end":{"line":785,"column":5}},"loc":{"start":{"line":785,"column":24},"end":{"line":799,"column":5}},"line":785},"123":{"name":"(anonymous_123)","decl":{"start":{"line":786,"column":47},"end":{"line":786,"column":48}},"loc":{"start":{"line":786,"column":60},"end":{"line":798,"column":9}},"line":786}},"branchMap":{"0":{"loc":{"start":{"line":2,"column":22},"end":{"line":12,"column":3}},"type":"binary-expr","locations":[{"start":{"line":2,"column":23},"end":{"line":2,"column":27}},{"start":{"line":2,"column":31},"end":{"line":2,"column":51}},{"start":{"line":2,"column":57},"end":{"line":12,"column":2}}],"line":2},"1":{"loc":{"start":{"line":2,"column":57},"end":{"line":12,"column":2}},"type":"cond-expr","locations":[{"start":{"line":2,"column":74},"end":{"line":9,"column":1}},{"start":{"line":9,"column":6},"end":{"line":12,"column":1}}],"line":2},"2":{"loc":{"start":{"line":3,"column":4},"end":{"line":3,"column":33}},"type":"if","locations":[{"start":{"line":3,"column":4},"end":{"line":3,"column":33}},{"start":{},"end":{}}],"line":3},"3":{"loc":{"start":{"line":5,"column":4},"end":{"line":7,"column":5}},"type":"if","locations":[{"start":{"line":5,"column":4},"end":{"line":7,"column":5}},{"start":{},"end":{}}],"line":5},"4":{"loc":{"start":{"line":5,"column":8},"end":{"line":5,"column":85}},"type":"binary-expr","locations":[{"start":{"line":5,"column":8},"end":{"line":5,"column":13}},{"start":{"line":5,"column":18},"end":{"line":5,"column":84}}],"line":5},"5":{"loc":{"start":{"line":5,"column":18},"end":{"line":5,"column":84}},"type":"cond-expr","locations":[{"start":{"line":5,"column":34},"end":{"line":5,"column":47}},{"start":{"line":5,"column":50},"end":{"line":5,"column":84}}],"line":5},"6":{"loc":{"start":{"line":5,"column":50},"end":{"line":5,"column":84}},"type":"binary-expr","locations":[{"start":{"line":5,"column":50},"end":{"line":5,"column":63}},{"start":{"line":5,"column":67},"end":{"line":5,"column":84}}],"line":5},"7":{"loc":{"start":{"line":10,"column":4},"end":{"line":10,"column":33}},"type":"if","locations":[{"start":{"line":10,"column":4},"end":{"line":10,"column":33}},{"start":{},"end":{}}],"line":10},"8":{"loc":{"start":{"line":13,"column":25},"end":{"line":17,"column":2}},"type":"binary-expr","locations":[{"start":{"line":13,"column":26},"end":{"line":13,"column":30}},{"start":{"line":13,"column":34},"end":{"line":13,"column":57}},{"start":{"line":13,"column":63},"end":{"line":17,"column":1}}],"line":13},"9":{"loc":{"start":{"line":13,"column":63},"end":{"line":17,"column":1}},"type":"cond-expr","locations":[{"start":{"line":13,"column":80},"end":{"line":15,"column":1}},{"start":{"line":15,"column":5},"end":{"line":17,"column":1}}],"line":13},"10":{"loc":{"start":{"line":18,"column":19},"end":{"line":34,"column":4}},"type":"binary-expr","locations":[{"start":{"line":18,"column":20},"end":{"line":18,"column":24}},{"start":{"line":18,"column":28},"end":{"line":18,"column":45}},{"start":{"line":18,"column":50},"end":{"line":34,"column":4}}],"line":18},"11":{"loc":{"start":{"line":20,"column":18},"end":{"line":24,"column":9}},"type":"binary-expr","locations":[{"start":{"line":20,"column":18},"end":{"line":20,"column":44}},{"start":{"line":20,"column":48},"end":{"line":24,"column":9}}],"line":20},"12":{"loc":{"start":{"line":22,"column":29},"end":{"line":22,"column":95}},"type":"if","locations":[{"start":{"line":22,"column":29},"end":{"line":22,"column":95}},{"start":{},"end":{}}],"line":22},"13":{"loc":{"start":{"line":28,"column":8},"end":{"line":28,"column":46}},"type":"if","locations":[{"start":{"line":28,"column":8},"end":{"line":28,"column":46}},{"start":{},"end":{}}],"line":28},"14":{"loc":{"start":{"line":28,"column":12},"end":{"line":28,"column":33}},"type":"binary-expr","locations":[{"start":{"line":28,"column":12},"end":{"line":28,"column":15}},{"start":{"line":28,"column":19},"end":{"line":28,"column":33}}],"line":28},"15":{"loc":{"start":{"line":30,"column":8},"end":{"line":30,"column":137}},"type":"if","locations":[{"start":{"line":30,"column":8},"end":{"line":30,"column":137}},{"start":{},"end":{}}],"line":30},"16":{"loc":{"start":{"line":30,"column":78},"end":{"line":30,"column":137}},"type":"if","locations":[{"start":{"line":30,"column":78},"end":{"line":30,"column":137}},{"start":{},"end":{}}],"line":30},"17":{"loc":{"start":{"line":35,"column":16},"end":{"line":43,"column":1}},"type":"binary-expr","locations":[{"start":{"line":35,"column":17},"end":{"line":35,"column":21}},{"start":{"line":35,"column":25},"end":{"line":35,"column":39}},{"start":{"line":35,"column":44},"end":{"line":43,"column":1}}],"line":35},"18":{"loc":{"start":{"line":36,"column":35},"end":{"line":36,"column":109}},"type":"cond-expr","locations":[{"start":{"line":36,"column":56},"end":{"line":36,"column":61}},{"start":{"line":36,"column":64},"end":{"line":36,"column":109}}],"line":36},"19":{"loc":{"start":{"line":37,"column":16},"end":{"line":37,"column":34}},"type":"binary-expr","locations":[{"start":{"line":37,"column":16},"end":{"line":37,"column":17}},{"start":{"line":37,"column":22},"end":{"line":37,"column":33}}],"line":37},"20":{"loc":{"start":{"line":40,"column":32},"end":{"line":40,"column":115}},"type":"cond-expr","locations":[{"start":{"line":40,"column":46},"end":{"line":40,"column":67}},{"start":{"line":40,"column":70},"end":{"line":40,"column":115}}],"line":40},"21":{"loc":{"start":{"line":41,"column":51},"end":{"line":41,"column":67}},"type":"binary-expr","locations":[{"start":{"line":41,"column":51},"end":{"line":41,"column":61}},{"start":{"line":41,"column":65},"end":{"line":41,"column":67}}],"line":41},"22":{"loc":{"start":{"line":76,"column":8},"end":{"line":79,"column":9}},"type":"if","locations":[{"start":{"line":76,"column":8},"end":{"line":79,"column":9}},{"start":{},"end":{}}],"line":76},"23":{"loc":{"start":{"line":76,"column":12},"end":{"line":76,"column":68}},"type":"binary-expr","locations":[{"start":{"line":76,"column":12},"end":{"line":76,"column":54}},{"start":{"line":76,"column":58},"end":{"line":76,"column":68}}],"line":76},"24":{"loc":{"start":{"line":84,"column":25},"end":{"line":84,"column":118}},"type":"binary-expr","locations":[{"start":{"line":84,"column":26},"end":{"line":84,"column":90}},{"start":{"line":84,"column":95},"end":{"line":84,"column":118}}],"line":84},"25":{"loc":{"start":{"line":84,"column":26},"end":{"line":84,"column":90}},"type":"cond-expr","locations":[{"start":{"line":84,"column":65},"end":{"line":84,"column":71}},{"start":{"line":84,"column":74},"end":{"line":84,"column":90}}],"line":84},"26":{"loc":{"start":{"line":84,"column":26},"end":{"line":84,"column":62}},"type":"binary-expr","locations":[{"start":{"line":84,"column":26},"end":{"line":84,"column":41}},{"start":{"line":84,"column":45},"end":{"line":84,"column":62}}],"line":84},"27":{"loc":{"start":{"line":85,"column":27},"end":{"line":85,"column":161}},"type":"cond-expr","locations":[{"start":{"line":85,"column":138},"end":{"line":85,"column":144}},{"start":{"line":85,"column":147},"end":{"line":85,"column":161}}],"line":85},"28":{"loc":{"start":{"line":85,"column":27},"end":{"line":85,"column":135}},"type":"binary-expr","locations":[{"start":{"line":85,"column":27},"end":{"line":85,"column":118}},{"start":{"line":85,"column":122},"end":{"line":85,"column":135}}],"line":85},"29":{"loc":{"start":{"line":85,"column":33},"end":{"line":85,"column":108}},"type":"cond-expr","locations":[{"start":{"line":85,"column":72},"end":{"line":85,"column":78}},{"start":{"line":85,"column":81},"end":{"line":85,"column":108}}],"line":85},"30":{"loc":{"start":{"line":85,"column":33},"end":{"line":85,"column":69}},"type":"binary-expr","locations":[{"start":{"line":85,"column":33},"end":{"line":85,"column":48}},{"start":{"line":85,"column":52},"end":{"line":85,"column":69}}],"line":85},"31":{"loc":{"start":{"line":86,"column":30},"end":{"line":86,"column":167}},"type":"cond-expr","locations":[{"start":{"line":86,"column":141},"end":{"line":86,"column":147}},{"start":{"line":86,"column":150},"end":{"line":86,"column":167}}],"line":86},"32":{"loc":{"start":{"line":86,"column":30},"end":{"line":86,"column":138}},"type":"binary-expr","locations":[{"start":{"line":86,"column":30},"end":{"line":86,"column":121}},{"start":{"line":86,"column":125},"end":{"line":86,"column":138}}],"line":86},"33":{"loc":{"start":{"line":86,"column":36},"end":{"line":86,"column":111}},"type":"cond-expr","locations":[{"start":{"line":86,"column":75},"end":{"line":86,"column":81}},{"start":{"line":86,"column":84},"end":{"line":86,"column":111}}],"line":86},"34":{"loc":{"start":{"line":86,"column":36},"end":{"line":86,"column":72}},"type":"binary-expr","locations":[{"start":{"line":86,"column":36},"end":{"line":86,"column":51}},{"start":{"line":86,"column":55},"end":{"line":86,"column":72}}],"line":86},"35":{"loc":{"start":{"line":87,"column":26},"end":{"line":87,"column":170}},"type":"binary-expr","locations":[{"start":{"line":87,"column":27},"end":{"line":87,"column":160}},{"start":{"line":87,"column":165},"end":{"line":87,"column":170}}],"line":87},"36":{"loc":{"start":{"line":87,"column":27},"end":{"line":87,"column":160}},"type":"cond-expr","locations":[{"start":{"line":87,"column":138},"end":{"line":87,"column":144}},{"start":{"line":87,"column":147},"end":{"line":87,"column":160}}],"line":87},"37":{"loc":{"start":{"line":87,"column":27},"end":{"line":87,"column":135}},"type":"binary-expr","locations":[{"start":{"line":87,"column":27},"end":{"line":87,"column":118}},{"start":{"line":87,"column":122},"end":{"line":87,"column":135}}],"line":87},"38":{"loc":{"start":{"line":87,"column":33},"end":{"line":87,"column":108}},"type":"cond-expr","locations":[{"start":{"line":87,"column":72},"end":{"line":87,"column":78}},{"start":{"line":87,"column":81},"end":{"line":87,"column":108}}],"line":87},"39":{"loc":{"start":{"line":87,"column":33},"end":{"line":87,"column":69}},"type":"binary-expr","locations":[{"start":{"line":87,"column":33},"end":{"line":87,"column":48}},{"start":{"line":87,"column":52},"end":{"line":87,"column":69}}],"line":87},"40":{"loc":{"start":{"line":88,"column":31},"end":{"line":88,"column":180}},"type":"binary-expr","locations":[{"start":{"line":88,"column":32},"end":{"line":88,"column":170}},{"start":{"line":88,"column":175},"end":{"line":88,"column":180}}],"line":88},"41":{"loc":{"start":{"line":88,"column":32},"end":{"line":88,"column":170}},"type":"cond-expr","locations":[{"start":{"line":88,"column":143},"end":{"line":88,"column":149}},{"start":{"line":88,"column":152},"end":{"line":88,"column":170}}],"line":88},"42":{"loc":{"start":{"line":88,"column":32},"end":{"line":88,"column":140}},"type":"binary-expr","locations":[{"start":{"line":88,"column":32},"end":{"line":88,"column":123}},{"start":{"line":88,"column":127},"end":{"line":88,"column":140}}],"line":88},"43":{"loc":{"start":{"line":88,"column":38},"end":{"line":88,"column":113}},"type":"cond-expr","locations":[{"start":{"line":88,"column":77},"end":{"line":88,"column":83}},{"start":{"line":88,"column":86},"end":{"line":88,"column":113}}],"line":88},"44":{"loc":{"start":{"line":88,"column":38},"end":{"line":88,"column":74}},"type":"binary-expr","locations":[{"start":{"line":88,"column":38},"end":{"line":88,"column":53}},{"start":{"line":88,"column":57},"end":{"line":88,"column":74}}],"line":88},"45":{"loc":{"start":{"line":92,"column":8},"end":{"line":94,"column":9}},"type":"if","locations":[{"start":{"line":92,"column":8},"end":{"line":94,"column":9}},{"start":{},"end":{}}],"line":92},"46":{"loc":{"start":{"line":96,"column":30},"end":{"line":96,"column":111}},"type":"binary-expr","locations":[{"start":{"line":96,"column":30},"end":{"line":96,"column":75}},{"start":{"line":96,"column":79},"end":{"line":96,"column":111}}],"line":96},"47":{"loc":{"start":{"line":97,"column":8},"end":{"line":99,"column":9}},"type":"if","locations":[{"start":{"line":97,"column":8},"end":{"line":99,"column":9}},{"start":{},"end":{}}],"line":97},"48":{"loc":{"start":{"line":134,"column":26},"end":{"line":134,"column":137}},"type":"cond-expr","locations":[{"start":{"line":134,"column":87},"end":{"line":134,"column":104}},{"start":{"line":134,"column":107},"end":{"line":134,"column":137}}],"line":134},"49":{"loc":{"start":{"line":134,"column":26},"end":{"line":134,"column":84}},"type":"binary-expr","locations":[{"start":{"line":134,"column":26},"end":{"line":134,"column":52}},{"start":{"line":134,"column":56},"end":{"line":134,"column":84}}],"line":134},"50":{"loc":{"start":{"line":136,"column":8},"end":{"line":146,"column":9}},"type":"if","locations":[{"start":{"line":136,"column":8},"end":{"line":146,"column":9}},{"start":{"line":139,"column":13},"end":{"line":146,"column":9}}],"line":136},"51":{"loc":{"start":{"line":139,"column":13},"end":{"line":146,"column":9}},"type":"if","locations":[{"start":{"line":139,"column":13},"end":{"line":146,"column":9}},{"start":{"line":143,"column":13},"end":{"line":146,"column":9}}],"line":139},"52":{"loc":{"start":{"line":139,"column":18},"end":{"line":139,"column":86}},"type":"cond-expr","locations":[{"start":{"line":139,"column":57},"end":{"line":139,"column":63}},{"start":{"line":139,"column":66},"end":{"line":139,"column":86}}],"line":139},"53":{"loc":{"start":{"line":139,"column":18},"end":{"line":139,"column":54}},"type":"binary-expr","locations":[{"start":{"line":139,"column":18},"end":{"line":139,"column":33}},{"start":{"line":139,"column":37},"end":{"line":139,"column":54}}],"line":139},"54":{"loc":{"start":{"line":147,"column":8},"end":{"line":149,"column":9}},"type":"if","locations":[{"start":{"line":147,"column":8},"end":{"line":149,"column":9}},{"start":{},"end":{}}],"line":147},"55":{"loc":{"start":{"line":150,"column":8},"end":{"line":152,"column":9}},"type":"if","locations":[{"start":{"line":150,"column":8},"end":{"line":152,"column":9}},{"start":{},"end":{}}],"line":150},"56":{"loc":{"start":{"line":151,"column":125},"end":{"line":151,"column":214}},"type":"cond-expr","locations":[{"start":{"line":151,"column":203},"end":{"line":151,"column":205}},{"start":{"line":151,"column":208},"end":{"line":151,"column":214}}],"line":151},"57":{"loc":{"start":{"line":151,"column":125},"end":{"line":151,"column":200}},"type":"binary-expr","locations":[{"start":{"line":151,"column":125},"end":{"line":151,"column":183}},{"start":{"line":151,"column":187},"end":{"line":151,"column":200}}],"line":151},"58":{"loc":{"start":{"line":153,"column":8},"end":{"line":155,"column":9}},"type":"if","locations":[{"start":{"line":153,"column":8},"end":{"line":155,"column":9}},{"start":{},"end":{}}],"line":153},"59":{"loc":{"start":{"line":154,"column":164},"end":{"line":154,"column":251}},"type":"cond-expr","locations":[{"start":{"line":154,"column":223},"end":{"line":154,"column":225}},{"start":{"line":154,"column":228},"end":{"line":154,"column":251}}],"line":154},"60":{"loc":{"start":{"line":154,"column":164},"end":{"line":154,"column":220}},"type":"binary-expr","locations":[{"start":{"line":154,"column":164},"end":{"line":154,"column":203}},{"start":{"line":154,"column":207},"end":{"line":154,"column":220}}],"line":154},"61":{"loc":{"start":{"line":156,"column":8},"end":{"line":158,"column":9}},"type":"if","locations":[{"start":{"line":156,"column":8},"end":{"line":158,"column":9}},{"start":{},"end":{}}],"line":156},"62":{"loc":{"start":{"line":159,"column":8},"end":{"line":165,"column":9}},"type":"if","locations":[{"start":{"line":159,"column":8},"end":{"line":165,"column":9}},{"start":{},"end":{}}],"line":159},"63":{"loc":{"start":{"line":166,"column":8},"end":{"line":176,"column":9}},"type":"if","locations":[{"start":{"line":166,"column":8},"end":{"line":176,"column":9}},{"start":{},"end":{}}],"line":166},"64":{"loc":{"start":{"line":177,"column":8},"end":{"line":179,"column":9}},"type":"if","locations":[{"start":{"line":177,"column":8},"end":{"line":179,"column":9}},{"start":{},"end":{}}],"line":177},"65":{"loc":{"start":{"line":180,"column":8},"end":{"line":182,"column":9}},"type":"if","locations":[{"start":{"line":180,"column":8},"end":{"line":182,"column":9}},{"start":{},"end":{}}],"line":180},"66":{"loc":{"start":{"line":183,"column":8},"end":{"line":185,"column":9}},"type":"if","locations":[{"start":{"line":183,"column":8},"end":{"line":185,"column":9}},{"start":{},"end":{}}],"line":183},"67":{"loc":{"start":{"line":186,"column":8},"end":{"line":188,"column":9}},"type":"if","locations":[{"start":{"line":186,"column":8},"end":{"line":188,"column":9}},{"start":{},"end":{}}],"line":186},"68":{"loc":{"start":{"line":189,"column":8},"end":{"line":204,"column":9}},"type":"if","locations":[{"start":{"line":189,"column":8},"end":{"line":204,"column":9}},{"start":{},"end":{}}],"line":189},"69":{"loc":{"start":{"line":205,"column":8},"end":{"line":212,"column":9}},"type":"if","locations":[{"start":{"line":205,"column":8},"end":{"line":212,"column":9}},{"start":{},"end":{}}],"line":205},"70":{"loc":{"start":{"line":213,"column":8},"end":{"line":219,"column":9}},"type":"if","locations":[{"start":{"line":213,"column":8},"end":{"line":219,"column":9}},{"start":{},"end":{}}],"line":213},"71":{"loc":{"start":{"line":220,"column":8},"end":{"line":222,"column":9}},"type":"if","locations":[{"start":{"line":220,"column":8},"end":{"line":222,"column":9}},{"start":{},"end":{}}],"line":220},"72":{"loc":{"start":{"line":223,"column":8},"end":{"line":231,"column":9}},"type":"if","locations":[{"start":{"line":223,"column":8},"end":{"line":231,"column":9}},{"start":{},"end":{}}],"line":223},"73":{"loc":{"start":{"line":232,"column":8},"end":{"line":234,"column":9}},"type":"if","locations":[{"start":{"line":232,"column":8},"end":{"line":234,"column":9}},{"start":{},"end":{}}],"line":232},"74":{"loc":{"start":{"line":235,"column":8},"end":{"line":243,"column":9}},"type":"if","locations":[{"start":{"line":235,"column":8},"end":{"line":243,"column":9}},{"start":{},"end":{}}],"line":235},"75":{"loc":{"start":{"line":237,"column":28},"end":{"line":237,"column":104}},"type":"binary-expr","locations":[{"start":{"line":237,"column":28},"end":{"line":237,"column":68}},{"start":{"line":237,"column":72},"end":{"line":237,"column":104}}],"line":237},"76":{"loc":{"start":{"line":238,"column":16},"end":{"line":240,"column":17}},"type":"if","locations":[{"start":{"line":238,"column":16},"end":{"line":240,"column":17}},{"start":{},"end":{}}],"line":238},"77":{"loc":{"start":{"line":244,"column":8},"end":{"line":246,"column":9}},"type":"if","locations":[{"start":{"line":244,"column":8},"end":{"line":246,"column":9}},{"start":{},"end":{}}],"line":244},"78":{"loc":{"start":{"line":297,"column":68},"end":{"line":297,"column":80}},"type":"default-arg","locations":[{"start":{"line":297,"column":78},"end":{"line":297,"column":80}}],"line":297},"79":{"loc":{"start":{"line":313,"column":26},"end":{"line":313,"column":136}},"type":"cond-expr","locations":[{"start":{"line":313,"column":55},"end":{"line":313,"column":61}},{"start":{"line":313,"column":65},"end":{"line":313,"column":135}}],"line":313},"80":{"loc":{"start":{"line":313,"column":65},"end":{"line":313,"column":135}},"type":"binary-expr","locations":[{"start":{"line":313,"column":66},"end":{"line":313,"column":128}},{"start":{"line":313,"column":133},"end":{"line":313,"column":135}}],"line":313},"81":{"loc":{"start":{"line":313,"column":66},"end":{"line":313,"column":128}},"type":"cond-expr","locations":[{"start":{"line":313,"column":105},"end":{"line":313,"column":111}},{"start":{"line":313,"column":114},"end":{"line":313,"column":128}}],"line":313},"82":{"loc":{"start":{"line":313,"column":66},"end":{"line":313,"column":102}},"type":"binary-expr","locations":[{"start":{"line":313,"column":66},"end":{"line":313,"column":81}},{"start":{"line":313,"column":85},"end":{"line":313,"column":102}}],"line":313},"83":{"loc":{"start":{"line":334,"column":26},"end":{"line":334,"column":90}},"type":"cond-expr","locations":[{"start":{"line":334,"column":65},"end":{"line":334,"column":81}},{"start":{"line":334,"column":84},"end":{"line":334,"column":90}}],"line":334},"84":{"loc":{"start":{"line":335,"column":23},"end":{"line":335,"column":90}},"type":"cond-expr","locations":[{"start":{"line":335,"column":62},"end":{"line":335,"column":78}},{"start":{"line":335,"column":81},"end":{"line":335,"column":90}}],"line":335},"85":{"loc":{"start":{"line":347,"column":16},"end":{"line":361,"column":17}},"type":"if","locations":[{"start":{"line":347,"column":16},"end":{"line":361,"column":17}},{"start":{},"end":{}}],"line":347},"86":{"loc":{"start":{"line":348,"column":34},"end":{"line":350,"column":62}},"type":"cond-expr","locations":[{"start":{"line":349,"column":24},"end":{"line":349,"column":68}},{"start":{"line":350,"column":24},"end":{"line":350,"column":62}}],"line":348},"87":{"loc":{"start":{"line":351,"column":20},"end":{"line":353,"column":21}},"type":"if","locations":[{"start":{"line":351,"column":20},"end":{"line":353,"column":21}},{"start":{},"end":{}}],"line":351},"88":{"loc":{"start":{"line":354,"column":20},"end":{"line":356,"column":21}},"type":"if","locations":[{"start":{"line":354,"column":20},"end":{"line":356,"column":21}},{"start":{},"end":{}}],"line":354},"89":{"loc":{"start":{"line":354,"column":24},"end":{"line":354,"column":69}},"type":"binary-expr","locations":[{"start":{"line":354,"column":24},"end":{"line":354,"column":45}},{"start":{"line":354,"column":49},"end":{"line":354,"column":69}}],"line":354},"90":{"loc":{"start":{"line":357,"column":20},"end":{"line":360,"column":21}},"type":"if","locations":[{"start":{"line":357,"column":20},"end":{"line":360,"column":21}},{"start":{},"end":{}}],"line":357},"91":{"loc":{"start":{"line":370,"column":8},"end":{"line":372,"column":9}},"type":"if","locations":[{"start":{"line":370,"column":8},"end":{"line":372,"column":9}},{"start":{},"end":{}}],"line":370},"92":{"loc":{"start":{"line":374,"column":8},"end":{"line":376,"column":9}},"type":"if","locations":[{"start":{"line":374,"column":8},"end":{"line":376,"column":9}},{"start":{},"end":{}}],"line":374},"93":{"loc":{"start":{"line":379,"column":8},"end":{"line":381,"column":9}},"type":"if","locations":[{"start":{"line":379,"column":8},"end":{"line":381,"column":9}},{"start":{},"end":{}}],"line":379},"94":{"loc":{"start":{"line":379,"column":12},"end":{"line":379,"column":58}},"type":"binary-expr","locations":[{"start":{"line":379,"column":12},"end":{"line":379,"column":31}},{"start":{"line":379,"column":35},"end":{"line":379,"column":58}}],"line":379},"95":{"loc":{"start":{"line":447,"column":12},"end":{"line":464,"column":13}},"type":"if","locations":[{"start":{"line":447,"column":12},"end":{"line":464,"column":13}},{"start":{},"end":{}}],"line":447},"96":{"loc":{"start":{"line":457,"column":20},"end":{"line":459,"column":21}},"type":"if","locations":[{"start":{"line":457,"column":20},"end":{"line":459,"column":21}},{"start":{},"end":{}}],"line":457},"97":{"loc":{"start":{"line":534,"column":8},"end":{"line":536,"column":9}},"type":"if","locations":[{"start":{"line":534,"column":8},"end":{"line":536,"column":9}},{"start":{},"end":{}}],"line":534},"98":{"loc":{"start":{"line":610,"column":12},"end":{"line":612,"column":13}},"type":"if","locations":[{"start":{"line":610,"column":12},"end":{"line":612,"column":13}},{"start":{},"end":{}}],"line":610},"99":{"loc":{"start":{"line":619,"column":68},"end":{"line":619,"column":80}},"type":"default-arg","locations":[{"start":{"line":619,"column":78},"end":{"line":619,"column":80}}],"line":619},"100":{"loc":{"start":{"line":624,"column":28},"end":{"line":624,"column":52}},"type":"binary-expr","locations":[{"start":{"line":624,"column":28},"end":{"line":624,"column":46}},{"start":{"line":624,"column":50},"end":{"line":624,"column":52}}],"line":624},"101":{"loc":{"start":{"line":658,"column":68},"end":{"line":658,"column":80}},"type":"default-arg","locations":[{"start":{"line":658,"column":78},"end":{"line":658,"column":80}}],"line":658},"102":{"loc":{"start":{"line":664,"column":32},"end":{"line":664,"column":56}},"type":"binary-expr","locations":[{"start":{"line":664,"column":32},"end":{"line":664,"column":50}},{"start":{"line":664,"column":54},"end":{"line":664,"column":56}}],"line":664},"103":{"loc":{"start":{"line":746,"column":15},"end":{"line":746,"column":94}},"type":"binary-expr","locations":[{"start":{"line":746,"column":15},"end":{"line":746,"column":48}},{"start":{"line":746,"column":52},"end":{"line":746,"column":94}}],"line":746},"104":{"loc":{"start":{"line":762,"column":8},"end":{"line":764,"column":9}},"type":"if","locations":[{"start":{"line":762,"column":8},"end":{"line":764,"column":9}},{"start":{},"end":{}}],"line":762},"105":{"loc":{"start":{"line":775,"column":70},"end":{"line":775,"column":82}},"type":"default-arg","locations":[{"start":{"line":775,"column":80},"end":{"line":775,"column":82}}],"line":775},"106":{"loc":{"start":{"line":776,"column":12},"end":{"line":778,"column":13}},"type":"if","locations":[{"start":{"line":776,"column":12},"end":{"line":778,"column":13}},{"start":{},"end":{}}],"line":776},"107":{"loc":{"start":{"line":787,"column":12},"end":{"line":789,"column":13}},"type":"if","locations":[{"start":{"line":787,"column":12},"end":{"line":789,"column":13}},{"start":{},"end":{}}],"line":787}},"s":{"0":2,"1":0,"2":0,"3":0,"4":0,"5":0,"6":0,"7":0,"8":0,"9":0,"10":0,"11":2,"12":0,"13":0,"14":2,"15":2,"16":0,"17":0,"18":0,"19":0,"20":0,"21":0,"22":0,"23":2,"24":0,"25":0,"26":0,"27":0,"28":0,"29":0,"30":0,"31":0,"32":0,"33":0,"34":0,"35":2,"36":58,"37":0,"38":34,"39":50,"40":50,"41":0,"42":0,"43":0,"44":0,"45":84,"46":34,"47":2,"48":2,"49":2,"50":2,"51":2,"52":2,"53":2,"54":2,"55":2,"56":2,"57":2,"58":2,"59":2,"60":2,"61":2,"62":2,"63":2,"64":2,"65":2,"66":2,"67":2,"68":2,"69":2,"70":6,"71":6,"72":6,"73":0,"74":0,"75":6,"76":6,"77":6,"78":6,"79":6,"80":6,"81":6,"82":6,"83":6,"84":6,"85":6,"86":6,"87":0,"88":0,"89":6,"90":6,"91":0,"92":6,"93":6,"94":6,"95":6,"96":6,"97":0,"98":0,"99":6,"100":6,"101":6,"102":6,"103":6,"104":6,"105":6,"106":6,"107":6,"108":6,"109":6,"110":6,"111":6,"112":6,"113":6,"114":6,"115":0,"116":6,"117":0,"118":0,"119":6,"120":6,"121":6,"122":6,"123":6,"124":6,"125":6,"126":6,"127":6,"128":6,"129":6,"130":6,"131":6,"132":6,"133":6,"134":6,"135":6,"136":6,"137":6,"138":6,"139":6,"140":6,"141":6,"142":6,"143":6,"144":6,"145":6,"146":6,"147":6,"148":6,"149":6,"150":6,"151":6,"152":6,"153":6,"154":6,"155":6,"156":6,"157":6,"158":6,"159":6,"160":6,"161":6,"162":6,"163":6,"164":6,"165":6,"166":6,"167":6,"168":6,"169":6,"170":6,"171":6,"172":6,"173":0,"174":6,"175":6,"176":6,"177":6,"178":6,"179":6,"180":6,"181":6,"182":0,"183":6,"184":6,"185":6,"186":0,"187":0,"188":6,"189":6,"190":6,"191":6,"192":6,"193":6,"194":6,"195":0,"196":0,"197":0,"198":0,"199":0,"200":6,"201":6,"202":6,"203":6,"204":6,"205":6,"206":6,"207":6,"208":6,"209":4,"210":4,"211":4,"212":0,"213":0,"214":0,"215":0,"216":6,"217":6,"218":6,"219":6,"220":6,"221":30,"222":0,"223":0,"224":0,"225":0,"226":0,"227":0,"228":0,"229":0,"230":0,"231":0,"232":0,"233":0,"234":0,"235":0,"236":0,"237":0,"238":4,"239":4,"240":4,"241":0,"242":0,"243":0,"244":0,"245":0,"246":0,"247":0,"248":0,"249":0,"250":0,"251":0,"252":0,"253":0,"254":0,"255":0,"256":6,"257":6,"258":0,"259":0,"260":0,"261":0,"262":0,"263":0,"264":0,"265":0,"266":0,"267":0,"268":0,"269":0,"270":0,"271":0,"272":0,"273":0,"274":0,"275":0,"276":0,"277":0,"278":0,"279":0,"280":0,"281":0,"282":0,"283":0,"284":0,"285":0,"286":0,"287":0,"288":0,"289":0,"290":0,"291":0,"292":0,"293":0,"294":0,"295":0,"296":0,"297":0,"298":0,"299":0,"300":0,"301":0,"302":0,"303":0,"304":0,"305":0,"306":0,"307":0,"308":0,"309":0,"310":0,"311":0,"312":0,"313":0,"314":0,"315":0,"316":0,"317":0,"318":0,"319":0,"320":0,"321":0,"322":0,"323":0,"324":0,"325":0,"326":0,"327":0,"328":0,"329":0,"330":0,"331":0,"332":0,"333":0,"334":0,"335":0,"336":0,"337":0,"338":0,"339":0,"340":0,"341":0,"342":0,"343":0,"344":0,"345":0,"346":0,"347":0,"348":0,"349":2},"f":{"0":0,"1":0,"2":0,"3":0,"4":0,"5":2,"6":0,"7":0,"8":0,"9":34,"10":58,"11":0,"12":34,"13":50,"14":0,"15":84,"16":6,"17":0,"18":6,"19":6,"20":6,"21":6,"22":6,"23":6,"24":6,"25":6,"26":6,"27":6,"28":6,"29":6,"30":6,"31":6,"32":6,"33":6,"34":6,"35":6,"36":6,"37":6,"38":6,"39":0,"40":0,"41":6,"42":6,"43":0,"44":0,"45":6,"46":6,"47":6,"48":6,"49":6,"50":6,"51":0,"52":4,"53":4,"54":0,"55":0,"56":0,"57":0,"58":6,"59":6,"60":0,"61":0,"62":0,"63":0,"64":0,"65":0,"66":0,"67":0,"68":0,"69":0,"70":0,"71":0,"72":0,"73":0,"74":0,"75":0,"76":0,"77":0,"78":0,"79":0,"80":0,"81":0,"82":0,"83":0,"84":0,"85":0,"86":0,"87":0,"88":0,"89":0,"90":0,"91":0,"92":0,"93":0,"94":0,"95":0,"96":0,"97":0,"98":0,"99":0,"100":0,"101":0,"102":0,"103":0,"104":0,"105":0,"106":0,"107":0,"108":0,"109":0,"110":0,"111":0,"112":0,"113":0,"114":0,"115":0,"116":0,"117":0,"118":0,"119":0,"120":0,"121":0,"122":0,"123":0},"b":{"0":[2,2,2],"1":[2,0],"2":[0,0],"3":[0,0],"4":[0,0],"5":[0,0],"6":[0,0],"7":[0,0],"8":[2,2,2],"9":[2,0],"10":[2,2,2],"11":[0,0],"12":[0,0],"13":[0,0],"14":[0,0],"15":[0,0],"16":[0,0],"17":[2,2,2],"18":[58,0],"19":[34,34],"20":[26,58],"21":[34,28],"22":[0,6],"23":[6,0],"24":[6,6],"25":[6,0],"26":[6,6],"27":[6,0],"28":[6,6],"29":[6,0],"30":[6,6],"31":[6,0],"32":[6,6],"33":[6,0],"34":[6,6],"35":[6,6],"36":[6,0],"37":[6,6],"38":[6,0],"39":[6,6],"40":[6,6],"41":[6,0],"42":[6,6],"43":[6,0],"44":[6,6],"45":[0,6],"46":[6,0],"47":[0,6],"48":[0,6],"49":[6,6],"50":[0,6],"51":[0,6],"52":[6,0],"53":[6,6],"54":[6,0],"55":[6,0],"56":[6,0],"57":[6,6],"58":[6,0],"59":[0,6],"60":[6,6],"61":[6,0],"62":[6,0],"63":[6,0],"64":[6,0],"65":[6,0],"66":[6,0],"67":[6,0],"68":[6,0],"69":[6,0],"70":[6,0],"71":[6,0],"72":[6,0],"73":[6,0],"74":[6,0],"75":[6,0],"76":[0,6],"77":[6,0],"78":[6],"79":[0,4],"80":[4,0],"81":[0,4],"82":[4,4],"83":[0,6],"84":[0,6],"85":[0,30],"86":[0,0],"87":[0,0],"88":[0,0],"89":[0,0],"90":[0,0],"91":[0,0],"92":[0,0],"93":[0,0],"94":[0,0],"95":[0,6],"96":[0,0],"97":[0,0],"98":[0,0],"99":[0],"100":[0,0],"101":[0],"102":[0,0],"103":[0,0],"104":[0,0],"105":[0],"106":[0,0],"107":[0,0]},"inputSourceMap":null,"_coverageSchema":"1a1c01bbd47fc00a2c39e90264f33305004495a9","hash":"c08e33186cf01099fd1be61ebc177bdc3091a4ae"}
,"/home/runner/work/Project-C0Di3/Project-C0Di3/clients/llama-cpp-client.js": {"path":"/home/runner/work/Project-C0Di3/Project-C0Di3/clients/llama-cpp-client.js","statementMap":{"0":{"start":{"line":2,"column":16},"end":{"line":10,"column":1}},"1":{"start":{"line":3,"column":28},"end":{"line":3,"column":110}},"2":{"start":{"line":3,"column":91},"end":{"line":3,"column":106}},"3":{"start":{"line":4,"column":4},"end":{"line":9,"column":7}},"4":{"start":{"line":5,"column":36},"end":{"line":5,"column":97}},"5":{"start":{"line":5,"column":42},"end":{"line":5,"column":70}},"6":{"start":{"line":5,"column":85},"end":{"line":5,"column":95}},"7":{"start":{"line":6,"column":35},"end":{"line":6,"column":100}},"8":{"start":{"line":6,"column":41},"end":{"line":6,"column":73}},"9":{"start":{"line":6,"column":88},"end":{"line":6,"column":98}},"10":{"start":{"line":7,"column":32},"end":{"line":7,"column":116}},"11":{"start":{"line":8,"column":8},"end":{"line":8,"column":78}},"12":{"start":{"line":11,"column":14},"end":{"line":11,"column":126}},"13":{"start":{"line":11,"column":55},"end":{"line":11,"column":124}},"14":{"start":{"line":12,"column":20},"end":{"line":18,"column":1}},"15":{"start":{"line":13,"column":4},"end":{"line":13,"column":91}},"16":{"start":{"line":13,"column":31},"end":{"line":13,"column":91}},"17":{"start":{"line":14,"column":12},"end":{"line":14,"column":35}},"18":{"start":{"line":15,"column":4},"end":{"line":15,"column":213}},"19":{"start":{"line":15,"column":194},"end":{"line":15,"column":206}},"20":{"start":{"line":16,"column":23},"end":{"line":16,"column":162}},"21":{"start":{"line":16,"column":53},"end":{"line":16,"column":159}},"22":{"start":{"line":16,"column":101},"end":{"line":16,"column":155}},"23":{"start":{"line":17,"column":45},"end":{"line":17,"column":126}},"24":{"start":{"line":17,"column":83},"end":{"line":17,"column":114}},"25":{"start":{"line":19,"column":23},"end":{"line":30,"column":1}},"26":{"start":{"line":20,"column":4},"end":{"line":20,"column":91}},"27":{"start":{"line":20,"column":31},"end":{"line":20,"column":91}},"28":{"start":{"line":21,"column":12},"end":{"line":21,"column":54}},"29":{"start":{"line":21,"column":63},"end":{"
[...]
16},"end":{"line":71,"column":56}},"36":{"start":{"line":72,"column":4},"end":{"line":77,"column":5}},"37":{"start":{"line":73,"column":20},"end":{"line":75,"column":60}},"38":{"start":{"line":76,"column":8},"end":{"line":76,"column":57}},"39":{"start":{"line":78,"column":4},"end":{"line":78,"column":15}},"40":{"start":{"line":85,"column":20},"end":{"line":85,"column":25}},"41":{"start":{"line":87,"column":4},"end":{"line":89,"column":5}},"42":{"start":{"line":88,"column":8},"end":{"line":88,"column":62}},"43":{"start":{"line":91,"column":4},"end":{"line":91,"column":45}},"44":{"start":{"line":93,"column":4},"end":{"line":101,"column":5}},"45":{"start":{"line":94,"column":8},"end":{"line":100,"column":38}},"46":{"start":{"line":103,"column":4},"end":{"line":106,"column":5}},"47":{"start":{"line":104,"column":22},"end":{"line":104,"column":41}},"48":{"start":{"line":105,"column":8},"end":{"line":105,"column":83}},"49":{"start":{"line":105,"column":41},"end":{"line":105,"column":72}},"50":{"start":{"line":107,"column":4},"end":{"line":107,"column":21}},"51":{"start":{"line":113,"column":15},"end":{"line":113,"column":55}},"52":{"start":{"line":115,"column":22},"end":{"line":115,"column":115}},"53":{"start":{"line":117,"column":22},"end":{"line":117,"column":66}},"54":{"start":{"line":118,"column":4},"end":{"line":120,"column":5}},"55":{"start":{"line":119,"column":8},"end":{"line":119,"column":94}},"56":{"start":{"line":121,"column":4},"end":{"line":121,"column":14}},"57":{"start":{"line":127,"column":21},"end":{"line":127,"column":61}},"58":{"start":{"line":129,"column":26},"end":{"line":129,"column":127}},"59":{"start":{"line":130,"column":4},"end":{"line":132,"column":5}},"60":{"start":{"line":131,"column":8},"end":{"line":131,"column":92}},"61":{"start":{"line":133,"column":4},"end":{"line":133,"column":20}},"62":{"start":{"line":139,"column":4},"end":{"line":141,"column":5}},"63":{"start":{"line":140,"column":8},"end":{"line":140,"column":85}},"64":{"start":{"line":142,"column":4},"end":{"line":144,"column":5}},"65":{"start":{"line":143,"column":8},"end":{"line":143,"column":117}},"66":{"start":{"line":145,"column":4},"end":{"line":147,"column":5}},"67":{"start":{"line":146,"column":8},"end":{"line":146,"column":116}},"68":{"start":{"line":148,"column":4},"end":{"line":158,"column":7}},"69":{"start":{"line":149,"column":8},"end":{"line":157,"column":9}},"70":{"start":{"line":150,"column":12},"end":{"line":150,"column":52}},"71":{"start":{"line":153,"column":12},"end":{"line":155,"column":13}},"72":{"start":{"line":154,"column":16},"end":{"line":154,"column":121}},"73":{"start":{"line":156,"column":12},"end":{"line":156,"column":24}},"74":{"start":{"line":164,"column":4},"end":{"line":166,"column":5}},"75":{"start":{"line":165,"column":8},"end":{"line":165,"column":86}},"76":{"start":{"line":167,"column":16},"end":{"line":167,"column":21}},"77":{"start":{"line":168,"column":4},"end":{"line":172,"column":5}},"78":{"start":{"line":169,"column":8},"end":{"line":171,"column":9}},"79":{"start":{"line":170,"column":12},"end":{"line":170,"column":118}},"80":{"start":{"line":173,"column":4},"end":{"line":173,"column":15}},"81":{"start":{"line":179,"column":16},"end":{"line":179,"column":56}},"82":{"start":{"line":180,"column":4},"end":{"line":182,"column":5}},"83":{"start":{"line":181,"column":8},"end":{"line":181,"column":112}},"84":{"start":{"line":183,"column":4},"end":{"line":183,"column":15}},"85":{"start":{"line":189,"column":4},"end":{"line":194,"column":5}},"86":{"start":{"line":190,"column":8},"end":{"line":190,"column":38}},"87":{"start":{"line":193,"column":8},"end":{"line":193,"column":150}},"88":{"start":{"line":200,"column":17},"end":{"line":200,"column":57}},"89":{"start":{"line":202,"column":4},"end":{"line":204,"column":5}},"90":{"start":{"line":203,"column":8},"end":{"line":203,"column":101}},"91":{"start":{"line":206,"column":4},"end":{"line":208,"column":5}},"92":{"start":{"line":207,"column":8},"end":{"line":207,"column":88}},"93":{"start":{"line":209,"column":4},"end":{"line":209,"column":16}},"94":{"start":{"line":215,"column":22},"end":{"line":220,"column":6}},"95":{"start":{"line":216,"column":8},"end":{"line":218,"column":9}},"96":{"start":{"line":217,"column":12},"end":{"line":217,"column":79}},"97":{"start":{"line":219,"column":8},"end":{"line":219,"column":19}},"98":{"start":{"line":222,"column":30},"end":{"line":226,"column":5}},"99":{"start":{"line":227,"column":4},"end":{"line":233,"column":5}},"100":{"start":{"line":228,"column":8},"end":{"line":232,"column":9}},"101":{"start":{"line":229,"column":12},"end":{"line":231,"column":13}},"102":{"start":{"line":230,"column":16},"end":{"line":230,"column":105}},"103":{"start":{"line":234,"column":4},"end":{"line":234,"column":21}}},"fnMap":{"0":{"name":"(anonymous_0)","decl":{"start":{"line":24,"column":4},"end":{"line":24,"column":5}},"loc":{"start":{"line":24,"column":39},"end":{"line":29,"column":5}},"line":24},"1":{"name":"validateNonEmptyString","decl":{"start":{"line":35,"column":9},"end":{"line":35,"column":31}},"loc":{"start":{"line":35,"column":50},"end":{"line":43,"column":1}},"line":35},"2":{"name":"validateEmail","decl":{"start":{"line":47,"column":9},"end":{"line":47,"column":22}},"loc":{"start":{"line":47,"column":51},"end":{"line":54,"column":1}},"line":47},"3":{"name":"validateNumberInRange","decl":{"start":{"line":58,"column":9},"end":{"line":58,"column":30}},"loc":{"start":{"line":58,"column":59},"end":{"line":66,"column":1}},"line":58},"4":{"name":"validatePattern","decl":{"start":{"line":70,"column":9},"end":{"line":70,"column":24}},"loc":{"start":{"line":70,"column":65},"end":{"line":79,"column":1}},"line":70},"5":{"name":"sanitizeInput","decl":{"start":{"line":84,"column":9},"end":{"line":84,"column":22}},"loc":{"start":{"line":84,"column":39},"end":{"line":108,"column":1}},"line":84},"6":{"name":"(anonymous_6)","decl":{"start":{"line":105,"column":33},"end":{"line":105,"column":34}},"loc":{"start":{"line":105,"column":41},"end":{"line":105,"column":72}},"line":105},"7":{"name":"validateIPAddress","decl":{"start":{"line":112,"column":9},"end":{"line":112,"column":26}},"loc":{"start":{"line":112,"column":59},"end":{"line":122,"column":1}},"line":112},"8":{"name":"validateHostname","decl":{"start":{"line":126,"column":9},"end":{"line":126,"column":25}},"loc":{"start":{"line":126,"column":57},"end":{"line":134,"column":1}},"line":126},"9":{"name":"validateArray","decl":{"start":{"line":138,"column":9},"end":{"line":138,"column":22}},"loc":{"start":{"line":138,"column":68},"end":{"line":159,"column":1}},"line":138},"10":{"name":"(anonymous_10)","decl":{"start":{"line":148,"column":21},"end":{"line":148,"column":22}},"loc":{"start":{"line":148,"column":41},"end":{"line":158,"column":5}},"line":148},"11":{"name":"validateObject","decl":{"start":{"line":163,"column":9},"end":{"line":163,"column":23}},"loc":{"start":{"line":163,"column":57},"end":{"line":174,"column":1}},"line":163},"12":{"name":"validateEnum","decl":{"start":{"line":178,"column":9},"end":{"line":178,"column":21}},"loc":{"start":{"line":178,"column":55},"end":{"line":184,"column":1}},"line":178},"13":{"name":"safeJSONParse","decl":{"start":{"line":188,"column":9},"end":{"line":188,"column":22}},"loc":{"start":{"line":188,"column":55},"end":{"line":195,"column":1}},"line":188},"14":{"name":"validateFilePath","decl":{"start":{"line":199,"column":9},"end":{"line":199,"column":25}},"loc":{"start":{"line":199,"column":53},"end":{"line":210,"column":1}},"line":199},"15":{"name":"validateCommandArgs","decl":{"start":{"line":214,"column":9},"end":{"line":214,"column":28}},"loc":{"start":{"line":214,"column":55},"end":{"line":235,"column":1}},"line":214},"16":{"name":"(anonymous_16)","decl":{"start":{"line":215,"column":53},"end":{"line":215,"column":54}},"loc":{"start":{"line":215,"column":62},"end":{"line":220,"column":5}},"line":215}},"branchMap":{"0":{"loc":{"start":{"line":36,"column":4},"end":{"line":38,"column":5}},"type":"if","locations":[{"start":{"line":36,"column":4},"end":{"line":38,"column":5}},{"start":{},"end":{}}],"line":36},"1":{"loc":{"start":{"line":39,"column":4},"end":{"line":41,"column":5}},"type":"if","locations":[{"start":{"line":39,"column":4},"end":{"line":41,"column":5}},{"start":{},"end":{}}],"line":39},"2":{"loc":{"start":{"line":47,"column":30},"end":{"line":47,"column":49}},"type":"default-arg","locations":[{"start":{"line":47,"column":42},"end":{"line":47,"column":49}}],"line":47},"3":{"loc":{"start":{"line":50,"column":4},"end":{"line":52,"column":5}},"type":"if","locations":[{"start":{"line":50,"column":4},"end":{"line":52,"column":5}},{"start":{},"end":{}}],"line":50},"4":{"loc":{"start":{"line":59,"column":4},"end":{"line":61,"column":5}},"type":"if","locations":[{"start":{"line":59,"column":4},"end":{"line":61,"column":5}},{"start":{},"end":{}}],"line":59},"5":{"loc":{"start":{"line":59,"column":8},"end":{"line":59,"column":49}},"type":"binary-expr","locations":[{"start":{"line":59,"column":8},"end":{"line":59,"column":33}},{"start":{"line":59,"column":37},"end":{"line":59,"column":49}}],"line":59},"6":{"loc":{"start":{"line":62,"column":4},"end":{"line":64,"column":5}},"type":"if","locations":[{"start":{"line":62,"column":4},"end":{"line":64,"column":5}},{"start":{},"end":{}}],"line":62},"7":{"loc":{"start":{"line":62,"column":8},"end":{"line":62,"column":34}},"type":"binary-expr","locations":[{"start":{"line":62,"column":8},"end":{"line":62,"column":19}},{"start":{"line":62,"column":23},"end":{"line":62,"column":34}}],"line":62},"8":{"loc":{"start":{"line":72,"column":4},"end":{"line":77,"column":5}},"type":"if","locations":[{"start":{"line":72,"column":4},"end":{"line":77,"column":5}},{"start":{},"end":{}}],"line":72},"9":{"loc":{"start":{"line":73,"column":20},"end":{"line":75,"column":60}},"type":"cond-expr","locations":[{"start":{"line":74,"column":14},"end":{"line":74,"column":43}},{"start":{"line":75,"column":14},"end":{"line":75,"column":60}}],"line":73},"10":{"loc":{"start":{"line":87,"column":4},"end":{"line":89,"column":5}},"type":"if","locations":[{"start":{"line":87,"column":4},"end":{"line":89,"column":5}},{"start":{},"end":{}}],"line":87},"11":{"loc":{"start":{"line":87,"column":8},"end":{"line":87,"column":117}},"type":"binary-expr","locations":[{"start":{"line":87,"column":9},"end":{"line":87,"column":76}},{"start":{"line":87,"column":81},"end":{"line":87,"column":117}}],"line":87},"12":{"loc":{"start":{"line":87,"column":9},"end":{"line":87,"column":76}},"type":"cond-expr","locations":[{"start":{"line":87,"column":50},"end":{"line":87,"column":56}},{"start":{"line":87,"column":59},"end":{"line":87,"column":76}}],"line":87},"13":{"loc":{"start":{"line":87,"column":9},"end":{"line":87,"column":47}},"type":"binary-expr","locations":[{"start":{"line":87,"column":9},"end":{"line":87,"column":25}},{"start":{"line":87,"column":29},"end":{"line":87,"column":47}}],"line":87},"14":{"loc":{"start":{"line":93,"column":4},"end":{"line":101,"column":5}},"type":"if","locations":[{"start":{"line":93,"column":4},"end":{"line":101,"column":5}},{"start":{},"end":{}}],"line":93},"15":{"loc":{"start":{"line":93,"column":10},"end":{"line":93,"column":77}},"type":"cond-expr","locations":[{"start":{"line":93,"column":51},"end":{"line":93,"column":57}},{"start":{"line":93,"column":60},"end":{"line":93,"column":77}}],"line":93},"16":{"loc":{"start":{"line":93,"column":10},"end":{"line":93,"column":48}},"type":"binary-expr","locations":[{"start":{"line":93,"column":10},"end":{"line":93,"column":26}},{"start":{"line":93,"column":30},"end":{"line":93,"column":48}}],"line":93},"17":{"loc":{"start":{"line":103,"column":4},"end":{"line":106,"column":5}},"type":"if","locations":[{"start":{"line":103,"column":4},"end":{"line":106,"column":5}},{"start":{},"end":{}}],"line":103},"18":{"loc":{"start":{"line":103,"column":8},"end":{"line":103,"column":78}},"type":"cond-expr","locations":[{"start":{"line":103,"column":49},"end":{"line":103,"column":55}},{"start":{"line":103,"column":58},"end":{"line":103,"column":78}}],"line":103},"19":{"loc":{"start":{"line":103,"column":8},"end":{"line":103,"column":46}},"type":"binary-expr","locations":[{"start":{"line":103,"column":8},"end":{"line":103,"column":24}},{"start":{"line":103,"column":28},"end":{"line":103,"column":46}}],"line":103},"20":{"loc":{"start":{"line":112,"column":34},"end":{"line":112,"column":57}},"type":"default-arg","locations":[{"start":{"line":112,"column":46},"end":{"line":112,"column":57}}],"line":112},"21":{"loc":{"start":{"line":118,"column":4},"end":{"line":120,"column":5}},"type":"if","locations":[{"start":{"line":118,"column":4},"end":{"line":120,"column":5}},{"start":{},"end":{}}],"line":118},"22":{"loc":{"start":{"line":118,"column":8},"end":{"line":118,"column":50}},"type":"binary-expr","locations":[{"start":{"line":118,"column":8},"end":{"line":118,"column":27}},{"start":{"line":118,"column":31},"end":{"line":118,"column":50}}],"line":118},"23":{"loc":{"start":{"line":126,"column":33},"end":{"line":126,"column":55}},"type":"default-arg","locations":[{"start":{"line":126,"column":45},"end":{"line":126,"column":55}}],"line":126},"24":{"loc":{"start":{"line":130,"column":4},"end":{"line":132,"column":5}},"type":"if","locations":[{"start":{"line":130,"column":4},"end":{"line":132,"column":5}},{"start":{},"end":{}}],"line":130},"25":{"loc":{"start":{"line":139,"column":4},"end":{"line":141,"column":5}},"type":"if","locations":[{"start":{"line":139,"column":4},"end":{"line":141,"column":5}},{"start":{},"end":{}}],"line":139},"26":{"loc":{"start":{"line":142,"column":4},"end":{"line":144,"column":5}},"type":"if","locations":[{"start":{"line":142,"column":4},"end":{"line":144,"column":5}},{"start":{},"end":{}}],"line":142},"27":{"loc":{"start":{"line":142,"column":8},"end":{"line":142,"column":127}},"type":"binary-expr","locations":[{"start":{"line":142,"column":8},"end":{"line":142,"column":91}},{"start":{"line":142,"column":95},"end":{"line":142,"column":127}}],"line":142},"28":{"loc":{"start":{"line":142,"column":9},"end":{"line":142,"column":76}},"type":"cond-expr","locations":[{"start":{"line":142,"column":50},"end":{"line":142,"column":56}},{"start":{"line":142,"column":59},"end":{"line":142,"column":76}}],"line":142},"29":{"loc":{"start":{"line":142,"column":9},"end":{"line":142,"column":47}},"type":"binary-expr","locations":[{"start":{"line":142,"column":9},"end":{"line":142,"column":25}},{"start":{"line":142,"column":29},"end":{"line":142,"column":47}}],"line":142},"30":{"loc":{"start":{"line":145,"column":4},"end":{"line":147,"column":5}},"type":"if","locations":[{"start":{"line":145,"column":4},"end":{"line":147,"column":5}},{"start":{},"end":{}}],"line":145},"31":{"loc":{"start":{"line":145,"column":8},"end":{"line":145,"column":127}},"type":"binary-expr","locations":[{"start":{"line":145,"column":8},"end":{"line":145,"column":91}},{"start":{"line":145,"column":95},"end":{"line":145,"column":127}}],"line":145},"32":{"loc":{"start":{"line":145,"column":9},"end":{"line":145,"column":76}},"type":"cond-expr","locations":[{"start":{"line":145,"column":50},"end":{"line":145,"column":56}},{"start":{"line":145,"column":59},"end":{"line":145,"column":76}}],"line":145},"33":{"loc":{"start":{"line":145,"column":9},"end":{"line":145,"column":47}},"type":"binary-expr","locations":[{"start":{"line":145,"column":9},"end":{"line":145,"column":25}},{"start":{"line":145,"column":29},"end":{"line":145,"column":47}}],"line":145},"34":{"loc":{"start":{"line":153,"column":12},"end":{"line":155,"column":13}},"type":"if","locations":[{"start":{"line":153,"column":12},"end":{"line":155,"column":13}},{"start":{},"end":{}}],"line":153},"35":{"loc":{"start":{"line":164,"column":4},"end":{"line":166,"column":5}},"type":"if","locations":[{"start":{"line":164,"column":4},"end":{"line":166,"column":5}},{"start":{},"end":{}}],"line":164},"36":{"loc":{"start":{"line":164,"column":8},"end":{"line":164,"column":51}},"type":"binary-expr","locations":[{"start":{"line":164,"column":8},"end":{"line":164,"column":33}},{"start":{"line":164,"column":37},"end":{"line":164,"column":51}}],"line":164},"37":{"loc":{"start":{"line":169,"column":8},"end":{"line":171,"column":9}},"type":"if","locations":[{"start":{"line":169,"column":8},"end":{"line":171,"column":9}},{"start":{},"end":{}}],"line":169},"38":{"loc":{"start":{"line":180,"column":4},"end":{"line":182,"column":5}},"type":"if","locations":[{"start":{"line":180,"column":4},"end":{"line":182,"column":5}},{"start":{},"end":{}}],"line":180},"39":{"loc":{"start":{"line":188,"column":35},"end":{"line":188,"column":53}},"type":"default-arg","locations":[{"start":{"line":188,"column":47},"end":{"line":188,"column":53}}],"line":188},"40":{"loc":{"start":{"line":193,"column":69},"end":{"line":193,"column":123}},"type":"cond-expr","locations":[{"start":{"line":193,"column":94},"end":{"line":193,"column":107}},{"start":{"line":193,"column":110},"end":{"line":193,"column":123}}],"line":193},"41":{"loc":{"start":{"line":199,"column":33},"end":{"line":199,"column":51}},"type":"default-arg","locations":[{"start":{"line":199,"column":45},"end":{"line":199,"column":51}}],"line":199},"42":{"loc":{"start":{"line":202,"column":4},"end":{"line":204,"column":5}},"type":"if","locations":[{"start":{"line":202,"column":4},"end":{"line":204,"column":5}},{"start":{},"end":{}}],"line":202},"43":{"loc":{"start":{"line":202,"column":8},"end":{"line":202,"column":49}},"type":"binary-expr","locations":[{"start":{"line":202,"column":8},"end":{"line":202,"column":27}},{"start":{"line":202,"column":31},"end":{"line":202,"column":49}}],"line":202},"44":{"loc":{"start":{"line":206,"column":4},"end":{"line":208,"column":5}},"type":"if","locations":[{"start":{"line":206,"column":4},"end":{"line":208,"column":5}},{"start":{},"end":{}}],"line":206},"45":{"loc":{"start":{"line":214,"column":35},"end":{"line":214,"column":53}},"type":"default-arg","locations":[{"start":{"line":214,"column":47},"end":{"line":214,"column":53}}],"line":214},"46":{"loc":{"start":{"line":216,"column":8},"end":{"line":218,"column":9}},"type":"if","locations":[{"start":{"line":216,"column":8},"end":{"line":218,"column":9}},{"start":{},"end":{}}],"line":216},"47":{"loc":{"start":{"line":229,"column":12},"end":{"line":231,"column":13}},"type":"if","locations":[{"start":{"line":229,"column":12},"end":{"line":231,"column":13}},{"start":{},"end":{}}],"line":229}},"s":{"0":1,"1":1,"2":1,"3":1,"4":1,"5":1,"6":1,"7":1,"8":1,"9":1,"10":1,"11":1,"12":1,"13":1,"14":1,"15":28,"16":28,"17":28,"18":28,"19":1,"20":35,"21":3,"22":32,"23":4,"24":28,"25":6,"26":6,"27":6,"28":4,"29":2,"30":7,"31":2,"32":5,"33":2,"34":3,"35":3,"36":3,"37":1,"38":1,"39":2,"40":3,"41":3,"42":1,"43":3,"44":3,"45":3,"46":3,"47":0,"48":0,"49":0,"50":3,"51":8,"52":8,"53":8,"54":8,"55":4,"56":4,"57":6,"58":5,"59":5,"60":2,"61":3,"62":5,"63":0,"64":5,"65":0,"66":5,"67":0,"68":5,"69":6,"70":6,"71":0,"72":0,"73":0,"74":0,"75":0,"76":0,"77":0,"78":0,"79":0,"80":0,"81":0,"82":0,"83":0,"84":0,"85":0,"86":0,"87":0,"88":5,"89":4,"90":2,"91":2,"92":0,"93":2,"94":5,"95":6,"96":0,"97":6,"98":5,"99":5,"100":6,"101":12,"102":3,"103":2},"f":{"0":28,"1":35,"2":6,"3":7,"4":3,"5":3,"6":0,"7":8,"8":6,"9":5,"10":6,"11":0,"12":0,"13":0,"14":5,"15":5,"16":6},"b":{"0":[3,32],"1":[4,28],"2":[0],"3":[4,2],"4":[2,5],"5":[7,6],"6":[2,3],"7":[5,4],"8":[1,2],"9":[0,1],"10":[1,2],"11":[3,1],"12":[0,3],"13":[3,3],"14":[3,0],"15":[0,3],"16":[3,3],"17":[0,3],"18":[0,3],"19":[3,3],"20":[0],"21":[4,4],"22":[8,5],"23":[0],"24":[2,3],"25":[0,5],"26":[0,5],"27":[5,0],"28":[5,0],"29":[5,5],"30":[0,5],"31":[5,0],"32":[5,0],"33":[5,5],"34":[0,0],"35":[0,0],"36":[0,0],"37":[0,0],"38":[0,0],"39":[0],"40":[0,0],"41":[0],"42":[2,2],"43":[4,2],"44":[0,2],"45":[5],"46":[0,6],"47":[3,9]},"inputSourceMap":null,"_coverageSchema":"1a1c01bbd47fc00a2c39e90264f33305004495a9","hash":"1516c508c5c335156628e1cfa73a13a39b86c664"}
}
