TN:
SF:gemma3n:4B-agent.js
FN:2,(anonymous_0)
FN:6,(anonymous_1)
FN:9,(anonymous_2)
FN:13,(anonymous_3)
FN:15,(anonymous_4)
FN:18,(anonymous_5)
FN:19,(anonymous_6)
FN:20,(anonymous_7)
FN:27,(anonymous_8)
FN:35,(anonymous_9)
FN:36,adopt
FN:36,(anonymous_11)
FN:37,(anonymous_12)
FN:38,fulfilled
FN:39,rejected
FN:40,step
FN:71,(anonymous_16)
FN:104,(anonymous_17)
FN:161,(anonymous_18)
FN:162,(anonymous_19)
FN:163,(anonymous_20)
FN:168,(anonymous_21)
FN:173,(anonymous_22)
FN:174,(anonymous_23)
FN:197,(anonymous_24)
FN:198,(anonymous_25)
FN:208,(anonymous_26)
FN:209,(anonymous_27)
FN:243,(anonymous_28)
FN:244,(anonymous_29)
FN:256,(anonymous_30)
FN:257,(anonymous_31)
FN:280,(anonymous_32)
FN:299,(anonymous_33)
FN:300,(anonymous_34)
FN:312,(anonymous_35)
FN:318,(anonymous_36)
FN:324,(anonymous_37)
FN:325,(anonymous_38)
FN:357,(anonymous_39)
FN:358,(anonymous_40)
FN:361,(anonymous_41)
FN:382,(anonymous_42)
FN:388,(anonymous_43)
FN:396,(anonymous_44)
FN:397,(anonymous_45)
FN:404,(anonymous_46)
FN:405,(anonymous_47)
FN:409,(anonymous_48)
FN:410,(anonymous_49)
FN:417,(anonymous_50)
FN:418,(anonymous_51)
FN:425,(anonymous_52)
FN:428,(anonymous_53)
FN:434,(anonymous_54)
FN:437,(anonymous_55)
FN:440,(anonymous_56)
FN:443,(anonymous_57)
FN:453,(anonymous_58)
FN:456,(anonymous_59)
FN:462,(anonymous_60)
FN:463,(anonymous_61)
FN:470,(anonymous_62)
FN:471,(anonymous_63)
FN:475,(anonymous_64)
FN:476,(anonymous_65)
FN:480,(anonymous_66)
FN:481,(anonymous_67)
FN:485,(anonymous_68)
FN:486,(anonymous_69)
FN:490,(anonymous_70)
FN:493,(anonymous_71)
FN:496,(anonymous_72)
FN:497,(anonymous_73)
FN:504,(anonymous_74)
FN:505,(anonymous_75)
FN:509,(anonymous_76)
FN:512,(anonymous_77)
FN:513,(anonymous_78)
FN:517,(anonymous_79)
FN:518,(anonymous_80)
FN:530,(anonymous_81)
FN:531,(anonymous_82)
FN:545,(anonymous_83)
FN:551,(anonymous_84)
FN:557,(anonymous_85)
FN:563,(anonymous_86)
FN:569,(anonymous_87)
FN:570,(anonymous_88)
FN:615,(anonymous_89)
FN:621,(anonymous_90)
FN:627,(anonymous_91)
FN:628,(anonymous_92)
FN:647,(anonymous_93)
FN:653,(anonymous_94)
FN:657,(anonymous_95)
FN:660,(anonymous_96)
FN:663,(anonymous_97)
FN:666,(anonymous_98)
FN:669,(anonymous_99)
FN:673,(anonymous_100)
FN:686,(anonymous_101)
FN:687,(anonymous_102)
FN:697,(anonymous_103)
FN:698,(anonymous_104)
FNF:105
FNH:7
FNDA:0,(anonymous_0)
FNDA:0,(anonymous_1)
FNDA:0,(anonymous_2)
FNDA:0,(anonymous_3)
FNDA:0,(anonymous_4)
FNDA:2,(anonymous_5)
FNDA:0,(anonymous_6)
FNDA:0,(anonymous_7)
FNDA:0,(anonymous_8)
FNDA:6,(anonymous_9)
FNDA:0,adopt
FNDA:0,(anonymous_11)
FNDA:6,(anonymous_12)
FNDA:0,fulfilled
FNDA:0,rejected
FNDA:6,step
FNDA:6,(anonymous_16)
FNDA:0,(anonymous_17)
FNDA:0,(anonymous_18)
FNDA:0,(anonymous_19)
FNDA:0,(anonymous_20)
FNDA:0,(anonymous_21)
FNDA:0,(anonymous_22)
FNDA:0,(anonymous_23)
FNDA:0,(anonymous_24)
FNDA:0,(anonymous_25)
FNDA:0,(anonymous_26)
FNDA:0,(anonymous_27)
FNDA:0,(anonymous_28)
FNDA:0,(anonymous_29)
FNDA:0,(anonymous_30)
FNDA:0,(anonymous_31)
FNDA:0,(anonymous_32)
FNDA:0,(anonymous_33)
FNDA:0,(anonymous_34)
FNDA:0,(anonymous_35)
FNDA:0,(anonymous_36)
FNDA:0,(anonymous_37)
FNDA:0,(anonymous_38)
FNDA:6,(anonymous_39)
FNDA:6,(anonymous_40)
FNDA:0,(anonymous_41)
FNDA:0,(anonymous_42)
FNDA:0,(anonymous_43)
FNDA:0,(anonymous_44)
FNDA:0,(anonymous_45)
FNDA:0,(anonymous_46)
FNDA:0,(anonymous_47)
FNDA:0,(anonymous_48)
FNDA:0,(anonymous_49)
FNDA:0,(anonymous_50)
FNDA:0,(anonymous_51)
FNDA:0,(anonymous_52)
FNDA:0,(anonymous_53)
FNDA:0,(anonymous_54)
FNDA:0,(anonymous_55)
FNDA:0,(anonymous_56)
FNDA:0,(anonymous_57)
FNDA:0,(anonymous_58)
FNDA:0,(anonymous_59)
FNDA:0,(anonymous_60)
FNDA:0,(anonymous_61)
FNDA:0,(anonymous_62)
FNDA:0,(anonymous_63)
FNDA:0,(anonymous_64)
FNDA:0,(anonymous_65)
FNDA:0,(anonymous_66)
FNDA:0,(anonymous_67)
FNDA:0,(anonymous_68)
FNDA:0,(anonymous_69)
FNDA:0,(anonymous_70)
FNDA:0,(anonymous_71)
FNDA:0,(anonymous_72)
FNDA:0,(anonymous_73)
FNDA:0,(anonymous_74)
FNDA:0,(anonymous_75)
FNDA:0,(anonymous_76)
FNDA:0,(anonymous_77)
FNDA:0,(anonymous_78)
FNDA:0,(anonymous_79)
FNDA:0,(anonymous_80)
FNDA:0,(anonymous_81)
FNDA:0,(anonymous_82)
FNDA:0,(anonymous_83)
FNDA:0,(anonymous_84)
FNDA:0,(anonymous_85)
FNDA:0,(anonymous_86)
FNDA:0,(anonymous_87)
FNDA:0,(anonymous_88)
FNDA:0,(anonymous_89)
FNDA:0,(anonymous_90)
FNDA:0,(anonymous_91)
FNDA:0,(anonymous_92)
FNDA:0,(anonymous_93)
FNDA:0,(anonymous_94)
FNDA:0,(anonymous_95)
FNDA:0,(anonymous_96)
FNDA:0,(anonymous_97)
FNDA:0,(anonymous_98)
FNDA:0,(anonymous_99)
FNDA:0,(anonymous_100)
FNDA:0,(anonymous_101)
FNDA:0,(anonymous_102)
FNDA:0,(anonymous_103)
FNDA:0,(anonymous_104)
DA:2,2
DA:3,0
DA:4,0
DA:5,0
DA:6,0
DA:8,0
DA:10,0
DA:11,0
DA:13,2
DA:14,0
DA:16,0
DA:18,2
DA:19,2
DA:20,0
DA:21,0
DA:22,0
DA:23,0
DA:25,0
DA:27,2
DA:28,0
DA:29,0
DA:30,0
DA:31,0
DA:32,0
DA:35,2
DA:36,0
DA:37,6
DA:38,0
DA:39,0
DA:40,6
DA:41,6
DA:44,2
DA:45,2
DA:46,2
DA:47,2
DA:48,2
DA:49,2
DA:50,2
DA:51,2
DA:52,2
DA:53,2
DA:54,2
DA:55,2
DA:56,2
DA:57,2
DA:58,2
DA:59,2
DA:60,2
DA:61,2
DA:62,2
DA:63,2
DA:64,2
DA:65,2
DA:73,6
DA:74,6
DA:76,6
DA:77,6
DA:78,6
DA:79,6
DA:80,6
DA:82,6
DA:83,6
DA:84,6
DA:86,6
DA:87,6
DA:88,0
DA:90,6
DA:91,6
DA:92,6
DA:94,6
DA:101,6
DA:104,0
DA:107,6
DA:108,6
DA:109,6
DA:112,0
DA:113,0
DA:116,6
DA:118,6
DA:126,0
DA:128,0
DA:130,0
DA:132,0
DA:134,0
DA:135,0
DA:141,0
DA:148,0
DA:155,0
DA:157,0
DA:159,0
DA:162,0
DA:163,0
DA:164,0
DA:165,0
DA:166,0
DA:169,0
DA:171,0
DA:174,0
DA:175,0
DA:176,0
DA:178,0
DA:180,0
DA:182,0
DA:184,0
DA:189,0
DA:192,0
DA:193,0
DA:198,0
DA:199,0
DA:209,0
DA:210,0
DA:211,0
DA:212,0
DA:213,0
DA:215,0
DA:217,0
DA:218,0
DA:220,0
DA:222,0
DA:223,0
DA:224,0
DA:233,0
DA:234,0
DA:235,0
DA:236,0
DA:244,0
DA:245,0
DA:250,0
DA:257,0
DA:258,0
DA:259,0
DA:260,0
DA:263,0
DA:264,0
DA:266,0
DA:267,0
DA:269,0
DA:270,0
DA:271,0
DA:282,0
DA:283,0
DA:286,0
DA:287,0
DA:290,0
DA:291,0
DA:292,0
DA:294,0
DA:300,0
DA:301,0
DA:305,0
DA:313,0
DA:319,0
DA:325,0
DA:326,0
DA:327,0
DA:329,0
DA:331,0
DA:332,0
DA:334,0
DA:335,0
DA:336,0
DA:338,0
DA:344,0
DA:347,0
DA:348,0
DA:358,6
DA:359,6
DA:360,0
DA:361,0
DA:362,0
DA:368,0
DA:369,0
DA:370,0
DA:374,0
DA:383,0
DA:389,0
DA:390,0
DA:391,0
DA:397,0
DA:398,0
DA:405,0
DA:406,0
DA:410,0
DA:411,0
DA:418,0
DA:419,0
DA:426,0
DA:429,0
DA:435,0
DA:438,0
DA:441,0
DA:444,0
DA:446,0
DA:447,0
DA:454,0
DA:457,0
DA:463,0
DA:464,0
DA:471,0
DA:472,0
DA:476,0
DA:477,0
DA:481,0
DA:482,0
DA:486,0
DA:487,0
DA:491,0
DA:494,0
DA:497,0
DA:498,0
DA:505,0
DA:506,0
DA:510,0
DA:513,0
DA:514,0
DA:518,0
DA:521,0
DA:522,0
DA:523,0
DA:531,0
DA:532,0
DA:546,0
DA:552,0
DA:558,0
DA:564,0
DA:570,0
DA:571,0
DA:572,0
DA:582,0
DA:583,0
DA:592,0
DA:607,0
DA:608,0
DA:616,0
DA:622,0
DA:628,0
DA:629,0
DA:641,0
DA:648,0
DA:654,0
DA:658,0
DA:661,0
DA:664,0
DA:667,0
DA:670,0
DA:674,0
DA:675,0
DA:678,0
DA:687,0
DA:688,0
DA:689,0
DA:692,0
DA:693,0
DA:698,0
DA:699,0
DA:700,0
DA:702,0
DA:713,2
LF:258
LH:56
BRDA:2,0,0,2
BRDA:2,0,1,2
BRDA:2,0,2,2
BRDA:2,1,0,2
BRDA:2,1,1,0
BRDA:3,2,0,0
BRDA:3,2,1,0
BRDA:5,3,0,0
BRDA:5,3,1,0
BRDA:5,4,0,0
BRDA:5,4,1,0
BRDA:5,5,0,0
BRDA:5,5,1,0
BRDA:5,6,0,0
BRDA:5,6,1,0
BRDA:10,7,0,0
BRDA:10,7,1,0
BRDA:13,8,0,2
BRDA:13,8,1,2
BRDA:13,8,2,2
BRDA:13,9,0,2
BRDA:13,9,1,0
BRDA:18,10,0,2
BRDA:18,10,1,2
BRDA:18,10,2,2
BRDA:20,11,0,0
BRDA:20,11,1,0
BRDA:22,12,0,0
BRDA:22,12,1,0
BRDA:28,13,0,0
BRDA:28,13,1,0
BRDA:28,14,0,0
BRDA:28,14,1,0
BRDA:30,15,0,0
BRDA:30,15,1,0
BRDA:30,16,0,0
BRDA:30,16,1,0
BRDA:35,17,0,2
BRDA:35,17,1,2
BRDA:35,17,2,2
BRDA:36,18,0,0
BRDA:36,18,1,0
BRDA:37,19,0,6
BRDA:37,19,1,6
BRDA:40,20,0,6
BRDA:40,20,1,0
BRDA:41,21,0,6
BRDA:41,21,1,6
BRDA:76,22,0,6
BRDA:76,22,1,6
BRDA:76,23,0,6
BRDA:76,23,1,0
BRDA:76,24,0,6
BRDA:76,24,1,6
BRDA:77,25,0,6
BRDA:77,25,1,0
BRDA:77,26,0,6
BRDA:77,26,1,6
BRDA:77,27,0,6
BRDA:77,27,1,0
BRDA:77,28,0,6
BRDA:77,28,1,6
BRDA:78,29,0,6
BRDA:78,29,1,0
BRDA:78,30,0,6
BRDA:78,30,1,6
BRDA:78,31,0,6
BRDA:78,31,1,0
BRDA:78,32,0,6
BRDA:78,32,1,6
BRDA:79,33,0,6
BRDA:79,33,1,6
BRDA:79,34,0,6
BRDA:79,34,1,0
BRDA:79,35,0,6
BRDA:79,35,1,6
BRDA:79,36,0,6
BRDA:79,36,1,0
BRDA:79,37,0,6
BRDA:79,37,1,6
BRDA:80,38,0,6
BRDA:80,38,1,6
BRDA:80,39,0,6
BRDA:80,39,1,0
BRDA:80,40,0,6
BRDA:80,40,1,6
BRDA:80,41,0,6
BRDA:80,41,1,0
BRDA:80,42,0,6
BRDA:80,42,1,6
BRDA:82,43,0,6
BRDA:82,43,1,6
BRDA:82,44,0,6
BRDA:82,44,1,0
BRDA:82,45,0,6
BRDA:82,45,1,6
BRDA:86,46,0,6
BRDA:86,46,1,0
BRDA:87,47,0,0
BRDA:87,47,1,6
BRDA:104,48,0,0
BRDA:104,48,1,6
BRDA:108,49,0,0
BRDA:108,49,1,6
BRDA:108,50,0,6
BRDA:108,50,1,6
BRDA:209,51,0,0
BRDA:225,52,0,0
BRDA:225,52,1,0
BRDA:225,53,0,0
BRDA:225,53,1,0
BRDA:225,54,0,0
BRDA:225,54,1,0
BRDA:225,55,0,0
BRDA:225,55,1,0
BRDA:246,56,0,0
BRDA:246,56,1,0
BRDA:247,57,0,0
BRDA:247,57,1,0
BRDA:259,58,0,0
BRDA:259,58,1,0
BRDA:260,59,0,0
BRDA:260,59,1,0
BRDA:263,60,0,0
BRDA:263,60,1,0
BRDA:266,61,0,0
BRDA:266,61,1,0
BRDA:266,62,0,0
BRDA:266,62,1,0
BRDA:269,63,0,0
BRDA:269,63,1,0
BRDA:282,64,0,0
BRDA:282,64,1,0
BRDA:286,65,0,0
BRDA:286,65,1,0
BRDA:291,66,0,0
BRDA:291,66,1,0
BRDA:291,67,0,0
BRDA:291,67,1,0
BRDA:359,68,0,0
BRDA:359,68,1,6
BRDA:369,69,0,0
BRDA:369,69,1,0
BRDA:446,70,0,0
BRDA:446,70,1,0
BRDA:522,71,0,0
BRDA:522,71,1,0
BRDA:531,72,0,0
BRDA:536,73,0,0
BRDA:536,73,1,0
BRDA:570,74,0,0
BRDA:576,75,0,0
BRDA:576,75,1,0
BRDA:658,76,0,0
BRDA:658,76,1,0
BRDA:674,77,0,0
BRDA:674,77,1,0
BRDA:687,78,0,0
BRDA:688,79,0,0
BRDA:688,79,1,0
BRDA:699,80,0,0
BRDA:699,80,1,0
BRF:162
BRH:64
end_of_record
TN:
SF:clients/llama-cpp-client.js
FN:2,(anonymous_0)
FN:3,adopt
FN:3,(anonymous_2)
FN:4,(anonymous_3)
FN:5,fulfilled
FN:6,rejected
FN:7,step
FN:11,(anonymous_7)
FN:12,(anonymous_8)
FN:15,(anonymous_9)
FN:16,verb
FN:16,(anonymous_11)
FN:16,(anonymous_12)
FN:17,settle
FN:17,(anonymous_14)
FN:19,(anonymous_15)
FN:22,(anonymous_16)
FN:23,awaitReturn
FN:23,(anonymous_18)
FN:24,verb
FN:24,(anonymous_20)
FN:24,(anonymous_21)
FN:25,resume
FN:26,step
FN:27,fulfill
FN:28,reject
FN:29,settle
FN:31,(anonymous_27)
FN:41,(anonymous_28)
FN:51,(anonymous_29)
FN:52,(anonymous_30)
FN:73,(anonymous_31)
FN:88,(anonymous_32)
FN:89,generateStream_1
FN:146,(anonymous_34)
FN:161,(anonymous_35)
FN:162,(anonymous_36)
FN:177,(anonymous_37)
FNF:38
FNH:2
FNDA:0,(anonymous_0)
FNDA:0,adopt
FNDA:0,(anonymous_2)
FNDA:0,(anonymous_3)
FNDA:0,fulfilled
FNDA:0,rejected
FNDA:0,step
FNDA:0,(anonymous_7)
FNDA:0,(anonymous_8)
FNDA:0,(anonymous_9)
FNDA:0,verb
FNDA:0,(anonymous_11)
FNDA:0,(anonymous_12)
FNDA:0,settle
FNDA:0,(anonymous_14)
FNDA:0,(anonymous_15)
FNDA:0,(anonymous_16)
FNDA:0,awaitReturn
FNDA:0,(anonymous_18)
FNDA:0,verb
FNDA:0,(anonymous_20)
FNDA:0,(anonymous_21)
FNDA:0,resume
FNDA:0,step
FNDA:0,fulfill
FNDA:0,reject
FNDA:0,settle
FNDA:2,(anonymous_27)
FNDA:6,(anonymous_28)
FNDA:0,(anonymous_29)
FNDA:0,(anonymous_30)
FNDA:0,(anonymous_31)
FNDA:0,(anonymous_32)
FNDA:0,generateStream_1
FNDA:0,(anonymous_34)
FNDA:0,(anonymous_35)
FNDA:0,(anonymous_36)
FNDA:0,(anonymous_37)
DA:2,2
DA:3,0
DA:4,0
DA:5,0
DA:6,0
DA:7,0
DA:8,0
DA:11,2
DA:12,2
DA:13,0
DA:14,0
DA:15,0
DA:16,0
DA:17,0
DA:19,2
DA:20,0
DA:21,0
DA:22,0
DA:23,0
DA:24,0
DA:25,0
DA:26,0
DA:27,0
DA:28,0
DA:29,0
DA:31,2
DA:32,2
DA:34,2
DA:35,2
DA:36,2
DA:42,6
DA:43,6
DA:44,6
DA:52,0
DA:54,0
DA:55,0
DA:56,0
DA:57,0
DA:58,0
DA:65,0
DA:68,0
DA:69,0
DA:70,0
DA:71,0
DA:72,0
DA:73,0
DA:76,0
DA:80,0
DA:89,0
DA:92,0
DA:93,0
DA:94,0
DA:95,0
DA:96,0
DA:109,0
DA:110,0
DA:111,0
DA:112,0
DA:113,0
DA:114,0
DA:115,0
DA:116,0
DA:117,0
DA:118,0
DA:119,0
DA:120,0
DA:121,0
DA:122,0
DA:123,0
DA:124,0
DA:131,0
DA:133,0
DA:134,0
DA:136,0
DA:138,0
DA:141,0
DA:142,0
DA:143,0
DA:144,0
DA:145,0
DA:146,0
DA:149,0
DA:153,0
DA:162,0
DA:164,0
DA:165,0
DA:166,0
DA:167,0
DA:168,0
DA:169,0
DA:172,0
DA:173,0
DA:174,0
DA:175,0
DA:176,0
DA:177,0
DA:180,0
DA:184,0
DA:188,2
LF:99
LH:13
BRDA:2,0,0,2
BRDA:2,0,1,2
BRDA:2,0,2,2
BRDA:3,1,0,0
BRDA:3,1,1,0
BRDA:4,2,0,0
BRDA:4,2,1,0
BRDA:7,3,0,0
BRDA:7,3,1,0
BRDA:8,4,0,0
BRDA:8,4,1,0
BRDA:11,5,0,2
BRDA:11,5,1,2
BRDA:11,5,2,2
BRDA:11,6,0,0
BRDA:11,6,1,0
BRDA:12,7,0,2
BRDA:12,7,1,2
BRDA:12,7,2,2
BRDA:13,8,0,0
BRDA:13,8,1,0
BRDA:15,9,0,0
BRDA:15,9,1,0
BRDA:15,10,0,0
BRDA:15,10,1,0
BRDA:16,11,0,0
BRDA:16,11,1,0
BRDA:19,12,0,2
BRDA:19,12,1,2
BRDA:19,12,2,2
BRDA:20,13,0,0
BRDA:20,13,1,0
BRDA:21,14,0,0
BRDA:21,14,1,0
BRDA:22,15,0,0
BRDA:22,15,1,0
BRDA:24,16,0,0
BRDA:24,16,1,0
BRDA:24,17,0,0
BRDA:24,17,1,0
BRDA:24,18,0,0
BRDA:24,18,1,0
BRDA:26,19,0,0
BRDA:26,19,1,0
BRDA:29,20,0,0
BRDA:29,20,1,0
BRDA:31,21,0,2
BRDA:31,21,1,2
BRDA:31,21,2,2
BRDA:32,22,0,0
BRDA:32,22,1,2
BRDA:32,23,0,2
BRDA:32,23,1,2
BRDA:41,24,0,0
BRDA:41,25,0,0
BRDA:41,25,1,0
BRDA:60,26,0,0
BRDA:60,26,1,0
BRDA:61,27,0,0
BRDA:61,27,1,0
BRDA:63,28,0,0
BRDA:63,28,1,0
BRDA:69,29,0,0
BRDA:69,29,1,0
BRDA:69,30,0,0
BRDA:69,30,1,0
BRDA:69,30,2,0
BRDA:69,31,0,0
BRDA:69,31,1,0
BRDA:69,32,0,0
BRDA:69,32,1,0
BRDA:71,33,0,0
BRDA:71,33,1,0
BRDA:80,34,0,0
BRDA:80,34,1,0
BRDA:80,35,0,0
BRDA:80,35,1,0
BRDA:80,36,0,0
BRDA:80,36,1,0
BRDA:101,37,0,0
BRDA:101,37,1,0
BRDA:102,38,0,0
BRDA:102,38,1,0
BRDA:104,39,0,0
BRDA:104,39,1,0
BRDA:118,40,0,0
BRDA:118,40,1,0
BRDA:120,41,0,0
BRDA:120,41,1,0
BRDA:123,42,0,0
BRDA:123,42,1,0
BRDA:134,43,0,0
BRDA:134,43,1,0
BRDA:134,44,0,0
BRDA:134,44,1,0
BRDA:134,44,2,0
BRDA:136,45,0,0
BRDA:136,45,1,0
BRDA:142,46,0,0
BRDA:142,46,1,0
BRDA:142,47,0,0
BRDA:142,47,1,0
BRDA:142,47,2,0
BRDA:142,48,0,0
BRDA:142,48,1,0
BRDA:142,49,0,0
BRDA:142,49,1,0
BRDA:144,50,0,0
BRDA:144,50,1,0
BRDA:153,51,0,0
BRDA:153,51,1,0
BRDA:153,52,0,0
BRDA:153,52,1,0
BRDA:153,53,0,0
BRDA:153,53,1,0
BRDA:173,54,0,0
BRDA:173,54,1,0
BRDA:173,55,0,0
BRDA:173,55,1,0
BRDA:173,55,2,0
BRDA:173,56,0,0
BRDA:173,56,1,0
BRDA:173,57,0,0
BRDA:173,57,1,0
BRDA:175,58,0,0
BRDA:175,58,1,0
BRDA:184,59,0,0
BRDA:184,59,1,0
BRDA:184,60,0,0
BRDA:184,60,1,0
BRDA:184,61,0,0
BRDA:184,61,1,0
BRF:132
BRH:18
end_of_record
TN:
SF:clients/log-analyzer-client.js
FN:2,(anonymous_0)
FN:3,adopt
FN:3,(anonymous_2)
FN:4,(anonymous_3)
FN:5,fulfilled
FN:6,rejected
FN:7,step
FN:11,(anonymous_7)
FN:18,(anonymous_8)
FN:22,(anonymous_9)
FN:23,(anonymous_10)
FNF:11
FNH:2
FNDA:0,(anonymous_0)
FNDA:0,adopt
FNDA:0,(anonymous_2)
FNDA:0,(anonymous_3)
FNDA:0,fulfilled
FNDA:0,rejected
FNDA:0,step
FNDA:2,(anonymous_7)
FNDA:6,(anonymous_8)
FNDA:0,(anonymous_9)
FNDA:0,(anonymous_10)
DA:2,2
DA:3,0
DA:4,0
DA:5,0
DA:6,0
DA:7,0
DA:8,0
DA:11,2
DA:12,2
DA:14,2
DA:15,2
DA:16,2
DA:19,6
DA:20,6
DA:23,0
DA:24,0
DA:25,0
DA:26,0
DA:29,0
DA:30,0
DA:35,2
LF:21
LH:9
BRDA:2,0,0,2
BRDA:2,0,1,2
BRDA:2,0,2,2
BRDA:3,1,0,0
BRDA:3,1,1,0
BRDA:4,2,0,0
BRDA:4,2,1,0
BRDA:7,3,0,0
BRDA:7,3,1,0
BRDA:8,4,0,0
BRDA:8,4,1,0
BRDA:11,5,0,2
BRDA:11,5,1,2
BRDA:11,5,2,2
BRDA:12,6,0,0
BRDA:12,6,1,2
BRDA:12,7,0,2
BRDA:12,7,1,2
BRF:18
BRH:9
end_of_record
TN:
SF:config/config-manager.js
FN:2,(anonymous_0)
FN:6,(anonymous_1)
FN:9,(anonymous_2)
FN:13,(anonymous_3)
FN:15,(anonymous_4)
FN:18,(anonymous_5)
FN:19,(anonymous_6)
FN:20,(anonymous_7)
FN:27,(anonymous_8)
FN:40,(anonymous_9)
FN:55,(anonymous_10)
FN:67,(anonymous_11)
FN:78,(anonymous_12)
FN:91,(anonymous_13)
FN:103,(anonymous_14)
FN:106,(anonymous_15)
FN:117,(anonymous_16)
FN:120,(anonymous_17)
FN:124,(anonymous_18)
FN:127,(anonymous_19)
FN:131,(anonymous_20)
FN:134,(anonymous_21)
FN:138,(anonymous_22)
FN:141,(anonymous_23)
FN:145,(anonymous_24)
FN:149,(anonymous_25)
FN:153,(anonymous_26)
FN:159,(anonymous_27)
FN:179,(anonymous_28)
FN:182,(anonymous_29)
FN:186,(anonymous_30)
FN:189,(anonymous_31)
FNF:32
FNH:9
FNDA:332,(anonymous_0)
FNDA:18,(anonymous_1)
FNDA:0,(anonymous_2)
FNDA:4,(anonymous_3)
FNDA:0,(anonymous_4)
FNDA:2,(anonymous_5)
FNDA:2,(anonymous_6)
FNDA:0,(anonymous_7)
FNDA:4,(anonymous_8)
FNDA:6,(anonymous_9)
FNDA:6,(anonymous_10)
FNDA:0,(anonymous_11)
FNDA:60,(anonymous_12)
FNDA:0,(anonymous_13)
FNDA:0,(anonymous_14)
FNDA:0,(anonymous_15)
FNDA:0,(anonymous_16)
FNDA:0,(anonymous_17)
FNDA:0,(anonymous_18)
FNDA:0,(anonymous_19)
FNDA:0,(anonymous_20)
FNDA:0,(anonymous_21)
FNDA:0,(anonymous_22)
FNDA:0,(anonymous_23)
FNDA:0,(anonymous_24)
FNDA:0,(anonymous_25)
FNDA:0,(anonymous_26)
FNDA:0,(anonymous_27)
FNDA:0,(anonymous_28)
FNDA:0,(anonymous_29)
FNDA:0,(anonymous_30)
FNDA:0,(anonymous_31)
DA:2,2
DA:3,332
DA:4,332
DA:5,332
DA:6,332
DA:8,332
DA:10,0
DA:11,0
DA:13,2
DA:14,4
DA:16,0
DA:18,2
DA:19,2
DA:20,2
DA:21,0
DA:22,0
DA:23,0
DA:25,2
DA:27,2
DA:28,4
DA:29,4
DA:30,332
DA:31,4
DA:32,4
DA:35,2
DA:36,2
DA:37,2
DA:38,2
DA:41,6
DA:42,6
DA:44,6
DA:45,6
DA:46,6
DA:47,6
DA:49,6
DA:51,6
DA:52,0
DA:56,6
DA:57,6
DA:58,6
DA:59,6
DA:60,6
DA:64,0
DA:68,0
DA:69,0
DA:70,0
DA:71,0
DA:75,0
DA:79,60
DA:80,60
DA:81,60
DA:82,108
DA:83,78
DA:86,30
DA:89,30
DA:92,0
DA:93,0
DA:94,0
DA:95,0
DA:96,0
DA:97,0
DA:99,0
DA:101,0
DA:104,0
DA:107,0
DA:108,0
DA:109,0
DA:110,0
DA:113,0
DA:118,0
DA:121,0
DA:125,0
DA:128,0
DA:132,0
DA:135,0
DA:139,0
DA:142,0
DA:146,0
DA:155,0
DA:156,0
DA:160,0
DA:161,0
DA:162,0
DA:163,0
DA:166,0
DA:167,0
DA:169,0
DA:170,0
DA:171,0
DA:172,0
DA:173,0
DA:174,0
DA:176,0
DA:177,0
DA:180,0
DA:183,0
DA:187,0
DA:190,0
DA:193,2
LF:99
LH:43
BRDA:2,0,0,2
BRDA:2,0,1,2
BRDA:2,0,2,2
BRDA:2,1,0,2
BRDA:2,1,1,0
BRDA:3,2,0,332
BRDA:3,2,1,0
BRDA:5,3,0,332
BRDA:5,3,1,0
BRDA:5,4,0,332
BRDA:5,4,1,332
BRDA:5,5,0,0
BRDA:5,5,1,332
BRDA:5,6,0,332
BRDA:5,6,1,0
BRDA:10,7,0,0
BRDA:10,7,1,0
BRDA:13,8,0,2
BRDA:13,8,1,2
BRDA:13,8,2,2
BRDA:13,9,0,2
BRDA:13,9,1,0
BRDA:18,10,0,2
BRDA:18,10,1,2
BRDA:18,10,2,2
BRDA:20,11,0,2
BRDA:20,11,1,0
BRDA:22,12,0,0
BRDA:22,12,1,0
BRDA:28,13,0,0
BRDA:28,13,1,4
BRDA:28,14,0,4
BRDA:28,14,1,4
BRDA:30,15,0,4
BRDA:30,15,1,0
BRDA:30,16,0,332
BRDA:30,16,1,0
BRDA:40,17,0,6
BRDA:47,18,0,6
BRDA:47,18,1,6
BRDA:51,19,0,0
BRDA:51,19,1,6
BRDA:51,20,0,6
BRDA:51,20,1,0
BRDA:58,21,0,6
BRDA:58,21,1,0
BRDA:69,22,0,0
BRDA:69,22,1,0
BRDA:69,23,0,0
BRDA:69,23,1,0
BRDA:82,24,0,78
BRDA:82,24,1,30
BRDA:82,25,0,108
BRDA:82,25,1,108
BRDA:82,25,2,108
BRDA:89,26,0,30
BRDA:89,26,1,0
BRDA:96,27,0,0
BRDA:96,27,1,0
BRDA:96,28,0,0
BRDA:96,28,1,0
BRDA:107,29,0,0
BRDA:107,29,1,0
BRDA:146,30,0,0
BRDA:146,30,1,0
BRDA:146,30,2,0
BRDA:146,30,3,0
BRDA:161,31,0,0
BRDA:161,31,1,0
BRDA:166,32,0,0
BRDA:166,32,1,0
BRDA:171,33,0,0
BRDA:171,33,1,0
BRF:73
BRH:35
end_of_record
TN:
SF:context/context-manager.js
FN:2,(anonymous_0)
FN:3,adopt
FN:3,(anonymous_2)
FN:4,(anonymous_3)
FN:5,fulfilled
FN:6,rejected
FN:7,step
FN:14,(anonymous_7)
FN:21,(anonymous_8)
FN:22,(anonymous_9)
FN:36,(anonymous_10)
FN:39,(anonymous_11)
FN:42,(anonymous_12)
FN:45,(anonymous_13)
FN:48,(anonymous_14)
FNF:15
FNH:1
FNDA:0,(anonymous_0)
FNDA:0,adopt
FNDA:0,(anonymous_2)
FNDA:0,(anonymous_3)
FNDA:0,fulfilled
FNDA:0,rejected
FNDA:0,step
FNDA:2,(anonymous_7)
FNDA:0,(anonymous_8)
FNDA:0,(anonymous_9)
FNDA:0,(anonymous_10)
FNDA:0,(anonymous_11)
FNDA:0,(anonymous_12)
FNDA:0,(anonymous_13)
FNDA:0,(anonymous_14)
DA:2,2
DA:3,0
DA:4,0
DA:5,0
DA:6,0
DA:7,0
DA:8,0
DA:11,2
DA:12,2
DA:15,2
DA:22,0
DA:26,0
DA:31,0
DA:32,0
DA:33,0
DA:37,0
DA:40,0
DA:43,0
DA:46,0
DA:49,0
DA:50,0
DA:51,0
DA:54,2
DA:55,2
LF:24
LH:6
BRDA:2,0,0,2
BRDA:2,0,1,2
BRDA:2,0,2,2
BRDA:3,1,0,0
BRDA:3,1,1,0
BRDA:4,2,0,0
BRDA:4,2,1,0
BRDA:7,3,0,0
BRDA:7,3,1,0
BRDA:8,4,0,0
BRDA:8,4,1,0
BRF:11
BRH:3
end_of_record
TN:
SF:events/event-bus.js
FNF:0
FNH:0
DA:2,2
DA:3,2
DA:4,2
DA:7,2
LF:4
LH:4
BRF:0
BRH:0
end_of_record
TN:
SF:learning/feedback-loop.js
FN:2,(anonymous_0)
FN:6,(anonymous_1)
FN:9,(anonymous_2)
FN:13,(anonymous_3)
FN:15,(anonymous_4)
FN:18,(anonymous_5)
FN:19,(anonymous_6)
FN:20,(anonymous_7)
FN:27,(anonymous_8)
FN:35,(anonymous_9)
FN:36,adopt
FN:36,(anonymous_11)
FN:37,(anonymous_12)
FN:38,fulfilled
FN:39,rejected
FN:40,step
FN:54,(anonymous_16)
FN:78,(anonymous_17)
FN:94,(anonymous_18)
FN:106,(anonymous_19)
FN:107,(anonymous_20)
FN:143,(anonymous_21)
FN:144,(anonymous_22)
FN:176,(anonymous_23)
FN:177,(anonymous_24)
FN:206,(anonymous_25)
FN:207,(anonymous_26)
FN:217,(anonymous_27)
FN:231,(anonymous_28)
FN:232,(anonymous_29)
FN:273,(anonymous_30)
FN:274,(anonymous_31)
FN:297,(anonymous_32)
FN:298,(anonymous_33)
FN:311,(anonymous_34)
FN:317,(anonymous_35)
FN:318,(anonymous_36)
FN:321,(anonymous_37)
FN:323,(anonymous_38)
FN:324,(anonymous_39)
FN:325,(anonymous_40)
FN:326,(anonymous_41)
FN:330,(anonymous_42)
FN:332,(anonymous_43)
FN:337,(anonymous_44)
FN:339,(anonymous_45)
FN:345,(anonymous_46)
FN:346,(anonymous_47)
FNF:48
FNH:5
FNDA:332,(anonymous_0)
FNDA:0,(anonymous_1)
FNDA:0,(anonymous_2)
FNDA:4,(anonymous_3)
FNDA:0,(anonymous_4)
FNDA:2,(anonymous_5)
FNDA:2,(anonymous_6)
FNDA:0,(anonymous_7)
FNDA:4,(anonymous_8)
FNDA:0,(anonymous_9)
FNDA:0,adopt
FNDA:0,(anonymous_11)
FNDA:0,(anonymous_12)
FNDA:0,fulfilled
FNDA:0,rejected
FNDA:0,step
FNDA:0,(anonymous_16)
FNDA:0,(anonymous_17)
FNDA:0,(anonymous_18)
FNDA:0,(anonymous_19)
FNDA:0,(anonymous_20)
FNDA:0,(anonymous_21)
FNDA:0,(anonymous_22)
FNDA:0,(anonymous_23)
FNDA:0,(anonymous_24)
FNDA:0,(anonymous_25)
FNDA:0,(anonymous_26)
FNDA:0,(anonymous_27)
FNDA:0,(anonymous_28)
FNDA:0,(anonymous_29)
FNDA:0,(anonymous_30)
FNDA:0,(anonymous_31)
FNDA:0,(anonymous_32)
FNDA:0,(anonymous_33)
FNDA:0,(anonymous_34)
FNDA:0,(anonymous_35)
FNDA:0,(anonymous_36)
FNDA:0,(anonymous_37)
FNDA:0,(anonymous_38)
FNDA:0,(anonymous_39)
FNDA:0,(anonymous_40)
FNDA:0,(anonymous_41)
FNDA:0,(anonymous_42)
FNDA:0,(anonymous_43)
FNDA:0,(anonymous_44)
FNDA:0,(anonymous_45)
FNDA:0,(anonymous_46)
FNDA:0,(anonymous_47)
DA:2,2
DA:3,332
DA:4,332
DA:5,332
DA:6,332
DA:8,332
DA:10,0
DA:11,0
DA:13,2
DA:14,4
DA:16,0
DA:18,2
DA:19,2
DA:20,2
DA:21,0
DA:22,0
DA:23,0
DA:25,2
DA:27,2
DA:28,4
DA:29,4
DA:30,332
DA:31,4
DA:32,4
DA:35,2
DA:36,0
DA:37,0
DA:38,0
DA:39,0
DA:40,0
DA:41,0
DA:44,2
DA:45,2
DA:46,2
DA:47,2
DA:48,2
DA:49,2
DA:55,0
DA:56,0
DA:62,0
DA:63,0
DA:64,0
DA:65,0
DA:66,0
DA:67,0
DA:69,0
DA:71,0
DA:73,0
DA:79,0
DA:80,0
DA:81,0
DA:82,0
DA:83,0
DA:87,0
DA:88,0
DA:95,0
DA:96,0
DA:97,0
DA:100,0
DA:107,0
DA:108,0
DA:110,0
DA:111,0
DA:113,0
DA:122,0
DA:123,0
DA:125,0
DA:127,0
DA:128,0
DA:131,0
DA:133,0
DA:137,0
DA:144,0
DA:146,0
DA:163,0
DA:165,0
DA:167,0
DA:170,0
DA:177,0
DA:178,0
DA:180,0
DA:181,0
DA:183,0
DA:184,0
DA:186,0
DA:187,0
DA:188,0
DA:194,0
DA:197,0
DA:207,0
DA:211,0
DA:218,0
DA:219,0
DA:221,0
DA:222,0
DA:226,0
DA:232,0
DA:236,0
DA:237,0
DA:238,0
DA:239,0
DA:241,0
DA:244,0
DA:245,0
DA:246,0
DA:249,0
DA:250,0
DA:251,0
DA:252,0
DA:254,0
DA:255,0
DA:258,0
DA:262,0
DA:274,0
DA:277,0
DA:279,0
DA:280,0
DA:282,0
DA:283,0
DA:285,0
DA:286,0
DA:288,0
DA:289,0
DA:291,0
DA:298,0
DA:302,0
DA:312,0
DA:318,0
DA:320,0
DA:321,0
DA:322,0
DA:323,0
DA:324,0
DA:325,0
DA:326,0
DA:329,0
DA:330,0
DA:332,0
DA:333,0
DA:334,0
DA:336,0
DA:337,0
DA:339,0
DA:340,0
DA:345,0
DA:346,0
DA:352,2
LF:147
LH:26
BRDA:2,0,0,2
BRDA:2,0,1,2
BRDA:2,0,2,2
BRDA:2,1,0,2
BRDA:2,1,1,0
BRDA:3,2,0,332
BRDA:3,2,1,0
BRDA:5,3,0,332
BRDA:5,3,1,0
BRDA:5,4,0,332
BRDA:5,4,1,332
BRDA:5,5,0,0
BRDA:5,5,1,332
BRDA:5,6,0,332
BRDA:5,6,1,0
BRDA:10,7,0,0
BRDA:10,7,1,0
BRDA:13,8,0,2
BRDA:13,8,1,2
BRDA:13,8,2,2
BRDA:13,9,0,2
BRDA:13,9,1,0
BRDA:18,10,0,2
BRDA:18,10,1,2
BRDA:18,10,2,2
BRDA:20,11,0,2
BRDA:20,11,1,0
BRDA:22,12,0,0
BRDA:22,12,1,0
BRDA:28,13,0,0
BRDA:28,13,1,4
BRDA:28,14,0,4
BRDA:28,14,1,4
BRDA:30,15,0,4
BRDA:30,15,1,0
BRDA:30,16,0,332
BRDA:30,16,1,0
BRDA:35,17,0,2
BRDA:35,17,1,2
BRDA:35,17,2,2
BRDA:36,18,0,0
BRDA:36,18,1,0
BRDA:37,19,0,0
BRDA:37,19,1,0
BRDA:40,20,0,0
BRDA:40,20,1,0
BRDA:41,21,0,0
BRDA:41,21,1,0
BRDA:64,22,0,0
BRDA:64,22,1,0
BRDA:66,23,0,0
BRDA:66,23,1,0
BRDA:67,24,0,0
BRDA:67,24,1,0
BRDA:81,25,0,0
BRDA:81,25,1,0
BRDA:107,26,0,0
BRDA:108,27,0,0
BRDA:108,27,1,0
BRDA:127,28,0,0
BRDA:127,28,1,0
BRDA:181,29,0,0
BRDA:181,29,1,0
BRDA:186,30,0,0
BRDA:186,30,1,0
BRDA:199,31,0,0
BRDA:199,31,1,0
BRDA:199,32,0,0
BRDA:199,32,1,0
BRDA:199,33,0,0
BRDA:199,33,1,0
BRDA:218,34,0,0
BRDA:218,34,1,0
BRDA:219,35,0,0
BRDA:219,35,1,0
BRDA:221,36,0,0
BRDA:221,36,1,0
BRDA:222,37,0,0
BRDA:222,37,1,0
BRDA:223,38,0,0
BRDA:223,38,1,0
BRDA:241,39,0,0
BRDA:241,39,1,0
BRDA:243,40,0,0
BRDA:243,40,1,0
BRDA:244,41,0,0
BRDA:244,41,1,0
BRDA:244,42,0,0
BRDA:244,42,1,0
BRDA:244,42,2,0
BRDA:249,43,0,0
BRDA:249,43,1,0
BRDA:251,44,0,0
BRDA:251,44,1,0
BRDA:254,45,0,0
BRDA:254,45,1,0
BRDA:279,46,0,0
BRDA:279,46,1,0
BRDA:282,47,0,0
BRDA:282,47,1,0
BRDA:285,48,0,0
BRDA:285,48,1,0
BRDA:288,49,0,0
BRDA:288,49,1,0
BRDA:333,50,0,0
BRDA:333,50,1,0
BRF:106
BRH:26
end_of_record
TN:
SF:memory/concept-graph.js
FN:2,(anonymous_0)
FN:3,adopt
FN:3,(anonymous_2)
FN:4,(anonymous_3)
FN:5,fulfilled
FN:6,rejected
FN:7,step
FN:15,(anonymous_7)
FN:19,(anonymous_8)
FN:25,(anonymous_9)
FN:28,(anonymous_10)
FN:31,(anonymous_11)
FN:40,(anonymous_12)
FN:48,(anonymous_13)
FN:49,(anonymous_14)
FN:63,(anonymous_15)
FN:64,(anonymous_16)
FNF:17
FNH:0
FNDA:0,(anonymous_0)
FNDA:0,adopt
FNDA:0,(anonymous_2)
FNDA:0,(anonymous_3)
FNDA:0,fulfilled
FNDA:0,rejected
FNDA:0,step
FNDA:0,(anonymous_7)
FNDA:0,(anonymous_8)
FNDA:0,(anonymous_9)
FNDA:0,(anonymous_10)
FNDA:0,(anonymous_11)
FNDA:0,(anonymous_12)
FNDA:0,(anonymous_13)
FNDA:0,(anonymous_14)
FNDA:0,(anonymous_15)
FNDA:0,(anonymous_16)
DA:2,2
DA:3,0
DA:4,0
DA:5,0
DA:6,0
DA:7,0
DA:8,0
DA:11,2
DA:12,2
DA:13,2
DA:16,0
DA:17,0
DA:20,0
DA:21,0
DA:22,0
DA:23,0
DA:26,0
DA:29,0
DA:32,0
DA:33,0
DA:35,0
DA:36,0
DA:37,0
DA:38,0
DA:41,0
DA:42,0
DA:43,0
DA:46,0
DA:49,0
DA:60,0
DA:64,0
DA:73,0
DA:77,2
LF:33
LH:5
BRDA:2,0,0,2
BRDA:2,0,1,2
BRDA:2,0,2,2
BRDA:3,1,0,0
BRDA:3,1,1,0
BRDA:4,2,0,0
BRDA:4,2,1,0
BRDA:7,3,0,0
BRDA:7,3,1,0
BRDA:8,4,0,0
BRDA:8,4,1,0
BRDA:32,5,0,0
BRDA:32,5,1,0
BRDA:32,6,0,0
BRDA:32,6,1,0
BRDA:42,7,0,0
BRDA:42,7,1,0
BRF:17
BRH:3
end_of_record
TN:
SF:memory/episodic-memory.js
FN:2,(anonymous_0)
FN:3,adopt
FN:3,(anonymous_2)
FN:4,(anonymous_3)
FN:5,fulfilled
FN:6,rejected
FN:7,step
FN:14,(anonymous_7)
FN:17,(anonymous_8)
FN:18,(anonymous_9)
FN:22,(anonymous_10)
FN:23,(anonymous_11)
FN:24,(anonymous_12)
FN:27,(anonymous_13)
FN:28,(anonymous_14)
FN:32,(anonymous_15)
FN:33,(anonymous_16)
FN:34,(anonymous_17)
FN:36,(anonymous_18)
FN:39,(anonymous_19)
FN:40,(anonymous_20)
FN:44,(anonymous_21)
FN:45,(anonymous_22)
FN:46,(anonymous_23)
FN:49,(anonymous_24)
FN:50,(anonymous_25)
FN:54,(anonymous_26)
FN:55,(anonymous_27)
FN:56,(anonymous_28)
FN:65,(anonymous_29)
FN:66,(anonymous_30)
FN:79,(anonymous_31)
FN:80,(anonymous_32)
FNF:33
FNH:0
FNDA:0,(anonymous_0)
FNDA:0,adopt
FNDA:0,(anonymous_2)
FNDA:0,(anonymous_3)
FNDA:0,fulfilled
FNDA:0,rejected
FNDA:0,step
FNDA:0,(anonymous_7)
FNDA:0,(anonymous_8)
FNDA:0,(anonymous_9)
FNDA:0,(anonymous_10)
FNDA:0,(anonymous_11)
FNDA:0,(anonymous_12)
FNDA:0,(anonymous_13)
FNDA:0,(anonymous_14)
FNDA:0,(anonymous_15)
FNDA:0,(anonymous_16)
FNDA:0,(anonymous_17)
FNDA:0,(anonymous_18)
FNDA:0,(anonymous_19)
FNDA:0,(anonymous_20)
FNDA:0,(anonymous_21)
FNDA:0,(anonymous_22)
FNDA:0,(anonymous_23)
FNDA:0,(anonymous_24)
FNDA:0,(anonymous_25)
FNDA:0,(anonymous_26)
FNDA:0,(anonymous_27)
FNDA:0,(anonymous_28)
FNDA:0,(anonymous_29)
FNDA:0,(anonymous_30)
FNDA:0,(anonymous_31)
FNDA:0,(anonymous_32)
DA:2,2
DA:3,0
DA:4,0
DA:5,0
DA:6,0
DA:7,0
DA:8,0
DA:11,2
DA:12,2
DA:15,0
DA:18,0
DA:19,0
DA:23,0
DA:24,0
DA:28,0
DA:29,0
DA:33,0
DA:34,0
DA:36,0
DA:40,0
DA:41,0
DA:45,0
DA:46,0
DA:50,0
DA:51,0
DA:55,0
DA:56,0
DA:57,0
DA:58,0
DA:61,0
DA:66,0
DA:76,0
DA:80,0
DA:85,0
DA:89,2
LF:35
LH:4
BRDA:2,0,0,2
BRDA:2,0,1,2
BRDA:2,0,2,2
BRDA:3,1,0,0
BRDA:3,1,1,0
BRDA:4,2,0,0
BRDA:4,2,1,0
BRDA:7,3,0,0
BRDA:7,3,1,0
BRDA:8,4,0,0
BRDA:8,4,1,0
BRDA:24,5,0,0
BRDA:24,5,1,0
BRDA:34,6,0,0
BRDA:34,6,1,0
BRDA:34,7,0,0
BRDA:34,7,1,0
BRDA:34,7,2,0
BRDA:36,8,0,0
BRDA:36,8,1,0
BRDA:57,9,0,0
BRDA:57,9,1,0
BRF:22
BRH:3
end_of_record
TN:
SF:memory/memory-cache.js
FN:2,(anonymous_0)
FN:3,adopt
FN:3,(anonymous_2)
FN:4,(anonymous_3)
FN:5,fulfilled
FN:6,rejected
FN:7,step
FN:15,(anonymous_7)
FN:29,(anonymous_8)
FN:30,(anonymous_9)
FN:40,(anonymous_10)
FN:41,(anonymous_11)
FN:45,(anonymous_12)
FN:48,(anonymous_13)
FN:55,(anonymous_14)
FN:56,(anonymous_15)
FN:80,(anonymous_16)
FN:81,(anonymous_17)
FNF:18
FNH:0
FNDA:0,(anonymous_0)
FNDA:0,adopt
FNDA:0,(anonymous_2)
FNDA:0,(anonymous_3)
FNDA:0,fulfilled
FNDA:0,rejected
FNDA:0,step
FNDA:0,(anonymous_7)
FNDA:0,(anonymous_8)
FNDA:0,(anonymous_9)
FNDA:0,(anonymous_10)
FNDA:0,(anonymous_11)
FNDA:0,(anonymous_12)
FNDA:0,(anonymous_13)
FNDA:0,(anonymous_14)
FNDA:0,(anonymous_15)
FNDA:0,(anonymous_16)
FNDA:0,(anonymous_17)
DA:2,2
DA:3,0
DA:4,0
DA:5,0
DA:6,0
DA:7,0
DA:8,0
DA:11,2
DA:12,2
DA:13,2
DA:16,0
DA:17,0
DA:18,0
DA:19,0
DA:20,0
DA:21,0
DA:22,0
DA:23,0
DA:25,0
DA:26,0
DA:30,0
DA:31,0
DA:32,0
DA:33,0
DA:34,0
DA:36,0
DA:37,0
DA:41,0
DA:42,0
DA:46,0
DA:49,0
DA:50,0
DA:51,0
DA:53,0
DA:56,0
DA:57,0
DA:58,0
DA:59,0
DA:71,0
DA:72,0
DA:76,0
DA:81,0
DA:82,0
DA:83,0
DA:84,0
DA:93,0
DA:94,0
DA:98,0
DA:103,2
LF:49
LH:5
BRDA:2,0,0,2
BRDA:2,0,1,2
BRDA:2,0,2,2
BRDA:3,1,0,0
BRDA:3,1,1,0
BRDA:4,2,0,0
BRDA:4,2,1,0
BRDA:7,3,0,0
BRDA:7,3,1,0
BRDA:8,4,0,0
BRDA:8,4,1,0
BRDA:15,5,0,0
BRDA:20,6,0,0
BRDA:20,6,1,0
BRDA:21,7,0,0
BRDA:21,7,1,0
BRDA:22,8,0,0
BRDA:22,8,1,0
BRDA:22,9,0,0
BRDA:22,9,1,0
BRDA:25,10,0,0
BRDA:25,10,1,0
BRDA:32,11,0,0
BRDA:32,11,1,0
BRDA:50,12,0,0
BRDA:50,12,1,0
BRDA:58,13,0,0
BRDA:58,13,1,0
BRDA:71,14,0,0
BRDA:71,14,1,0
BRDA:83,15,0,0
BRDA:83,15,1,0
BRDA:93,16,0,0
BRDA:93,16,1,0
BRF:34
BRH:3
end_of_record
TN:
SF:memory/memory-system.js
FN:2,(anonymous_0)
FN:6,(anonymous_1)
FN:9,(anonymous_2)
FN:13,(anonymous_3)
FN:15,(anonymous_4)
FN:18,(anonymous_5)
FN:19,(anonymous_6)
FN:20,(anonymous_7)
FN:27,(anonymous_8)
FN:35,(anonymous_9)
FN:36,adopt
FN:36,(anonymous_11)
FN:37,(anonymous_12)
FN:38,fulfilled
FN:39,rejected
FN:40,step
FN:64,(anonymous_16)
FN:97,(anonymous_17)
FN:100,(anonymous_18)
FN:132,(anonymous_19)
FN:133,(anonymous_20)
FN:144,(anonymous_21)
FN:145,(anonymous_22)
FN:176,(anonymous_23)
FN:177,(anonymous_24)
FN:222,(anonymous_25)
FN:229,(anonymous_26)
FN:230,(anonymous_27)
FN:239,(anonymous_28)
FN:241,(anonymous_29)
FN:254,(anonymous_30)
FN:255,(anonymous_31)
FN:263,(anonymous_32)
FN:263,(anonymous_33)
FN:265,(anonymous_34)
FN:283,(anonymous_35)
FN:284,(anonymous_36)
FN:308,(anonymous_37)
FN:309,(anonymous_38)
FN:333,(anonymous_39)
FN:334,(anonymous_40)
FN:346,(anonymous_41)
FN:348,(anonymous_42)
FN:349,(anonymous_43)
FN:374,(anonymous_44)
FN:399,(anonymous_45)
FN:400,(anonymous_46)
FN:412,(anonymous_47)
FN:412,(anonymous_48)
FN:438,(anonymous_49)
FN:439,(anonymous_50)
FN:457,(anonymous_51)
FN:458,(anonymous_52)
FN:466,(anonymous_53)
FN:467,(anonymous_54)
FN:485,(anonymous_55)
FN:486,(anonymous_56)
FNF:57
FNH:6
FNDA:332,(anonymous_0)
FNDA:0,(anonymous_1)
FNDA:0,(anonymous_2)
FNDA:4,(anonymous_3)
FNDA:0,(anonymous_4)
FNDA:2,(anonymous_5)
FNDA:2,(anonymous_6)
FNDA:0,(anonymous_7)
FNDA:4,(anonymous_8)
FNDA:0,(anonymous_9)
FNDA:0,adopt
FNDA:0,(anonymous_11)
FNDA:0,(anonymous_12)
FNDA:0,fulfilled
FNDA:0,rejected
FNDA:0,step
FNDA:6,(anonymous_16)
FNDA:0,(anonymous_17)
FNDA:0,(anonymous_18)
FNDA:0,(anonymous_19)
FNDA:0,(anonymous_20)
FNDA:0,(anonymous_21)
FNDA:0,(anonymous_22)
FNDA:0,(anonymous_23)
FNDA:0,(anonymous_24)
FNDA:0,(anonymous_25)
FNDA:0,(anonymous_26)
FNDA:0,(anonymous_27)
FNDA:0,(anonymous_28)
FNDA:0,(anonymous_29)
FNDA:0,(anonymous_30)
FNDA:0,(anonymous_31)
FNDA:0,(anonymous_32)
FNDA:0,(anonymous_33)
FNDA:0,(anonymous_34)
FNDA:0,(anonymous_35)
FNDA:0,(anonymous_36)
FNDA:0,(anonymous_37)
FNDA:0,(anonymous_38)
FNDA:0,(anonymous_39)
FNDA:0,(anonymous_40)
FNDA:0,(anonymous_41)
FNDA:0,(anonymous_42)
FNDA:0,(anonymous_43)
FNDA:0,(anonymous_44)
FNDA:0,(anonymous_45)
FNDA:0,(anonymous_46)
FNDA:0,(anonymous_47)
FNDA:0,(anonymous_48)
FNDA:0,(anonymous_49)
FNDA:0,(anonymous_50)
FNDA:0,(anonymous_51)
FNDA:0,(anonymous_52)
FNDA:0,(anonymous_53)
FNDA:0,(anonymous_54)
FNDA:0,(anonymous_55)
FNDA:0,(anonymous_56)
DA:2,2
DA:3,332
DA:4,332
DA:5,332
DA:6,332
DA:8,332
DA:10,0
DA:11,0
DA:13,2
DA:14,4
DA:16,0
DA:18,2
DA:19,2
DA:20,2
DA:21,0
DA:22,0
DA:23,0
DA:25,2
DA:27,2
DA:28,4
DA:29,4
DA:30,332
DA:31,4
DA:32,4
DA:35,2
DA:36,0
DA:37,0
DA:38,0
DA:39,0
DA:40,0
DA:41,0
DA:44,2
DA:45,2
DA:46,2
DA:47,2
DA:48,2
DA:49,2
DA:50,2
DA:51,2
DA:52,2
DA:53,2
DA:54,2
DA:55,2
DA:56,2
DA:57,2
DA:58,2
DA:59,2
DA:65,6
DA:66,6
DA:67,6
DA:68,6
DA:70,6
DA:71,6
DA:72,6
DA:73,6
DA:74,6
DA:75,6
DA:76,6
DA:78,0
DA:80,0
DA:82,0
DA:84,0
DA:91,0
DA:92,0
DA:93,0
DA:94,0
DA:95,0
DA:98,0
DA:101,0
DA:103,0
DA:106,0
DA:114,0
DA:121,0
DA:122,0
DA:124,0
DA:126,0
DA:133,0
DA:134,0
DA:135,0
DA:137,0
DA:139,0
DA:140,0
DA:141,0
DA:145,0
DA:146,0
DA:147,0
DA:148,0
DA:150,0
DA:151,0
DA:152,0
DA:154,0
DA:155,0
DA:156,0
DA:163,0
DA:164,0
DA:165,0
DA:168,0
DA:169,0
DA:177,0
DA:178,0
DA:179,0
DA:181,0
DA:183,0
DA:185,0
DA:186,0
DA:187,0
DA:188,0
DA:191,0
DA:200,0
DA:201,0
DA:212,0
DA:213,0
DA:224,0
DA:230,0
DA:233,0
DA:234,0
DA:236,0
DA:239,0
DA:241,0
DA:255,0
DA:256,0
DA:257,0
DA:259,0
DA:261,0
DA:263,0
DA:265,0
DA:271,0
DA:272,0
DA:275,0
DA:276,0
DA:284,0
DA:285,0
DA:286,0
DA:287,0
DA:288,0
DA:289,0
DA:290,0
DA:291,0
DA:292,0
DA:295,0
DA:296,0
DA:297,0
DA:300,0
DA:301,0
DA:309,0
DA:310,0
DA:311,0
DA:312,0
DA:314,0
DA:315,0
DA:317,0
DA:318,0
DA:321,0
DA:322,0
DA:325,0
DA:334,0
DA:335,0
DA:336,0
DA:338,0
DA:339,0
DA:340,0
DA:345,0
DA:346,0
DA:348,0
DA:349,0
DA:350,0
DA:352,0
DA:353,0
DA:354,0
DA:355,0
DA:358,0
DA:359,0
DA:363,0
DA:364,0
DA:365,0
DA:366,0
DA:369,0
DA:370,0
DA:374,0
DA:379,0
DA:380,0
DA:383,0
DA:384,0
DA:386,0
DA:387,0
DA:390,0
DA:391,0
DA:393,0
DA:400,0
DA:401,0
DA:402,0
DA:404,0
DA:405,0
DA:406,0
DA:407,0
DA:409,0
DA:410,0
DA:411,0
DA:412,0
DA:413,0
DA:414,0
DA:415,0
DA:418,0
DA:419,0
DA:422,0
DA:423,0
DA:426,0
DA:427,0
DA:430,0
DA:432,0
DA:439,0
DA:440,0
DA:441,0
DA:442,0
DA:450,0
DA:453,0
DA:458,0
DA:460,0
DA:467,0
DA:468,0
DA:474,0
DA:486,0
DA:487,0
DA:493,0
DA:505,2
LF:225
LH:47
BRDA:2,0,0,2
BRDA:2,0,1,2
BRDA:2,0,2,2
BRDA:2,1,0,2
BRDA:2,1,1,0
BRDA:3,2,0,332
BRDA:3,2,1,0
BRDA:5,3,0,332
BRDA:5,3,1,0
BRDA:5,4,0,332
BRDA:5,4,1,332
BRDA:5,5,0,0
BRDA:5,5,1,332
BRDA:5,6,0,332
BRDA:5,6,1,0
BRDA:10,7,0,0
BRDA:10,7,1,0
BRDA:13,8,0,2
BRDA:13,8,1,2
BRDA:13,8,2,2
BRDA:13,9,0,2
BRDA:13,9,1,0
BRDA:18,10,0,2
BRDA:18,10,1,2
BRDA:18,10,2,2
BRDA:20,11,0,2
BRDA:20,11,1,0
BRDA:22,12,0,0
BRDA:22,12,1,0
BRDA:28,13,0,0
BRDA:28,13,1,4
BRDA:28,14,0,4
BRDA:28,14,1,4
BRDA:30,15,0,4
BRDA:30,15,1,0
BRDA:30,16,0,332
BRDA:30,16,1,0
BRDA:35,17,0,2
BRDA:35,17,1,2
BRDA:35,17,2,2
BRDA:36,18,0,0
BRDA:36,18,1,0
BRDA:37,19,0,0
BRDA:37,19,1,0
BRDA:40,20,0,0
BRDA:40,20,1,0
BRDA:41,21,0,0
BRDA:41,21,1,0
BRDA:67,22,0,6
BRDA:67,22,1,0
BRDA:68,23,0,6
BRDA:68,23,1,0
BRDA:72,24,0,6
BRDA:72,24,1,6
BRDA:72,24,2,6
BRDA:73,25,0,6
BRDA:73,25,1,0
BRDA:73,26,0,6
BRDA:73,26,1,0
BRDA:85,27,0,0
BRDA:85,27,1,0
BRDA:86,28,0,0
BRDA:86,28,1,0
BRDA:94,29,0,0
BRDA:94,29,1,0
BRDA:101,30,0,0
BRDA:101,30,1,0
BRDA:101,30,2,0
BRDA:101,30,3,0
BRDA:101,30,4,0
BRDA:115,31,0,0
BRDA:115,31,1,0
BRDA:116,32,0,0
BRDA:116,32,1,0
BRDA:117,33,0,0
BRDA:117,33,1,0
BRDA:121,34,0,0
BRDA:121,34,1,0
BRDA:134,35,0,0
BRDA:134,35,1,0
BRDA:146,36,0,0
BRDA:146,36,1,0
BRDA:181,37,0,0
BRDA:181,37,1,0
BRDA:200,38,0,0
BRDA:200,38,1,0
BRDA:204,39,0,0
BRDA:204,39,1,0
BRDA:233,40,0,0
BRDA:233,40,1,0
BRDA:255,41,0,0
BRDA:266,42,0,0
BRDA:266,42,1,0
BRDA:266,42,2,0
BRDA:267,43,0,0
BRDA:267,43,1,0
BRDA:267,44,0,0
BRDA:267,44,1,0
BRDA:268,45,0,0
BRDA:268,45,1,0
BRDA:269,46,0,0
BRDA:269,46,1,0
BRDA:284,47,0,0
BRDA:285,48,0,0
BRDA:285,48,1,0
BRDA:286,49,0,0
BRDA:286,49,1,0
BRDA:288,50,0,0
BRDA:288,50,1,0
BRDA:290,51,0,0
BRDA:290,51,1,0
BRDA:314,52,0,0
BRDA:314,52,1,0
BRDA:314,53,0,0
BRDA:314,53,1,0
BRDA:317,54,0,0
BRDA:317,54,1,0
BRDA:317,55,0,0
BRDA:317,55,1,0
BRDA:321,56,0,0
BRDA:321,56,1,0
BRDA:335,57,0,0
BRDA:335,57,1,0
BRDA:348,58,0,0
BRDA:348,58,1,0
BRDA:349,59,0,0
BRDA:349,59,1,0
BRDA:359,60,0,0
BRDA:359,60,1,0
BRDA:370,61,0,0
BRDA:370,61,1,0
BRDA:376,62,0,0
BRDA:376,62,1,0
BRDA:377,63,0,0
BRDA:377,63,1,0
BRDA:384,64,0,0
BRDA:384,64,1,0
BRDA:391,65,0,0
BRDA:391,65,1,0
BRDA:400,66,0,0
BRDA:401,67,0,0
BRDA:401,67,1,0
BRF:142
BRH:33
end_of_record
TN:
SF:memory/procedural-memory.js
FN:2,(anonymous_0)
FN:3,adopt
FN:3,(anonymous_2)
FN:4,(anonymous_3)
FN:5,fulfilled
FN:6,rejected
FN:7,step
FN:14,(anonymous_7)
FN:17,(anonymous_8)
FN:18,(anonymous_9)
FN:25,(anonymous_10)
FN:26,(anonymous_11)
FN:31,(anonymous_12)
FN:32,(anonymous_13)
FN:33,(anonymous_14)
FN:36,(anonymous_15)
FN:37,(anonymous_16)
FN:48,(anonymous_17)
FN:49,(anonymous_18)
FN:53,(anonymous_19)
FN:54,(anonymous_20)
FN:58,(anonymous_21)
FN:59,(anonymous_22)
FN:63,(anonymous_23)
FN:64,(anonymous_24)
FN:71,(anonymous_25)
FN:72,(anonymous_26)
FN:86,(anonymous_27)
FN:87,(anonymous_28)
FNF:29
FNH:0
FNDA:0,(anonymous_0)
FNDA:0,adopt
FNDA:0,(anonymous_2)
FNDA:0,(anonymous_3)
FNDA:0,fulfilled
FNDA:0,rejected
FNDA:0,step
FNDA:0,(anonymous_7)
FNDA:0,(anonymous_8)
FNDA:0,(anonymous_9)
FNDA:0,(anonymous_10)
FNDA:0,(anonymous_11)
FNDA:0,(anonymous_12)
FNDA:0,(anonymous_13)
FNDA:0,(anonymous_14)
FNDA:0,(anonymous_15)
FNDA:0,(anonymous_16)
FNDA:0,(anonymous_17)
FNDA:0,(anonymous_18)
FNDA:0,(anonymous_19)
FNDA:0,(anonymous_20)
FNDA:0,(anonymous_21)
FNDA:0,(anonymous_22)
FNDA:0,(anonymous_23)
FNDA:0,(anonymous_24)
FNDA:0,(anonymous_25)
FNDA:0,(anonymous_26)
FNDA:0,(anonymous_27)
FNDA:0,(anonymous_28)
DA:2,2
DA:3,0
DA:4,0
DA:5,0
DA:6,0
DA:7,0
DA:8,0
DA:11,2
DA:12,2
DA:15,0
DA:18,0
DA:19,0
DA:20,0
DA:22,0
DA:26,0
DA:27,0
DA:28,0
DA:32,0
DA:33,0
DA:37,0
DA:39,0
DA:40,0
DA:41,0
DA:42,0
DA:45,0
DA:49,0
DA:50,0
DA:54,0
DA:55,0
DA:59,0
DA:60,0
DA:64,0
DA:65,0
DA:66,0
DA:68,0
DA:72,0
DA:83,0
DA:87,0
DA:94,0
DA:98,2
LF:40
LH:4
BRDA:2,0,0,2
BRDA:2,0,1,2
BRDA:2,0,2,2
BRDA:3,1,0,0
BRDA:3,1,1,0
BRDA:4,2,0,0
BRDA:4,2,1,0
BRDA:7,3,0,0
BRDA:7,3,1,0
BRDA:8,4,0,0
BRDA:8,4,1,0
BRDA:19,5,0,0
BRDA:19,5,1,0
BRDA:28,6,0,0
BRDA:28,6,1,0
BRDA:41,7,0,0
BRDA:41,7,1,0
BRDA:65,8,0,0
BRDA:65,8,1,0
BRF:19
BRH:3
end_of_record
TN:
SF:memory/semantic-memory.js
FN:2,(anonymous_0)
FN:3,adopt
FN:3,(anonymous_2)
FN:4,(anonymous_3)
FN:5,fulfilled
FN:6,rejected
FN:7,step
FN:14,(anonymous_7)
FN:22,(anonymous_8)
FN:23,(anonymous_9)
FN:28,(anonymous_10)
FN:29,(anonymous_11)
FN:36,(anonymous_12)
FN:37,(anonymous_13)
FN:39,(anonymous_14)
FN:42,(anonymous_15)
FN:43,(anonymous_16)
FN:50,(anonymous_17)
FN:51,(anonymous_18)
FN:57,(anonymous_19)
FN:58,(anonymous_20)
FN:64,(anonymous_21)
FN:65,(anonymous_22)
FN:71,(anonymous_23)
FN:72,(anonymous_24)
FNF:25
FNH:0
FNDA:0,(anonymous_0)
FNDA:0,adopt
FNDA:0,(anonymous_2)
FNDA:0,(anonymous_3)
FNDA:0,fulfilled
FNDA:0,rejected
FNDA:0,step
FNDA:0,(anonymous_7)
FNDA:0,(anonymous_8)
FNDA:0,(anonymous_9)
FNDA:0,(anonymous_10)
FNDA:0,(anonymous_11)
FNDA:0,(anonymous_12)
FNDA:0,(anonymous_13)
FNDA:0,(anonymous_14)
FNDA:0,(anonymous_15)
FNDA:0,(anonymous_16)
FNDA:0,(anonymous_17)
FNDA:0,(anonymous_18)
FNDA:0,(anonymous_19)
FNDA:0,(anonymous_20)
FNDA:0,(anonymous_21)
FNDA:0,(anonymous_22)
FNDA:0,(anonymous_23)
FNDA:0,(anonymous_24)
DA:2,2
DA:3,0
DA:4,0
DA:5,0
DA:6,0
DA:7,0
DA:8,0
DA:11,2
DA:12,2
DA:15,0
DA:23,0
DA:25,0
DA:29,0
DA:32,0
DA:33,0
DA:37,0
DA:38,0
DA:39,0
DA:43,0
DA:46,0
DA:47,0
DA:51,0
DA:54,0
DA:58,0
DA:61,0
DA:65,0
DA:67,0
DA:68,0
DA:72,0
DA:76,0
DA:80,2
LF:31
LH:4
BRDA:2,0,0,2
BRDA:2,0,1,2
BRDA:2,0,2,2
BRDA:3,1,0,0
BRDA:3,1,1,0
BRDA:4,2,0,0
BRDA:4,2,1,0
BRDA:7,3,0,0
BRDA:7,3,1,0
BRDA:8,4,0,0
BRDA:8,4,1,0
BRDA:37,5,0,0
BRF:12
BRH:3
end_of_record
TN:
SF:memory/working-memory.js
FN:5,(anonymous_0)
FN:9,(anonymous_1)
FN:15,(anonymous_2)
FN:18,(anonymous_3)
FN:21,(anonymous_4)
FN:22,(anonymous_5)
FN:24,(anonymous_6)
FN:27,(anonymous_7)
FN:28,(anonymous_8)
FNF:9
FNH:0
FNDA:0,(anonymous_0)
FNDA:0,(anonymous_1)
FNDA:0,(anonymous_2)
FNDA:0,(anonymous_3)
FNDA:0,(anonymous_4)
FNDA:0,(anonymous_5)
FNDA:0,(anonymous_6)
FNDA:0,(anonymous_7)
FNDA:0,(anonymous_8)
DA:2,2
DA:3,2
DA:6,0
DA:7,0
DA:10,0
DA:11,0
DA:13,0
DA:16,0
DA:19,0
DA:22,0
DA:25,0
DA:28,0
DA:29,0
DA:30,0
DA:33,0
DA:37,2
LF:16
LH:3
BRDA:5,0,0,0
BRDA:10,1,0,0
BRDA:10,1,1,0
BRDA:29,2,0,0
BRDA:29,2,1,0
BRF:5
BRH:0
end_of_record
TN:
SF:memory/stores/chromadb-store.js
FN:2,(anonymous_0)
FN:3,adopt
FN:3,(anonymous_2)
FN:4,(anonymous_3)
FN:5,fulfilled
FN:6,rejected
FN:7,step
FN:14,(anonymous_7)
FN:15,(anonymous_8)
FN:21,(anonymous_9)
FN:22,(anonymous_10)
FN:28,(anonymous_11)
FN:29,(anonymous_12)
FN:35,(anonymous_13)
FN:36,(anonymous_14)
FN:42,(anonymous_15)
FN:43,(anonymous_16)
FNF:17
FNH:0
FNDA:0,(anonymous_0)
FNDA:0,adopt
FNDA:0,(anonymous_2)
FNDA:0,(anonymous_3)
FNDA:0,fulfilled
FNDA:0,rejected
FNDA:0,step
FNDA:0,(anonymous_7)
FNDA:0,(anonymous_8)
FNDA:0,(anonymous_9)
FNDA:0,(anonymous_10)
FNDA:0,(anonymous_11)
FNDA:0,(anonymous_12)
FNDA:0,(anonymous_13)
FNDA:0,(anonymous_14)
FNDA:0,(anonymous_15)
FNDA:0,(anonymous_16)
DA:2,2
DA:3,0
DA:4,0
DA:5,0
DA:6,0
DA:7,0
DA:8,0
DA:11,2
DA:12,2
DA:15,0
DA:17,0
DA:18,0
DA:22,0
DA:24,0
DA:25,0
DA:29,0
DA:31,0
DA:32,0
DA:36,0
DA:38,0
DA:39,0
DA:43,0
DA:45,0
DA:46,0
DA:50,2
LF:25
LH:4
BRDA:2,0,0,2
BRDA:2,0,1,2
BRDA:2,0,2,2
BRDA:3,1,0,0
BRDA:3,1,1,0
BRDA:4,2,0,0
BRDA:4,2,1,0
BRDA:7,3,0,0
BRDA:7,3,1,0
BRDA:8,4,0,0
BRDA:8,4,1,0
BRF:11
BRH:3
end_of_record
TN:
SF:memory/stores/hnsw-store.js
FN:2,(anonymous_0)
FN:6,(anonymous_1)
FN:9,(anonymous_2)
FN:13,(anonymous_3)
FN:15,(anonymous_4)
FN:18,(anonymous_5)
FN:19,(anonymous_6)
FN:20,(anonymous_7)
FN:27,(anonymous_8)
FN:35,(anonymous_9)
FN:36,adopt
FN:36,(anonymous_11)
FN:37,(anonymous_12)
FN:38,fulfilled
FN:39,rejected
FN:40,step
FN:50,(anonymous_16)
FN:65,(anonymous_17)
FN:73,(anonymous_18)
FN:90,(anonymous_19)
FN:100,(anonymous_20)
FN:106,(anonymous_21)
FN:120,(anonymous_22)
FN:121,(anonymous_23)
FN:148,(anonymous_24)
FN:154,(anonymous_25)
FN:163,(anonymous_26)
FN:165,(anonymous_27)
FN:166,(anonymous_28)
FN:171,(anonymous_29)
FN:193,(anonymous_30)
FN:201,(anonymous_31)
FN:208,(anonymous_32)
FN:209,(anonymous_33)
FN:225,(anonymous_34)
FN:226,(anonymous_35)
FN:284,(anonymous_36)
FN:296,(anonymous_37)
FN:297,(anonymous_38)
FN:303,(anonymous_39)
FN:304,(anonymous_40)
FN:338,(anonymous_41)
FN:339,(anonymous_42)
FN:373,(anonymous_43)
FN:374,(anonymous_44)
FN:381,(anonymous_45)
FN:382,(anonymous_46)
FN:386,(anonymous_47)
FN:391,(anonymous_48)
FN:405,(anonymous_49)
FN:406,(anonymous_50)
FN:434,(anonymous_51)
FNF:52
FNH:5
FNDA:332,(anonymous_0)
FNDA:0,(anonymous_1)
FNDA:0,(anonymous_2)
FNDA:4,(anonymous_3)
FNDA:0,(anonymous_4)
FNDA:2,(anonymous_5)
FNDA:2,(anonymous_6)
FNDA:0,(anonymous_7)
FNDA:4,(anonymous_8)
FNDA:0,(anonymous_9)
FNDA:0,adopt
FNDA:0,(anonymous_11)
FNDA:0,(anonymous_12)
FNDA:0,fulfilled
FNDA:0,rejected
FNDA:0,step
FNDA:0,(anonymous_16)
FNDA:0,(anonymous_17)
FNDA:0,(anonymous_18)
FNDA:0,(anonymous_19)
FNDA:0,(anonymous_20)
FNDA:0,(anonymous_21)
FNDA:0,(anonymous_22)
FNDA:0,(anonymous_23)
FNDA:0,(anonymous_24)
FNDA:0,(anonymous_25)
FNDA:0,(anonymous_26)
FNDA:0,(anonymous_27)
FNDA:0,(anonymous_28)
FNDA:0,(anonymous_29)
FNDA:0,(anonymous_30)
FNDA:0,(anonymous_31)
FNDA:0,(anonymous_32)
FNDA:0,(anonymous_33)
FNDA:0,(anonymous_34)
FNDA:0,(anonymous_35)
FNDA:0,(anonymous_36)
FNDA:0,(anonymous_37)
FNDA:0,(anonymous_38)
FNDA:0,(anonymous_39)
FNDA:0,(anonymous_40)
FNDA:0,(anonymous_41)
FNDA:0,(anonymous_42)
FNDA:0,(anonymous_43)
FNDA:0,(anonymous_44)
FNDA:0,(anonymous_45)
FNDA:0,(anonymous_46)
FNDA:0,(anonymous_47)
FNDA:0,(anonymous_48)
FNDA:0,(anonymous_49)
FNDA:0,(anonymous_50)
FNDA:0,(anonymous_51)
DA:2,2
DA:3,332
DA:4,332
DA:5,332
DA:6,332
DA:8,332
DA:10,0
DA:11,0
DA:13,2
DA:14,4
DA:16,0
DA:18,2
DA:19,2
DA:20,2
DA:21,0
DA:22,0
DA:23,0
DA:25,2
DA:27,2
DA:28,4
DA:29,4
DA:30,332
DA:31,4
DA:32,4
DA:35,2
DA:36,0
DA:37,0
DA:38,0
DA:39,0
DA:40,0
DA:41,0
DA:44,2
DA:45,2
DA:46,2
DA:47,2
DA:48,2
DA:52,0
DA:53,0
DA:54,0
DA:55,0
DA:56,0
DA:64,0
DA:65,0
DA:66,0
DA:74,0
DA:75,0
DA:76,0
DA:77,0
DA:78,0
DA:79,0
DA:80,0
DA:81,0
DA:83,0
DA:84,0
DA:85,0
DA:91,0
DA:92,0
DA:93,0
DA:95,0
DA:101,0
DA:107,0
DA:108,0
DA:109,0
DA:111,0
DA:112,0
DA:113,0
DA:114,0
DA:115,0
DA:116,0
DA:117,0
DA:118,0
DA:120,0
DA:121,0
DA:122,0
DA:123,0
DA:124,0
DA:125,0
DA:127,0
DA:128,0
DA:130,0
DA:131,0
DA:132,0
DA:133,0
DA:134,0
DA:135,0
DA:137,0
DA:138,0
DA:139,0
DA:140,0
DA:141,0
DA:142,0
DA:143,0
DA:144,0
DA:146,0
DA:147,0
DA:148,0
DA:149,0
DA:150,0
DA:153,0
DA:154,0
DA:158,0
DA:165,0
DA:166,0
DA:172,0
DA:173,0
DA:174,0
DA:175,0
DA:177,0
DA:178,0
DA:180,0
DA:181,0
DA:183,0
DA:184,0
DA:186,0
DA:187,0
DA:188,0
DA:194,0
DA:195,0
DA:196,0
DA:197,0
DA:198,0
DA:199,0
DA:201,0
DA:202,0
DA:203,0
DA:204,0
DA:205,0
DA:206,0
DA:208,0
DA:209,0
DA:211,0
DA:212,0
DA:213,0
DA:215,0
DA:216,0
DA:217,0
DA:218,0
DA:219,0
DA:226,0
DA:228,0
DA:230,0
DA:237,0
DA:239,0
DA:240,0
DA:242,0
DA:244,0
DA:245,0
DA:246,0
DA:249,0
DA:250,0
DA:251,0
DA:252,0
DA:254,0
DA:255,0
DA:256,0
DA:257,0
DA:261,0
DA:262,0
DA:263,0
DA:264,0
DA:266,0
DA:267,0
DA:269,0
DA:272,0
DA:273,0
DA:276,0
DA:277,0
DA:285,0
DA:286,0
DA:287,0
DA:288,0
DA:289,0
DA:290,0
DA:291,0
DA:294,0
DA:297,0
DA:298,0
DA:299,0
DA:304,0
DA:305,0
DA:306,0
DA:309,0
DA:311,0
DA:312,0
DA:313,0
DA:314,0
DA:315,0
DA:319,0
DA:321,0
DA:322,0
DA:323,0
DA:324,0
DA:325,0
DA:326,0
DA:327,0
DA:335,0
DA:339,0
DA:340,0
DA:341,0
DA:342,0
DA:344,0
DA:345,0
DA:346,0
DA:347,0
DA:348,0
DA:349,0
DA:350,0
DA:355,0
DA:357,0
DA:358,0
DA:359,0
DA:360,0
DA:361,0
DA:364,0
DA:368,0
DA:369,0
DA:374,0
DA:375,0
DA:382,0
DA:383,0
DA:384,0
DA:385,0
DA:386,0
DA:391,0
DA:397,0
DA:398,0
DA:399,0
DA:406,0
DA:407,0
DA:408,0
DA:409,0
DA:410,0
DA:411,0
DA:412,0
DA:413,0
DA:414,0
DA:415,0
DA:416,0
DA:417,0
DA:419,0
DA:427,0
DA:428,0
DA:435,0
DA:436,0
DA:437,0
DA:438,0
DA:441,0
DA:449,2
LF:248
LH:25
BRDA:2,0,0,2
BRDA:2,0,1,2
BRDA:2,0,2,2
BRDA:2,1,0,2
BRDA:2,1,1,0
BRDA:3,2,0,332
BRDA:3,2,1,0
BRDA:5,3,0,332
BRDA:5,3,1,0
BRDA:5,4,0,332
BRDA:5,4,1,332
BRDA:5,5,0,0
BRDA:5,5,1,332
BRDA:5,6,0,332
BRDA:5,6,1,0
BRDA:10,7,0,0
BRDA:10,7,1,0
BRDA:13,8,0,2
BRDA:13,8,1,2
BRDA:13,8,2,2
BRDA:13,9,0,2
BRDA:13,9,1,0
BRDA:18,10,0,2
BRDA:18,10,1,2
BRDA:18,10,2,2
BRDA:20,11,0,2
BRDA:20,11,1,0
BRDA:22,12,0,0
BRDA:22,12,1,0
BRDA:28,13,0,0
BRDA:28,13,1,4
BRDA:28,14,0,4
BRDA:28,14,1,4
BRDA:30,15,0,4
BRDA:30,15,1,0
BRDA:30,16,0,332
BRDA:30,16,1,0
BRDA:35,17,0,2
BRDA:35,17,1,2
BRDA:35,17,2,2
BRDA:36,18,0,0
BRDA:36,18,1,0
BRDA:37,19,0,0
BRDA:37,19,1,0
BRDA:40,20,0,0
BRDA:40,20,1,0
BRDA:41,21,0,0
BRDA:41,21,1,0
BRDA:57,22,0,0
BRDA:57,22,1,0
BRDA:57,23,0,0
BRDA:57,23,1,0
BRDA:57,24,0,0
BRDA:57,24,1,0
BRDA:57,25,0,0
BRDA:57,25,1,0
BRDA:58,26,0,0
BRDA:58,26,1,0
BRDA:58,27,0,0
BRDA:58,27,1,0
BRDA:58,28,0,0
BRDA:58,28,1,0
BRDA:58,29,0,0
BRDA:58,29,1,0
BRDA:59,30,0,0
BRDA:59,30,1,0
BRDA:59,31,0,0
BRDA:59,31,1,0
BRDA:59,32,0,0
BRDA:59,32,1,0
BRDA:59,33,0,0
BRDA:59,33,1,0
BRDA:60,34,0,0
BRDA:60,34,1,0
BRDA:60,35,0,0
BRDA:60,35,1,0
BRDA:60,36,0,0
BRDA:60,36,1,0
BRDA:60,37,0,0
BRDA:60,37,1,0
BRDA:61,38,0,0
BRDA:61,38,1,0
BRDA:61,39,0,0
BRDA:61,39,1,0
BRDA:64,40,0,0
BRDA:64,40,1,0
BRDA:85,41,0,0
BRDA:85,41,1,0
BRDA:85,42,0,0
BRDA:85,42,1,0
BRDA:92,43,0,0
BRDA:92,43,1,0
BRDA:101,44,0,0
BRDA:101,44,1,0
BRDA:113,45,0,0
BRDA:113,45,1,0
BRDA:127,46,0,0
BRDA:127,46,1,0
BRDA:127,47,0,0
BRDA:127,47,1,0
BRDA:131,48,0,0
BRDA:131,48,1,0
BRDA:134,49,0,0
BRDA:134,49,1,0
BRDA:138,50,0,0
BRDA:138,50,1,0
BRDA:142,51,0,0
BRDA:142,51,1,0
BRDA:146,52,0,0
BRDA:146,52,1,0
BRDA:146,53,0,0
BRDA:146,53,1,0
BRDA:149,54,0,0
BRDA:149,54,1,0
BRDA:174,55,0,0
BRDA:174,55,1,0
BRDA:174,56,0,0
BRDA:174,56,1,0
BRDA:177,57,0,0
BRDA:177,57,1,0
BRDA:180,58,0,0
BRDA:180,58,1,0
BRDA:195,59,0,0
BRDA:195,59,1,0
BRDA:198,60,0,0
BRDA:198,60,1,0
BRDA:198,61,0,0
BRDA:198,61,1,0
BRDA:203,62,0,0
BRDA:203,62,1,0
BRDA:212,63,0,0
BRDA:212,63,1,0
BRDA:216,64,0,0
BRDA:216,64,1,0
BRDA:218,65,0,0
BRDA:218,65,1,0
BRDA:234,66,0,0
BRDA:234,66,1,0
BRDA:239,67,0,0
BRDA:239,67,1,0
BRDA:244,68,0,0
BRDA:244,68,1,0
BRDA:250,69,0,0
BRDA:250,69,1,0
BRDA:256,70,0,0
BRDA:256,70,1,0
BRDA:272,71,0,0
BRDA:272,71,1,0
BRDA:276,72,0,0
BRDA:276,72,1,0
BRDA:286,73,0,0
BRDA:286,73,1,0
BRDA:290,74,0,0
BRDA:290,74,1,0
BRDA:305,75,0,0
BRDA:305,75,1,0
BRDA:305,76,0,0
BRDA:305,76,1,0
BRDA:314,77,0,0
BRDA:314,77,1,0
BRDA:324,78,0,0
BRDA:324,78,1,0
BRDA:326,79,0,0
BRDA:326,79,1,0
BRDA:341,80,0,0
BRDA:341,80,1,0
BRDA:347,81,0,0
BRDA:347,81,1,0
BRDA:349,82,0,0
BRDA:349,82,1,0
BRDA:357,83,0,0
BRDA:357,83,1,0
BRDA:359,84,0,0
BRDA:359,84,1,0
BRDA:359,85,0,0
BRDA:359,85,1,0
BRDA:360,86,0,0
BRDA:360,86,1,0
BRDA:368,87,0,0
BRDA:368,87,1,0
BRDA:383,88,0,0
BRDA:383,88,1,0
BRDA:407,89,0,0
BRDA:407,89,1,0
BRDA:410,90,0,0
BRDA:410,90,1,0
BRDA:444,91,0,0
BRDA:444,91,1,0
BRF:188
BRH:26
end_of_record
TN:
SF:memory/stores/postgres-store.js
FN:2,(anonymous_0)
FN:3,adopt
FN:3,(anonymous_2)
FN:4,(anonymous_3)
FN:5,fulfilled
FN:6,rejected
FN:7,step
FN:25,(anonymous_7)
FN:34,(anonymous_8)
FN:35,(anonymous_9)
FN:51,(anonymous_10)
FN:52,(anonymous_11)
FN:63,(anonymous_12)
FN:64,(anonymous_13)
FN:83,(anonymous_14)
FN:84,(anonymous_15)
FN:89,(anonymous_16)
FN:96,(anonymous_17)
FN:97,(anonymous_18)
FN:107,(anonymous_19)
FN:108,(anonymous_20)
FNF:21
FNH:0
FNDA:0,(anonymous_0)
FNDA:0,adopt
FNDA:0,(anonymous_2)
FNDA:0,(anonymous_3)
FNDA:0,fulfilled
FNDA:0,rejected
FNDA:0,step
FNDA:0,(anonymous_7)
FNDA:0,(anonymous_8)
FNDA:0,(anonymous_9)
FNDA:0,(anonymous_10)
FNDA:0,(anonymous_11)
FNDA:0,(anonymous_12)
FNDA:0,(anonymous_13)
FNDA:0,(anonymous_14)
FNDA:0,(anonymous_15)
FNDA:0,(anonymous_16)
FNDA:0,(anonymous_17)
FNDA:0,(anonymous_18)
FNDA:0,(anonymous_19)
FNDA:0,(anonymous_20)
DA:2,2
DA:3,0
DA:4,0
DA:5,0
DA:6,0
DA:7,0
DA:8,0
DA:11,2
DA:12,2
DA:15,2
DA:16,2
DA:17,0
DA:21,2
DA:23,2
DA:26,0
DA:27,0
DA:29,0
DA:30,0
DA:31,0
DA:32,0
DA:35,0
DA:36,0
DA:37,0
DA:38,0
DA:47,0
DA:52,0
DA:53,0
DA:54,0
DA:55,0
DA:56,0
DA:59,0
DA:64,0
DA:65,0
DA:66,0
DA:67,0
DA:68,0
DA:69,0
DA:70,0
DA:72,0
DA:75,0
DA:76,0
DA:79,0
DA:84,0
DA:85,0
DA:86,0
DA:87,0
DA:88,0
DA:89,0
DA:92,0
DA:97,0
DA:98,0
DA:99,0
DA:100,0
DA:103,0
DA:108,0
DA:109,0
DA:110,0
DA:111,0
DA:112,0
DA:115,0
DA:120,2
LF:61
LH:8
BRDA:2,0,0,2
BRDA:2,0,1,2
BRDA:2,0,2,2
BRDA:3,1,0,0
BRDA:3,1,1,0
BRDA:4,2,0,0
BRDA:4,2,1,0
BRDA:7,3,0,0
BRDA:7,3,1,0
BRDA:8,4,0,0
BRDA:8,4,1,0
BRDA:25,5,0,0
BRDA:26,6,0,0
BRDA:26,6,1,0
BRF:14
BRH:3
end_of_record
TN:
SF:monitoring/performance-monitor.js
FN:7,(anonymous_0)
FN:22,(anonymous_1)
FN:23,(anonymous_2)
FN:26,(anonymous_3)
FN:30,(anonymous_4)
FN:33,(anonymous_5)
FN:38,(anonymous_6)
FN:41,(anonymous_7)
FN:50,(anonymous_8)
FN:53,(anonymous_9)
FN:62,(anonymous_10)
FN:66,(anonymous_11)
FN:93,(anonymous_12)
FN:98,(anonymous_13)
FN:101,(anonymous_14)
FN:108,(anonymous_15)
FN:111,(anonymous_16)
FN:118,(anonymous_17)
FN:122,(anonymous_18)
FN:127,(anonymous_19)
FN:130,(anonymous_20)
FN:134,(anonymous_21)
FN:138,(anonymous_22)
FN:146,(anonymous_23)
FN:149,(anonymous_24)
FN:155,(anonymous_25)
FN:160,(anonymous_26)
FN:166,(anonymous_27)
FN:169,(anonymous_28)
FN:172,(anonymous_29)
FNF:30
FNH:2
FNDA:6,(anonymous_0)
FNDA:6,(anonymous_1)
FNDA:0,(anonymous_2)
FNDA:0,(anonymous_3)
FNDA:0,(anonymous_4)
FNDA:0,(anonymous_5)
FNDA:0,(anonymous_6)
FNDA:0,(anonymous_7)
FNDA:0,(anonymous_8)
FNDA:0,(anonymous_9)
FNDA:0,(anonymous_10)
FNDA:0,(anonymous_11)
FNDA:0,(anonymous_12)
FNDA:0,(anonymous_13)
FNDA:0,(anonymous_14)
FNDA:0,(anonymous_15)
FNDA:0,(anonymous_16)
FNDA:0,(anonymous_17)
FNDA:0,(anonymous_18)
FNDA:0,(anonymous_19)
FNDA:0,(anonymous_20)
FNDA:0,(anonymous_21)
FNDA:0,(anonymous_22)
FNDA:0,(anonymous_23)
FNDA:0,(anonymous_24)
FNDA:0,(anonymous_25)
FNDA:0,(anonymous_26)
FNDA:0,(anonymous_27)
FNDA:0,(anonymous_28)
FNDA:0,(anonymous_29)
DA:2,2
DA:3,2
DA:4,2
DA:5,2
DA:8,6
DA:9,6
DA:10,6
DA:11,6
DA:12,6
DA:13,6
DA:14,6
DA:16,6
DA:17,30
DA:20,6
DA:23,6
DA:24,0
DA:26,6
DA:27,0
DA:28,0
DA:30,6
DA:31,0
DA:33,6
DA:34,0
DA:35,0
DA:39,0
DA:42,0
DA:43,0
DA:44,0
DA:45,0
DA:46,0
DA:48,0
DA:51,0
DA:52,0
DA:54,0
DA:55,0
DA:56,0
DA:57,0
DA:63,0
DA:64,0
DA:67,0
DA:68,0
DA:72,0
DA:74,0
DA:75,0
DA:76,0
DA:78,0
DA:79,0
DA:82,0
DA:83,0
DA:90,0
DA:94,0
DA:95,0
DA:99,0
DA:102,0
DA:103,0
DA:104,0
DA:105,0
DA:109,0
DA:112,0
DA:113,0
DA:114,0
DA:116,0
DA:119,0
DA:120,0
DA:121,0
DA:122,0
DA:123,0
DA:125,0
DA:128,0
DA:131,0
DA:132,0
DA:133,0
DA:134,0
DA:135,0
DA:138,0
DA:144,0
DA:147,0
DA:150,0
DA:156,0
DA:157,0
DA:158,0
DA:161,0
DA:162,0
DA:164,0
DA:167,0
DA:170,0
DA:173,0
DA:174,0
DA:175,0
DA:179,2
LF:90
LH:19
BRDA:11,0,0,6
BRDA:11,0,1,0
BRDA:13,1,0,6
BRDA:13,1,1,6
BRDA:34,2,0,0
BRDA:34,2,1,0
BRDA:43,3,0,0
BRDA:43,3,1,0
BRDA:56,4,0,0
BRDA:56,4,1,0
BRDA:56,5,0,0
BRDA:56,5,1,0
BRDA:56,6,0,0
BRDA:56,6,1,0
BRDA:67,7,0,0
BRDA:67,7,1,0
BRDA:75,8,0,0
BRDA:75,8,1,0
BRDA:78,9,0,0
BRDA:78,9,1,0
BRDA:82,10,0,0
BRDA:82,10,1,0
BRDA:94,11,0,0
BRDA:94,11,1,0
BRDA:104,12,0,0
BRDA:104,12,1,0
BRDA:104,13,0,0
BRDA:104,13,1,0
BRDA:104,14,0,0
BRDA:104,14,1,0
BRDA:109,15,0,0
BRDA:109,15,1,0
BRDA:113,16,0,0
BRDA:113,16,1,0
BRDA:113,17,0,0
BRDA:113,17,1,0
BRDA:118,18,0,0
BRDA:120,19,0,0
BRDA:120,19,1,0
BRDA:120,20,0,0
BRDA:120,20,1,0
BRDA:133,21,0,0
BRDA:133,21,1,0
BRDA:173,22,0,0
BRDA:173,22,1,0
BRDA:173,23,0,0
BRDA:173,23,1,0
BRF:47
BRH:3
end_of_record
TN:
SF:plugins/plugin-manager.js
FN:2,(anonymous_0)
FN:6,(anonymous_1)
FN:9,(anonymous_2)
FN:13,(anonymous_3)
FN:15,(anonymous_4)
FN:18,(anonymous_5)
FN:19,(anonymous_6)
FN:20,(anonymous_7)
FN:27,(anonymous_8)
FN:35,(anonymous_9)
FN:36,adopt
FN:36,(anonymous_11)
FN:37,(anonymous_12)
FN:38,fulfilled
FN:39,rejected
FN:40,step
FN:51,(anonymous_16)
FN:61,(anonymous_17)
FN:62,(anonymous_18)
FN:65,(anonymous_19)
FN:89,(anonymous_20)
FN:90,(anonymous_21)
FN:110,(anonymous_22)
FN:111,(anonymous_23)
FN:119,(anonymous_24)
FN:120,(anonymous_25)
FN:135,(anonymous_26)
FN:142,(anonymous_27)
FN:145,(anonymous_28)
FN:148,(anonymous_29)
FN:151,(anonymous_30)
FN:154,(anonymous_31)
FN:155,(anonymous_32)
FN:164,(anonymous_33)
FN:165,(anonymous_34)
FN:172,(anonymous_35)
FN:173,(anonymous_36)
FN:177,(anonymous_37)
FN:178,(anonymous_38)
FNF:39
FNH:5
FNDA:242,(anonymous_0)
FNDA:0,(anonymous_1)
FNDA:0,(anonymous_2)
FNDA:4,(anonymous_3)
FNDA:0,(anonymous_4)
FNDA:2,(anonymous_5)
FNDA:2,(anonymous_6)
FNDA:0,(anonymous_7)
FNDA:4,(anonymous_8)
FNDA:0,(anonymous_9)
FNDA:0,adopt
FNDA:0,(anonymous_11)
FNDA:0,(anonymous_12)
FNDA:0,fulfilled
FNDA:0,rejected
FNDA:0,step
FNDA:0,(anonymous_16)
FNDA:0,(anonymous_17)
FNDA:0,(anonymous_18)
FNDA:0,(anonymous_19)
FNDA:0,(anonymous_20)
FNDA:0,(anonymous_21)
FNDA:0,(anonymous_22)
FNDA:0,(anonymous_23)
FNDA:0,(anonymous_24)
FNDA:0,(anonymous_25)
FNDA:0,(anonymous_26)
FNDA:0,(anonymous_27)
FNDA:0,(anonymous_28)
FNDA:0,(anonymous_29)
FNDA:0,(anonymous_30)
FNDA:0,(anonymous_31)
FNDA:0,(anonymous_32)
FNDA:0,(anonymous_33)
FNDA:0,(anonymous_34)
FNDA:0,(anonymous_35)
FNDA:0,(anonymous_36)
FNDA:0,(anonymous_37)
FNDA:0,(anonymous_38)
DA:2,2
DA:3,242
DA:4,242
DA:5,242
DA:6,232
DA:8,242
DA:10,0
DA:11,0
DA:13,2
DA:14,4
DA:16,0
DA:18,2
DA:19,2
DA:20,2
DA:21,0
DA:22,0
DA:23,0
DA:25,2
DA:27,2
DA:28,4
DA:29,4
DA:30,242
DA:31,4
DA:32,4
DA:35,2
DA:36,0
DA:37,0
DA:38,0
DA:39,0
DA:40,0
DA:41,0
DA:44,2
DA:45,2
DA:46,2
DA:47,2
DA:48,2
DA:49,2
DA:52,0
DA:53,0
DA:54,0
DA:55,0
DA:56,0
DA:57,0
DA:58,0
DA:62,0
DA:63,0
DA:65,0
DA:66,0
DA:67,0
DA:68,0
DA:70,0
DA:71,0
DA:72,0
DA:73,0
DA:74,0
DA:75,0
DA:76,0
DA:79,0
DA:80,0
DA:84,0
DA:85,0
DA:90,0
DA:91,0
DA:92,0
DA:93,0
DA:94,0
DA:95,0
DA:97,0
DA:98,0
DA:99,0
DA:100,0
DA:102,0
DA:105,0
DA:106,0
DA:111,0
DA:112,0
DA:113,0
DA:114,0
DA:120,0
DA:121,0
DA:122,0
DA:123,0
DA:124,0
DA:125,0
DA:126,0
DA:131,0
DA:136,0
DA:143,0
DA:146,0
DA:149,0
DA:152,0
DA:155,0
DA:156,0
DA:157,0
DA:159,0
DA:161,0
DA:165,0
DA:166,0
DA:167,0
DA:168,0
DA:173,0
DA:174,0
DA:178,0
DA:179,0
DA:183,2
LF:105
LH:26
BRDA:2,0,0,2
BRDA:2,0,1,2
BRDA:2,0,2,2
BRDA:2,1,0,2
BRDA:2,1,1,0
BRDA:3,2,0,242
BRDA:3,2,1,0
BRDA:5,3,0,232
BRDA:5,3,1,10
BRDA:5,4,0,242
BRDA:5,4,1,242
BRDA:5,5,0,10
BRDA:5,5,1,232
BRDA:5,6,0,232
BRDA:5,6,1,10
BRDA:10,7,0,0
BRDA:10,7,1,0
BRDA:13,8,0,2
BRDA:13,8,1,2
BRDA:13,8,2,2
BRDA:13,9,0,2
BRDA:13,9,1,0
BRDA:18,10,0,2
BRDA:18,10,1,2
BRDA:18,10,2,2
BRDA:20,11,0,2
BRDA:20,11,1,0
BRDA:22,12,0,0
BRDA:22,12,1,0
BRDA:28,13,0,0
BRDA:28,13,1,4
BRDA:28,14,0,4
BRDA:28,14,1,4
BRDA:30,15,0,4
BRDA:30,15,1,0
BRDA:30,16,0,242
BRDA:30,16,1,0
BRDA:35,17,0,2
BRDA:35,17,1,2
BRDA:35,17,2,2
BRDA:36,18,0,0
BRDA:36,18,1,0
BRDA:37,19,0,0
BRDA:37,19,1,0
BRDA:40,20,0,0
BRDA:40,20,1,0
BRDA:41,21,0,0
BRDA:41,21,1,0
BRDA:54,22,0,0
BRDA:54,22,1,0
BRDA:57,23,0,0
BRDA:57,23,1,0
BRDA:66,24,0,0
BRDA:66,24,1,0
BRDA:71,25,0,0
BRDA:71,25,1,0
BRDA:93,26,0,0
BRDA:93,26,1,0
BRDA:94,27,0,0
BRDA:94,27,1,0
BRDA:113,28,0,0
BRDA:113,28,1,0
BRDA:124,29,0,0
BRDA:124,29,1,0
BRDA:124,30,0,0
BRDA:124,30,1,0
BRDA:124,30,2,0
BRDA:136,31,0,0
BRDA:136,31,1,0
BRDA:136,31,2,0
BRDA:136,31,3,0
BRDA:136,31,4,0
BRDA:157,32,0,0
BRDA:157,32,1,0
BRF:74
BRH:29
end_of_record
TN:
SF:reasoning/absolute-zero-reasoner.js
FN:2,(anonymous_0)
FN:3,adopt
FN:3,(anonymous_2)
FN:4,(anonymous_3)
FN:5,fulfilled
FN:6,rejected
FN:7,step
FN:20,(anonymous_7)
FN:40,(anonymous_8)
FN:41,(anonymous_9)
FN:102,(anonymous_10)
FN:103,(anonymous_11)
FN:115,(anonymous_12)
FN:116,(anonymous_13)
FN:131,(anonymous_14)
FN:132,(anonymous_15)
FN:155,(anonymous_16)
FN:156,(anonymous_17)
FN:194,(anonymous_18)
FN:195,(anonymous_19)
FN:197,(anonymous_20)
FN:238,(anonymous_21)
FN:239,(anonymous_22)
FN:241,(anonymous_23)
FN:290,(anonymous_24)
FN:291,(anonymous_25)
FN:301,(anonymous_26)
FN:367,(anonymous_27)
FN:368,(anonymous_28)
FN:370,(anonymous_29)
FNF:30
FNH:0
FNDA:0,(anonymous_0)
FNDA:0,adopt
FNDA:0,(anonymous_2)
FNDA:0,(anonymous_3)
FNDA:0,fulfilled
FNDA:0,rejected
FNDA:0,step
FNDA:0,(anonymous_7)
FNDA:0,(anonymous_8)
FNDA:0,(anonymous_9)
FNDA:0,(anonymous_10)
FNDA:0,(anonymous_11)
FNDA:0,(anonymous_12)
FNDA:0,(anonymous_13)
FNDA:0,(anonymous_14)
FNDA:0,(anonymous_15)
FNDA:0,(anonymous_16)
FNDA:0,(anonymous_17)
FNDA:0,(anonymous_18)
FNDA:0,(anonymous_19)
FNDA:0,(anonymous_20)
FNDA:0,(anonymous_21)
FNDA:0,(anonymous_22)
FNDA:0,(anonymous_23)
FNDA:0,(anonymous_24)
FNDA:0,(anonymous_25)
FNDA:0,(anonymous_26)
FNDA:0,(anonymous_27)
FNDA:0,(anonymous_28)
FNDA:0,(anonymous_29)
DA:2,2
DA:3,0
DA:4,0
DA:5,0
DA:6,0
DA:7,0
DA:8,0
DA:11,2
DA:12,2
DA:13,2
DA:14,2
DA:23,0
DA:24,0
DA:25,0
DA:26,0
DA:27,0
DA:28,0
DA:29,0
DA:31,0
DA:32,0
DA:33,0
DA:34,0
DA:41,0
DA:42,0
DA:44,0
DA:46,0
DA:91,0
DA:96,0
DA:103,0
DA:104,0
DA:105,0
DA:107,0
DA:110,0
DA:111,0
DA:116,0
DA:117,0
DA:118,0
DA:120,0
DA:123,0
DA:124,0
DA:132,0
DA:133,0
DA:134,0
DA:136,0
DA:138,0
DA:140,0
DA:142,0
DA:144,0
DA:146,0
DA:148,0
DA:156,0
DA:157,0
DA:175,0
DA:176,0
DA:177,0
DA:178,0
DA:181,0
DA:182,0
DA:195,0
DA:196,0
DA:197,0
DA:199,0
DA:220,0
DA:221,0
DA:222,0
DA:223,0
DA:226,0
DA:227,0
DA:239,0
DA:240,0
DA:241,0
DA:243,0
DA:270,0
DA:271,0
DA:272,0
DA:273,0
DA:276,0
DA:277,0
DA:291,0
DA:292,0
DA:293,0
DA:300,0
DA:301,0
DA:304,0
DA:333,0
DA:334,0
DA:335,0
DA:337,0
DA:338,0
DA:339,0
DA:340,0
DA:341,0
DA:342,0
DA:346,0
DA:354,0
DA:355,0
DA:368,0
DA:369,0
DA:370,0
DA:373,0
DA:386,0
DA:387,0
DA:388,0
DA:391,0
DA:392,0
DA:397,2
LF:106
LH:6
BRDA:2,0,0,2
BRDA:2,0,1,2
BRDA:2,0,2,2
BRDA:3,1,0,0
BRDA:3,1,1,0
BRDA:4,2,0,0
BRDA:4,2,1,0
BRDA:7,3,0,0
BRDA:7,3,1,0
BRDA:8,4,0,0
BRDA:8,4,1,0
BRDA:28,5,0,0
BRDA:28,5,1,0
BRDA:31,6,0,0
BRDA:31,6,1,0
BRDA:32,7,0,0
BRDA:32,7,1,0
BRDA:33,8,0,0
BRDA:33,8,1,0
BRDA:34,9,0,0
BRDA:34,9,1,0
BRDA:34,10,0,0
BRDA:34,10,1,0
BRDA:134,11,0,0
BRDA:134,11,1,0
BRDA:134,11,2,0
BRDA:134,11,3,0
BRDA:134,11,4,0
BRDA:134,11,5,0
BRDA:134,11,6,0
BRDA:136,12,0,0
BRDA:136,12,1,0
BRDA:140,13,0,0
BRDA:140,13,1,0
BRDA:142,14,0,0
BRDA:142,14,1,0
BRDA:142,15,0,0
BRDA:142,15,1,0
BRDA:144,16,0,0
BRDA:144,16,1,0
BRDA:146,17,0,0
BRDA:146,17,1,0
BRDA:146,17,2,0
BRDA:178,18,0,0
BRDA:178,18,1,0
BRDA:196,19,0,0
BRDA:196,19,1,0
BRDA:223,20,0,0
BRDA:223,20,1,0
BRDA:240,21,0,0
BRDA:240,21,1,0
BRDA:273,22,0,0
BRDA:273,22,1,0
BRDA:292,23,0,0
BRDA:292,23,1,0
BRDA:300,24,0,0
BRDA:300,24,1,0
BRDA:338,25,0,0
BRDA:338,25,1,0
BRDA:341,26,0,0
BRDA:341,26,1,0
BRDA:341,27,0,0
BRDA:341,27,1,0
BRDA:342,28,0,0
BRDA:342,28,1,0
BRDA:348,29,0,0
BRDA:348,29,1,0
BRDA:350,30,0,0
BRDA:350,30,1,0
BRDA:369,31,0,0
BRDA:369,31,1,0
BRF:71
BRH:3
end_of_record
TN:
SF:reasoning/darwin-godel-engine.js
FN:2,(anonymous_0)
FN:3,adopt
FN:3,(anonymous_2)
FN:4,(anonymous_3)
FN:5,fulfilled
FN:6,rejected
FN:7,step
FN:21,(anonymous_7)
FN:51,(anonymous_8)
FN:52,(anonymous_9)
FN:112,(anonymous_10)
FN:113,(anonymous_11)
FN:127,(anonymous_12)
FN:128,(anonymous_13)
FN:132,(anonymous_14)
FN:141,(anonymous_15)
FN:142,(anonymous_16)
FN:165,(anonymous_17)
FN:166,(anonymous_18)
FN:173,(anonymous_19)
FN:197,(anonymous_20)
FN:201,(anonymous_21)
FN:205,(anonymous_22)
FN:205,(anonymous_23)
FN:211,(anonymous_24)
FN:213,(anonymous_25)
FN:213,(anonymous_26)
FN:225,(anonymous_27)
FN:233,(anonymous_28)
FN:234,(anonymous_29)
FN:254,(anonymous_30)
FN:263,(anonymous_31)
FN:271,(anonymous_32)
FN:273,(anonymous_33)
FN:274,(anonymous_34)
FN:290,(anonymous_35)
FN:291,(anonymous_36)
FN:318,(anonymous_37)
FN:319,(anonymous_38)
FN:329,(anonymous_39)
FN:346,(anonymous_40)
FN:347,(anonymous_41)
FN:355,(anonymous_42)
FN:356,(anonymous_43)
FN:372,(anonymous_44)
FN:389,(anonymous_45)
FN:441,(anonymous_46)
FN:458,(anonymous_47)
FN:459,(anonymous_48)
FN:490,(anonymous_49)
FN:491,(anonymous_50)
FN:492,(anonymous_51)
FN:494,(anonymous_52)
FN:496,(anonymous_53)
FN:505,(anonymous_54)
FN:506,(anonymous_55)
FN:508,(anonymous_56)
FN:510,(anonymous_57)
FN:519,(anonymous_58)
FN:520,(anonymous_59)
FN:522,(anonymous_60)
FN:524,(anonymous_61)
FN:527,(anonymous_62)
FN:531,(anonymous_63)
FN:532,(anonymous_64)
FN:538,(anonymous_65)
FN:539,(anonymous_66)
FN:541,(anonymous_67)
FN:543,(anonymous_68)
FN:552,(anonymous_69)
FN:553,(anonymous_70)
FN:562,(anonymous_71)
FN:572,(anonymous_72)
FN:576,(anonymous_73)
FN:589,(anonymous_74)
FN:590,(anonymous_75)
FN:618,(anonymous_76)
FN:646,(anonymous_77)
FN:649,(anonymous_78)
FN:652,(anonymous_79)
FN:678,(anonymous_80)
FN:679,(anonymous_81)
FN:687,(anonymous_82)
FN:690,(anonymous_83)
FN:693,(anonymous_84)
FN:696,(anonymous_85)
FN:709,(anonymous_86)
FN:740,(anonymous_87)
FN:741,(anonymous_88)
FN:751,(anonymous_89)
FN:762,(anonymous_90)
FN:765,(anonymous_91)
FN:775,(anonymous_92)
FN:782,(anonymous_93)
FNF:94
FNH:0
FNDA:0,(anonymous_0)
FNDA:0,adopt
FNDA:0,(anonymous_2)
FNDA:0,(anonymous_3)
FNDA:0,fulfilled
FNDA:0,rejected
FNDA:0,step
FNDA:0,(anonymous_7)
FNDA:0,(anonymous_8)
FNDA:0,(anonymous_9)
FNDA:0,(anonymous_10)
FNDA:0,(anonymous_11)
FNDA:0,(anonymous_12)
FNDA:0,(anonymous_13)
FNDA:0,(anonymous_14)
FNDA:0,(anonymous_15)
FNDA:0,(anonymous_16)
FNDA:0,(anonymous_17)
FNDA:0,(anonymous_18)
FNDA:0,(anonymous_19)
FNDA:0,(anonymous_20)
FNDA:0,(anonymous_21)
FNDA:0,(anonymous_22)
FNDA:0,(anonymous_23)
FNDA:0,(anonymous_24)
FNDA:0,(anonymous_25)
FNDA:0,(anonymous_26)
FNDA:0,(anonymous_27)
FNDA:0,(anonymous_28)
FNDA:0,(anonymous_29)
FNDA:0,(anonymous_30)
FNDA:0,(anonymous_31)
FNDA:0,(anonymous_32)
FNDA:0,(anonymous_33)
FNDA:0,(anonymous_34)
FNDA:0,(anonymous_35)
FNDA:0,(anonymous_36)
FNDA:0,(anonymous_37)
FNDA:0,(anonymous_38)
FNDA:0,(anonymous_39)
FNDA:0,(anonymous_40)
FNDA:0,(anonymous_41)
FNDA:0,(anonymous_42)
FNDA:0,(anonymous_43)
FNDA:0,(anonymous_44)
FNDA:0,(anonymous_45)
FNDA:0,(anonymous_46)
FNDA:0,(anonymous_47)
FNDA:0,(anonymous_48)
FNDA:0,(anonymous_49)
FNDA:0,(anonymous_50)
FNDA:0,(anonymous_51)
FNDA:0,(anonymous_52)
FNDA:0,(anonymous_53)
FNDA:0,(anonymous_54)
FNDA:0,(anonymous_55)
FNDA:0,(anonymous_56)
FNDA:0,(anonymous_57)
FNDA:0,(anonymous_58)
FNDA:0,(anonymous_59)
FNDA:0,(anonymous_60)
FNDA:0,(anonymous_61)
FNDA:0,(anonymous_62)
FNDA:0,(anonymous_63)
FNDA:0,(anonymous_64)
FNDA:0,(anonymous_65)
FNDA:0,(anonymous_66)
FNDA:0,(anonymous_67)
FNDA:0,(anonymous_68)
FNDA:0,(anonymous_69)
FNDA:0,(anonymous_70)
FNDA:0,(anonymous_71)
FNDA:0,(anonymous_72)
FNDA:0,(anonymous_73)
FNDA:0,(anonymous_74)
FNDA:0,(anonymous_75)
FNDA:0,(anonymous_76)
FNDA:0,(anonymous_77)
FNDA:0,(anonymous_78)
FNDA:0,(anonymous_79)
FNDA:0,(anonymous_80)
FNDA:0,(anonymous_81)
FNDA:0,(anonymous_82)
FNDA:0,(anonymous_83)
FNDA:0,(anonymous_84)
FNDA:0,(anonymous_85)
FNDA:0,(anonymous_86)
FNDA:0,(anonymous_87)
FNDA:0,(anonymous_88)
FNDA:0,(anonymous_89)
FNDA:0,(anonymous_90)
FNDA:0,(anonymous_91)
FNDA:0,(anonymous_92)
FNDA:0,(anonymous_93)
DA:2,2
DA:3,0
DA:4,0
DA:5,0
DA:6,0
DA:7,0
DA:8,0
DA:11,2
DA:12,2
DA:13,2
DA:14,2
DA:15,2
DA:24,0
DA:25,0
DA:26,0
DA:27,0
DA:29,0
DA:30,0
DA:31,0
DA:32,0
DA:33,0
DA:34,0
DA:35,0
DA:37,0
DA:38,0
DA:39,0
DA:40,0
DA:41,0
DA:43,0
DA:44,0
DA:45,0
DA:52,0
DA:53,0
DA:55,0
DA:57,0
DA:59,0
DA:100,0
DA:106,0
DA:113,0
DA:115,0
DA:117,0
DA:118,0
DA:119,0
DA:120,0
DA:121,0
DA:128,0
DA:130,0
DA:132,0
DA:133,0
DA:135,0
DA:142,0
DA:143,0
DA:144,0
DA:146,0
DA:148,0
DA:150,0
DA:152,0
DA:153,0
DA:155,0
DA:156,0
DA:158,0
DA:166,0
DA:168,0
DA:169,0
DA:170,0
DA:171,0
DA:172,0
DA:173,0
DA:174,0
DA:175,0
DA:176,0
DA:177,0
DA:178,0
DA:181,0
DA:182,0
DA:183,0
DA:185,0
DA:198,0
DA:200,0
DA:201,0
DA:203,0
DA:204,0
DA:205,0
DA:206,0
DA:208,0
DA:211,0
DA:212,0
DA:213,0
DA:214,0
DA:216,0
DA:217,0
DA:218,0
DA:220,0
DA:221,0
DA:222,0
DA:223,0
DA:225,0
DA:226,0
DA:227,0
DA:228,0
DA:234,0
DA:235,0
DA:237,0
DA:238,0
DA:240,0
DA:241,0
DA:243,0
DA:244,0
DA:245,0
DA:249,0
DA:250,0
DA:254,0
DA:257,0
DA:264,0
DA:265,0
DA:266,0
DA:273,0
DA:274,0
DA:276,0
DA:277,0
DA:278,0
DA:279,0
DA:280,0
DA:281,0
DA:285,0
DA:291,0
DA:292,0
DA:304,0
DA:305,0
DA:306,0
DA:309,0
DA:311,0
DA:319,0
DA:320,0
DA:329,0
DA:333,0
DA:334,0
DA:335,0
DA:338,0
DA:339,0
DA:347,0
DA:348,0
DA:349,0
DA:356,0
DA:357,0
DA:359,0
DA:360,0
DA:361,0
DA:362,0
DA:364,0
DA:365,0
DA:367,0
DA:369,0
DA:370,0
DA:372,0
DA:373,0
DA:374,0
DA:375,0
DA:376,0
DA:377,0
DA:378,0
DA:381,0
DA:382,0
DA:388,0
DA:389,0
DA:390,0
DA:391,0
DA:392,0
DA:393,0
DA:394,0
DA:395,0
DA:398,0
DA:399,0
DA:404,0
DA:405,0
DA:406,0
DA:407,0
DA:409,0
DA:410,0
DA:413,0
DA:414,0
DA:417,0
DA:419,0
DA:421,0
DA:423,0
DA:425,0
DA:429,0
DA:431,0
DA:435,0
DA:442,0
DA:443,0
DA:444,0
DA:445,0
DA:446,0
DA:447,0
DA:448,0
DA:449,0
DA:451,0
DA:452,0
DA:453,0
DA:459,0
DA:461,0
DA:468,0
DA:484,0
DA:491,0
DA:492,0
DA:494,0
DA:495,0
DA:496,0
DA:498,0
DA:506,0
DA:507,0
DA:508,0
DA:509,0
DA:510,0
DA:512,0
DA:520,0
DA:521,0
DA:522,0
DA:523,0
DA:524,0
DA:526,0
DA:527,0
DA:530,0
DA:531,0
DA:532,0
DA:539,0
DA:540,0
DA:541,0
DA:542,0
DA:543,0
DA:545,0
DA:553,0
DA:555,0
DA:556,0
DA:557,0
DA:558,0
DA:559,0
DA:562,0
DA:564,0
DA:565,0
DA:566,0
DA:567,0
DA:568,0
DA:572,0
DA:573,0
DA:576,0
DA:578,0
DA:581,0
DA:582,0
DA:590,0
DA:591,0
DA:592,0
DA:593,0
DA:594,0
DA:595,0
DA:598,0
DA:599,0
DA:600,0
DA:603,0
DA:604,0
DA:605,0
DA:606,0
DA:607,0
DA:609,0
DA:610,0
DA:611,0
DA:613,0
DA:614,0
DA:618,0
DA:619,0
DA:620,0
DA:621,0
DA:622,0
DA:623,0
DA:624,0
DA:630,0
DA:631,0
DA:632,0
DA:634,0
DA:635,0
DA:638,0
DA:639,0
DA:647,0
DA:648,0
DA:649,0
DA:650,0
DA:651,0
DA:652,0
DA:653,0
DA:654,0
DA:655,0
DA:656,0
DA:657,0
DA:659,0
DA:660,0
DA:664,0
DA:665,0
DA:667,0
DA:668,0
DA:669,0
DA:670,0
DA:673,0
DA:679,0
DA:680,0
DA:681,0
DA:682,0
DA:683,0
DA:686,0
DA:687,0
DA:689,0
DA:690,0
DA:692,0
DA:693,0
DA:695,0
DA:696,0
DA:699,0
DA:700,0
DA:703,0
DA:710,0
DA:711,0
DA:712,0
DA:720,0
DA:721,0
DA:727,0
DA:728,0
DA:735,0
DA:741,0
DA:742,0
DA:743,0
DA:744,0
DA:745,0
DA:747,0
DA:749,0
DA:751,0
DA:752,0
DA:753,0
DA:755,0
DA:756,0
DA:761,0
DA:762,0
DA:764,0
DA:765,0
DA:769,0
DA:776,0
DA:781,0
DA:782,0
DA:786,2
LF:348
LH:7
BRDA:2,0,0,2
BRDA:2,0,1,2
BRDA:2,0,2,2
BRDA:3,1,0,0
BRDA:3,1,1,0
BRDA:4,2,0,0
BRDA:4,2,1,0
BRDA:7,3,0,0
BRDA:7,3,1,0
BRDA:8,4,0,0
BRDA:8,4,1,0
BRDA:33,5,0,0
BRDA:33,5,1,0
BRDA:37,6,0,0
BRDA:37,6,1,0
BRDA:38,7,0,0
BRDA:38,7,1,0
BRDA:39,8,0,0
BRDA:39,8,1,0
BRDA:40,9,0,0
BRDA:40,9,1,0
BRDA:41,10,0,0
BRDA:41,10,1,0
BRDA:43,11,0,0
BRDA:43,11,1,0
BRDA:44,12,0,0
BRDA:44,12,1,0
BRDA:45,13,0,0
BRDA:45,13,1,0
BRDA:45,14,0,0
BRDA:45,14,1,0
BRDA:117,15,0,0
BRDA:117,15,1,0
BRDA:119,16,0,0
BRDA:119,16,1,0
BRDA:144,17,0,0
BRDA:144,17,1,0
BRDA:144,17,2,0
BRDA:144,17,3,0
BRDA:144,17,4,0
BRDA:144,17,5,0
BRDA:150,18,0,0
BRDA:150,18,1,0
BRDA:150,19,0,0
BRDA:150,19,1,0
BRDA:153,20,0,0
BRDA:153,20,1,0
BRDA:170,21,0,0
BRDA:170,21,1,0
BRDA:176,22,0,0
BRDA:176,22,1,0
BRDA:200,23,0,0
BRDA:200,23,1,0
BRDA:205,24,0,0
BRDA:205,24,1,0
BRDA:213,25,0,0
BRDA:213,25,1,0
BRDA:221,26,0,0
BRDA:221,26,1,0
BRDA:226,27,0,0
BRDA:226,27,1,0
BRDA:241,28,0,0
BRDA:241,28,1,0
BRDA:254,29,0,0
BRDA:254,29,1,0
BRDA:280,30,0,0
BRDA:280,30,1,0
BRDA:328,31,0,0
BRDA:328,31,1,0
BRDA:348,32,0,0
BRDA:348,32,1,0
BRDA:348,33,0,0
BRDA:348,33,1,0
BRDA:360,34,0,0
BRDA:360,34,1,0
BRDA:370,35,0,0
BRDA:370,35,1,0
BRDA:376,36,0,0
BRDA:376,36,1,0
BRDA:381,37,0,0
BRDA:381,37,1,0
BRDA:393,38,0,0
BRDA:393,38,1,0
BRDA:398,39,0,0
BRDA:398,39,1,0
BRDA:406,40,0,0
BRDA:406,40,1,0
BRDA:407,41,0,0
BRDA:407,41,1,0
BRDA:409,42,0,0
BRDA:409,42,1,0
BRDA:409,43,0,0
BRDA:409,43,1,0
BRDA:413,44,0,0
BRDA:413,44,1,0
BRDA:419,45,0,0
BRDA:419,45,1,0
BRDA:423,46,0,0
BRDA:423,46,1,0
BRDA:431,47,0,0
BRDA:431,47,1,0
BRDA:453,48,0,0
BRDA:453,48,1,0
BRDA:453,49,0,0
BRDA:453,49,1,0
BRDA:498,50,0,0
BRDA:498,50,1,0
BRDA:512,51,0,0
BRDA:512,51,1,0
BRDA:526,52,0,0
BRDA:526,52,1,0
BRDA:530,53,0,0
BRDA:530,53,1,0
BRDA:531,54,0,0
BRDA:531,54,1,0
BRDA:545,55,0,0
BRDA:545,55,1,0
BRDA:557,56,0,0
BRDA:557,56,1,0
BRDA:557,57,0,0
BRDA:557,57,1,0
BRDA:564,58,0,0
BRDA:564,58,1,0
BRDA:564,59,0,0
BRDA:564,59,1,0
BRDA:565,60,0,0
BRDA:565,60,1,0
BRDA:566,61,0,0
BRDA:566,61,1,0
BRDA:575,62,0,0
BRDA:575,62,1,0
BRDA:575,63,0,0
BRDA:575,63,1,0
BRDA:582,64,0,0
BRDA:582,64,1,0
BRDA:593,65,0,0
BRDA:593,65,1,0
BRDA:598,66,0,0
BRDA:598,66,1,0
BRDA:598,67,0,0
BRDA:598,67,1,0
BRDA:605,68,0,0
BRDA:605,68,1,0
BRDA:609,69,0,0
BRDA:609,69,1,0
BRDA:613,70,0,0
BRDA:613,70,1,0
BRDA:620,71,0,0
BRDA:620,71,1,0
BRDA:620,72,0,0
BRDA:620,72,1,0
BRDA:622,73,0,0
BRDA:622,73,1,0
BRDA:630,74,0,0
BRDA:630,74,1,0
BRDA:653,75,0,0
BRDA:653,75,1,0
BRDA:653,76,0,0
BRDA:653,76,1,0
BRDA:655,77,0,0
BRDA:655,77,1,0
BRDA:656,78,0,0
BRDA:656,78,1,0
BRDA:659,79,0,0
BRDA:659,79,1,0
BRDA:668,80,0,0
BRDA:668,80,1,0
BRDA:669,81,0,0
BRDA:669,81,1,0
BRDA:682,82,0,0
BRDA:682,82,1,0
BRDA:686,83,0,0
BRDA:686,83,1,0
BRDA:686,84,0,0
BRDA:686,84,1,0
BRDA:687,85,0,0
BRDA:687,85,1,0
BRDA:689,86,0,0
BRDA:689,86,1,0
BRDA:689,87,0,0
BRDA:689,87,1,0
BRDA:690,88,0,0
BRDA:690,88,1,0
BRDA:692,89,0,0
BRDA:692,89,1,0
BRDA:692,90,0,0
BRDA:692,90,1,0
BRDA:693,91,0,0
BRDA:693,91,1,0
BRDA:695,92,0,0
BRDA:695,92,1,0
BRDA:695,93,0,0
BRDA:695,93,1,0
BRDA:696,94,0,0
BRDA:696,94,1,0
BRDA:699,95,0,0
BRDA:699,95,1,0
BRDA:711,96,0,0
BRDA:711,96,1,0
BRDA:711,97,0,0
BRDA:711,97,1,0
BRDA:720,98,0,0
BRDA:720,98,1,0
BRDA:727,99,0,0
BRDA:727,99,1,0
BRDA:727,100,0,0
BRDA:727,100,1,0
BRDA:744,101,0,0
BRDA:744,101,1,0
BRDA:744,102,0,0
BRDA:744,102,1,0
BRDA:749,103,0,0
BRDA:749,103,1,0
BRDA:749,104,0,0
BRDA:749,104,1,0
BRDA:755,105,0,0
BRDA:755,105,1,0
BRDA:761,106,0,0
BRDA:761,106,1,0
BRDA:761,107,0,0
BRDA:761,107,1,0
BRDA:764,108,0,0
BRDA:764,108,1,0
BRDA:764,109,0,0
BRDA:764,109,1,0
BRDA:782,110,0,0
BRDA:782,110,1,0
BRDA:782,110,2,0
BRF:228
BRH:3
end_of_record
TN:
SF:reasoning/reasoning-engine.js
FN:2,(anonymous_0)
FN:3,adopt
FN:3,(anonymous_2)
FN:4,(anonymous_3)
FN:5,fulfilled
FN:6,rejected
FN:7,step
FN:23,(anonymous_7)
FN:54,(anonymous_8)
FN:55,(anonymous_9)
FN:137,(anonymous_10)
FN:138,(anonymous_11)
FN:168,(anonymous_12)
FN:169,(anonymous_13)
FN:172,(anonymous_14)
FN:193,(anonymous_15)
FN:194,(anonymous_16)
FN:201,(anonymous_17)
FN:221,(anonymous_18)
FN:222,(anonymous_19)
FN:240,(anonymous_20)
FN:241,(anonymous_21)
FN:257,(anonymous_22)
FN:274,(anonymous_23)
FN:275,(anonymous_24)
FN:297,(anonymous_25)
FN:298,(anonymous_26)
FN:328,(anonymous_27)
FN:349,(anonymous_28)
FN:366,(anonymous_29)
FN:367,(anonymous_30)
FN:388,(anonymous_31)
FN:389,(anonymous_32)
FN:435,(anonymous_33)
FN:436,(anonymous_34)
FN:442,(anonymous_35)
FN:443,(anonymous_36)
FN:458,(anonymous_37)
FN:459,(anonymous_38)
FN:518,(anonymous_39)
FN:519,(anonymous_40)
FN:519,(anonymous_41)
FN:552,(anonymous_42)
FN:553,(anonymous_43)
FN:584,(anonymous_44)
FN:598,(anonymous_45)
FN:604,(anonymous_46)
FN:612,(anonymous_47)
FN:618,(anonymous_48)
FN:629,(anonymous_49)
FN:634,(anonymous_50)
FN:648,(anonymous_51)
FN:673,(anonymous_52)
FN:690,(anonymous_53)
FNF:54
FNH:0
FNDA:0,(anonymous_0)
FNDA:0,adopt
FNDA:0,(anonymous_2)
FNDA:0,(anonymous_3)
FNDA:0,fulfilled
FNDA:0,rejected
FNDA:0,step
FNDA:0,(anonymous_7)
FNDA:0,(anonymous_8)
FNDA:0,(anonymous_9)
FNDA:0,(anonymous_10)
FNDA:0,(anonymous_11)
FNDA:0,(anonymous_12)
FNDA:0,(anonymous_13)
FNDA:0,(anonymous_14)
FNDA:0,(anonymous_15)
FNDA:0,(anonymous_16)
FNDA:0,(anonymous_17)
FNDA:0,(anonymous_18)
FNDA:0,(anonymous_19)
FNDA:0,(anonymous_20)
FNDA:0,(anonymous_21)
FNDA:0,(anonymous_22)
FNDA:0,(anonymous_23)
FNDA:0,(anonymous_24)
FNDA:0,(anonymous_25)
FNDA:0,(anonymous_26)
FNDA:0,(anonymous_27)
FNDA:0,(anonymous_28)
FNDA:0,(anonymous_29)
FNDA:0,(anonymous_30)
FNDA:0,(anonymous_31)
FNDA:0,(anonymous_32)
FNDA:0,(anonymous_33)
FNDA:0,(anonymous_34)
FNDA:0,(anonymous_35)
FNDA:0,(anonymous_36)
FNDA:0,(anonymous_37)
FNDA:0,(anonymous_38)
FNDA:0,(anonymous_39)
FNDA:0,(anonymous_40)
FNDA:0,(anonymous_41)
FNDA:0,(anonymous_42)
FNDA:0,(anonymous_43)
FNDA:0,(anonymous_44)
FNDA:0,(anonymous_45)
FNDA:0,(anonymous_46)
FNDA:0,(anonymous_47)
FNDA:0,(anonymous_48)
FNDA:0,(anonymous_49)
FNDA:0,(anonymous_50)
FNDA:0,(anonymous_51)
FNDA:0,(anonymous_52)
FNDA:0,(anonymous_53)
DA:2,2
DA:3,0
DA:4,0
DA:5,0
DA:6,0
DA:7,0
DA:8,0
DA:11,2
DA:12,2
DA:13,2
DA:14,2
DA:15,2
DA:16,2
DA:17,2
DA:18,2
DA:25,0
DA:26,0
DA:27,0
DA:28,0
DA:29,0
DA:30,0
DA:31,0
DA:33,0
DA:38,0
DA:43,0
DA:55,0
DA:57,0
DA:58,0
DA:59,0
DA:61,0
DA:66,0
DA:67,0
DA:68,0
DA:69,0
DA:84,0
DA:85,0
DA:88,0
DA:89,0
DA:93,0
DA:94,0
DA:96,0
DA:97,0
DA:100,0
DA:103,0
DA:104,0
DA:107,0
DA:108,0
DA:110,0
DA:111,0
DA:113,0
DA:114,0
DA:116,0
DA:117,0
DA:121,0
DA:122,0
DA:125,0
DA:126,0
DA:131,0
DA:138,0
DA:140,0
DA:150,0
DA:151,0
DA:152,0
DA:155,0
DA:157,0
DA:169,0
DA:171,0
DA:172,0
DA:173,0
DA:175,0
DA:194,0
DA:195,0
DA:197,0
DA:198,0
DA:201,0
DA:202,0
DA:213,0
DA:214,0
DA:215,0
DA:216,0
DA:217,0
DA:218,0
DA:221,0
DA:222,0
DA:223,0
DA:224,0
DA:226,0
DA:227,0
DA:229,0
DA:232,0
DA:233,0
DA:241,0
DA:242,0
DA:244,0
DA:245,0
DA:248,0
DA:250,0
DA:251,0
DA:259,0
DA:260,0
DA:275,0
DA:276,0
DA:277,0
DA:278,0
DA:279,0
DA:280,0
DA:281,0
DA:282,0
DA:283,0
DA:285,0
DA:287,0
DA:288,0
DA:291,0
DA:298,0
DA:299,0
DA:300,0
DA:301,0
DA:303,0
DA:305,0
DA:306,0
DA:309,0
DA:311,0
DA:313,0
DA:314,0
DA:319,0
DA:320,0
DA:321,0
DA:330,0
DA:331,0
DA:337,0
DA:350,0
DA:351,0
DA:355,0
DA:367,0
DA:368,0
DA:370,0
DA:371,0
DA:374,0
DA:375,0
DA:376,0
DA:377,0
DA:380,0
DA:381,0
DA:389,0
DA:390,0
DA:391,0
DA:392,0
DA:393,0
DA:394,0
DA:396,0
DA:397,0
DA:398,0
DA:399,0
DA:404,0
DA:413,0
DA:414,0
DA:415,0
DA:416,0
DA:422,0
DA:436,0
DA:437,0
DA:438,0
DA:439,0
DA:443,0
DA:444,0
DA:445,0
DA:448,0
DA:449,0
DA:454,0
DA:455,0
DA:459,0
DA:461,0
DA:462,0
DA:464,0
DA:465,0
DA:466,0
DA:468,0
DA:469,0
DA:470,0
DA:472,0
DA:473,0
DA:474,0
DA:477,0
DA:478,0
DA:479,0
DA:480,0
DA:481,0
DA:483,0
DA:484,0
DA:487,0
DA:488,0
DA:489,0
DA:490,0
DA:493,0
DA:494,0
DA:495,0
DA:499,0
DA:500,0
DA:501,0
DA:502,0
DA:503,0
DA:504,0
DA:509,0
DA:510,0
DA:513,0
DA:514,0
DA:518,0
DA:519,0
DA:520,0
DA:521,0
DA:522,0
DA:523,0
DA:524,0
DA:525,0
DA:532,0
DA:537,0
DA:541,0
DA:544,0
DA:545,0
DA:553,0
DA:554,0
DA:555,0
DA:557,0
DA:559,0
DA:560,0
DA:561,0
DA:562,0
DA:568,0
DA:569,0
DA:570,0
DA:573,0
DA:576,0
DA:577,0
DA:585,0
DA:587,0
DA:588,0
DA:590,0
DA:591,0
DA:592,0
DA:593,0
DA:598,0
DA:599,0
DA:605,0
DA:606,0
DA:608,0
DA:612,0
DA:613,0
DA:619,0
DA:629,0
DA:635,0
DA:643,0
DA:649,0
DA:650,0
DA:651,0
DA:652,0
DA:653,0
DA:654,0
DA:655,0
DA:656,0
DA:657,0
DA:658,0
DA:660,0
DA:661,0
DA:663,0
DA:664,0
DA:668,0
DA:674,0
DA:675,0
DA:682,0
DA:685,2
DA:691,0
DA:692,0
DA:693,0
DA:696,2
LF:274
LH:11
BRDA:2,0,0,2
BRDA:2,0,1,2
BRDA:2,0,2,2
BRDA:3,1,0,0
BRDA:3,1,1,0
BRDA:4,2,0,0
BRDA:4,2,1,0
BRDA:7,3,0,0
BRDA:7,3,1,0
BRDA:8,4,0,0
BRDA:8,4,1,0
BRDA:27,5,0,0
BRDA:27,5,1,0
BRDA:27,6,0,0
BRDA:27,6,1,0
BRDA:28,7,0,0
BRDA:28,7,1,0
BRDA:28,8,0,0
BRDA:28,8,1,0
BRDA:55,9,0,0
BRDA:57,10,0,0
BRDA:57,10,1,0
BRDA:62,11,0,0
BRDA:62,11,1,0
BRDA:62,12,0,0
BRDA:62,12,1,0
BRDA:66,13,0,0
BRDA:66,13,1,0
BRDA:66,14,0,0
BRDA:66,14,1,0
BRDA:93,15,0,0
BRDA:93,15,1,0
BRDA:93,16,0,0
BRDA:93,16,1,0
BRDA:96,17,0,0
BRDA:96,17,1,0
BRDA:103,18,0,0
BRDA:103,18,1,0
BRDA:108,19,0,0
BRDA:108,19,1,0
BRDA:108,19,2,0
BRDA:197,20,0,0
BRDA:197,20,1,0
BRDA:216,21,0,0
BRDA:216,21,1,0
BRDA:223,22,0,0
BRDA:223,22,1,0
BRDA:223,23,0,0
BRDA:223,23,1,0
BRDA:244,24,0,0
BRDA:244,24,1,0
BRDA:261,25,0,0
BRDA:261,25,1,0
BRDA:261,26,0,0
BRDA:261,26,1,0
BRDA:261,27,0,0
BRDA:261,27,1,0
BRDA:261,28,0,0
BRDA:261,28,1,0
BRDA:261,29,0,0
BRDA:261,29,1,0
BRDA:261,30,0,0
BRDA:261,30,1,0
BRDA:282,31,0,0
BRDA:282,31,1,0
BRDA:287,32,0,0
BRDA:287,32,1,0
BRDA:288,33,0,0
BRDA:288,33,1,0
BRDA:301,34,0,0
BRDA:301,34,1,0
BRDA:301,34,2,0
BRDA:301,34,3,0
BRDA:301,34,4,0
BRDA:320,35,0,0
BRDA:320,35,1,0
BRDA:330,36,0,0
BRDA:330,36,1,0
BRDA:332,37,0,0
BRDA:332,37,1,0
BRDA:332,38,0,0
BRDA:332,38,1,0
BRDA:333,39,0,0
BRDA:333,39,1,0
BRDA:333,40,0,0
BRDA:333,40,1,0
BRDA:334,41,0,0
BRDA:334,41,1,0
BRDA:338,42,0,0
BRDA:338,42,1,0
BRDA:338,43,0,0
BRDA:338,43,1,0
BRDA:340,44,0,0
BRDA:340,44,1,0
BRDA:340,45,0,0
BRDA:340,45,1,0
BRDA:341,46,0,0
BRDA:341,46,1,0
BRDA:342,47,0,0
BRDA:342,47,1,0
BRDA:370,48,0,0
BRDA:370,48,1,0
BRDA:393,49,0,0
BRDA:393,49,1,0
BRDA:415,50,0,0
BRDA:415,50,1,0
BRDA:445,51,0,0
BRDA:445,51,1,0
BRDA:464,52,0,0
BRDA:464,52,1,0
BRDA:468,53,0,0
BRDA:468,53,1,0
BRDA:468,54,0,0
BRDA:468,54,1,0
BRDA:472,55,0,0
BRDA:472,55,1,0
BRDA:479,56,0,0
BRDA:479,56,1,0
BRDA:483,57,0,0
BRDA:483,57,1,0
BRDA:488,58,0,0
BRDA:488,58,1,0
BRDA:493,59,0,0
BRDA:493,59,1,0
BRDA:493,60,0,0
BRDA:493,60,1,0
BRDA:499,61,0,0
BRDA:499,61,1,0
BRDA:499,62,0,0
BRDA:499,62,1,0
BRDA:502,63,0,0
BRDA:502,63,1,0
BRDA:509,64,0,0
BRDA:509,64,1,0
BRDA:510,65,0,0
BRDA:510,65,1,0
BRDA:510,66,0,0
BRDA:510,66,1,0
BRDA:510,66,2,0
BRDA:518,67,0,0
BRDA:518,67,1,0
BRDA:521,68,0,0
BRDA:521,68,1,0
BRDA:521,69,0,0
BRDA:521,69,1,0
BRDA:523,70,0,0
BRDA:523,70,1,0
BRDA:524,71,0,0
BRDA:524,71,1,0
BRDA:535,72,0,0
BRDA:535,72,1,0
BRDA:535,73,0,0
BRDA:535,73,1,0
BRDA:535,74,0,0
BRDA:535,74,1,0
BRDA:554,75,0,0
BRDA:554,75,1,0
BRDA:568,76,0,0
BRDA:568,76,1,0
BRDA:568,77,0,0
BRDA:568,77,1,0
BRDA:568,77,2,0
BRDA:568,77,3,0
BRDA:569,78,0,0
BRDA:569,78,1,0
BRDA:587,79,0,0
BRDA:587,79,1,0
BRDA:590,80,0,0
BRDA:590,80,1,0
BRDA:592,81,0,0
BRDA:592,81,1,0
BRDA:605,82,0,0
BRDA:605,82,1,0
BRDA:605,83,0,0
BRDA:605,83,1,0
BRDA:612,84,0,0
BRDA:612,84,1,0
BRDA:629,85,0,0
BRDA:629,85,1,0
BRDA:651,86,0,0
BRDA:651,86,1,0
BRDA:651,87,0,0
BRDA:651,87,1,0
BRDA:651,87,2,0
BRDA:651,87,3,0
BRDA:657,88,0,0
BRDA:657,88,1,0
BRDA:657,89,0,0
BRDA:657,89,1,0
BRDA:657,89,2,0
BRDA:660,90,0,0
BRDA:660,90,1,0
BRDA:660,91,0,0
BRDA:660,91,1,0
BRDA:660,91,2,0
BRDA:663,92,0,0
BRDA:663,92,1,0
BRDA:663,93,0,0
BRDA:663,93,1,0
BRDA:663,93,2,0
BRF:200
BRH:3
end_of_record
TN:
SF:reasoning/reasoning-graph.js
FN:6,(anonymous_0)
FN:12,(anonymous_1)
FN:15,(anonymous_2)
FN:18,(anonymous_3)
FN:22,(anonymous_4)
FN:25,(anonymous_5)
FN:28,(anonymous_6)
FN:31,(anonymous_7)
FN:34,(anonymous_8)
FN:38,(anonymous_9)
FN:43,(anonymous_10)
FNF:11
FNH:0
FNDA:0,(anonymous_0)
FNDA:0,(anonymous_1)
FNDA:0,(anonymous_2)
FNDA:0,(anonymous_3)
FNDA:0,(anonymous_4)
FNDA:0,(anonymous_5)
FNDA:0,(anonymous_6)
FNDA:0,(anonymous_7)
FNDA:0,(anonymous_8)
FNDA:0,(anonymous_9)
FNDA:0,(anonymous_10)
DA:2,2
DA:3,2
DA:4,2
DA:7,0
DA:8,0
DA:9,0
DA:10,0
DA:20,0
DA:23,0
DA:26,0
DA:29,0
DA:32,0
DA:35,0
DA:36,0
DA:39,0
DA:41,0
DA:44,0
DA:45,0
DA:46,0
DA:49,2
LF:20
LH:4
BRF:0
BRH:0
end_of_record
TN:
SF:services/audit-service.js
FN:2,(anonymous_0)
FN:3,adopt
FN:3,(anonymous_2)
FN:4,(anonymous_3)
FN:5,fulfilled
FN:6,rejected
FN:7,step
FN:11,(anonymous_7)
FN:20,(anonymous_8)
FN:27,(anonymous_9)
FN:28,(anonymous_10)
FN:42,(anonymous_11)
FN:56,(anonymous_12)
FN:72,(anonymous_13)
FN:79,(anonymous_14)
FN:89,(anonymous_15)
FN:90,(anonymous_16)
FN:97,(anonymous_17)
FN:98,(anonymous_18)
FN:104,(anonymous_19)
FN:108,(anonymous_20)
FN:109,(anonymous_21)
FNF:22
FNH:3
FNDA:0,(anonymous_0)
FNDA:0,adopt
FNDA:0,(anonymous_2)
FNDA:0,(anonymous_3)
FNDA:0,fulfilled
FNDA:0,rejected
FNDA:0,step
FNDA:6,(anonymous_7)
FNDA:6,(anonymous_8)
FNDA:6,(anonymous_9)
FNDA:0,(anonymous_10)
FNDA:0,(anonymous_11)
FNDA:0,(anonymous_12)
FNDA:0,(anonymous_13)
FNDA:0,(anonymous_14)
FNDA:0,(anonymous_15)
FNDA:0,(anonymous_16)
FNDA:0,(anonymous_17)
FNDA:0,(anonymous_18)
FNDA:0,(anonymous_19)
FNDA:0,(anonymous_20)
FNDA:0,(anonymous_21)
DA:2,2
DA:3,0
DA:4,0
DA:5,0
DA:6,0
DA:7,0
DA:8,0
DA:11,2
DA:12,6
DA:14,2
DA:15,2
DA:16,2
DA:17,2
DA:18,2
DA:21,6
DA:22,6
DA:23,6
DA:24,6
DA:25,6
DA:28,6
DA:29,0
DA:42,6
DA:43,0
DA:56,6
DA:57,0
DA:73,0
DA:74,0
DA:75,0
DA:76,0
DA:77,0
DA:80,0
DA:81,0
DA:82,0
DA:83,0
DA:84,0
DA:85,0
DA:86,0
DA:87,0
DA:90,0
DA:91,0
DA:92,0
[...]
DA:183,0
DA:185,0
DA:186,0
DA:187,0
DA:189,0
DA:190,0
DA:191,0
DA:193,0
DA:201,0
DA:202,0
DA:211,0
DA:213,0
DA:214,0
DA:215,0
DA:216,0
DA:218,0
DA:219,0
DA:220,0
DA:223,0
DA:224,0
DA:225,0
DA:226,0
DA:228,0
DA:236,0
DA:237,0
DA:246,0
DA:247,0
DA:249,0
DA:250,0
DA:251,0
DA:252,0
DA:253,0
DA:254,0
DA:255,0
DA:256,0
DA:257,0
DA:259,0
DA:260,0
DA:261,0
DA:263,0
DA:264,0
DA:265,0
DA:267,0
DA:278,0
DA:279,0
DA:288,0
DA:289,0
DA:291,0
DA:292,0
DA:293,0
DA:295,0
DA:296,0
DA:298,0
DA:299,0
DA:300,0
DA:301,0
DA:302,0
DA:309,0
DA:310,0
DA:319,0
DA:320,0
DA:321,0
DA:322,0
DA:324,0
DA:325,0
DA:327,0
DA:328,0
DA:330,0
DA:331,0
DA:333,0
DA:334,0
DA:338,0
DA:341,0
DA:342,0
DA:343,0
DA:345,0
DA:346,0
DA:347,0
DA:348,0
DA:349,0
DA:350,0
DA:351,0
DA:352,0
DA:358,0
DA:359,0
DA:366,0
DA:367,0
DA:368,0
DA:381,0
DA:382,0
DA:383,0
DA:385,0
DA:386,0
DA:388,0
DA:391,0
DA:392,0
DA:394,0
DA:399,0
DA:400,0
DA:403,0
DA:404,0
DA:409,0
DA:411,0
DA:415,0
DA:417,0
DA:421,0
DA:423,0
DA:427,0
DA:430,0
DA:431,0
DA:432,0
DA:433,0
DA:434,0
DA:435,0
DA:436,0
DA:438,0
DA:439,0
DA:441,0
DA:442,0
DA:445,0
DA:447,0
DA:449,0
DA:450,0
DA:451,0
DA:452,0
DA:455,0
DA:459,0
DA:460,0
DA:461,0
DA:465,2
LF:217
LH:4
BRDA:2,0,0,2
BRDA:2,0,1,2
BRDA:2,0,2,2
BRDA:3,1,0,0
BRDA:3,1,1,0
BRDA:4,2,0,0
BRDA:4,2,1,0
BRDA:7,3,0,0
BRDA:7,3,1,0
BRDA:8,4,0,0
BRDA:8,4,1,0
BRDA:40,5,0,0
BRDA:40,5,1,0
BRDA:40,6,0,0
BRDA:40,6,1,0
BRDA:47,7,0,0
BRDA:47,7,1,0
BRDA:60,8,0,0
BRDA:60,8,1,0
BRDA:60,9,0,0
BRDA:60,9,1,0
BRDA:67,10,0,0
BRDA:67,10,1,0
BRDA:80,11,0,0
BRDA:80,11,1,0
BRDA:80,12,0,0
BRDA:80,12,1,0
BRDA:87,13,0,0
BRDA:87,13,1,0
BRDA:101,14,0,0
BRDA:101,14,1,0
BRDA:149,15,0,0
BRDA:149,15,1,0
BRDA:152,16,0,0
BRDA:152,16,1,0
BRDA:168,17,0,0
BRDA:168,17,1,0
BRDA:181,18,0,0
BRDA:181,18,1,0
BRDA:181,19,0,0
BRDA:181,19,1,0
BRDA:185,20,0,0
BRDA:185,20,1,0
BRDA:185,21,0,0
BRDA:185,21,1,0
BRDA:189,22,0,0
BRDA:189,22,1,0
BRDA:189,23,0,0
BRDA:189,23,1,0
BRDA:201,24,0,0
BRDA:201,24,1,0
BRDA:218,25,0,0
BRDA:218,25,1,0
BRDA:218,26,0,0
BRDA:218,26,1,0
BRDA:223,27,0,0
BRDA:223,27,1,0
BRDA:223,28,0,0
BRDA:223,28,1,0
BRDA:224,29,0,0
BRDA:224,29,1,0
BRDA:224,30,0,0
BRDA:224,30,1,0
BRDA:236,31,0,0
BRDA:236,31,1,0
BRDA:255,32,0,0
BRDA:255,32,1,0
BRDA:259,33,0,0
BRDA:259,33,1,0
BRDA:263,34,0,0
BRDA:263,34,1,0
BRDA:263,35,0,0
BRDA:263,35,1,0
BRDA:273,36,0,0
BRDA:273,36,1,0
BRDA:273,37,0,0
BRDA:273,37,1,0
BRDA:273,38,0,0
BRDA:273,38,1,0
BRDA:278,39,0,0
BRDA:278,39,1,0
BRDA:300,40,0,0
BRDA:300,40,1,0
BRDA:301,41,0,0
BRDA:301,41,1,0
BRDA:309,42,0,0
BRDA:309,42,1,0
BRDA:321,43,0,0
BRDA:321,43,1,0
BRDA:321,44,0,0
BRDA:321,44,1,0
BRDA:322,45,0,0
BRDA:322,45,1,0
BRDA:322,45,2,0
BRDA:322,45,3,0
BRDA:346,46,0,0
BRDA:346,46,1,0
BRDA:350,47,0,0
BRDA:350,47,1,0
BRDA:366,48,0,0
BRDA:366,48,1,0
BRDA:382,49,0,0
BRDA:382,49,1,0
BRDA:385,50,0,0
BRDA:385,50,1,0
BRDA:385,51,0,0
BRDA:385,51,1,0
BRDA:438,52,0,0
BRDA:438,52,1,0
BRDA:441,53,0,0
BRDA:441,53,1,0
BRDA:449,54,0,0
BRDA:449,54,1,0
BRDA:459,55,0,0
BRDA:459,55,1,0
BRF:115
BRH:3
end_of_record
TN:
SF:services/learn-mode-service.js
FN:2,(anonymous_0)
FN:3,adopt
FN:3,(anonymous_2)
FN:4,(anonymous_3)
FN:5,fulfilled
FN:6,rejected
FN:7,step
FN:14,(anonymous_7)
FN:22,(anonymous_8)
FN:105,(anonymous_9)
FN:110,(anonymous_10)
FN:111,(anonymous_11)
FN:119,(anonymous_12)
FN:138,(anonymous_13)
FN:151,(anonymous_14)
FN:152,(anonymous_15)
FN:196,(anonymous_16)
FN:197,(anonymous_17)
FN:243,(anonymous_18)
FN:244,(anonymous_19)
FN:294,(anonymous_20)
FN:306,(anonymous_21)
FN:319,(anonymous_22)
FN:321,(anonymous_23)
FN:332,(anonymous_24)
FN:341,(anonymous_25)
FN:355,(anonymous_26)
FN:363,(anonymous_27)
FN:376,(anonymous_28)
FN:377,(anonymous_29)
FNF:30
FNH:3
FNDA:0,(anonymous_0)
FNDA:0,adopt
FNDA:0,(anonymous_2)
FNDA:0,(anonymous_3)
FNDA:0,fulfilled
FNDA:0,rejected
FNDA:0,step
FNDA:6,(anonymous_7)
FNDA:6,(anonymous_8)
FNDA:18,(anonymous_9)
FNDA:0,(anonymous_10)
FNDA:0,(anonymous_11)
FNDA:0,(anonymous_12)
FNDA:0,(anonymous_13)
FNDA:0,(anonymous_14)
FNDA:0,(anonymous_15)
FNDA:0,(anonymous_16)
FNDA:0,(anonymous_17)
FNDA:0,(anonymous_18)
FNDA:0,(anonymous_19)
FNDA:0,(anonymous_20)
FNDA:0,(anonymous_21)
FNDA:0,(anonymous_22)
FNDA:0,(anonymous_23)
FNDA:0,(anonymous_24)
FNDA:0,(anonymous_25)
FNDA:0,(anonymous_26)
FNDA:0,(anonymous_27)
FNDA:0,(anonymous_28)
FNDA:0,(anonymous_29)
DA:2,2
DA:3,0
DA:4,0
DA:5,0
DA:6,0
DA:7,0
DA:8,0
DA:11,2
DA:12,2
DA:15,6
DA:16,6
DA:17,6
DA:18,6
DA:19,6
DA:20,6
DA:24,6
DA:105,6
DA:106,18
DA:108,6
DA:111,0
DA:112,0
DA:113,0
DA:114,0
DA:116,0
DA:118,0
DA:119,0
DA:120,0
DA:121,0
DA:124,0
DA:125,0
DA:126,0
DA:127,0
DA:133,0
DA:134,0
DA:135,0
DA:136,0
DA:137,0
DA:138,0
DA:139,0
DA:141,0
DA:142,0
DA:144,0
DA:145,0
DA:147,0
DA:148,0
DA:152,0
DA:153,0
DA:154,0
DA:155,0
DA:157,0
DA:158,0
DA:159,0
DA:162,0
DA:179,0
DA:180,0
DA:181,0
DA:188,0
DA:191,0
DA:192,0
DA:197,0
DA:198,0
DA:199,0
DA:200,0
DA:202,0
DA:203,0
DA:204,0
DA:207,0
DA:208,0
DA:210,0
DA:211,0
DA:213,0
DA:215,0
DA:226,0
DA:227,0
DA:230,0
DA:234,0
DA:240,0
DA:244,0
DA:245,0
DA:246,0
DA:247,0
DA:249,0
DA:250,0
DA:251,0
DA:254,0
DA:271,0
DA:272,0
DA:273,0
DA:274,0
DA:276,0
DA:277,0
DA:279,0
DA:280,0
DA:281,0
DA:282,0
DA:283,0
DA:289,0
DA:290,0
DA:291,0
DA:292,0
DA:293,0
DA:294,0
DA:295,0
DA:298,0
DA:301,0
DA:302,0
DA:303,0
DA:304,0
DA:305,0
DA:306,0
DA:307,0
DA:310,0
DA:314,0
DA:315,0
DA:320,0
DA:321,0
DA:322,0
DA:323,0
DA:324,0
DA:325,0
DA:326,0
DA:328,0
DA:329,0
DA:331,0
DA:332,0
DA:333,0
DA:334,0
DA:335,0
DA:336,0
DA:337,0
DA:339,0
DA:343,0
DA:344,0
DA:345,0
DA:346,0
DA:347,0
DA:348,0
DA:349,0
DA:350,0
DA:351,0
DA:353,0
DA:354,0
DA:355,0
DA:357,0
DA:358,0
DA:361,0
DA:364,0
DA:365,0
DA:374,0
DA:377,0
DA:378,0
DA:392,0
DA:393,0
DA:394,0
DA:397,0
DA:398,0
DA:403,2
LF:157
LH:14
BRDA:2,0,0,2
BRDA:2,0,1,2
BRDA:2,0,2,2
BRDA:3,1,0,0
BRDA:3,1,1,0
BRDA:4,2,0,0
BRDA:4,2,1,0
BRDA:7,3,0,0
BRDA:7,3,1,0
BRDA:8,4,0,0
BRDA:8,4,1,0
BRDA:113,5,0,0
BRDA:113,5,1,0
BRDA:118,6,0,0
BRDA:118,6,1,0
BRDA:120,7,0,0
BRDA:120,7,1,0
BRDA:141,8,0,0
BRDA:141,8,1,0
BRDA:144,9,0,0
BRDA:144,9,1,0
BRDA:154,10,0,0
BRDA:154,10,1,0
BRDA:158,11,0,0
BRDA:158,11,1,0
BRDA:199,12,0,0
BRDA:199,12,1,0
BRDA:203,13,0,0
BRDA:203,13,1,0
BRDA:208,14,0,0
BRDA:208,14,1,0
BRDA:213,15,0,0
BRDA:213,15,1,0
BRDA:246,16,0,0
BRDA:246,16,1,0
BRDA:250,17,0,0
BRDA:250,17,1,0
BRDA:274,18,0,0
BRDA:274,18,1,0
BRDA:276,19,0,0
BRDA:276,19,1,0
BRDA:292,20,0,0
BRDA:292,20,1,0
BRDA:292,21,0,0
BRDA:292,21,1,0
BRDA:304,22,0,0
BRDA:304,22,1,0
BRDA:304,23,0,0
BRDA:304,23,1,0
BRDA:322,24,0,0
BRDA:322,24,1,0
BRDA:322,25,0,0
BRDA:322,25,1,0
BRDA:324,26,0,0
BRDA:324,26,1,0
BRDA:324,27,0,0
BRDA:324,27,1,0
BRDA:328,28,0,0
BRDA:328,28,1,0
BRDA:349,29,0,0
BRDA:349,29,1,0
BRDA:351,30,0,0
BRDA:351,30,1,0
BRDA:351,31,0,0
BRDA:351,31,1,0
BRDA:351,32,0,0
BRDA:351,32,1,0
BRDA:351,33,0,0
BRDA:351,33,1,0
BRDA:353,34,0,0
BRDA:353,34,1,0
BRDA:358,35,0,0
BRDA:358,35,1,0
BRDA:358,36,0,0
BRDA:358,36,1,0
BRDA:358,37,0,0
BRDA:358,37,1,0
BRDA:358,38,0,0
BRDA:358,38,1,0
BRDA:364,39,0,0
BRDA:364,39,1,0
BRF:81
BRH:3
end_of_record
TN:
SF:services/log-analysis-service.js
FN:2,(anonymous_0)
FN:3,adopt
FN:3,(anonymous_2)
FN:4,(anonymous_3)
FN:5,fulfilled
FN:6,rejected
FN:7,step
FN:14,(anonymous_7)
FN:19,(anonymous_8)
FN:20,(anonymous_9)
FNF:10
FNH:1
FNDA:0,(anonymous_0)
FNDA:0,adopt
FNDA:0,(anonymous_2)
FNDA:0,(anonymous_3)
FNDA:0,fulfilled
FNDA:0,rejected
FNDA:0,step
FNDA:6,(anonymous_7)
FNDA:0,(anonymous_8)
FNDA:0,(anonymous_9)
DA:2,2
DA:3,0
DA:4,0
DA:5,0
DA:6,0
DA:7,0
DA:8,0
DA:11,2
DA:12,2
DA:15,6
DA:16,6
DA:17,6
DA:20,0
DA:21,0
DA:22,0
DA:23,0
DA:24,0
DA:25,0
DA:26,0
DA:28,0
DA:29,0
DA:30,0
DA:33,0
DA:36,0
DA:37,0
DA:42,2
LF:26
LH:7
BRDA:2,0,0,2
BRDA:2,0,1,2
BRDA:2,0,2,2
BRDA:3,1,0,0
BRDA:3,1,1,0
BRDA:4,2,0,0
BRDA:4,2,1,0
BRDA:7,3,0,0
BRDA:7,3,1,0
BRDA:8,4,0,0
BRDA:8,4,1,0
BRDA:24,5,0,0
BRDA:24,5,1,0
BRF:13
BRH:3
end_of_record
TN:
SF:tools/process-utils.js
FN:2,(anonymous_0)
FN:3,adopt
FN:3,(anonymous_2)
FN:4,(anonymous_3)
FN:5,fulfilled
FN:6,rejected
FN:7,step
FN:16,(anonymous_7)
FN:22,spawnWithTimeout
FN:23,(anonymous_9)
FN:24,(anonymous_10)
FN:37,(anonymous_11)
FN:45,(anonymous_12)
FN:53,(anonymous_13)
FN:56,(anonymous_14)
FN:59,(anonymous_15)
FN:67,(anonymous_16)
FN:71,(anonymous_17)
FN:78,(anonymous_18)
FNF:19
FNH:0
FNDA:0,(anonymous_0)
FNDA:0,adopt
FNDA:0,(anonymous_2)
FNDA:0,(anonymous_3)
FNDA:0,fulfilled
FNDA:0,rejected
FNDA:0,step
FNDA:0,(anonymous_7)
FNDA:0,spawnWithTimeout
FNDA:0,(anonymous_9)
FNDA:0,(anonymous_10)
FNDA:0,(anonymous_11)
FNDA:0,(anonymous_12)
FNDA:0,(anonymous_13)
FNDA:0,(anonymous_14)
FNDA:0,(anonymous_15)
FNDA:0,(anonymous_16)
FNDA:0,(anonymous_17)
FNDA:0,(anonymous_18)
DA:2,2
DA:3,0
DA:4,0
DA:5,0
DA:6,0
DA:7,0
DA:8,0
DA:11,2
DA:12,2
DA:13,2
DA:14,2
DA:17,0
DA:18,0
DA:21,2
DA:23,0
DA:24,0
DA:26,0
DA:31,0
DA:32,0
DA:33,0
DA:34,0
DA:37,0
DA:38,0
DA:39,0
DA:41,0
DA:42,0
DA:45,0
DA:46,0
DA:47,0
DA:49,0
DA:50,0
DA:51,0
DA:53,0
DA:54,0
DA:56,0
DA:57,0
DA:59,0
DA:60,0
DA:61,0
DA:63,0
DA:64,0
DA:65,0
DA:67,0
DA:68,0
DA:70,0
DA:71,0
DA:73,0
DA:74,0
DA:76,0
DA:77,0
DA:78,0
DA:79,0
DA:80,0
LF:53
LH:6
BRDA:2,0,0,2
BRDA:2,0,1,2
BRDA:2,0,2,2
BRDA:3,1,0,0
BRDA:3,1,1,0
BRDA:4,2,0,0
BRDA:4,2,1,0
BRDA:7,3,0,0
BRDA:7,3,1,0
BRDA:8,4,0,0
BRDA:8,4,1,0
BRDA:38,5,0,0
BRDA:38,5,1,0
BRDA:41,6,0,0
BRDA:41,6,1,0
BRDA:46,7,0,0
BRDA:46,7,1,0
BRDA:53,8,0,0
BRDA:53,8,1,0
BRDA:53,9,0,0
BRDA:53,9,1,0
BRDA:56,10,0,0
BRDA:56,10,1,0
BRDA:56,11,0,0
BRDA:56,11,1,0
BRDA:60,12,0,0
BRDA:60,12,1,0
BRDA:70,13,0,0
BRDA:70,13,1,0
BRDA:70,14,0,0
BRDA:70,14,1,0
BRDA:73,15,0,0
BRDA:73,15,1,0
BRDA:77,16,0,0
BRDA:77,16,1,0
BRDA:77,17,0,0
BRDA:77,17,1,0
BRDA:79,18,0,0
BRDA:79,18,1,0
BRDA:82,19,0,0
BRDA:82,19,1,0
BRDA:82,20,0,0
BRDA:82,20,1,0
BRF:43
BRH:3
end_of_record
TN:
SF:tools/tool-registry.js
FN:2,(anonymous_0)
FN:3,adopt
FN:3,(anonymous_2)
FN:4,(anonymous_3)
FN:5,fulfilled
FN:6,rejected
FN:7,step
FN:22,(anonymous_7)
FN:34,(anonymous_8)
FN:39,(anonymous_9)
FN:47,(anonymous_10)
FN:50,(anonymous_11)
FN:53,(anonymous_12)
FN:56,(anonymous_13)
FN:59,(anonymous_14)
FN:62,(anonymous_15)
FN:65,(anonymous_16)
FN:66,(anonymous_17)
FN:113,(anonymous_18)
FN:114,(anonymous_19)
FN:123,(anonymous_20)
FN:129,(anonymous_21)
FN:130,(anonymous_22)
FN:136,(anonymous_23)
FN:136,(anonymous_24)
FN:143,(anonymous_25)
FN:143,(anonymous_26)
FNF:27
FNH:0
FNDA:0,(anonymous_0)
FNDA:0,adopt
FNDA:0,(anonymous_2)
FNDA:0,(anonymous_3)
FNDA:0,fulfilled
FNDA:0,rejected
FNDA:0,step
FNDA:0,(anonymous_7)
FNDA:0,(anonymous_8)
FNDA:0,(anonymous_9)
FNDA:0,(anonymous_10)
FNDA:0,(anonymous_11)
FNDA:0,(anonymous_12)
FNDA:0,(anonymous_13)
FNDA:0,(anonymous_14)
FNDA:0,(anonymous_15)
FNDA:0,(anonymous_16)
FNDA:0,(anonymous_17)
FNDA:0,(anonymous_18)
FNDA:0,(anonymous_19)
FNDA:0,(anonymous_20)
FNDA:0,(anonymous_21)
FNDA:0,(anonymous_22)
FNDA:0,(anonymous_23)
FNDA:0,(anonymous_24)
FNDA:0,(anonymous_25)
FNDA:0,(anonymous_26)
DA:2,2
DA:3,0
DA:4,0
DA:5,0
DA:6,0
DA:7,0
DA:8,0
DA:11,2
DA:12,2
DA:13,2
DA:14,2
DA:15,2
DA:16,2
DA:17,2
DA:18,2
DA:19,2
DA:20,2
DA:23,0
DA:24,0
DA:25,0
DA:27,0
DA:28,0
DA:29,0
DA:30,0
DA:31,0
DA:32,0
DA:35,0
DA:36,0
DA:37,0
DA:40,0
DA:41,0
DA:42,0
DA:43,0
DA:45,0
DA:48,0
DA:51,0
DA:54,0
DA:57,0
DA:60,0
DA:63,0
DA:66,0
DA:68,0
DA:69,0
DA:70,0
DA:71,0
DA:72,0
DA:75,0
DA:76,0
DA:82,0
DA:83,0
DA:85,0
DA:86,0
DA:88,0
DA:89,0
DA:90,0
DA:91,0
DA:92,0
DA:93,0
DA:94,0
DA:101,0
DA:102,0
DA:103,0
DA:104,0
DA:105,0
DA:114,0
DA:116,0
DA:124,0
DA:125,0
DA:126,0
DA:127,0
DA:130,0
DA:132,0
DA:136,0
DA:137,0
DA:143,0
DA:144,0
DA:148,0
DA:149,0
DA:151,0
DA:155,2
LF:80
LH:12
BRDA:2,0,0,2
BRDA:2,0,1,2
BRDA:2,0,2,2
BRDA:3,1,0,0
BRDA:3,1,1,0
BRDA:4,2,0,0
BRDA:4,2,1,0
BRDA:7,3,0,0
BRDA:7,3,1,0
BRDA:8,4,0,0
BRDA:8,4,1,0
BRDA:24,5,0,0
BRDA:24,5,1,0
BRDA:41,6,0,0
BRDA:41,6,1,0
BRDA:71,7,0,0
BRDA:71,7,1,0
BRDA:75,8,0,0
BRDA:75,8,1,0
BRDA:75,9,0,0
BRDA:75,9,1,0
BRDA:75,10,0,0
BRDA:75,10,1,0
BRDA:75,11,0,0
BRDA:75,11,1,0
BRDA:75,12,0,0
BRDA:75,12,1,0
BRDA:75,13,0,0
BRDA:75,13,1,0
BRDA:75,14,0,0
BRDA:75,14,1,0
BRDA:75,15,0,0
BRDA:75,15,1,0
BRDA:82,16,0,0
BRDA:82,16,1,0
BRDA:82,17,0,0
BRDA:82,17,1,0
BRDA:82,18,0,0
BRDA:82,18,1,0
BRDA:82,19,0,0
BRDA:82,19,1,0
BRDA:82,20,0,0
BRDA:82,20,1,0
BRDA:85,21,0,0
BRDA:85,21,1,0
BRDA:85,22,0,0
BRDA:85,22,1,0
BRDA:85,23,0,0
BRDA:85,23,1,0
BRDA:85,24,0,0
BRDA:85,24,1,0
BRDA:85,25,0,0
BRDA:85,25,1,0
BRDA:102,26,0,0
BRDA:102,26,1,0
BRDA:119,27,0,0
BRDA:119,27,1,0
BRDA:119,28,0,0
BRDA:119,28,1,0
BRF:59
BRH:3
end_of_record
TN:
SF:tools/blue/osquery.js
FN:2,(anonymous_0)
FN:3,adopt
FN:3,(anonymous_2)
FN:4,(anonymous_3)
FN:5,fulfilled
FN:6,rejected
FN:7,step
FN:26,(anonymous_7)
FN:27,(anonymous_8)
FNF:9
FNH:0
FNDA:0,(anonymous_0)
FNDA:0,adopt
FNDA:0,(anonymous_2)
FNDA:0,(anonymous_3)
FNDA:0,fulfilled
FNDA:0,rejected
FNDA:0,step
FNDA:0,(anonymous_7)
FNDA:0,(anonymous_8)
DA:2,2
DA:3,0
DA:4,0
DA:5,0
DA:6,0
DA:7,0
DA:8,0
DA:11,2
DA:12,2
DA:13,2
DA:14,2
DA:19,2
DA:27,0
DA:28,0
DA:29,0
DA:30,0
DA:32,0
DA:33,0
DA:35,0
DA:36,0
DA:38,0
DA:39,0
DA:42,0
DA:43,0
DA:45,0
DA:46,0
DA:48,0
DA:49,0
DA:51,0
DA:52,0
LF:30
LH:6
BRDA:2,0,0,2
BRDA:2,0,1,2
BRDA:2,0,2,2
BRDA:3,1,0,0
BRDA:3,1,1,0
BRDA:4,2,0,0
BRDA:4,2,1,0
BRDA:7,3,0,0
BRDA:7,3,1,0
BRDA:8,4,0,0
BRDA:8,4,1,0
BRDA:28,5,0,0
BRDA:29,6,0,0
BRDA:29,6,1,0
BRDA:29,7,0,0
BRDA:29,7,1,0
BRDA:29,7,2,0
BRDA:32,8,0,0
BRDA:32,8,1,0
BRDA:32,9,0,0
BRDA:32,9,1,0
BRDA:35,10,0,0
BRDA:35,10,1,0
BRDA:42,11,0,0
BRDA:42,11,1,0
BRDA:45,12,0,0
BRDA:45,12,1,0
BRDA:48,13,0,0
BRDA:48,13,1,0
BRDA:49,14,0,0
BRDA:49,14,1,0
BRF:31
BRH:3
end_of_record
TN:
SF:tools/blue/snort.js
FN:2,(anonymous_0)
FN:3,adopt
FN:3,(anonymous_2)
FN:4,(anonymous_3)
FN:5,fulfilled
FN:6,rejected
FN:7,step
FN:26,(anonymous_7)
FN:27,(anonymous_8)
FNF:9
FNH:0
FNDA:0,(anonymous_0)
FNDA:0,adopt
FNDA:0,(anonymous_2)
FNDA:0,(anonymous_3)
FNDA:0,fulfilled
FNDA:0,rejected
FNDA:0,step
FNDA:0,(anonymous_7)
FNDA:0,(anonymous_8)
DA:2,2
DA:3,0
DA:4,0
DA:5,0
DA:6,0
DA:7,0
DA:8,0
DA:11,2
DA:12,2
DA:13,2
DA:14,2
DA:19,2
DA:27,0
DA:28,0
DA:29,0
DA:30,0
DA:32,0
DA:33,0
DA:35,0
DA:36,0
DA:38,0
DA:39,0
DA:42,0
DA:43,0
DA:45,0
DA:46,0
DA:48,0
DA:49,0
DA:51,0
DA:52,0
LF:30
LH:6
BRDA:2,0,0,2
BRDA:2,0,1,2
BRDA:2,0,2,2
BRDA:3,1,0,0
BRDA:3,1,1,0
BRDA:4,2,0,0
BRDA:4,2,1,0
BRDA:7,3,0,0
BRDA:7,3,1,0
BRDA:8,4,0,0
BRDA:8,4,1,0
BRDA:28,5,0,0
BRDA:28,6,0,0
BRDA:29,7,0,0
BRDA:29,7,1,0
BRDA:29,8,0,0
BRDA:29,8,1,0
BRDA:29,8,2,0
BRDA:32,9,0,0
BRDA:32,9,1,0
BRDA:32,10,0,0
BRDA:32,10,1,0
BRDA:35,11,0,0
BRDA:35,11,1,0
BRDA:42,12,0,0
BRDA:42,12,1,0
BRDA:45,13,0,0
BRDA:45,13,1,0
BRDA:48,14,0,0
BRDA:48,14,1,0
BRDA:49,15,0,0
BRDA:49,15,1,0
BRF:32
BRH:3
end_of_record
TN:
SF:tools/blue/yara.js
FN:2,(anonymous_0)
FN:3,adopt
FN:3,(anonymous_2)
FN:4,(anonymous_3)
FN:5,fulfilled
FN:6,rejected
FN:7,step
FN:27,(anonymous_7)
FN:28,(anonymous_8)
FNF:9
FNH:0
FNDA:0,(anonymous_0)
FNDA:0,adopt
FNDA:0,(anonymous_2)
FNDA:0,(anonymous_3)
FNDA:0,fulfilled
FNDA:0,rejected
FNDA:0,step
FNDA:0,(anonymous_7)
FNDA:0,(anonymous_8)
DA:2,2
DA:3,0
DA:4,0
DA:5,0
DA:6,0
DA:7,0
DA:8,0
DA:11,2
DA:12,2
DA:13,2
DA:14,2
DA:19,2
DA:28,0
DA:29,0
DA:30,0
DA:31,0
DA:33,0
DA:34,0
DA:36,0
DA:37,0
DA:39,0
DA:40,0
DA:42,0
DA:43,0
DA:46,0
DA:47,0
DA:49,0
DA:50,0
DA:52,0
DA:53,0
DA:55,0
DA:56,0
LF:32
LH:6
BRDA:2,0,0,2
BRDA:2,0,1,2
BRDA:2,0,2,2
BRDA:3,1,0,0
BRDA:3,1,1,0
BRDA:4,2,0,0
BRDA:4,2,1,0
BRDA:7,3,0,0
BRDA:7,3,1,0
BRDA:8,4,0,0
BRDA:8,4,1,0
BRDA:29,5,0,0
BRDA:30,6,0,0
BRDA:30,6,1,0
BRDA:30,7,0,0
BRDA:30,7,1,0
BRDA:30,7,2,0
BRDA:33,8,0,0
BRDA:33,8,1,0
BRDA:33,9,0,0
BRDA:33,9,1,0
BRDA:33,9,2,0
BRDA:36,10,0,0
BRDA:36,10,1,0
BRDA:36,11,0,0
BRDA:36,11,1,0
BRDA:39,12,0,0
BRDA:39,12,1,0
BRDA:46,13,0,0
BRDA:46,13,1,0
BRDA:49,14,0,0
BRDA:49,14,1,0
BRDA:52,15,0,0
BRDA:52,15,1,0
BRDA:53,16,0,0
BRDA:53,16,1,0
BRF:36
BRH:3
end_of_record
TN:
SF:tools/red/burpsuite.js
FN:2,(anonymous_0)
FN:3,adopt
FN:3,(anonymous_2)
FN:4,(anonymous_3)
FN:5,fulfilled
FN:6,rejected
FN:7,step
FN:26,(anonymous_7)
FN:27,(anonymous_8)
FNF:9
FNH:0
FNDA:0,(anonymous_0)
FNDA:0,adopt
FNDA:0,(anonymous_2)
FNDA:0,(anonymous_3)
FNDA:0,fulfilled
FNDA:0,rejected
FNDA:0,step
FNDA:0,(anonymous_7)
FNDA:0,(anonymous_8)
DA:2,2
DA:3,0
DA:4,0
DA:5,0
DA:6,0
DA:7,0
DA:8,0
DA:11,2
DA:12,2
DA:13,2
DA:14,2
DA:19,2
DA:27,0
DA:28,0
DA:29,0
DA:30,0
DA:32,0
DA:33,0
DA:35,0
DA:36,0
DA:37,0
DA:41,0
DA:42,0
DA:45,0
DA:46,0
DA:48,0
DA:49,0
DA:51,0
DA:52,0
DA:54,0
DA:55,0
LF:31
LH:6
BRDA:2,0,0,2
BRDA:2,0,1,2
BRDA:2,0,2,2
BRDA:3,1,0,0
BRDA:3,1,1,0
BRDA:4,2,0,0
BRDA:4,2,1,0
BRDA:7,3,0,0
BRDA:7,3,1,0
BRDA:8,4,0,0
BRDA:8,4,1,0
BRDA:28,5,0,0
BRDA:29,6,0,0
BRDA:29,6,1,0
BRDA:29,7,0,0
BRDA:29,7,1,0
BRDA:29,7,2,0
BRDA:32,8,0,0
BRDA:32,8,1,0
BRDA:32,9,0,0
BRDA:32,9,1,0
BRDA:35,10,0,0
BRDA:35,10,1,0
BRDA:37,11,0,0
BRDA:37,11,1,0
BRDA:37,12,0,0
BRDA:37,12,1,0
BRDA:37,13,0,0
BRDA:37,13,1,0
BRDA:45,14,0,0
BRDA:45,14,1,0
BRDA:48,15,0,0
BRDA:48,15,1,0
BRDA:51,16,0,0
BRDA:51,16,1,0
BRDA:52,17,0,0
BRDA:52,17,1,0
BRF:37
BRH:3
end_of_record
TN:
SF:tools/red/nmap.js
FN:2,(anonymous_0)
FN:3,adopt
FN:3,(anonymous_2)
FN:4,(anonymous_3)
FN:5,fulfilled
FN:6,rejected
FN:7,step
FN:26,(anonymous_7)
FN:27,(anonymous_8)
FNF:9
FNH:0
FNDA:0,(anonymous_0)
FNDA:0,adopt
FNDA:0,(anonymous_2)
FNDA:0,(anonymous_3)
FNDA:0,fulfilled
FNDA:0,rejected
FNDA:0,step
FNDA:0,(anonymous_7)
FNDA:0,(anonymous_8)
DA:2,2
DA:3,0
DA:4,0
DA:5,0
DA:6,0
DA:7,0
DA:8,0
DA:11,2
DA:12,2
DA:13,2
DA:14,2
DA:19,2
DA:27,0
DA:28,0
DA:29,0
DA:30,0
DA:33,0
DA:34,0
DA:37,0
DA:38,0
DA:39,0
DA:43,0
DA:44,0
DA:47,0
DA:48,0
DA:50,0
DA:51,0
DA:53,0
DA:54,0
DA:56,0
DA:57,0
LF:31
LH:6
BRDA:2,0,0,2
BRDA:2,0,1,2
BRDA:2,0,2,2
BRDA:3,1,0,0
BRDA:3,1,1,0
BRDA:4,2,0,0
BRDA:4,2,1,0
BRDA:7,3,0,0
BRDA:7,3,1,0
BRDA:8,4,0,0
BRDA:8,4,1,0
BRDA:28,5,0,0
BRDA:29,6,0,0
BRDA:29,6,1,0
BRDA:29,7,0,0
BRDA:29,7,1,0
BRDA:29,7,2,0
BRDA:33,8,0,0
BRDA:33,8,1,0
BRDA:33,9,0,0
BRDA:33,9,1,0
BRDA:37,10,0,0
BRDA:37,10,1,0
BRDA:39,11,0,0
BRDA:39,11,1,0
BRDA:39,12,0,0
BRDA:39,12,1,0
BRDA:39,13,0,0
BRDA:39,13,1,0
BRDA:47,14,0,0
BRDA:47,14,1,0
BRDA:50,15,0,0
BRDA:50,15,1,0
BRDA:53,16,0,0
BRDA:53,16,1,0
BRDA:54,17,0,0
BRDA:54,17,1,0
BRF:37
BRH:3
end_of_record
TN:
SF:tools/red/sqlmap.js
FN:2,(anonymous_0)
FN:3,adopt
FN:3,(anonymous_2)
FN:4,(anonymous_3)
FN:5,fulfilled
FN:6,rejected
FN:7,step
FN:26,(anonymous_7)
FN:27,(anonymous_8)
FNF:9
FNH:0
FNDA:0,(anonymous_0)
FNDA:0,adopt
FNDA:0,(anonymous_2)
FNDA:0,(anonymous_3)
FNDA:0,fulfilled
FNDA:0,rejected
FNDA:0,step
FNDA:0,(anonymous_7)
FNDA:0,(anonymous_8)
DA:2,2
DA:3,0
DA:4,0
DA:5,0
DA:6,0
DA:7,0
DA:8,0
DA:11,2
DA:12,2
DA:13,2
DA:14,2
DA:19,2
DA:27,0
DA:28,0
DA:29,0
DA:30,0
DA:33,0
DA:34,0
DA:36,0
DA:37,0
DA:38,0
DA:42,0
DA:43,0
DA:46,0
DA:47,0
DA:49,0
DA:50,0
DA:52,0
DA:53,0
DA:55,0
DA:56,0
LF:31
LH:6
BRDA:2,0,0,2
BRDA:2,0,1,2
BRDA:2,0,2,2
BRDA:3,1,0,0
BRDA:3,1,1,0
BRDA:4,2,0,0
BRDA:4,2,1,0
BRDA:7,3,0,0
BRDA:7,3,1,0
BRDA:8,4,0,0
BRDA:8,4,1,0
BRDA:28,5,0,0
BRDA:29,6,0,0
BRDA:29,6,1,0
BRDA:29,7,0,0
BRDA:29,7,1,0
BRDA:29,7,2,0
BRDA:33,8,0,0
BRDA:33,8,1,0
BRDA:33,9,0,0
BRDA:33,9,1,0
BRDA:36,10,0,0
BRDA:36,10,1,0
BRDA:38,11,0,0
BRDA:38,11,1,0
BRDA:38,12,0,0
BRDA:38,12,1,0
BRDA:38,13,0,0
BRDA:38,13,1,0
BRDA:46,14,0,0
BRDA:46,14,1,0
BRDA:49,15,0,0
BRDA:49,15,1,0
BRDA:52,16,0,0
BRDA:52,16,1,0
BRDA:53,17,0,0
BRDA:53,17,1,0
BRF:37
BRH:3
end_of_record
TN:
SF:utils/logger.js
FN:5,(anonymous_0)
FN:9,(anonymous_1)
FN:15,(anonymous_2)
FN:17,(anonymous_3)
FN:20,(anonymous_4)
FN:25,(anonymous_5)
FN:30,(anonymous_6)
FN:35,(anonymous_7)
FN:40,(anonymous_8)
FNF:9
FNH:5
FNDA:18,(anonymous_0)
FNDA:18,(anonymous_1)
FNDA:18,(anonymous_2)
FNDA:0,(anonymous_3)
FNDA:0,(anonymous_4)
FNDA:12,(anonymous_5)
FNDA:0,(anonymous_6)
FNDA:6,(anonymous_7)
FNDA:0,(anonymous_8)
DA:2,2
DA:3,2
DA:6,18
DA:7,18
DA:10,18
DA:11,18
DA:12,18
DA:13,18
DA:16,18
DA:17,18
DA:18,18
DA:21,0
DA:22,0
DA:26,12
DA:27,12
DA:31,0
DA:32,0
DA:36,6
DA:37,6
DA:41,0
DA:43,0
DA:44,0
DA:46,0
DA:47,0
DA:49,0
DA:50,0
DA:52,0
DA:53,0
DA:55,0
DA:59,2
LF:30
LH:16
BRDA:5,0,0,0
BRDA:5,1,0,18
BRDA:17,2,0,0
BRDA:17,2,1,18
BRDA:17,3,0,0
BRDA:17,3,1,0
BRDA:21,4,0,0
BRDA:21,4,1,0
BRDA:26,5,0,12
BRDA:26,5,1,0
BRDA:31,6,0,0
BRDA:31,6,1,0
BRDA:36,7,0,6
BRDA:36,7,1,0
BRDA:41,8,0,0
BRDA:41,8,1,0
BRDA:41,8,2,0
BRDA:41,8,3,0
BRDA:41,8,4,0
BRF:19
BRH:4
end_of_record
