TN:
SF:gemma3n:4B-agent.ts
FN:63,(anonymous_16)
FN:110,(anonymous_17)
FN:198,(anonymous_18)
FN:199,(anonymous_19)
FN:200,(anonymous_20)
FN:206,(anonymous_21)
FN:212,(anonymous_22)
FN:240,(anonymous_24)
FN:250,(anonymous_26)
FN:250,(anonymous_27)
FN:289,(anonymous_28)
FN:301,(anonymous_30)
FN:325,(anonymous_32)
FN:348,(anonymous_33)
FN:360,(anonymous_35)
FN:367,(anonymous_36)
FN:374,(anonymous_37)
FN:409,(anonymous_39)
FN:412,(anonymous_41)
FN:432,(anonymous_42)
FN:439,(anonymous_43)
FN:448,(anonymous_44)
FN:455,(anonymous_46)
FN:459,(anonymous_48)
FN:466,(anonymous_50)
FN:473,(anonymous_52)
FN:476,(anonymous_53)
FN:483,(anonymous_54)
FN:487,(anonymous_55)
FN:491,(anonymous_56)
FN:495,(anonymous_57)
FN:506,(anonymous_58)
FN:509,(anonymous_59)
FN:516,(anonymous_60)
FN:523,(anonymous_62)
FN:527,(anonymous_64)
FN:531,(anonymous_66)
FN:535,(anonymous_68)
FN:539,(anonymous_70)
FN:543,(anonymous_71)
FN:547,(anonymous_72)
FN:554,(anonymous_74)
FN:558,(anonymous_76)
FN:562,(anonymous_77)
FN:566,(anonymous_79)
FN:578,(anonymous_81)
FN:578,(anonymous_82)
FN:592,(anonymous_83)
FN:599,(anonymous_84)
FN:606,(anonymous_85)
FN:613,(anonymous_86)
FN:620,(anonymous_87)
FN:620,(anonymous_88)
FN:667,(anonymous_89)
FN:674,(anonymous_90)
FN:681,(anonymous_91)
FN:701,(anonymous_93)
FN:708,(anonymous_94)
FN:713,(anonymous_95)
FN:717,(anonymous_96)
FN:721,(anonymous_97)
FN:725,(anonymous_98)
FN:729,(anonymous_99)
FN:734,(anonymous_100)
FN:748,(anonymous_101)
FN:748,(anonymous_102)
FN:766,(anonymous_103)
FNF:67
FNH:9
FNDA:3,(anonymous_16)
FNDA:0,(anonymous_17)
FNDA:3,(anonymous_18)
FNDA:3,(anonymous_19)
FNDA:0,(anonymous_20)
FNDA:0,(anonymous_21)
FNDA:3,(anonymous_22)
FNDA:0,(anonymous_24)
FNDA:3,(anonymous_26)
FNDA:3,(anonymous_27)
FNDA:3,(anonymous_28)
FNDA:3,(anonymous_30)
FNDA:0,(anonymous_32)
FNDA:0,(anonymous_33)
FNDA:0,(anonymous_35)
FNDA:0,(anonymous_36)
FNDA:0,(anonymous_37)
FNDA:3,(anonymous_39)
FNDA:0,(anonymous_41)
FNDA:0,(anonymous_42)
FNDA:0,(anonymous_43)
FNDA:0,(anonymous_44)
FNDA:0,(anonymous_46)
FNDA:0,(anonymous_48)
FNDA:0,(anonymous_50)
FNDA:0,(anonymous_52)
FNDA:0,(anonymous_53)
FNDA:0,(anonymous_54)
FNDA:0,(anonymous_55)
FNDA:0,(anonymous_56)
FNDA:0,(anonymous_57)
FNDA:0,(anonymous_58)
FNDA:0,(anonymous_59)
FNDA:0,(anonymous_60)
FNDA:0,(anonymous_62)
FNDA:0,(anonymous_64)
FNDA:0,(anonymous_66)
FNDA:0,(anonymous_68)
FNDA:0,(anonymous_70)
FNDA:0,(anonymous_71)
FNDA:0,(anonymous_72)
FNDA:0,(anonymous_74)
FNDA:0,(anonymous_76)
FNDA:0,(anonymous_77)
FNDA:0,(anonymous_79)
FNDA:0,(anonymous_81)
FNDA:0,(anonymous_82)
FNDA:0,(anonymous_83)
FNDA:0,(anonymous_84)
FNDA:0,(anonymous_85)
FNDA:0,(anonymous_86)
FNDA:0,(anonymous_87)
FNDA:0,(anonymous_88)
FNDA:0,(anonymous_89)
FNDA:0,(anonymous_90)
FNDA:0,(anonymous_91)
FNDA:0,(anonymous_93)
FNDA:0,(anonymous_94)
FNDA:0,(anonymous_95)
FNDA:0,(anonymous_96)
FNDA:0,(anonymous_97)
FNDA:0,(anonymous_98)
FNDA:0,(anonymous_99)
FNDA:0,(anonymous_100)
FNDA:0,(anonymous_101)
FNDA:0,(anonymous_102)
FNDA:0,(anonymous_103)
DA:1,1
DA:2,1
DA:3,1
DA:4,1
DA:5,1
DA:6,1
DA:17,1
DA:18,1
DA:19,1
DA:20,1
DA:21,1
DA:22,1
DA:23,1
DA:24,1
DA:25,1
DA:26,1
DA:27,1
DA:28,1
DA:29,1
DA:30,1
DA:36,1
DA:60,3
DA:61,3
DA:65,3
DA:66,3
DA:67,3
DA:68,3
DA:69,3
DA:72,3
DA:73,3
DA:74,3
DA:77,3
DA:78,3
DA:79,0
DA:82,3
DA:88,3
DA:92,3
DA:99,3
DA:107,3
DA:110,0
DA:114,3
DA:115,3
DA:116,3
DA:118,0
DA:119,0
DA:123,3
DA:130,3
DA:139,3
DA:142,3
DA:149,3
DA:156,3
DA:165,3
DA:166,3
DA:173,3
DA:181,3
DA:189,3
DA:192,3
DA:195,3
DA:199,3
DA:200,3
DA:201,3
DA:202,3
DA:203,3
DA:207,0
DA:209,0
DA:213,3
DA:214,3
DA:217,3
DA:220,3
DA:223,3
DA:226,3
DA:233,0
DA:235,0
DA:236,0
DA:241,0
DA:250,3
DA:251,3
DA:252,3
DA:253,3
DA:255,3
DA:257,3
DA:260,3
DA:261,3
DA:264,3
DA:267,0
DA:269,0
DA:271,0
DA:279,0
DA:280,0
DA:281,0
DA:282,0
DA:290,3
DA:295,3
DA:302,3
DA:303,15
DA:304,0
DA:308,0
DA:309,0
DA:311,0
DA:312,0
DA:314,0
DA:315,0
DA:316,0
DA:327,0
DA:328,0
DA:332,0
DA:333,0
DA:337,0
DA:338,0
DA:339,0
DA:342,0
DA:349,0
DA:353,0
DA:361,0
DA:368,0
DA:375,0
DA:376,0
DA:378,0
DA:381,0
DA:382,0
DA:385,0
DA:386,0
DA:387,0
DA:390,0
DA:397,0
DA:399,0
DA:400,0
DA:410,3
DA:411,0
DA:412,0
DA:413,0
DA:419,0
DA:420,0
DA:421,0
DA:424,0
DA:433,0
DA:440,0
DA:441,0
DA:442,0
DA:449,0
DA:456,0
DA:460,0
DA:467,0
DA:474,0
DA:477,0
DA:484,0
DA:488,0
DA:492,0
DA:496,0
DA:498,0
DA:499,0
DA:507,0
DA:510,0
DA:517,0
DA:524,0
DA:528,0
DA:532,0
DA:536,0
DA:540,0
DA:544,0
DA:548,0
DA:555,0
DA:559,0
DA:563,0
DA:569,0
DA:570,0
DA:571,0
DA:578,0
DA:579,0
DA:593,0
DA:600,0
DA:607,0
DA:614,0
DA:620,0
DA:621,0
DA:622,0
DA:633,0
DA:635,0
DA:645,0
DA:659,0
DA:660,0
DA:668,0
DA:675,0
DA:682,0
DA:695,0
DA:702,0
DA:709,0
DA:714,0
DA:718,0
DA:722,0
DA:726,0
DA:730,0
DA:735,0
DA:736,0
DA:739,0
DA:748,0
DA:749,0
DA:750,0
DA:754,0
DA:762,0
DA:767,0
DA:768,0
DA:771,0
LF:203
LH:79
BRDA:65,0,0,3
BRDA:65,0,1,3
BRDA:65,1,0,3
BRDA:65,1,1,0
BRDA:65,2,0,3
BRDA:65,2,1,3
BRDA:66,3,0,3
BRDA:66,3,1,0
BRDA:66,4,0,3
BRDA:66,4,1,3
BRDA:66,5,0,3
BRDA:66,5,1,0
BRDA:66,6,0,3
BRDA:66,6,1,3
BRDA:67,7,0,3
BRDA:67,7,1,0
BRDA:67,8,0,3
BRDA:67,8,1,3
BRDA:67,9,0,3
BRDA:67,9,1,0
BRDA:67,10,0,3
BRDA:67,10,1,3
BRDA:68,11,0,3
BRDA:68,11,1,3
BRDA:68,12,0,3
BRDA:68,12,1,0
BRDA:68,13,0,3
BRDA:68,13,1,3
BRDA:68,14,0,3
BRDA:68,14,1,0
BRDA:68,15,0,3
BRDA:68,15,1,3
BRDA:69,16,0,3
BRDA:69,16,1,3
BRDA:69,17,0,3
BRDA:69,17,1,0
BRDA:69,18,0,3
BRDA:69,18,1,3
BRDA:69,19,0,3
BRDA:69,19,1,0
BRDA:69,20,0,3
BRDA:69,20,1,3
BRDA:72,21,0,3
BRDA:72,21,1,3
BRDA:72,22,0,3
BRDA:72,22,1,0
BRDA:72,23,0,3
BRDA:72,23,1,3
BRDA:77,24,0,3
BRDA:77,24,1,0
BRDA:78,25,0,0
BRDA:110,26,0,0
BRDA:110,26,1,3
BRDA:115,27,0,0
BRDA:115,27,1,3
BRDA:115,28,0,3
BRDA:115,28,1,3
BRDA:250,29,0,3
BRDA:272,30,0,0
BRDA:272,30,1,0
BRDA:272,31,0,0
BRDA:272,31,1,0
BRDA:272,32,0,0
BRDA:272,32,1,0
BRDA:272,33,0,0
BRDA:272,33,1,0
BRDA:291,34,0,0
BRDA:291,34,1,3
BRDA:292,35,0,0
BRDA:292,35,1,3
BRDA:303,36,0,0
BRDA:304,37,0,0
BRDA:304,37,1,0
BRDA:308,38,0,0
BRDA:311,39,0,0
BRDA:311,40,0,0
BRDA:311,40,1,0
BRDA:314,41,0,0
BRDA:327,42,0,0
BRDA:332,43,0,0
BRDA:338,44,0,0
BRDA:338,45,0,0
BRDA:338,45,1,0
BRDA:410,46,0,0
BRDA:420,47,0,0
BRDA:498,48,0,0
BRDA:570,49,0,0
BRDA:578,50,0,0
BRDA:583,51,0,0
BRDA:583,51,1,0
BRDA:620,52,0,0
BRDA:626,53,0,0
BRDA:626,53,1,0
BRDA:714,54,0,0
BRDA:714,54,1,0
BRDA:735,55,0,0
BRDA:748,56,0,0
BRDA:749,57,0,0
BRDA:767,58,0,0
BRF:99
BRH:46
end_of_record
TN:
SF:clients/llama-cpp-client.ts
FN:20,(anonymous_28)
FN:29,(anonymous_29)
FN:51,(anonymous_31)
FN:65,(anonymous_32)
FN:104,(anonymous_34)
FN:118,(anonymous_35)
FN:134,(anonymous_37)
FNF:7
FNH:5
FNDA:9,(anonymous_28)
FNDA:42,(anonymous_29)
FNDA:82,(anonymous_31)
FNDA:0,(anonymous_32)
FNDA:0,(anonymous_34)
FNDA:3,(anonymous_35)
FNDA:6,(anonymous_37)
DA:1,1
DA:15,1
DA:17,9
DA:18,9
DA:21,9
DA:30,42
DA:31,42
DA:32,42
DA:33,118
DA:34,118
DA:45,0
DA:47,118
DA:48,118
DA:49,118
DA:50,118
DA:51,82
DA:53,0
DA:57,36
DA:66,0
DA:67,0
DA:68,0
DA:69,0
DA:70,0
DA:83,0
DA:84,0
DA:85,0
DA:86,0
DA:87,0
DA:88,0
DA:89,0
DA:90,0
DA:91,0
DA:92,0
DA:93,0
DA:98,0
DA:100,0
DA:101,0
DA:102,0
DA:103,0
DA:104,0
DA:106,0
DA:110,0
DA:119,3
DA:120,3
DA:121,3
DA:122,9
DA:123,9
DA:128,0
DA:130,9
DA:131,9
DA:132,9
DA:133,9
DA:134,6
DA:136,0
DA:140,3
LF:55
LH:27
BRDA:20,0,0,6
BRDA:20,1,0,6
BRDA:20,1,1,6
BRDA:38,2,0,118
BRDA:38,2,1,118
BRDA:39,3,0,118
BRDA:39,3,1,118
BRDA:41,4,0,118
BRDA:41,4,1,118
BRDA:48,5,0,118
BRDA:48,5,1,0
BRDA:48,6,0,118
BRDA:48,6,1,118
BRDA:48,6,2,0
BRDA:48,7,0,0
BRDA:48,7,1,0
BRDA:48,8,0,0
BRDA:48,8,1,0
BRDA:50,9,0,36
BRDA:57,10,0,36
BRDA:57,10,1,36
BRDA:57,11,0,0
BRDA:57,11,1,36
BRDA:57,12,0,36
BRDA:57,12,1,36
BRDA:75,13,0,0
BRDA:75,13,1,0
BRDA:76,14,0,0
BRDA:76,14,1,0
BRDA:78,15,0,0
BRDA:78,15,1,0
BRDA:88,16,0,0
BRDA:88,16,1,0
BRDA:90,17,0,0
BRDA:93,18,0,0
BRDA:101,19,0,0
BRDA:101,19,1,0
BRDA:101,20,0,0
BRDA:101,20,1,0
BRDA:101,20,2,0
BRDA:101,21,0,0
BRDA:101,21,1,0
BRDA:101,22,0,0
BRDA:101,22,1,0
BRDA:103,23,0,0
BRDA:110,24,0,0
BRDA:110,24,1,0
BRDA:110,25,0,0
BRDA:110,25,1,0
BRDA:110,26,0,0
BRDA:110,26,1,0
BRDA:131,27,0,9
BRDA:131,27,1,0
BRDA:131,28,0,9
BRDA:131,28,1,9
BRDA:131,28,2,0
BRDA:131,29,0,0
BRDA:131,29,1,0
BRDA:131,30,0,0
BRDA:131,30,1,0
BRDA:133,31,0,3
BRDA:140,32,0,3
BRDA:140,32,1,3
BRDA:140,33,0,0
BRDA:140,33,1,3
BRDA:140,34,0,3
BRDA:140,34,1,3
BRF:67
BRH:27
end_of_record
TN:
SF:clients/log-analyzer-client.ts
FN:8,(anonymous_8)
FN:13,(anonymous_9)
FNF:2
FNH:1
FNDA:3,(anonymous_8)
FNDA:0,(anonymous_9)
DA:1,1
DA:4,1
DA:9,3
DA:10,3
DA:14,0
DA:15,0
DA:16,0
DA:18,0
DA:19,0
LF:9
LH:4
BRF:0
BRH:0
end_of_record
TN:
SF:config/config-manager.ts
FN:14,(anonymous_9)
FN:27,(anonymous_10)
FN:39,(anonymous_11)
FN:50,(anonymous_12)
FN:65,(anonymous_13)
FN:80,(anonymous_14)
FN:84,(anonymous_15)
FN:95,(anonymous_16)
FN:99,(anonymous_17)
FN:104,(anonymous_18)
FN:107,(anonymous_19)
FN:112,(anonymous_20)
FN:115,(anonymous_21)
FN:120,(anonymous_22)
FN:123,(anonymous_23)
FN:128,(anonymous_24)
FN:132,(anonymous_25)
FN:141,(anonymous_26)
FN:147,(anonymous_27)
FN:172,(anonymous_28)
FN:176,(anonymous_29)
FN:181,(anonymous_30)
FN:184,(anonymous_31)
FNF:23
FNH:3
FNDA:3,(anonymous_9)
FNDA:3,(anonymous_10)
FNDA:0,(anonymous_11)
FNDA:39,(anonymous_12)
FNDA:0,(anonymous_13)
FNDA:0,(anonymous_14)
FNDA:0,(anonymous_15)
FNDA:0,(anonymous_16)
FNDA:0,(anonymous_17)
FNDA:0,(anonymous_18)
FNDA:0,(anonymous_19)
FNDA:0,(anonymous_20)
FNDA:0,(anonymous_21)
FNDA:0,(anonymous_22)
FNDA:0,(anonymous_23)
FNDA:0,(anonymous_24)
FNDA:0,(anonymous_25)
FNDA:0,(anonymous_26)
FNDA:0,(anonymous_27)
FNDA:0,(anonymous_28)
FNDA:0,(anonymous_29)
FNDA:0,(anonymous_30)
FNDA:0,(anonymous_31)
DA:1,1
DA:2,1
DA:9,1
DA:10,3
DA:12,3
DA:15,3
DA:16,3
DA:19,3
DA:22,3
DA:23,0
DA:28,3
DA:29,3
DA:30,3
DA:31,3
DA:32,3
DA:35,0
DA:40,0
DA:41,0
DA:42,0
DA:43,0
DA:46,0
DA:51,39
DA:52,39
DA:54,39
DA:55,63
DA:56,39
DA:58,24
DA:62,15
DA:66,0
DA:67,0
DA:69,0
DA:70,0
DA:71,0
DA:72,0
DA:74,0
DA:77,0
DA:81,0
DA:85,0
DA:86,0
DA:87,0
DA:88,0
DA:90,0
DA:96,0
DA:100,0
DA:105,0
DA:108,0
DA:113,0
DA:116,0
DA:121,0
DA:124,0
DA:129,0
DA:138,3
DA:139,3
DA:143,0
DA:144,0
DA:148,0
DA:150,0
DA:151,0
DA:152,0
DA:155,0
DA:156,0
DA:157,0
DA:161,0
DA:162,0
DA:164,0
DA:165,0
DA:166,0
DA:169,0
DA:173,0
DA:177,0
DA:182,0
DA:185,0
LF:72
LH:23
BRDA:14,0,0,3
BRDA:16,1,0,3
BRDA:16,1,1,3
BRDA:22,2,0,0
BRDA:22,3,0,3
BRDA:22,3,1,0
BRDA:30,4,0,3
BRDA:41,5,0,0
BRDA:41,6,0,0
BRDA:41,6,1,0
BRDA:55,7,0,39
BRDA:55,7,1,24
BRDA:55,8,0,63
BRDA:55,8,1,63
BRDA:55,8,2,63
BRDA:62,9,0,15
BRDA:62,9,1,0
BRDA:71,10,0,0
BRDA:71,11,0,0
BRDA:71,11,1,0
BRDA:85,12,0,0
BRDA:129,13,0,0
BRDA:129,13,1,0
BRDA:129,13,2,0
BRDA:129,13,3,0
BRDA:148,14,0,0
BRDA:150,15,0,0
BRDA:150,15,1,0
BRDA:151,16,0,0
BRDA:151,16,1,0
BRDA:164,17,0,0
BRF:31
BRH:11
end_of_record
TN:
SF:context/context-manager.ts
FN:3,(anonymous_7)
FN:10,(anonymous_8)
FN:24,(anonymous_10)
FN:28,(anonymous_11)
FN:32,(anonymous_12)
FN:36,(anonymous_13)
FN:40,(anonymous_14)
FNF:7
FNH:2
FNDA:4,(anonymous_7)
FNDA:3,(anonymous_8)
FNDA:0,(anonymous_10)
FNDA:0,(anonymous_11)
FNDA:0,(anonymous_12)
FNDA:0,(anonymous_13)
FNDA:0,(anonymous_14)
DA:3,1
DA:4,4
DA:14,3
DA:19,3
DA:20,3
DA:21,3
DA:25,0
DA:29,0
DA:33,0
DA:37,0
DA:41,0
DA:42,0
DA:43,0
DA:47,1
LF:14
LH:7
BRF:0
BRH:0
end_of_record
TN:
SF:events/event-bus.ts
FNF:0
FNH:0
DA:1,1
DA:3,1
LF:2
LH:2
BRF:0
BRH:0
end_of_record
TN:
SF:learning/feedback-loop.ts
FN:27,(anonymous_16)
FN:48,(anonymous_17)
FN:65,(anonymous_18)
FN:78,(anonymous_19)
FN:79,(anonymous_20)
FN:126,(anonymous_21)
FN:162,(anonymous_23)
FN:203,(anonymous_25)
FN:214,(anonymous_27)
FN:231,(anonymous_28)
FN:278,(anonymous_30)
FN:311,(anonymous_32)
FN:328,(anonymous_34)
FN:335,(anonymous_35)
FN:338,(anonymous_37)
FN:341,(anonymous_38)
FN:342,(anonymous_39)
FN:343,(anonymous_40)
FN:344,(anonymous_41)
FN:349,(anonymous_42)
FN:352,(anonymous_43)
FN:358,(anonymous_44)
FN:360,(anonymous_45)
FN:367,(anonymous_46)
FN:368,(anonymous_47)
FNF:25
FNH:2
FNDA:3,(anonymous_16)
FNDA:3,(anonymous_17)
FNDA:0,(anonymous_18)
FNDA:0,(anonymous_19)
FNDA:0,(anonymous_20)
FNDA:0,(anonymous_21)
FNDA:0,(anonymous_23)
FNDA:0,(anonymous_25)
FNDA:0,(anonymous_27)
FNDA:0,(anonymous_28)
FNDA:0,(anonymous_30)
FNDA:0,(anonymous_32)
FNDA:0,(anonymous_34)
FNDA:0,(anonymous_35)
FNDA:0,(anonymous_37)
FNDA:0,(anonymous_38)
FNDA:0,(anonymous_39)
FNDA:0,(anonymous_40)
FNDA:0,(anonymous_41)
FNDA:0,(anonymous_42)
FNDA:0,(anonymous_43)
FNDA:0,(anonymous_44)
FNDA:0,(anonymous_45)
FNDA:0,(anonymous_46)
FNDA:0,(anonymous_47)
DA:3,1
DA:4,1
DA:5,1
DA:6,1
DA:12,1
DA:17,3
DA:20,3
DA:28,3
DA:29,3
DA:30,3
DA:31,3
DA:32,3
DA:33,3
DA:36,3
DA:39,3
DA:42,3
DA:49,3
DA:51,3
DA:52,3
DA:53,3
DA:54,3
DA:57,0
DA:58,0
DA:66,0
DA:68,0
DA:69,0
DA:71,0
DA:79,0
DA:83,0
DA:86,0
DA:87,0
DA:90,0
DA:100,0
DA:101,0
DA:104,0
DA:107,0
DA:108,0
DA:112,0
DA:115,0
DA:120,0
DA:128,0
DA:146,0
DA:149,0
DA:152,0
DA:156,0
DA:163,0
DA:166,0
DA:168,0
DA:170,0
DA:171,0
DA:177,0
DA:178,0
DA:183,0
DA:190,0
DA:194,0
DA:208,0
DA:215,0
DA:216,0
DA:219,0
DA:220,0
DA:225,0
DA:239,0
DA:240,0
DA:241,0
DA:242,0
DA:245,0
DA:249,0
DA:250,0
DA:251,0
DA:255,0
DA:256,0
DA:257,0
DA:258,0
DA:259,0
DA:260,0
DA:262,0
DA:267,0
DA:286,0
DA:289,0
DA:290,0
DA:293,0
DA:294,0
DA:297,0
DA:298,0
DA:301,0
DA:302,0
DA:305,0
DA:319,0
DA:329,0
DA:337,0
DA:338,0
DA:340,0
DA:341,0
DA:342,0
DA:343,0
DA:344,0
DA:348,0
DA:349,0
DA:352,0
DA:353,0
DA:354,0
DA:357,0
DA:358,0
DA:360,0
DA:362,0
DA:367,0
DA:368,0
LF:107
LH:21
BRDA:30,0,0,3
BRDA:30,0,1,0
BRDA:32,1,0,3
BRDA:32,1,1,0
BRDA:33,2,0,3
BRDA:33,2,1,3
BRDA:52,3,0,3
BRDA:81,4,0,0
BRDA:83,5,0,0
BRDA:83,5,1,0
BRDA:107,6,0,0
BRDA:168,7,0,0
BRDA:177,8,0,0
BRDA:196,9,0,0
BRDA:196,9,1,0
BRDA:196,10,0,0
BRDA:196,10,1,0
BRDA:196,11,0,0
BRDA:196,11,1,0
BRDA:215,12,0,0
BRDA:216,13,0,0
BRDA:216,13,1,0
BRDA:219,14,0,0
BRDA:220,15,0,0
BRDA:220,15,1,0
BRDA:221,16,0,0
BRDA:221,16,1,0
BRDA:245,17,0,0
BRDA:245,17,1,0
BRDA:247,18,0,0
BRDA:247,18,1,0
BRDA:249,19,0,0
BRDA:249,20,0,0
BRDA:249,20,1,0
BRDA:249,20,2,0
BRDA:255,21,0,0
BRDA:257,22,0,0
BRDA:257,22,1,0
BRDA:259,23,0,0
BRDA:259,23,1,0
BRDA:289,24,0,0
BRDA:293,25,0,0
BRDA:297,26,0,0
BRDA:301,27,0,0
BRDA:353,28,0,0
BRDA:353,28,1,0
BRF:46
BRH:5
end_of_record
TN:
SF:memory/concept-graph.ts
FN:19,(anonymous_0)
FN:23,(anonymous_1)
FN:30,(anonymous_2)
FN:34,(anonymous_3)
FN:38,(anonymous_4)
FN:48,(anonymous_5)
FNF:6
FNH:2
FNDA:3,(anonymous_0)
FNDA:0,(anonymous_1)
FNDA:3,(anonymous_2)
FNDA:0,(anonymous_3)
FNDA:0,(anonymous_4)
FNDA:0,(anonymous_5)
DA:1,1
DA:19,1
DA:20,3
DA:21,3
DA:24,0
DA:25,0
DA:26,0
DA:27,0
DA:31,3
DA:35,0
DA:39,0
DA:40,0
DA:42,0
DA:43,0
DA:44,0
DA:45,0
DA:49,0
DA:50,0
DA:51,0
DA:54,0
LF:20
LH:5
BRDA:39,0,0,0
BRDA:39,1,0,0
BRDA:39,1,1,0
BRDA:50,2,0,0
BRF:4
BRH:0
end_of_record
TN:
SF:memory/episodic-memory.ts
FN:3,(anonymous_7)
FN:6,(anonymous_8)
FN:10,(anonymous_10)
FN:11,(anonymous_12)
FN:14,(anonymous_13)
FN:18,(anonymous_15)
FN:19,(anonymous_17)
FN:22,(anonymous_18)
FN:28,(anonymous_19)
FN:32,(anonymous_21)
FN:33,(anonymous_23)
FN:36,(anonymous_24)
FN:40,(anonymous_26)
FN:41,(anonymous_28)
FNF:14
FNH:2
FNDA:3,(anonymous_7)
FNDA:0,(anonymous_8)
FNDA:0,(anonymous_10)
FNDA:0,(anonymous_12)
FNDA:3,(anonymous_13)
FNDA:0,(anonymous_15)
FNDA:0,(anonymous_17)
FNDA:0,(anonymous_18)
FNDA:0,(anonymous_19)
FNDA:0,(anonymous_21)
FNDA:0,(anonymous_23)
FNDA:0,(anonymous_24)
FNDA:0,(anonymous_26)
FNDA:0,(anonymous_28)
DA:3,1
DA:4,3
DA:7,0
DA:11,0
DA:15,3
DA:19,0
DA:20,0
DA:23,0
DA:29,0
DA:33,0
DA:37,0
DA:41,0
DA:42,0
DA:43,0
DA:45,0
LF:15
LH:3
BRDA:11,0,0,0
BRDA:11,0,1,0
BRDA:20,1,0,0
BRDA:20,1,1,0
BRDA:20,2,0,0
BRDA:20,2,1,0
BRDA:20,2,2,0
BRDA:23,3,0,0
BRDA:23,3,1,0
BRDA:42,4,0,0
BRDA:42,4,1,0
BRF:11
BRH:0
end_of_record
TN:
SF:memory/memory-cache.ts
FN:8,(anonymous_7)
FN:10,(anonymous_8)
FN:20,(anonymous_10)
FN:24,(anonymous_12)
FN:28,(anonymous_13)
FN:36,(anonymous_14)
FN:36,(anonymous_15)
FN:38,(anonymous_16)
FN:38,(anonymous_17)
FNF:9
FNH:5
FNDA:3,(anonymous_7)
FNDA:3,(anonymous_8)
FNDA:3,(anonymous_10)
FNDA:3,(anonymous_12)
FNDA:3,(anonymous_13)
FNDA:0,(anonymous_14)
FNDA:0,(anonymous_15)
FNDA:0,(anonymous_16)
FNDA:0,(anonymous_17)
DA:3,1
DA:4,3
DA:5,3
DA:6,3
DA:11,3
DA:12,3
DA:13,0
DA:14,0
DA:16,3
DA:17,3
DA:21,3
DA:25,3
DA:29,3
DA:30,3
DA:31,0
DA:33,3
DA:36,0
DA:38,0
LF:18
LH:13
BRDA:12,0,0,0
BRDA:30,1,0,0
BRF:2
BRH:0
end_of_record
TN:
SF:memory/memory-system.ts
FN:34,(anonymous_16)
FN:64,(anonymous_17)
FN:68,(anonymous_18)
FN:87,(anonymous_19)
FN:101,(anonymous_21)
FN:128,(anonymous_23)
FN:187,(anonymous_25)
FN:195,(anonymous_26)
FN:205,(anonymous_28)
FN:208,(anonymous_29)
FN:221,(anonymous_30)
FN:221,(anonymous_31)
FN:232,(anonymous_32)
FN:232,(anonymous_33)
FN:234,(anonymous_34)
FN:252,(anonymous_35)
FN:252,(anonymous_36)
FN:278,(anonymous_37)
FN:306,(anonymous_39)
FN:316,(anonymous_41)
FN:328,(anonymous_43)
FN:347,(anonymous_45)
FNF:22
FNH:9
FNDA:3,(anonymous_16)
FNDA:3,(anonymous_17)
FNDA:3,(anonymous_18)
FNDA:3,(anonymous_19)
FNDA:0,(anonymous_21)
FNDA:0,(anonymous_23)
FNDA:0,(anonymous_25)
FNDA:0,(anonymous_26)
FNDA:0,(anonymous_28)
FNDA:0,(anonymous_29)
FNDA:3,(anonymous_30)
FNDA:3,(anonymous_31)
FNDA:0,(anonymous_32)
FNDA:0,(anonymous_33)
FNDA:0,(anonymous_34)
FNDA:3,(anonymous_35)
FNDA:3,(anonymous_36)
FNDA:0,(anonymous_37)
FNDA:0,(anonymous_39)
FNDA:0,(anonymous_41)
FNDA:3,(anonymous_43)
FNDA:0,(anonymous_45)
DA:1,1
DA:2,1
DA:3,1
DA:4,1
DA:5,1
DA:6,1
DA:7,1
DA:8,1
DA:9,1
DA:10,1
DA:11,1
DA:12,1
DA:13,1
DA:15,1
DA:20,1
DA:32,3
DA:35,3
DA:36,3
DA:37,3
DA:40,3
DA:43,3
DA:46,3
DA:53,3
DA:55,3
DA:57,3
DA:59,3
DA:61,3
DA:65,3
DA:69,3
DA:71,0
DA:73,3
DA:75,0
DA:76,0
DA:78,0
DA:80,0
DA:88,3
DA:89,0
DA:92,3
DA:95,3
DA:97,3
DA:98,3
DA:102,0
DA:103,0
DA:104,0
DA:107,0
DA:108,0
DA:109,0
DA:112,0
DA:113,0
DA:114,0
DA:115,0
DA:117,0
DA:118,0
DA:120,0
DA:121,0
DA:133,0
DA:134,0
DA:137,0
DA:140,0
DA:143,0
DA:144,0
DA:145,0
DA:146,0
DA:150,0
DA:160,0
DA:161,0
DA:173,0
DA:178,0
DA:189,0
DA:198,0
DA:199,0
DA:202,0
DA:205,0
DA:208,0
DA:221,3
DA:222,3
DA:223,3
DA:226,3
DA:229,0
DA:232,0
DA:234,0
DA:241,0
DA:242,0
DA:244,3
DA:245,3
DA:252,3
DA:253,3
DA:254,3
DA:256,3
DA:257,3
DA:258,3
DA:259,3
DA:260,0
DA:261,0
DA:265,3
DA:266,3
DA:268,3
DA:270,0
DA:271,0
DA:279,0
DA:280,0
DA:281,0
DA:288,0
DA:289,0
DA:290,0
DA:291,0
DA:295,0
DA:297,0
DA:299,0
DA:307,0
DA:309,0
DA:313,0
DA:317,0
DA:318,0
DA:319,0
DA:321,0
DA:329,3
DA:336,3
DA:348,0
DA:355,0
LF:120
LH:53
BRDA:36,0,0,3
BRDA:36,0,1,0
BRDA:37,1,0,3
BRDA:37,1,1,0
BRDA:47,2,0,3
BRDA:47,2,1,0
BRDA:48,3,0,3
BRDA:48,3,1,0
BRDA:59,4,0,3
BRDA:59,4,1,0
BRDA:69,5,0,0
BRDA:69,5,1,3
BRDA:69,5,2,0
BRDA:69,5,3,0
BRDA:75,6,0,0
BRDA:88,7,0,0
BRDA:102,8,0,0
BRDA:137,9,0,0
BRDA:137,9,1,0
BRDA:160,10,0,0
BRDA:164,11,0,0
BRDA:164,11,1,0
BRDA:198,12,0,0
BRDA:198,12,1,0
BRDA:221,13,0,0
BRDA:235,14,0,0
BRDA:235,14,1,0
BRDA:235,14,2,0
BRDA:236,15,0,0
BRDA:236,15,1,0
BRDA:236,16,0,0
BRDA:236,16,1,0
BRDA:237,17,0,0
BRDA:237,17,1,0
BRDA:238,18,0,0
BRDA:238,18,1,0
BRDA:252,19,0,0
BRDA:253,20,0,3
BRDA:253,20,1,0
BRDA:254,21,0,3
BRDA:254,21,1,3
BRDA:257,22,0,3
BRDA:259,23,0,0
BRDA:288,24,0,0
BRDA:288,24,1,0
BRDA:288,25,0,0
BRDA:288,25,1,0
BRDA:290,26,0,0
BRDA:290,27,0,0
BRDA:290,27,1,0
BRDA:295,28,0,0
BRDA:295,28,1,0
BRF:52
BRH:10
end_of_record
TN:
SF:memory/procedural-memory.ts
FN:3,(anonymous_7)
FN:6,(anonymous_8)
FN:13,(anonymous_10)
FN:18,(anonymous_12)
FN:19,(anonymous_14)
FN:22,(anonymous_15)
FN:33,(anonymous_17)
FN:37,(anonymous_19)
FN:41,(anonymous_21)
FN:45,(anonymous_23)
FNF:10
FNH:2
FNDA:3,(anonymous_7)
FNDA:0,(anonymous_8)
FNDA:0,(anonymous_10)
FNDA:3,(anonymous_12)
FNDA:0,(anonymous_14)
FNDA:0,(anonymous_15)
FNDA:0,(anonymous_17)
FNDA:0,(anonymous_19)
FNDA:0,(anonymous_21)
FNDA:0,(anonymous_23)
DA:3,1
DA:4,3
DA:7,0
DA:8,0
DA:10,0
DA:14,0
DA:15,0
DA:19,3
DA:24,0
DA:25,0
DA:26,0
DA:27,0
DA:30,0
DA:34,0
DA:38,0
DA:42,0
DA:46,0
DA:47,0
DA:49,0
LF:19
LH:3
BRDA:7,0,0,0
BRDA:15,1,0,0
BRDA:15,1,1,0
BRDA:26,2,0,0
BRDA:46,3,0,0
BRF:5
BRH:0
end_of_record
TN:
SF:memory/semantic-memory.ts
FN:5,(anonymous_7)
FN:7,(anonymous_8)
FN:12,(anonymous_10)
FN:17,(anonymous_12)
FN:17,(anonymous_13)
FN:19,(anonymous_14)
FN:22,(anonymous_15)
FN:27,(anonymous_17)
FN:31,(anonymous_19)
FN:36,(anonymous_21)
FN:41,(anonymous_23)
FNF:11
FNH:2
FNDA:3,(anonymous_7)
FNDA:0,(anonymous_8)
FNDA:0,(anonymous_10)
FNDA:0,(anonymous_12)
FNDA:0,(anonymous_13)
FNDA:0,(anonymous_14)
FNDA:3,(anonymous_15)
FNDA:0,(anonymous_17)
FNDA:0,(anonymous_19)
FNDA:0,(anonymous_21)
FNDA:0,(anonymous_23)
DA:4,1
DA:5,3
DA:9,0
DA:14,0
DA:17,0
DA:18,0
DA:19,0
DA:24,3
DA:33,0
DA:37,0
DA:38,0
DA:42,0
LF:12
LH:3
BRDA:17,0,0,0
BRF:1
BRH:0
end_of_record
TN:
SF:memory/working-memory.ts
FN:7,(anonymous_0)
FN:11,(anonymous_1)
FN:18,(anonymous_2)
FN:22,(anonymous_3)
FN:26,(anonymous_4)
FN:27,(anonymous_5)
FN:30,(anonymous_6)
FN:34,(anonymous_7)
FN:35,(anonymous_8)
FNF:9
FNH:1
FNDA:3,(anonymous_0)
FNDA:0,(anonymous_1)
FNDA:0,(anonymous_2)
FNDA:0,(anonymous_3)
FNDA:0,(anonymous_4)
FNDA:0,(anonymous_5)
FNDA:0,(anonymous_6)
FNDA:0,(anonymous_7)
FNDA:0,(anonymous_8)
DA:3,1
DA:4,3
DA:8,3
DA:12,0
DA:13,0
DA:15,0
DA:19,0
DA:23,0
DA:27,0
DA:31,0
DA:35,0
DA:36,0
DA:37,0
DA:39,0
LF:14
LH:3
BRDA:7,0,0,0
BRDA:12,1,0,0
BRDA:36,2,0,0
BRDA:36,2,1,0
BRF:4
BRH:0
end_of_record
TN:
SF:memory/stores/chromadb-store.ts
FN:4,(anonymous_7)
FN:10,(anonymous_9)
FN:16,(anonymous_11)
FN:22,(anonymous_13)
FN:28,(anonymous_15)
FNF:5
FNH:0
FNDA:0,(anonymous_7)
FNDA:0,(anonymous_9)
FNDA:0,(anonymous_11)
FNDA:0,(anonymous_13)
FNDA:0,(anonymous_15)
DA:3,1
DA:6,0
DA:7,0
DA:12,0
DA:13,0
DA:18,0
DA:19,0
DA:24,0
DA:25,0
DA:30,0
DA:31,0
LF:11
LH:1
BRF:0
BRH:0
end_of_record
TN:
SF:memory/stores/inmemory-store.ts
FN:4,(anonymous_7)
FN:8,(anonymous_8)
FN:14,(anonymous_10)
FN:20,(anonymous_12)
FN:26,(anonymous_14)
FN:27,(anonymous_15)
FN:28,(anonymous_16)
FN:35,(anonymous_17)
FN:39,(anonymous_18)
FN:43,(anonymous_20)
FNF:10
FNH:2
FNDA:3,(anonymous_7)
FNDA:0,(anonymous_8)
FNDA:0,(anonymous_10)
FNDA:3,(anonymous_12)
FNDA:0,(anonymous_14)
FNDA:0,(anonymous_15)
FNDA:0,(anonymous_16)
FNDA:0,(anonymous_17)
FNDA:0,(anonymous_18)
FNDA:0,(anonymous_20)
DA:1,1
DA:4,1
DA:5,3
DA:6,3
DA:10,0
DA:11,0
DA:15,0
DA:16,0
DA:22,3
DA:24,0
DA:25,0
DA:26,0
DA:27,0
DA:28,0
DA:29,0
DA:30,0
DA:31,0
DA:35,0
DA:36,0
DA:40,0
DA:44,0
LF:21
LH:5
BRDA:26,0,0,0
BRDA:26,0,1,0
BRDA:29,1,0,0
BRDA:29,1,1,0
BRDA:29,2,0,0
BRDA:29,2,1,0
BRDA:30,3,0,0
BRF:7
BRH:0
end_of_record
TN:
SF:memory/stores/postgres-store.ts
FN:19,(anonymous_7)
FN:29,(anonymous_8)
FN:44,(anonymous_10)
FN:57,(anonymous_12)
FN:79,(anonymous_14)
FN:87,(anonymous_16)
FN:93,(anonymous_17)
FN:102,(anonymous_19)
FNF:8
FNH:0
FNDA:0,(anonymous_7)
FNDA:0,(anonymous_8)
FNDA:0,(anonymous_10)
FNDA:0,(anonymous_12)
FNDA:0,(anonymous_14)
FNDA:0,(anonymous_16)
FNDA:0,(anonymous_17)
FNDA:0,(anonymous_19)
DA:3,1
DA:4,1
DA:5,0
DA:8,1
DA:11,1
DA:14,1
DA:20,0
DA:21,0
DA:23,0
DA:24,0
DA:25,0
DA:26,0
DA:30,0
DA:31,0
DA:32,0
DA:40,0
DA:45,0
DA:46,0
DA:47,0
DA:48,0
DA:53,0
DA:58,0
DA:59,0
DA:60,0
DA:62,0
DA:63,0
DA:64,0
DA:70,0
DA:72,0
DA:73,0
DA:75,0
DA:80,0
DA:81,0
DA:82,0
DA:83,0
DA:87,0
DA:89,0
DA:94,0
DA:95,0
DA:96,0
DA:98,0
DA:103,0
DA:104,0
DA:105,0
DA:106,0
DA:108,0
LF:46
LH:5
BRDA:19,0,0,0
BRDA:20,1,0,0
BRF:2
BRH:0
end_of_record
TN:
SF:monitoring/performance-monitor.ts
FN:29,(anonymous_0)
FN:44,(anonymous_1)
FN:45,(anonymous_2)
FN:49,(anonymous_3)
FN:54,(anonymous_4)
FN:58,(anonymous_5)
FN:64,(anonymous_6)
FN:68,(anonymous_7)
FN:78,(anonymous_8)
FN:81,(anonymous_9)
FN:91,(anonymous_10)
FN:96,(anonymous_11)
FN:129,(anonymous_12)
FN:135,(anonymous_13)
FN:139,(anonymous_14)
FN:148,(anonymous_15)
FN:152,(anonymous_16)
FN:160,(anonymous_17)
FN:164,(anonymous_18)
FN:170,(anonymous_19)
FN:174,(anonymous_20)
FN:179,(anonymous_21)
FN:183,(anonymous_22)
FN:193,(anonymous_23)
FN:197,(anonymous_24)
FN:204,(anonymous_25)
FN:210,(anonymous_26)
FN:217,(anonymous_27)
FN:221,(anonymous_28)
FN:225,(anonymous_29)
FNF:30
FNH:7
FNDA:3,(anonymous_0)
FNDA:3,(anonymous_1)
FNDA:0,(anonymous_2)
FNDA:0,(anonymous_3)
FNDA:0,(anonymous_4)
FNDA:0,(anonymous_5)
FNDA:6,(anonymous_6)
FNDA:0,(anonymous_7)
FNDA:6,(anonymous_8)
FNDA:0,(anonymous_9)
FNDA:0,(anonymous_10)
FNDA:0,(anonymous_11)
FNDA:0,(anonymous_12)
FNDA:0,(anonymous_13)
FNDA:0,(anonymous_14)
FNDA:0,(anonymous_15)
FNDA:0,(anonymous_16)
FNDA:0,(anonymous_17)
FNDA:0,(anonymous_18)
FNDA:3,(anonymous_19)
FNDA:3,(anonymous_20)
FNDA:0,(anonymous_21)
FNDA:0,(anonymous_22)
FNDA:0,(anonymous_23)
FNDA:3,(anonymous_24)
FNDA:0,(anonymous_25)
FNDA:0,(anonymous_26)
FNDA:0,(anonymous_27)
FNDA:0,(anonymous_28)
FNDA:0,(anonymous_29)
DA:1,1
DA:2,1
DA:20,1
DA:21,3
DA:26,3
DA:27,3
DA:30,3
DA:31,3
DA:32,3
DA:33,3
DA:36,3
DA:37,15
DA:41,3
DA:45,3
DA:46,0
DA:49,3
DA:50,0
DA:51,0
DA:54,3
DA:55,0
DA:58,3
DA:59,0
DA:60,0
DA:65,6
DA:69,0
DA:70,0
DA:71,0
DA:72,0
DA:73,0
DA:75,0
DA:79,6
DA:80,6
DA:82,0
DA:83,0
DA:84,0
DA:85,0
DA:92,0
DA:93,0
DA:97,0
DA:98,0
DA:103,0
DA:106,0
DA:107,0
DA:108,0
DA:111,0
DA:112,0
DA:116,0
DA:117,0
DA:125,0
DA:130,0
DA:131,0
DA:136,0
DA:140,0
DA:141,0
DA:143,0
DA:144,0
DA:149,0
DA:153,0
DA:154,0
DA:155,0
DA:157,0
DA:161,0
DA:162,0
DA:163,0
DA:164,0
DA:165,0
DA:167,0
DA:171,3
DA:175,3
DA:177,3
DA:178,15
DA:179,0
DA:180,0
DA:183,0
DA:190,3
DA:194,0
DA:198,3
DA:205,0
DA:206,0
DA:207,0
DA:211,0
DA:212,0
DA:214,0
DA:218,0
DA:222,0
DA:226,0
DA:227,0
DA:228,0
LF:88
LH:26
BRDA:30,0,0,3
BRDA:30,0,1,0
BRDA:32,1,0,3
BRDA:32,1,1,3
BRDA:59,2,0,0
BRDA:59,2,1,0
BRDA:70,3,0,0
BRDA:84,4,0,0
BRDA:84,5,0,0
BRDA:84,5,1,0
BRDA:84,6,0,0
BRDA:84,6,1,0
BRDA:97,7,0,0
BRDA:107,8,0,0
BRDA:111,9,0,0
BRDA:116,10,0,0
BRDA:130,11,0,0
BRDA:143,12,0,0
BRDA:143,13,0,0
BRDA:143,13,1,0
BRDA:143,14,0,0
BRDA:143,14,1,0
BRDA:149,15,0,0
BRDA:149,15,1,0
BRDA:154,16,0,0
BRDA:154,17,0,0
BRDA:154,17,1,0
BRDA:160,18,0,0
BRDA:162,19,0,0
BRDA:162,20,0,0
BRDA:162,20,1,0
BRDA:178,21,0,0
BRDA:226,22,0,0
BRDA:226,23,0,0
BRDA:226,23,1,0
BRF:35
BRH:3
end_of_record
TN:
SF:plugins/plugin-manager.ts
FN:29,(anonymous_16)
FN:40,(anonymous_17)
FN:43,(anonymous_19)
FN:72,(anonymous_20)
FN:93,(anonymous_22)
FN:101,(anonymous_24)
FN:116,(anonymous_26)
FN:126,(anonymous_27)
FN:130,(anonymous_28)
FN:134,(anonymous_29)
FN:138,(anonymous_30)
FN:142,(anonymous_31)
FN:151,(anonymous_33)
FN:158,(anonymous_35)
FN:162,(anonymous_37)
FNF:15
FNH:6
FNDA:3,(anonymous_16)
FNDA:3,(anonymous_17)
FNDA:3,(anonymous_19)
FNDA:0,(anonymous_20)
FNDA:3,(anonymous_22)
FNDA:3,(anonymous_24)
FNDA:0,(anonymous_26)
FNDA:0,(anonymous_27)
FNDA:0,(anonymous_28)
FNDA:0,(anonymous_29)
FNDA:0,(anonymous_30)
FNDA:0,(anonymous_31)
FNDA:0,(anonymous_33)
FNDA:3,(anonymous_35)
FNDA:0,(anonymous_37)
DA:1,1
DA:2,1
DA:3,1
DA:5,1
DA:22,1
DA:23,3
DA:30,3
DA:31,3
DA:32,3
DA:33,3
DA:35,3
DA:36,0
DA:41,3
DA:43,3
DA:44,3
DA:47,3
DA:48,0
DA:49,0
DA:52,3
DA:54,0
DA:55,0
DA:56,0
DA:58,0
DA:59,0
DA:61,0
DA:63,0
DA:64,0
DA:67,3
DA:68,3
DA:73,0
DA:74,0
DA:75,0
DA:76,0
DA:77,0
DA:80,0
DA:81,0
DA:82,0
DA:84,0
DA:86,0
DA:88,0
DA:89,0
DA:94,3
DA:95,3
DA:96,3
DA:102,3
DA:103,3
DA:105,3
DA:106,3
DA:107,3
DA:108,3
DA:112,0
DA:117,0
DA:127,0
DA:131,0
DA:135,0
DA:139,0
DA:143,0
DA:144,0
DA:146,0
DA:148,0
DA:152,0
DA:153,0
DA:154,0
DA:159,3
DA:163,0
LF:65
LH:28
BRDA:31,0,0,3
BRDA:31,0,1,0
BRDA:35,1,0,0
BRDA:47,2,0,0
BRDA:54,3,0,0
BRDA:54,3,1,0
BRDA:75,4,0,0
BRDA:76,5,0,0
BRDA:95,6,0,3
BRDA:106,7,0,3
BRDA:106,8,0,3
BRDA:106,8,1,3
BRDA:106,8,2,3
BRDA:118,9,0,0
BRDA:118,9,1,0
BRDA:118,9,2,0
BRDA:118,9,3,0
BRDA:118,9,4,0
BRDA:144,10,0,0
BRF:19
BRH:6
end_of_record
TN:
SF:reasoning/absolute-zero-reasoner.ts
FN:21,(anonymous_7)
FN:38,(anonymous_8)
FN:107,(anonymous_10)
FN:118,(anonymous_12)
FN:132,(anonymous_14)
FN:175,(anonymous_16)
FN:213,(anonymous_18)
FN:218,(anonymous_20)
FN:260,(anonymous_21)
FN:266,(anonymous_23)
FN:316,(anonymous_24)
FN:330,(anonymous_26)
FN:406,(anonymous_27)
FN:411,(anonymous_29)
FNF:14
FNH:1
FNDA:3,(anonymous_7)
FNDA:0,(anonymous_8)
FNDA:0,(anonymous_10)
FNDA:0,(anonymous_12)
FNDA:0,(anonymous_14)
FNDA:0,(anonymous_16)
FNDA:0,(anonymous_18)
FNDA:0,(anonymous_20)
FNDA:0,(anonymous_21)
FNDA:0,(anonymous_23)
FNDA:0,(anonymous_24)
FNDA:0,(anonymous_26)
FNDA:0,(anonymous_27)
FNDA:0,(anonymous_29)
DA:3,1
DA:4,1
DA:10,1
DA:17,3
DA:18,3
DA:19,3
DA:22,3
DA:23,3
DA:24,3
DA:25,3
DA:28,3
DA:29,0
DA:30,0
DA:31,0
DA:43,0
DA:46,0
DA:49,0
DA:95,0
DA:101,0
DA:108,0
DA:109,0
DA:111,0
DA:113,0
DA:114,0
DA:119,0
DA:120,0
DA:122,0
DA:124,0
DA:125,0
DA:133,0
DA:135,0
DA:137,0
DA:140,0
DA:143,0
DA:149,0
DA:156,0
DA:162,0
DA:168,0
DA:176,0
DA:195,0
DA:196,0
DA:197,0
DA:198,0
DA:200,0
DA:201,0
DA:217,0
DA:218,0
DA:221,0
DA:243,0
DA:244,0
DA:245,0
DA:246,0
DA:248,0
DA:249,0
DA:265,0
DA:266,0
DA:269,0
DA:297,0
DA:298,0
DA:299,0
DA:300,0
DA:302,0
DA:303,0
DA:320,0
DA:321,0
DA:329,0
DA:331,0
DA:335,0
DA:365,0
DA:366,0
DA:367,0
DA:370,0
DA:372,0
DA:373,0
DA:374,0
DA:375,0
DA:376,0
DA:386,0
DA:393,0
DA:394,0
DA:410,0
DA:412,0
DA:416,0
DA:430,0
DA:431,0
DA:432,0
DA:434,0
DA:435,0
LF:88
LH:11
BRDA:24,0,0,3
BRDA:24,0,1,0
BRDA:28,1,0,0
BRDA:29,2,0,0
BRDA:29,2,1,0
BRDA:30,3,0,0
BRDA:30,3,1,0
BRDA:31,4,0,0
BRDA:31,4,1,0
BRDA:31,5,0,0
BRDA:31,5,1,0
BRDA:135,6,0,0
BRDA:135,6,1,0
BRDA:135,6,2,0
BRDA:135,6,3,0
BRDA:135,6,4,0
BRDA:135,6,5,0
BRDA:135,6,6,0
BRDA:137,7,0,0
BRDA:137,7,1,0
BRDA:145,8,0,0
BRDA:145,8,1,0
BRDA:151,9,0,0
BRDA:151,9,1,0
BRDA:152,10,0,0
BRDA:152,10,1,0
BRDA:158,11,0,0
BRDA:158,11,1,0
BRDA:164,12,0,0
BRDA:164,12,1,0
BRDA:164,12,2,0
BRDA:198,13,0,0
BRDA:198,13,1,0
BRDA:217,14,0,0
BRDA:217,14,1,0
BRDA:246,15,0,0
BRDA:246,15,1,0
BRDA:265,16,0,0
BRDA:265,16,1,0
BRDA:300,17,0,0
BRDA:300,17,1,0
BRDA:320,18,0,0
BRDA:329,19,0,0
BRDA:329,19,1,0
BRDA:372,20,0,0
BRDA:375,21,0,0
BRDA:375,22,0,0
BRDA:375,22,1,0
BRDA:378,23,0,0
BRDA:378,23,1,0
BRDA:388,24,0,0
BRDA:388,24,1,0
BRDA:390,25,0,0
BRDA:390,25,1,0
BRDA:410,26,0,0
BRDA:410,26,1,0
BRF:56
BRH:1
end_of_record
TN:
SF:reasoning/darwin-godel-engine.ts
FN:26,(anonymous_7)
FN:49,(anonymous_8)
FN:118,(anonymous_10)
FN:134,(anonymous_12)
FN:141,(anonymous_14)
FN:150,(anonymous_15)
FN:184,(anonymous_17)
FN:197,(anonymous_19)
FN:223,(anonymous_20)
FN:231,(anonymous_21)
FN:239,(anonymous_22)
FN:267,(anonymous_24)
FN:280,(anonymous_25)
FN:292,(anonymous_26)
FN:297,(anonymous_27)
FN:298,(anonymous_28)
FN:318,(anonymous_29)
FN:349,(anonymous_31)
FN:363,(anonymous_33)
FN:380,(anonymous_34)
FN:394,(anonymous_36)
FN:399,(anonymous_38)
FN:408,(anonymous_39)
FN:416,(anonymous_41)
FN:420,(anonymous_43)
FN:427,(anonymous_44)
FN:438,(anonymous_46)
FN:443,(anonymous_48)
FNF:28
FNH:17
FNDA:3,(anonymous_7)
FNDA:3,(anonymous_8)
FNDA:3,(anonymous_10)
FNDA:3,(anonymous_12)
FNDA:6,(anonymous_14)
FNDA:9,(anonymous_15)
FNDA:3,(anonymous_17)
FNDA:16,(anonymous_19)
FNDA:16,(anonymous_20)
FNDA:0,(anonymous_21)
FNDA:5,(anonymous_22)
FNDA:10,(anonymous_24)
FNDA:12,(anonymous_25)
FNDA:25,(anonymous_26)
FNDA:74,(anonymous_27)
FNDA:74,(anonymous_28)
FNDA:12,(anonymous_29)
FNDA:0,(anonymous_31)
FNDA:0,(anonymous_33)
FNDA:0,(anonymous_34)
FNDA:0,(anonymous_36)
FNDA:0,(anonymous_38)
FNDA:0,(anonymous_39)
FNDA:0,(anonymous_41)
FNDA:0,(anonymous_43)
FNDA:0,(anonymous_44)
FNDA:3,(anonymous_46)
FNDA:0,(anonymous_48)
DA:1,1
DA:4,1
DA:10,1
DA:17,3
DA:18,3
DA:19,3
DA:20,3
DA:23,3
DA:24,3
DA:27,3
DA:28,3
DA:29,3
DA:30,3
DA:33,3
DA:34,0
DA:35,0
DA:36,0
DA:37,0
DA:40,3
DA:41,0
DA:42,0
DA:54,3
DA:57,3
DA:60,3
DA:63,3
DA:105,3
DA:112,3
DA:124,3
DA:126,3
DA:127,3
DA:128,3
DA:139,3
DA:141,3
DA:142,6
DA:144,3
DA:151,9
DA:153,9
DA:155,3
DA:158,3
DA:161,3
DA:169,0
DA:170,0
DA:173,0
DA:174,0
DA:177,0
DA:191,3
DA:192,3
DA:193,3
DA:194,3
DA:196,3
DA:197,16
DA:198,5
DA:199,5
DA:201,5
DA:202,1
DA:203,1
DA:207,5
DA:208,2
DA:209,2
DA:212,0
DA:229,16
DA:231,16
DA:232,16
DA:233,16
DA:245,5
DA:248,5
DA:249,5
DA:252,5
DA:253,13
DA:255,12
DA:256,12
DA:257,9
DA:260,1
DA:261,1
DA:266,2
DA:268,10
DA:274,2
DA:284,12
DA:285,12
DA:286,12
DA:297,74
DA:298,74
DA:301,25
DA:302,25
DA:304,25
DA:305,68
DA:306,68
DA:307,9
DA:312,16
DA:323,12
DA:336,12
DA:337,12
DA:338,0
DA:340,9
DA:342,9
DA:354,0
DA:363,0
DA:368,0
DA:369,0
DA:370,0
DA:372,0
DA:373,0
DA:381,0
DA:388,0
DA:399,0
DA:400,0
DA:401,0
DA:402,0
DA:413,0
DA:417,0
DA:418,0
DA:420,0
DA:422,0
DA:423,0
DA:428,0
DA:429,0
DA:431,0
DA:433,0
DA:434,0
DA:439,3
DA:440,3
DA:444,0
DA:445,0
LF:123
LH:84
BRDA:29,0,0,3
BRDA:29,0,1,0
BRDA:33,1,0,0
BRDA:34,2,0,0
BRDA:34,2,1,0
BRDA:35,3,0,0
BRDA:35,3,1,0
BRDA:36,4,0,0
BRDA:36,4,1,0
BRDA:37,5,0,0
BRDA:37,5,1,0
BRDA:40,6,0,0
BRDA:41,7,0,0
BRDA:41,7,1,0
BRDA:42,8,0,0
BRDA:42,8,1,0
BRDA:42,9,0,0
BRDA:42,9,1,0
BRDA:126,10,0,3
BRDA:127,11,0,0
BRDA:153,12,0,3
BRDA:153,12,1,3
BRDA:153,12,2,3
BRDA:153,12,3,0
BRDA:153,12,4,0
BRDA:153,12,5,0
BRDA:164,13,0,3
BRDA:164,13,1,3
BRDA:165,14,0,3
BRDA:165,14,1,0
BRDA:170,15,0,0
BRDA:170,15,1,0
BRDA:193,16,0,3
BRDA:193,16,1,0
BRDA:201,17,0,1
BRDA:231,18,0,0
BRDA:232,19,0,7
BRDA:253,20,0,12
BRDA:253,20,1,1
BRDA:268,21,0,0
BRDA:268,21,1,10
BRDA:306,22,0,9
BRDA:362,23,0,0
BRDA:362,23,1,0
BRDA:383,24,0,0
BRDA:383,24,1,0
BRDA:384,25,0,0
BRDA:384,25,1,0
BRDA:401,26,0,0
BRDA:401,26,1,0
BRF:50
BRH:15
end_of_record
TN:
SF:reasoning/reasoning-engine.ts
FN:26,(anonymous_7)
FN:60,(anonymous_8)
FN:61,(anonymous_9)
FN:154,(anonymous_10)
FN:185,(anonymous_12)
FN:192,(anonymous_14)
FN:214,(anonymous_15)
FN:225,(anonymous_17)
FN:251,(anonymous_18)
FN:252,(anonymous_19)
FN:270,(anonymous_20)
FN:293,(anonymous_22)
FN:310,(anonymous_23)
FN:338,(anonymous_25)
FN:368,(anonymous_27)
FN:391,(anonymous_28)
FN:415,(anonymous_29)
FN:441,(anonymous_31)
FN:494,(anonymous_33)
FN:500,(anonymous_35)
FN:519,(anonymous_37)
FN:528,(anonymous_39)
FN:563,(anonymous_41)
FN:580,(anonymous_42)
FN:590,(anonymous_43)
FN:598,(anonymous_44)
FN:606,(anonymous_45)
FN:618,(anonymous_46)
FN:626,(anonymous_47)
FN:642,(anonymous_48)
FN:673,(anonymous_49)
FN:782,(anonymous_50)
FNF:32
FNH:12
FNDA:3,(anonymous_7)
FNDA:3,(anonymous_8)
FNDA:3,(anonymous_9)
FNDA:3,(anonymous_10)
FNDA:0,(anonymous_12)
FNDA:0,(anonymous_14)
FNDA:3,(anonymous_15)
FNDA:18,(anonymous_17)
FNDA:0,(anonymous_18)
FNDA:0,(anonymous_19)
FNDA:3,(anonymous_20)
FNDA:0,(anonymous_22)
FNDA:3,(anonymous_23)
FNDA:9,(anonymous_25)
FNDA:6,(anonymous_27)
FNDA:0,(anonymous_28)
FNDA:0,(anonymous_29)
FNDA:0,(anonymous_31)
FNDA:0,(anonymous_33)
FNDA:0,(anonymous_35)
FNDA:0,(anonymous_37)
FNDA:3,(anonymous_39)
FNDA:3,(anonymous_41)
FNDA:0,(anonymous_42)
FNDA:0,(anonymous_43)
FNDA:0,(anonymous_44)
FNDA:0,(anonymous_45)
FNDA:0,(anonymous_46)
FNDA:0,(anonymous_47)
FNDA:0,(anonymous_48)
FNDA:0,(anonymous_49)
FNDA:0,(anonymous_50)
DA:1,1
DA:3,1
DA:5,1
DA:6,1
DA:7,1
DA:8,1
DA:14,1
DA:27,3
DA:28,3
DA:29,3
DA:30,3
DA:31,3
DA:32,3
DA:33,3
DA:36,3
DA:42,3
DA:48,3
DA:61,3
DA:65,3
DA:67,3
DA:68,3
DA:71,3
DA:77,3
DA:78,0
DA:79,0
DA:81,0
DA:97,3
DA:98,3
DA:100,0
DA:101,0
DA:107,3
DA:108,0
DA:109,3
DA:110,3
DA:112,0
DA:116,3
DA:117,0
DA:122,3
DA:123,3
DA:125,0
DA:126,0
DA:128,3
DA:129,3
DA:131,0
DA:132,0
DA:135,0
DA:136,0
DA:140,3
DA:142,3
DA:148,3
DA:156,3
DA:167,3
DA:168,3
DA:169,0
DA:171,3
DA:174,3
DA:191,0
DA:192,0
DA:193,0
DA:196,0
DA:217,3
DA:220,3
DA:221,0
DA:225,3
DA:226,18
DA:229,3
DA:241,3
DA:242,3
DA:243,0
DA:245,0
DA:246,0
DA:247,0
DA:251,0
DA:252,0
DA:253,0
DA:254,0
DA:256,0
DA:257,0
DA:260,0
DA:262,3
DA:263,3
DA:274,3
DA:277,3
DA:278,0
DA:282,3
DA:285,3
DA:287,0
DA:294,0
DA:295,0
DA:311,3
DA:313,3
DA:314,3
DA:315,3
DA:317,3
DA:318,9
DA:320,6
DA:321,0
DA:324,6
DA:327,6
DA:328,0
DA:332,0
DA:339,9
DA:341,9
DA:342,9
DA:344,0
DA:346,0
DA:347,0
DA:350,9
DA:352,0
DA:354,0
DA:355,0
DA:359,0
DA:360,0
DA:361,0
DA:369,6
DA:371,6
DA:378,6
DA:396,0
DA:398,0
DA:403,0
DA:419,0
DA:422,0
DA:423,0
DA:427,0
DA:429,0
DA:430,0
DA:431,0
DA:433,0
DA:434,0
DA:442,0
DA:444,0
DA:445,0
DA:447,0
DA:448,0
DA:451,0
DA:453,0
DA:454,0
DA:456,0
DA:462,0
DA:470,0
DA:471,0
DA:472,0
DA:474,0
DA:481,0
DA:495,0
DA:496,0
DA:497,0
DA:501,0
DA:503,0
DA:507,0
DA:509,0
DA:515,0
DA:516,0
DA:520,0
DA:522,0
DA:529,3
DA:530,0
DA:533,3
DA:535,3
DA:537,3
DA:539,3
DA:540,0
DA:547,0
DA:548,0
DA:549,0
DA:553,3
DA:555,0
DA:556,0
DA:564,3
DA:567,3
DA:568,0
DA:571,3
DA:572,0
DA:573,0
DA:574,0
DA:580,3
DA:581,0
DA:584,3
DA:591,0
DA:594,0
DA:598,0
DA:600,0
DA:607,0
DA:618,0
DA:619,0
DA:627,0
DA:636,0
DA:643,0
DA:645,0
DA:646,0
DA:647,0
DA:648,0
DA:649,0
DA:650,0
DA:651,0
DA:653,0
DA:654,0
DA:657,0
DA:658,0
DA:661,0
DA:662,0
DA:667,0
DA:674,0
DA:676,0
DA:684,0
DA:780,1
DA:783,0
DA:784,0
DA:785,0
LF:209
LH:82
BRDA:29,0,0,0
BRDA:29,0,1,3
BRDA:29,1,0,3
BRDA:29,1,1,3
BRDA:30,2,0,3
BRDA:30,2,1,0
BRDA:30,3,0,3
BRDA:30,3,1,3
BRDA:63,4,0,0
BRDA:65,5,0,3
BRDA:65,5,1,0
BRDA:72,6,0,0
BRDA:72,6,1,3
BRDA:72,7,0,3
BRDA:72,7,1,3
BRDA:77,8,0,0
BRDA:77,9,0,3
BRDA:77,9,1,0
BRDA:107,10,0,0
BRDA:107,10,1,3
BRDA:107,11,0,3
BRDA:107,11,1,0
BRDA:109,12,0,3
BRDA:109,12,1,0
BRDA:116,13,0,0
BRDA:123,14,0,0
BRDA:123,14,1,3
BRDA:123,14,2,0
BRDA:220,15,0,0
BRDA:245,16,0,0
BRDA:253,17,0,0
BRDA:253,18,0,0
BRDA:253,18,1,0
BRDA:277,19,0,0
BRDA:296,20,0,0
BRDA:296,20,1,0
BRDA:296,21,0,0
BRDA:296,21,1,0
BRDA:296,22,0,0
BRDA:296,22,1,0
BRDA:296,23,0,0
BRDA:296,23,1,0
BRDA:296,24,0,0
BRDA:296,24,1,0
BRDA:296,25,0,0
BRDA:296,25,1,0
BRDA:320,26,0,0
BRDA:327,27,0,0
BRDA:328,28,0,0
BRDA:328,28,1,0
BRDA:342,29,0,0
BRDA:342,29,1,0
BRDA:342,29,2,9
BRDA:342,29,3,0
BRDA:342,29,4,0
BRDA:360,30,0,0
BRDA:360,30,1,0
BRDA:369,31,0,6
BRDA:369,31,1,0
BRDA:372,32,0,6
BRDA:372,32,1,0
BRDA:372,33,0,6
BRDA:372,33,1,6
BRDA:373,34,0,6
BRDA:373,34,1,0
BRDA:373,35,0,6
BRDA:373,35,1,6
BRDA:374,36,0,0
BRDA:374,36,1,6
BRDA:379,37,0,6
BRDA:379,37,1,0
BRDA:379,38,0,6
BRDA:379,38,1,6
BRDA:381,39,0,6
BRDA:381,39,1,0
BRDA:381,40,0,6
BRDA:381,40,1,6
BRDA:382,41,0,0
BRDA:382,41,1,6
BRDA:383,42,0,0
BRDA:383,42,1,6
BRDA:422,43,0,0
BRDA:447,44,0,0
BRDA:472,45,0,0
BRDA:472,45,1,0
BRDA:503,46,0,0
BRDA:503,46,1,0
BRDA:529,47,0,0
BRDA:547,48,0,0
BRDA:547,49,0,0
BRDA:547,49,1,0
BRDA:547,49,2,0
BRDA:547,49,3,0
BRDA:548,50,0,0
BRDA:548,50,1,0
BRDA:567,51,0,0
BRDA:571,52,0,0
BRDA:573,53,0,0
BRDA:591,54,0,0
BRDA:591,55,0,0
BRDA:591,55,1,0
BRDA:598,56,0,0
BRDA:598,56,1,0
BRDA:619,57,0,0
BRDA:619,57,1,0
BRDA:646,58,0,0
BRDA:646,59,0,0
BRDA:646,59,1,0
BRDA:646,59,2,0
BRDA:646,59,3,0
BRDA:653,60,0,0
BRDA:653,61,0,0
BRDA:653,61,1,0
BRDA:653,61,2,0
BRDA:657,62,0,0
BRDA:657,63,0,0
BRDA:657,63,1,0
BRDA:657,63,2,0
BRDA:661,64,0,0
BRDA:661,65,0,0
BRDA:661,65,1,0
BRDA:661,65,2,0
BRF:122
BRH:32
end_of_record
TN:
SF:reasoning/reasoning-graph.ts
FN:25,(anonymous_0)
FN:30,(anonymous_1)
FN:34,(anonymous_2)
FN:38,(anonymous_3)
FN:43,(anonymous_4)
FN:47,(anonymous_5)
FN:51,(anonymous_6)
FN:55,(anonymous_7)
FN:59,(anonymous_8)
FN:64,(anonymous_9)
FN:70,(anonymous_10)
FNF:11
FNH:3
FNDA:3,(anonymous_0)
FNDA:3,(anonymous_1)
FNDA:6,(anonymous_2)
FNDA:0,(anonymous_3)
FNDA:0,(anonymous_4)
FNDA:0,(anonymous_5)
FNDA:0,(anonymous_6)
FNDA:0,(anonymous_7)
FNDA:0,(anonymous_8)
FNDA:0,(anonymous_9)
FNDA:0,(anonymous_10)
DA:2,1
DA:19,1
DA:20,3
DA:21,3
DA:26,3
DA:27,3
DA:40,0
DA:44,0
DA:48,0
DA:52,0
DA:56,0
DA:60,0
DA:61,0
DA:65,0
DA:67,0
DA:71,0
DA:72,0
DA:73,0
LF:18
LH:6
BRF:0
BRH:0
end_of_record
TN:
SF:services/audit-service.ts
FN:27,(anonymous_8)
FN:35,(anonymous_9)
FN:36,(anonymous_10)
FN:51,(anonymous_11)
FN:66,(anonymous_12)
FN:83,(anonymous_13)
FN:91,(anonymous_14)
FN:102,(anonymous_15)
FN:113,(anonymous_17)
FN:120,(anonymous_19)
FN:126,(anonymous_20)
FN:127,(anonymous_21)
FNF:12
FNH:2
FNDA:3,(anonymous_8)
FNDA:3,(anonymous_9)
FNDA:0,(anonymous_10)
FNDA:0,(anonymous_11)
FNDA:0,(anonymous_12)
FNDA:0,(anonymous_13)
FNDA:0,(anonymous_14)
FNDA:0,(anonymous_15)
FNDA:0,(anonymous_17)
FNDA:0,(anonymous_19)
FNDA:0,(anonymous_20)
FNDA:0,(anonymous_21)
DA:1,1
DA:2,1
DA:3,1
DA:22,1
DA:28,3
DA:29,3
DA:30,3
DA:31,3
DA:32,3
DA:36,3
DA:37,0
DA:51,3
DA:52,0
DA:66,3
DA:67,0
DA:84,0
DA:85,0
DA:86,0
DA:87,0
DA:88,0
DA:92,0
DA:93,0
DA:94,0
DA:95,0
DA:96,0
DA:97,0
DA:98,0
DA:99,0
DA:103,0
DA:108,0
DA:109,0
DA:110,0
DA:114,0
DA:115,0
DA:116,0
DA:119,0
DA:120,0
DA:122,0
DA:123,0
DA:126,0
DA:127,0
DA:128,0
LF:42
LH:12
BRDA:115,0,0,0
BRDA:122,1,0,0
BRF:2
BRH:0
end_of_record
TN:
SF:services/book-ingestion-service.ts
FN:8,(anonymous_8)
FN:12,(anonymous_9)
FN:19,(anonymous_11)
FNF:3
FNH:1
FNDA:3,(anonymous_8)
FNDA:0,(anonymous_9)
FNDA:0,(anonymous_11)
DA:1,1
DA:2,1
DA:5,1
DA:9,3
DA:13,0
DA:14,0
DA:17,0
DA:19,0
DA:27,0
DA:28,0
LF:10
LH:4
BRF:0
BRH:0
end_of_record
TN:
SF:services/cag-service.ts
FN:95,(anonymous_7)
FN:112,(anonymous_8)
FN:121,(anonymous_10)
FN:122,(anonymous_11)
FN:167,(anonymous_12)
FN:221,(anonymous_14)
FN:257,(anonymous_16)
FN:306,(anonymous_18)
FN:342,(anonymous_20)
FN:392,(anonymous_22)
FN:409,(anonymous_24)
FN:413,(anonymous_25)
FN:438,(anonymous_26)
FN:442,(anonymous_27)
FN:463,(anonymous_28)
FN:474,(anonymous_29)
FN:484,(anonymous_30)
FN:500,(anonymous_31)
FN:501,(anonymous_32)
FN:509,(anonymous_33)
FN:532,(anonymous_34)
FN:539,(anonymous_36)
FN:539,(anonymous_37)
FN:555,(anonymous_38)
FN:565,(anonymous_39)
FN:576,(anonymous_40)
FN:583,(anonymous_41)
FN:600,(anonymous_42)
FN:612,(anonymous_43)
FN:638,(anonymous_45)
FN:660,(anonymous_46)
FN:669,(anonymous_47)
FN:703,(anonymous_48)
FN:712,(anonymous_49)
FN:731,(anonymous_50)
FN:761,(anonymous_51)
FN:774,(anonymous_52)
FN:778,(anonymous_53)
FN:796,(anonymous_54)
FNF:39
FNH:2
FNDA:3,(anonymous_7)
FNDA:0,(anonymous_8)
FNDA:0,(anonymous_10)
FNDA:0,(anonymous_11)
FNDA:0,(anonymous_12)
FNDA:0,(anonymous_14)
FNDA:0,(anonymous_16)
FNDA:0,(anonymous_18)
FNDA:0,(anonymous_20)
FNDA:0,(anonymous_22)
FNDA:0,(anonymous_24)
FNDA:0,(anonymous_25)
FNDA:0,(anonymous_26)
FNDA:0,(anonymous_27)
FNDA:0,(anonymous_28)
FNDA:0,(anonymous_29)
FNDA:0,(anonymous_30)
FNDA:3,(anonymous_31)
FNDA:0,(anonymous_32)
FNDA:0,(anonymous_33)
FNDA:0,(anonymous_34)
FNDA:0,(anonymous_36)
FNDA:0,(anonymous_37)
FNDA:0,(anonymous_38)
FNDA:0,(anonymous_39)
FNDA:0,(anonymous_40)
FNDA:0,(anonymous_41)
FNDA:0,(anonymous_42)
FNDA:0,(anonymous_43)
FNDA:0,(anonymous_45)
FNDA:0,(anonymous_46)
FNDA:0,(anonymous_47)
FNDA:0,(anonymous_48)
FNDA:0,(anonymous_49)
FNDA:0,(anonymous_50)
FNDA:0,(anonymous_51)
FNDA:0,(anonymous_52)
FNDA:0,(anonymous_53)
FNDA:0,(anonymous_54)
DA:3,1
DA:62,1
DA:68,3
DA:69,3
DA:70,3
DA:83,3
DA:84,3
DA:85,3
DA:86,3
DA:87,3
DA:88,3
DA:89,3
DA:92,3
DA:93,3
DA:100,3
DA:101,3
DA:102,3
DA:103,3
DA:106,3
DA:113,0
DA:114,0
DA:116,0
DA:118,0
DA:120,0
DA:121,0
DA:122,0
DA:125,0
DA:126,0
DA:129,0
DA:130,0
DA:133,0
DA:141,0
DA:144,0
DA:145,0
DA:146,0
DA:148,0
DA:168,0
DA:171,0
DA:172,0
DA:173,0
DA:174,0
DA:175,0
DA:186,0
DA:187,0
DA:188,0
DA:189,0
DA:190,0
DA:191,0
DA:202,0
DA:203,0
DA:206,0
DA:208,0
DA:222,0
DA:223,0
DA:225,0
DA:228,0
DA:229,0
DA:230,0
DA:231,0
DA:235,0
DA:236,0
DA:238,0
DA:258,0
DA:260,0
DA:261,0
DA:264,0
DA:266,0
DA:267,0
DA:268,0
DA:272,0
DA:274,0
DA:276,0
DA:280,0
DA:281,0
DA:282,0
DA:284,0
DA:300,0
DA:307,0
DA:317,0
DA:318,0
DA:324,0
DA:343,0
DA:344,0
DA:345,0
DA:348,0
DA:349,0
DA:351,0
DA:352,0
DA:353,0
DA:354,0
DA:356,0
DA:358,0
DA:360,0
DA:376,0
DA:379,0
DA:381,0
DA:393,0
DA:396,0
DA:397,0
DA:401,0
DA:402,0
DA:410,0
DA:413,0
DA:414,0
DA:415,0
DA:417,0
DA:420,0
DA:421,0
DA:423,0
DA:424,0
DA:425,0
DA:426,0
DA:427,0
DA:430,0
DA:431,0
DA:439,0
DA:442,0
DA:443,0
DA:444,0
DA:446,0
DA:449,0
DA:450,0
DA:451,0
DA:452,0
DA:455,0
DA:456,0
DA:464,0
DA:465,0
DA:466,0
DA:468,0
DA:475,0
DA:478,0
DA:479,0
DA:483,0
DA:484,0
DA:487,0
DA:493,0
DA:494,0
DA:501,3
DA:502,0
DA:510,0
DA:511,0
DA:513,0
DA:514,0
DA:515,0
DA:516,0
DA:520,0
DA:521,0
DA:525,0
DA:526,0
DA:533,0
DA:535,0
DA:536,0
DA:538,0
DA:539,0
DA:540,0
DA:541,0
DA:546,0
DA:548,0
DA:552,0
DA:555,0
DA:558,0
DA:559,0
DA:566,0
DA:567,0
DA:568,0
DA:570,0
DA:577,0
DA:584,0
DA:585,0
DA:587,0
DA:601,0
DA:602,0
DA:603,0
DA:604,0
DA:606,0
DA:613,0
DA:614,0
DA:617,0
DA:618,0
DA:621,0
DA:624,0
DA:625,0
DA:626,0
DA:627,0
DA:631,0
DA:632,0
DA:639,0
DA:640,0
DA:643,0
DA:644,0
DA:645,0
DA:647,0
DA:648,0
DA:649,0
DA:650,0
DA:653,0
DA:654,0
DA:661,0
DA:662,0
DA:663,0
DA:670,0
DA:671,0
DA:673,0
DA:674,0
DA:675,0
DA:676,0
DA:678,0
DA:681,0
DA:682,0
DA:685,0
DA:686,0
DA:689,0
DA:690,0
DA:693,0
DA:694,0
DA:695,0
DA:696,0
DA:697,0
DA:698,0
DA:700,0
DA:704,0
DA:705,0
DA:706,0
DA:713,0
DA:714,0
DA:716,0
DA:717,0
DA:718,0
DA:719,0
DA:720,0
DA:721,0
DA:722,0
DA:723,0
DA:724,0
DA:725,0
DA:732,0
DA:734,0
DA:735,0
DA:752,0
DA:762,0
DA:763,0
DA:764,0
DA:765,0
DA:766,0
DA:767,0
DA:770,0
DA:771,0
DA:775,0
DA:779,0
DA:797,0
DA:798,0
DA:799,0
DA:800,0
DA:801,0
DA:802,0
DA:803,0
DA:804,0
DA:805,0
DA:806,0
LF:260
LH:20
BRDA:120,0,0,0
BRDA:120,0,1,0
BRDA:120,1,0,0
BRDA:120,1,1,0
BRDA:144,2,0,0
BRDA:144,2,1,0
BRDA:172,3,0,0
BRDA:186,4,0,0
BRDA:186,4,1,0
BRDA:188,5,0,0
BRDA:225,6,0,0
BRDA:229,7,0,0
BRDA:266,8,0,0
BRDA:274,9,0,0
BRDA:274,10,0,0
BRDA:274,10,1,0
BRDA:274,10,2,0
BRDA:280,11,0,0
BRDA:311,12,0,0
BRDA:311,12,1,0
BRDA:311,13,0,0
BRDA:311,13,1,0
BRDA:351,14,0,0
BRDA:351,14,1,0
BRDA:353,15,0,0
BRDA:353,15,1,0
BRDA:396,16,0,0
BRDA:401,17,0,0
BRDA:414,18,0,0
BRDA:424,19,0,0
BRDA:430,20,0,0
BRDA:443,21,0,0
BRDA:455,22,0,0
BRDA:478,23,0,0
BRDA:488,24,0,0
BRDA:488,24,1,0
BRDA:514,25,0,0
BRDA:520,26,0,0
BRDA:601,27,0,0
BRDA:601,27,1,0
BRDA:601,28,0,0
BRDA:601,28,1,0
BRDA:602,29,0,0
BRDA:602,29,1,0
BRDA:602,30,0,0
BRDA:602,30,1,0
BRDA:603,31,0,0
BRDA:603,31,1,0
BRDA:603,32,0,0
BRDA:603,32,1,0
BRDA:604,33,0,0
BRDA:604,33,1,0
BRDA:604,34,0,0
BRDA:604,34,1,0
BRDA:613,35,0,0
BRDA:617,36,0,0
BRDA:617,37,0,0
BRDA:617,37,1,0
BRDA:617,38,0,0
BRDA:617,38,1,0
BRDA:624,39,0,0
BRDA:626,40,0,0
BRDA:639,41,0,0
BRDA:662,42,0,0
BRDA:662,42,1,0
BRDA:662,43,0,0
BRDA:662,43,1,0
BRDA:673,44,0,0
BRDA:673,45,0,0
BRDA:673,45,1,0
BRDA:681,46,0,0
BRDA:681,47,0,0
BRDA:681,47,1,0
BRDA:685,48,0,0
BRDA:685,49,0,0
BRDA:685,49,1,0
BRDA:689,50,0,0
BRDA:689,51,0,0
BRDA:689,51,1,0
BRDA:765,52,0,0
BRDA:775,53,0,0
BRDA:775,53,1,0
BRDA:780,54,0,0
BRDA:780,54,1,0
BRDA:781,55,0,0
BRDA:781,55,1,0
BRDA:782,56,0,0
BRDA:782,56,1,0
BRDA:783,57,0,0
BRDA:783,57,1,0
BRDA:784,58,0,0
BRDA:784,58,1,0
BRDA:785,59,0,0
BRDA:785,59,1,0
BRDA:786,60,0,0
BRDA:786,60,1,0
BRDA:787,61,0,0
BRDA:787,61,1,0
BRDA:788,62,0,0
BRDA:788,62,1,0
BRDA:789,63,0,0
BRDA:789,63,1,0
BRDA:790,64,0,0
BRDA:790,64,1,0
BRDA:791,65,0,0
BRDA:791,65,1,0
BRDA:792,66,0,0
BRDA:792,66,1,0
BRDA:797,67,0,0
BRDA:798,68,0,0
BRDA:798,68,1,0
BRDA:798,69,0,0
BRDA:798,69,1,0
BRDA:799,70,0,0
BRDA:799,70,1,0
BRDA:799,71,0,0
BRDA:799,71,1,0
BRDA:800,72,0,0
BRDA:800,72,1,0
BRDA:800,73,0,0
BRDA:800,73,1,0
BRDA:801,74,0,0
BRDA:801,74,1,0
BRDA:801,75,0,0
BRDA:801,75,1,0
BRDA:802,76,0,0
BRDA:802,76,1,0
BRDA:802,77,0,0
BRDA:802,77,1,0
BRDA:803,78,0,0
BRDA:803,78,1,0
BRDA:803,79,0,0
BRDA:803,79,1,0
BRDA:804,80,0,0
BRDA:804,80,1,0
BRDA:804,81,0,0
BRDA:804,81,1,0
BRDA:805,82,0,0
BRDA:805,82,1,0
BRDA:805,83,0,0
BRDA:805,83,1,0
BRDA:806,84,0,0
BRDA:806,84,1,0
BRDA:806,85,0,0
BRDA:806,85,1,0
BRF:145
BRH:0
end_of_record
TN:
SF:services/cybersecurity-knowledge-service.ts
FN:57,(anonymous_16)
FN:73,(anonymous_17)
FN:101,(anonymous_19)
FN:114,(anonymous_21)
FN:132,(anonymous_23)
FN:146,(anonymous_25)
FN:182,(anonymous_27)
FN:225,(anonymous_29)
FN:239,(anonymous_30)
FN:244,(anonymous_31)
FN:252,(anonymous_32)
FN:270,(anonymous_34)
FN:275,(anonymous_36)
FN:282,(anonymous_37)
FN:300,(anonymous_39)
FN:304,(anonymous_41)
FN:305,(anonymous_42)
FN:306,(anonymous_43)
FN:314,(anonymous_44)
FN:328,(anonymous_46)
FN:331,(anonymous_47)
FN:350,(anonymous_48)
FN:375,(anonymous_50)
FN:377,(anonymous_51)
FN:383,(anonymous_52)
FN:384,(anonymous_54)
FN:385,(anonymous_55)
FN:386,(anonymous_56)
FN:394,(anonymous_57)
FN:399,(anonymous_58)
FN:409,(anonymous_59)
FN:414,(anonymous_60)
FN:424,(anonymous_61)
FN:429,(anonymous_62)
FN:439,(anonymous_63)
FN:446,(anonymous_64)
FN:453,(anonymous_65)
FN:454,(anonymous_66)
FN:460,(anonymous_67)
FNF:39
FNH:7
FNDA:3,(anonymous_16)
FNDA:3,(anonymous_17)
FNDA:3,(anonymous_19)
FNDA:3,(anonymous_21)
FNDA:3,(anonymous_23)
FNDA:27,(anonymous_25)
FNDA:21,(anonymous_27)
FNDA:0,(anonymous_29)
FNDA:0,(anonymous_30)
FNDA:0,(anonymous_31)
FNDA:0,(anonymous_32)
FNDA:0,(anonymous_34)
FNDA:0,(anonymous_36)
FNDA:0,(anonymous_37)
FNDA:0,(anonymous_39)
FNDA:0,(anonymous_41)
FNDA:0,(anonymous_42)
FNDA:0,(anonymous_43)
FNDA:0,(anonymous_44)
FNDA:0,(anonymous_46)
FNDA:0,(anonymous_47)
FNDA:0,(anonymous_48)
FNDA:0,(anonymous_50)
FNDA:0,(anonymous_51)
FNDA:0,(anonymous_52)
FNDA:0,(anonymous_54)
FNDA:0,(anonymous_55)
FNDA:0,(anonymous_56)
FNDA:0,(anonymous_57)
FNDA:0,(anonymous_58)
FNDA:0,(anonymous_59)
FNDA:0,(anonymous_60)
FNDA:0,(anonymous_61)
FNDA:0,(anonymous_62)
FNDA:0,(anonymous_63)
FNDA:0,(anonymous_64)
FNDA:0,(anonymous_65)
FNDA:0,(anonymous_66)
FNDA:0,(anonymous_67)
DA:1,1
DA:2,1
DA:4,1
DA:47,1
DA:53,3
DA:54,3
DA:55,3
DA:63,3
DA:64,3
DA:65,3
DA:66,3
DA:67,3
DA:74,3
DA:76,3
DA:78,3
DA:81,0
DA:84,0
DA:86,0
DA:87,0
DA:93,0
DA:94,0
DA:102,3
DA:104,3
DA:105,3
DA:106,3
DA:115,3
DA:117,3
DA:118,3
DA:119,3
DA:121,3
DA:122,3
DA:125,0
DA:133,3
DA:134,27
DA:135,27
DA:136,24
DA:137,0
DA:147,27
DA:148,27
DA:151,21
DA:153,18
DA:155,0
DA:156,0
DA:158,0
DA:194,21
DA:219,21
DA:220,21
DA:221,0
DA:224,0
DA:225,0
DA:232,0
DA:234,18
DA:235,18
DA:240,0
DA:241,0
DA:245,0
DA:246,0
DA:253,0
DA:255,0
DA:256,0
DA:257,0
DA:258,0
DA:259,0
DA:262,0
DA:271,0
DA:273,0
DA:274,0
DA:275,0
DA:283,0
DA:285,0
DA:286,0
DA:288,0
DA:289,0
DA:290,0
DA:294,0
DA:301,0
DA:304,0
DA:305,0
DA:306,0
DA:308,0
DA:315,0
DA:317,0
DA:319,0
DA:322,0
DA:323,0
DA:324,0
DA:327,0
DA:328,0
DA:331,0
DA:333,0
DA:342,0
DA:343,0
DA:351,0
DA:352,0
DA:353,0
DA:356,0
DA:357,0
DA:359,0
DA:360,0
DA:363,0
DA:364,0
DA:367,0
DA:368,0
DA:369,0
DA:374,0
DA:375,0
DA:377,0
DA:384,0
DA:385,0
DA:386,0
DA:388,0
DA:395,0
DA:397,0
DA:398,0
DA:399,0
DA:403,0
DA:410,0
DA:412,0
DA:413,0
DA:414,0
DA:418,0
DA:425,0
DA:427,0
DA:428,0
DA:429,0
DA:433,0
DA:440,0
DA:447,0
DA:454,0
DA:467,0
DA:468,0
DA:470,0
DA:471,0
DA:472,0
DA:473,0
DA:477,0
DA:478,0
DA:480,0
LF:138
LH:38
BRDA:61,0,0,3
BRDA:105,1,0,3
BRDA:121,2,0,3
BRDA:134,3,0,27
BRDA:134,4,0,27
BRDA:134,4,1,0
BRDA:136,5,0,0
BRDA:148,6,0,6
BRDA:148,7,0,27
BRDA:148,7,1,27
BRDA:153,8,0,18
BRDA:166,9,0,0
BRDA:166,9,1,0
BRDA:166,10,0,0
BRDA:166,10,1,0
BRDA:167,11,0,0
BRDA:167,11,1,0
BRDA:167,12,0,0
BRDA:167,12,1,0
BRDA:224,13,0,0
BRDA:224,14,0,0
BRDA:224,14,1,0
BRDA:241,15,0,0
BRDA:241,15,1,0
BRDA:246,16,0,0
BRDA:246,16,1,0
BRDA:258,17,0,0
BRDA:258,18,0,0
BRDA:258,18,1,0
BRDA:286,19,0,0
BRDA:289,20,0,0
BRDA:301,21,0,0
BRDA:301,22,0,0
BRDA:301,22,1,0
BRDA:304,23,0,0
BRDA:304,23,1,0
BRDA:304,24,0,0
BRDA:304,24,1,0
BRDA:304,25,0,0
BRDA:304,25,1,0
BRDA:306,26,0,0
BRDA:306,26,1,0
BRDA:308,27,0,0
BRDA:308,27,1,0
BRDA:308,28,0,0
BRDA:308,28,1,0
BRDA:327,29,0,0
BRDA:327,29,1,0
BRDA:351,30,0,0
BRDA:351,31,0,0
BRDA:351,31,1,0
BRDA:360,32,0,0
BRDA:363,33,0,0
BRDA:363,34,0,0
BRDA:363,34,1,0
BRDA:364,35,0,0
BRDA:364,36,0,0
BRDA:364,36,1,0
BRDA:368,37,0,0
BRDA:376,38,0,0
BRDA:376,38,1,0
BRDA:398,39,0,0
BRDA:413,40,0,0
BRDA:428,41,0,0
BRDA:471,42,0,0
BRDA:471,42,1,0
BRDA:472,43,0,0
BRDA:473,44,0,0
BRDA:473,44,1,0
BRF:69
BRH:9
end_of_record
TN:
SF:services/embedding-service.ts
FN:6,(anonymous_7)
FN:10,(anonymous_8)
FNF:2
FNH:2
FNDA:6,(anonymous_7)
FNDA:3,(anonymous_8)
DA:1,1
DA:3,1
DA:7,6
DA:11,3
DA:12,3
DA:15,3
LF:6
LH:6
BRDA:15,0,0,3
BRDA:15,0,1,0
BRF:2
BRH:1
end_of_record
TN:
SF:services/health-monitoring-service.ts
FN:41,(anonymous_7)
FN:65,(anonymous_8)
FN:71,(anonymous_9)
FN:71,(anonymous_10)
FN:90,(anonymous_11)
FN:90,(anonymous_12)
FN:109,(anonymous_13)
FN:109,(anonymous_14)
FN:128,(anonymous_15)
FN:128,(anonymous_16)
FN:147,(anonymous_17)
FN:152,(anonymous_18)
FN:153,(anonymous_19)
FN:153,(anonymous_20)
FN:161,(anonymous_21)
FN:171,(anonymous_23)
FN:182,(anonymous_24)
FN:185,(anonymous_25)
FN:187,(anonymous_26)
FN:214,(anonymous_27)
FN:258,(anonymous_29)
FN:299,(anonymous_31)
FN:350,(anonymous_33)
FN:360,(anonymous_35)
FN:368,(anonymous_36)
FN:390,(anonymous_37)
FN:393,(anonymous_38)
FN:415,(anonymous_39)
FN:452,(anonymous_41)
FN:468,(anonymous_42)
FN:478,(anonymous_44)
FN:485,(anonymous_45)
FN:490,(anonymous_47)
FN:495,(anonymous_49)
FN:500,(anonymous_51)
FN:504,(anonymous_52)
FN:512,(anonymous_54)
FN:526,(anonymous_55)
FN:534,(anonymous_56)
FNF:39
FNH:31
FNDA:3,(anonymous_7)
FNDA:3,(anonymous_8)
FNDA:3,(anonymous_9)
FNDA:3,(anonymous_10)
FNDA:3,(anonymous_11)
FNDA:3,(anonymous_12)
FNDA:3,(anonymous_13)
FNDA:3,(anonymous_14)
FNDA:3,(anonymous_15)
FNDA:3,(anonymous_16)
FNDA:12,(anonymous_17)
FNDA:3,(anonymous_18)
FNDA:0,(anonymous_19)
FNDA:0,(anonymous_20)
FNDA:3,(anonymous_21)
FNDA:12,(anonymous_23)
FNDA:12,(anonymous_24)
FNDA:9,(anonymous_25)
FNDA:0,(anonymous_26)
FNDA:3,(anonymous_27)
FNDA:3,(anonymous_29)
FNDA:3,(anonymous_31)
FNDA:3,(anonymous_33)
FNDA:3,(anonymous_35)
FNDA:3,(anonymous_36)
FNDA:3,(anonymous_37)
FNDA:12,(anonymous_38)
FNDA:3,(anonymous_39)
FNDA:12,(anonymous_41)
FNDA:3,(anonymous_42)
FNDA:9,(anonymous_44)
FNDA:3,(anonymous_45)
FNDA:3,(anonymous_47)
FNDA:3,(anonymous_49)
FNDA:0,(anonymous_51)
FNDA:0,(anonymous_52)
FNDA:0,(anonymous_54)
FNDA:0,(anonymous_55)
FNDA:0,(anonymous_56)
DA:30,1
DA:36,3
DA:38,3
DA:48,3
DA:49,3
DA:50,3
DA:51,3
DA:52,3
DA:54,3
DA:61,3
DA:62,3
DA:66,3
DA:71,3
DA:72,3
DA:74,3
DA:75,0
DA:77,3
DA:78,3
DA:80,0
DA:81,0
DA:82,0
DA:90,3
DA:91,3
DA:93,3
DA:94,0
DA:96,3
DA:97,3
DA:99,0
DA:100,0
DA:101,0
DA:109,3
DA:110,3
DA:112,3
DA:113,0
DA:115,3
DA:116,3
DA:118,0
DA:119,0
DA:120,0
DA:128,3
DA:129,3
DA:131,3
DA:132,3
DA:133,3
DA:134,3
DA:136,0
DA:137,0
DA:140,0
DA:141,0
DA:147,3
DA:148,12
DA:153,3
DA:154,0
DA:158,3
DA:162,3
DA:164,3
DA:171,3
DA:172,12
DA:178,12
DA:182,12
DA:183,3
DA:185,9
DA:186,3
DA:187,0
DA:188,0
DA:192,3
DA:194,3
DA:201,3
DA:207,3
DA:208,3
DA:211,3
DA:220,3
DA:221,3
DA:223,3
DA:224,3
DA:227,3
DA:228,0
DA:229,0
DA:232,3
DA:233,0
DA:234,0
DA:237,3
DA:238,0
DA:239,0
DA:242,3
DA:249,0
DA:250,0
DA:264,3
DA:265,3
DA:267,3
DA:268,3
DA:271,3
DA:272,0
DA:273,0
DA:277,3
DA:278,3
DA:279,0
DA:280,0
DA:283,3
DA:290,0
DA:291,0
DA:305,3
DA:307,3
DA:308,3
DA:310,3
DA:311,0
DA:313,0
DA:314,0
DA:316,0
DA:317,0
DA:318,0
DA:321,0
DA:322,0
DA:323,0
DA:326,0
DA:327,0
DA:328,0
DA:331,0
DA:341,3
DA:342,3
DA:356,3
DA:358,3
DA:360,3
DA:361,3
DA:364,3
DA:365,3
DA:368,3
DA:370,3
DA:372,3
DA:373,3
DA:375,3
DA:381,0
DA:382,0
DA:391,3
DA:393,3
DA:394,12
DA:395,3
DA:397,0
DA:398,0
DA:400,0
DA:401,0
DA:403,3
DA:404,3
DA:406,0
DA:407,0
DA:412,3
DA:416,3
DA:418,3
DA:421,3
DA:422,12
DA:423,12
DA:424,12
DA:425,12
DA:426,12
DA:427,12
DA:428,12
DA:433,0
DA:434,0
DA:440,0
DA:441,0
DA:442,0
DA:455,12
DA:457,12
DA:458,12
DA:461,0
DA:462,0
DA:465,0
DA:469,3
DA:471,3
DA:477,3
DA:478,9
DA:480,0
DA:481,0
DA:487,3
DA:492,3
DA:497,3
DA:501,0
DA:505,0
DA:507,0
DA:508,0
DA:509,0
DA:511,0
DA:512,0
DA:514,0
DA:515,0
DA:516,0
DA:517,0
DA:519,0
DA:521,0
DA:524,0
DA:525,0
DA:526,0
DA:527,0
DA:531,0
DA:535,0
DA:536,0
DA:537,0
LF:197
LH:112
BRDA:74,0,0,0
BRDA:74,1,0,3
BRDA:74,1,1,0
BRDA:80,2,0,0
BRDA:80,2,1,0
BRDA:93,3,0,0
BRDA:93,4,0,3
BRDA:93,4,1,0
BRDA:99,5,0,0
BRDA:99,5,1,0
BRDA:112,6,0,0
BRDA:112,7,0,3
BRDA:112,7,1,0
BRDA:118,8,0,0
BRDA:118,8,1,0
BRDA:132,9,0,3
BRDA:132,9,1,0
BRDA:185,10,0,3
BRDA:185,10,1,0
BRDA:187,11,0,0
BRDA:207,12,0,3
BRDA:227,13,0,0
BRDA:227,14,0,3
BRDA:227,14,1,0
BRDA:232,15,0,0
BRDA:232,16,0,3
BRDA:232,16,1,0
BRDA:237,17,0,0
BRDA:237,18,0,3
BRDA:237,18,1,0
BRDA:249,19,0,0
BRDA:249,19,1,0
BRDA:271,20,0,0
BRDA:271,21,0,3
BRDA:271,21,1,0
BRDA:277,22,0,0
BRDA:277,22,1,3
BRDA:277,23,0,3
BRDA:277,23,1,3
BRDA:278,24,0,0
BRDA:278,25,0,3
BRDA:278,25,1,0
BRDA:290,26,0,0
BRDA:290,26,1,0
BRDA:316,27,0,0
BRDA:321,28,0,0
BRDA:326,29,0,0
BRDA:326,30,0,0
BRDA:326,30,1,0
BRDA:337,31,0,0
BRDA:337,31,1,0
BRDA:337,32,0,0
BRDA:337,32,1,0
BRDA:337,33,0,0
BRDA:337,33,1,0
BRDA:341,34,0,3
BRDA:341,34,1,0
BRDA:372,35,0,3
BRDA:372,35,1,0
BRDA:373,36,0,3
BRDA:373,36,1,0
BRDA:381,37,0,0
BRDA:381,37,1,0
BRDA:394,38,0,3
BRDA:394,39,0,12
BRDA:394,39,1,12
BRDA:395,40,0,0
BRDA:395,40,1,0
BRDA:395,40,2,3
BRDA:395,40,3,0
BRDA:422,41,0,12
BRDA:426,42,0,12
BRDA:426,42,1,0
BRDA:440,43,0,0
BRDA:440,43,1,0
BRDA:457,44,0,12
BRDA:461,45,0,0
BRDA:461,46,0,0
BRDA:461,46,1,0
BRDA:514,47,0,0
BRDA:514,47,1,0
BRDA:516,48,0,0
BRDA:516,48,1,0
BRDA:524,49,0,0
BRDA:535,50,0,0
BRF:85
BRH:24
end_of_record
TN:
SF:services/learn-mode-service.ts
FN:45,(anonymous_7)
FN:52,(anonymous_8)
FN:136,(anonymous_9)
FN:143,(anonymous_10)
FN:153,(anonymous_12)
FN:177,(anonymous_13)
FN:194,(anonymous_14)
FN:242,(anonymous_16)
FN:293,(anonymous_18)
FN:350,(anonymous_20)
FN:363,(anonymous_21)
FN:376,(anonymous_22)
FN:378,(anonymous_23)
FN:389,(anonymous_24)
FN:400,(anonymous_25)
FN:416,(anonymous_26)
FN:425,(anonymous_27)
FN:439,(anonymous_28)
FNF:18
FNH:3
FNDA:3,(anonymous_7)
FNDA:3,(anonymous_8)
FNDA:9,(anonymous_9)
FNDA:0,(anonymous_10)
FNDA:0,(anonymous_12)
FNDA:0,(anonymous_13)
FNDA:0,(anonymous_14)
FNDA:0,(anonymous_16)
FNDA:0,(anonymous_18)
FNDA:0,(anonymous_20)
FNDA:0,(anonymous_21)
FNDA:0,(anonymous_22)
FNDA:0,(anonymous_23)
FNDA:0,(anonymous_24)
FNDA:0,(anonymous_25)
FNDA:0,(anonymous_26)
FNDA:0,(anonymous_27)
FNDA:0,(anonymous_28)
DA:38,1
DA:42,3
DA:43,3
DA:46,3
DA:47,3
DA:48,3
DA:49,3
DA:54,3
DA:136,3
DA:137,9
DA:140,3
DA:144,0
DA:145,0
DA:146,0
DA:149,0
DA:152,0
DA:153,0
DA:154,0
DA:156,0
DA:157,0
DA:161,0
DA:162,0
DA:163,0
DA:165,0
DA:172,0
DA:173,0
DA:174,0
DA:175,0
DA:176,0
DA:177,0
DA:178,0
DA:181,0
DA:182,0
DA:185,0
DA:186,0
DA:189,0
DA:191,0
DA:195,0
DA:196,0
DA:197,0
DA:200,0
DA:201,0
DA:202,0
DA:206,0
DA:224,0
DA:225,0
DA:227,0
DA:235,0
DA:237,0
DA:238,0
DA:243,0
DA:244,0
DA:245,0
DA:248,0
DA:249,0
DA:250,0
DA:254,0
DA:255,0
DA:257,0
DA:258,0
DA:261,0
DA:263,0
DA:275,0
DA:276,0
DA:278,0
DA:283,0
DA:290,0
DA:294,0
DA:295,0
DA:296,0
DA:299,0
DA:300,0
DA:301,0
DA:305,0
DA:323,0
DA:324,0
DA:325,0
DA:327,0
DA:329,0
DA:330,0
DA:332,0
DA:333,0
DA:334,0
DA:335,0
DA:337,0
DA:344,0
DA:345,0
DA:346,0
DA:348,0
DA:349,0
DA:350,0
DA:351,0
DA:355,0
DA:357,0
DA:358,0
DA:359,0
DA:361,0
DA:362,0
DA:363,0
DA:364,0
DA:368,0
DA:371,0
DA:372,0
DA:377,0
DA:378,0
DA:379,0
DA:380,0
DA:381,0
DA:384,0
DA:385,0
DA:388,0
DA:389,0
DA:390,0
DA:391,0
DA:392,0
DA:393,0
DA:394,0
DA:397,0
DA:401,0
DA:403,0
DA:404,0
DA:405,0
DA:406,0
DA:407,0
DA:409,0
DA:410,0
DA:411,0
DA:414,0
DA:415,0
DA:416,0
DA:417,0
DA:418,0
DA:422,0
DA:426,0
DA:427,0
DA:436,0
DA:440,0
DA:455,0
DA:456,0
DA:457,0
DA:459,0
DA:460,0
LF:142
LH:11
BRDA:145,0,0,0
BRDA:152,1,0,0
BRDA:156,2,0,0
BRDA:181,3,0,0
BRDA:185,4,0,0
BRDA:196,5,0,0
BRDA:201,6,0,0
BRDA:244,7,0,0
BRDA:249,8,0,0
BRDA:255,9,0,0
BRDA:261,10,0,0
BRDA:295,11,0,0
BRDA:300,12,0,0
BRDA:327,13,0,0
BRDA:327,13,1,0
BRDA:329,14,0,0
BRDA:348,15,0,0
BRDA:348,16,0,0
BRDA:348,16,1,0
BRDA:361,17,0,0
BRDA:361,18,0,0
BRDA:361,18,1,0
BRDA:379,19,0,0
BRDA:379,20,0,0
BRDA:379,20,1,0
BRDA:380,21,0,0
BRDA:380,22,0,0
BRDA:380,22,1,0
BRDA:384,23,0,0
BRDA:409,24,0,0
BRDA:411,25,0,0
BRDA:411,25,1,0
BRDA:411,26,0,0
BRDA:411,26,1,0
BRDA:411,27,0,0
BRDA:411,27,1,0
BRDA:411,28,0,0
BRDA:411,28,1,0
BRDA:414,29,0,0
BRDA:418,30,0,0
BRDA:418,30,1,0
BRDA:418,31,0,0
BRDA:418,31,1,0
BRDA:418,32,0,0
BRDA:418,32,1,0
BRDA:418,33,0,0
BRDA:418,33,1,0
BRDA:426,34,0,0
BRF:48
BRH:0
end_of_record
TN:
SF:services/log-analysis-service.ts
FN:10,(anonymous_7)
FN:16,(anonymous_8)
FNF:2
FNH:1
FNDA:3,(anonymous_7)
FNDA:0,(anonymous_8)
DA:5,1
DA:11,3
DA:12,3
DA:13,3
DA:17,0
DA:18,0
DA:19,0
DA:20,0
DA:21,0
DA:22,0
DA:25,0
DA:26,0
DA:27,0
DA:32,0
DA:34,0
DA:35,0
LF:16
LH:4
BRDA:20,0,0,0
BRF:1
BRH:0
end_of_record
TN:
SF:tools/tool-registry.ts
FN:29,(anonymous_7)
FN:41,(anonymous_8)
FN:47,(anonymous_9)
FN:56,(anonymous_10)
FN:60,(anonymous_11)
FN:64,(anonymous_12)
FN:68,(anonymous_13)
FN:72,(anonymous_14)
FN:76,(anonymous_15)
FN:80,(anonymous_16)
FN:134,(anonymous_18)
FN:135,(anonymous_19)
FN:142,(anonymous_20)
FN:149,(anonymous_21)
FN:155,(anonymous_23)
FN:155,(anonymous_24)
FN:162,(anonymous_25)
FN:162,(anonymous_26)
FNF:18
FNH:5
FNDA:6,(anonymous_7)
FNDA:42,(anonymous_8)
FNDA:0,(anonymous_9)
FNDA:0,(anonymous_10)
FNDA:0,(anonymous_11)
FNDA:3,(anonymous_12)
FNDA:0,(anonymous_13)
FNDA:3,(anonymous_14)
FNDA:0,(anonymous_15)
FNDA:0,(anonymous_16)
FNDA:0,(anonymous_18)
FNDA:0,(anonymous_19)
FNDA:0,(anonymous_20)
FNDA:3,(anonymous_21)
FNDA:0,(anonymous_23)
FNDA:0,(anonymous_24)
FNDA:0,(anonymous_25)
FNDA:0,(anonymous_26)
DA:1,1
DA:2,1
DA:3,1
DA:4,1
DA:5,1
DA:6,1
DA:7,1
DA:8,1
DA:24,1
DA:25,6
DA:30,6
DA:31,6
DA:33,6
DA:34,6
DA:35,6
DA:36,6
DA:37,6
DA:38,6
DA:42,42
DA:43,42
DA:44,42
DA:48,0
DA:49,0
DA:50,0
DA:51,0
DA:53,0
DA:57,0
DA:61,0
DA:65,3
DA:69,0
DA:73,3
DA:77,0
DA:81,0
DA:83,0
DA:84,0
DA:85,0
DA:86,0
DA:90,0
DA:91,0
DA:97,0
DA:98,0
DA:100,0
DA:101,0
DA:104,0
DA:105,0
DA:107,0
DA:108,0
DA:110,0
DA:111,0
DA:113,0
DA:120,0
DA:121,0
DA:123,0
DA:124,0
DA:126,0
DA:135,0
DA:143,0
DA:144,0
DA:145,0
DA:146,0
DA:151,3
DA:155,0
DA:156,0
DA:162,0
DA:163,0
DA:168,3
DA:169,6
DA:172,3
LF:68
LH:27
BRDA:30,0,0,6
BRDA:30,0,1,3
BRDA:49,1,0,0
BRDA:85,2,0,0
BRDA:90,3,0,0
BRDA:90,4,0,0
BRDA:90,4,1,0
BRDA:90,5,0,0
BRDA:90,5,1,0
BRDA:90,6,0,0
BRDA:90,6,1,0
BRDA:90,7,0,0
BRDA:90,7,1,0
BRDA:90,8,0,0
BRDA:90,8,1,0
BRDA:90,9,0,0
BRDA:90,9,1,0
BRDA:90,10,0,0
BRDA:90,10,1,0
BRDA:97,11,0,0
BRDA:97,12,0,0
BRDA:97,12,1,0
BRDA:97,13,0,0
BRDA:97,13,1,0
BRDA:97,14,0,0
BRDA:97,14,1,0
BRDA:97,15,0,0
BRDA:97,15,1,0
BRDA:100,16,0,0
BRDA:100,17,0,0
BRDA:100,17,1,0
BRDA:100,18,0,0
BRDA:100,18,1,0
BRDA:100,19,0,0
BRDA:100,19,1,0
BRDA:100,20,0,0
BRDA:100,20,1,0
BRDA:121,21,0,0
BRDA:121,21,1,0
BRDA:138,22,0,0
BRDA:138,22,1,0
BRDA:138,23,0,0
BRDA:138,23,1,0
BRF:43
BRH:2
end_of_record
TN:
SF:tools/blue/osquery.ts
FN:15,(anonymous_7)
FN:25,(anonymous_9)
FN:29,(anonymous_10)
FN:30,(anonymous_11)
FN:31,(anonymous_12)
FN:32,(anonymous_13)
FNF:6
FNH:0
FNDA:0,(anonymous_7)
FNDA:0,(anonymous_9)
FNDA:0,(anonymous_10)
FNDA:0,(anonymous_11)
FNDA:0,(anonymous_12)
FNDA:0,(anonymous_13)
DA:1,1
DA:8,1
DA:16,0
DA:17,0
DA:18,0
DA:20,0
DA:21,0
DA:23,0
DA:24,0
DA:25,0
DA:26,0
DA:27,0
DA:28,0
DA:29,0
DA:30,0
DA:31,0
DA:32,0
DA:33,0
DA:34,0
DA:36,0
DA:37,0
LF:21
LH:2
BRDA:16,0,0,0
BRDA:17,1,0,0
BRDA:17,2,0,0
BRDA:17,2,1,0
BRDA:17,2,2,0
BRDA:20,3,0,0
BRDA:20,4,0,0
BRDA:20,4,1,0
BRDA:23,5,0,0
BRDA:23,5,1,0
BRDA:33,6,0,0
BRDA:34,7,0,0
BRDA:34,7,1,0
BRF:13
BRH:0
end_of_record
TN:
SF:tools/blue/snort.ts
FN:15,(anonymous_7)
FN:25,(anonymous_9)
FN:29,(anonymous_10)
FN:30,(anonymous_11)
FN:31,(anonymous_12)
FN:32,(anonymous_13)
FNF:6
FNH:0
FNDA:0,(anonymous_7)
FNDA:0,(anonymous_9)
FNDA:0,(anonymous_10)
FNDA:0,(anonymous_11)
FNDA:0,(anonymous_12)
FNDA:0,(anonymous_13)
DA:1,1
DA:8,1
DA:16,0
DA:17,0
DA:18,0
DA:20,0
DA:21,0
DA:23,0
DA:24,0
DA:25,0
DA:26,0
DA:27,0
DA:28,0
DA:29,0
DA:30,0
DA:31,0
DA:32,0
DA:33,0
DA:34,0
DA:36,0
DA:37,0
LF:21
LH:2
BRDA:16,0,0,0
BRDA:16,1,0,0
BRDA:17,2,0,0
BRDA:17,3,0,0
BRDA:17,3,1,0
BRDA:17,3,2,0
BRDA:20,4,0,0
BRDA:20,5,0,0
BRDA:20,5,1,0
BRDA:23,6,0,0
BRDA:23,6,1,0
BRDA:33,7,0,0
BRDA:34,8,0,0
BRDA:34,8,1,0
BRF:14
BRH:0
end_of_record
TN:
SF:tools/blue/yara.ts
FN:16,(anonymous_7)
FN:29,(anonymous_9)
FN:33,(anonymous_10)
FN:34,(anonymous_11)
FN:35,(anonymous_12)
FN:36,(anonymous_13)
FNF:6
FNH:0
FNDA:0,(anonymous_7)
FNDA:0,(anonymous_9)
FNDA:0,(anonymous_10)
FNDA:0,(anonymous_11)
FNDA:0,(anonymous_12)
FNDA:0,(anonymous_13)
DA:1,1
DA:8,1
DA:17,0
DA:18,0
DA:19,0
DA:21,0
DA:22,0
DA:24,0
DA:25,0
DA:27,0
DA:28,0
DA:29,0
DA:30,0
DA:31,0
DA:32,0
DA:33,0
DA:34,0
DA:35,0
DA:36,0
DA:37,0
DA:38,0
DA:40,0
DA:41,0
LF:23
LH:2
BRDA:17,0,0,0
BRDA:18,1,0,0
BRDA:18,2,0,0
BRDA:18,2,1,0
BRDA:18,2,2,0
BRDA:21,3,0,0
BRDA:21,4,0,0
BRDA:21,4,1,0
BRDA:21,4,2,0
BRDA:24,5,0,0
BRDA:24,6,0,0
BRDA:24,6,1,0
BRDA:27,7,0,0
BRDA:27,7,1,0
BRDA:37,8,0,0
BRDA:38,9,0,0
BRDA:38,9,1,0
BRF:17
BRH:0
end_of_record
TN:
SF:tools/red/burpsuite.ts
FN:15,(anonymous_7)
FN:25,(anonymous_9)
FN:29,(anonymous_10)
FN:30,(anonymous_11)
FN:31,(anonymous_12)
FN:32,(anonymous_13)
FNF:6
FNH:0
FNDA:0,(anonymous_7)
FNDA:0,(anonymous_9)
FNDA:0,(anonymous_10)
FNDA:0,(anonymous_11)
FNDA:0,(anonymous_12)
FNDA:0,(anonymous_13)
DA:1,1
DA:8,1
DA:16,0
DA:17,0
DA:18,0
DA:20,0
DA:21,0
DA:23,0
DA:24,0
DA:25,0
DA:26,0
DA:27,0
DA:28,0
DA:29,0
DA:30,0
DA:31,0
DA:32,0
DA:33,0
DA:34,0
DA:36,0
DA:37,0
LF:21
LH:2
BRDA:16,0,0,0
BRDA:17,1,0,0
BRDA:17,2,0,0
BRDA:17,2,1,0
BRDA:17,2,2,0
BRDA:20,3,0,0
BRDA:20,4,0,0
BRDA:20,4,1,0
BRDA:23,5,0,0
BRDA:23,5,1,0
BRDA:33,6,0,0
BRDA:34,7,0,0
BRDA:34,7,1,0
BRF:13
BRH:0
end_of_record
TN:
SF:tools/red/nmap.ts
FN:15,(anonymous_7)
FN:27,(anonymous_9)
FN:31,(anonymous_10)
FN:32,(anonymous_11)
FN:33,(anonymous_12)
FN:34,(anonymous_13)
FNF:6
FNH:0
FNDA:0,(anonymous_7)
FNDA:0,(anonymous_9)
FNDA:0,(anonymous_10)
FNDA:0,(anonymous_11)
FNDA:0,(anonymous_12)
FNDA:0,(anonymous_13)
DA:1,1
DA:8,1
DA:16,0
DA:17,0
DA:18,0
DA:21,0
DA:22,0
DA:25,0
DA:26,0
DA:27,0
DA:28,0
DA:29,0
DA:30,0
DA:31,0
DA:32,0
DA:33,0
DA:34,0
DA:35,0
DA:36,0
DA:38,0
DA:39,0
LF:21
LH:2
BRDA:16,0,0,0
BRDA:17,1,0,0
BRDA:17,2,0,0
BRDA:17,2,1,0
BRDA:17,2,2,0
BRDA:21,3,0,0
BRDA:21,4,0,0
BRDA:21,4,1,0
BRDA:25,5,0,0
BRDA:25,5,1,0
BRDA:35,6,0,0
BRDA:36,7,0,0
BRDA:36,7,1,0
BRF:13
BRH:0
end_of_record
TN:
SF:tools/red/sqlmap.ts
FN:15,(anonymous_7)
FN:26,(anonymous_9)
FN:30,(anonymous_10)
FN:31,(anonymous_11)
FN:32,(anonymous_12)
FN:33,(anonymous_13)
FNF:6
FNH:0
FNDA:0,(anonymous_7)
FNDA:0,(anonymous_9)
FNDA:0,(anonymous_10)
FNDA:0,(anonymous_11)
FNDA:0,(anonymous_12)
FNDA:0,(anonymous_13)
DA:1,1
DA:8,1
DA:16,0
DA:17,0
DA:18,0
DA:21,0
DA:22,0
DA:24,0
DA:25,0
DA:26,0
DA:27,0
DA:28,0
DA:29,0
DA:30,0
DA:31,0
DA:32,0
DA:33,0
DA:34,0
DA:35,0
DA:37,0
DA:38,0
LF:21
LH:2
BRDA:16,0,0,0
BRDA:17,1,0,0
BRDA:17,2,0,0
BRDA:17,2,1,0
BRDA:17,2,2,0
BRDA:21,3,0,0
BRDA:21,4,0,0
BRDA:21,4,1,0
BRDA:24,5,0,0
BRDA:24,5,1,0
BRDA:34,6,0,0
BRDA:35,7,0,0
BRDA:35,7,1,0
BRF:13
BRH:0
end_of_record
TN:
SF:utils/logger.ts
FN:5,(anonymous_0)
FN:10,(anonymous_1)
FN:17,(anonymous_2)
FN:19,(anonymous_3)
FN:25,(anonymous_4)
FN:31,(anonymous_5)
FN:37,(anonymous_6)
FN:43,(anonymous_7)
FN:49,(anonymous_8)
FNF:9
FNH:8
FNDA:39,(anonymous_0)
FNDA:183,(anonymous_1)
FNDA:147,(anonymous_2)
FNDA:39,(anonymous_3)
FNDA:36,(anonymous_4)
FNDA:108,(anonymous_5)
FNDA:33,(anonymous_6)
FNDA:6,(anonymous_7)
FNDA:0,(anonymous_8)
DA:1,1
DA:6,39
DA:7,39
DA:11,183
DA:12,183
DA:13,183
DA:14,183
DA:18,147
DA:19,147
DA:20,39
DA:22,147
DA:26,36
DA:27,0
DA:32,108
DA:33,108
DA:38,33
DA:39,33
DA:44,6
DA:45,6
DA:50,0
DA:52,0
DA:53,0
DA:55,0
DA:56,0
DA:58,0
DA:59,0
DA:61,0
DA:62,0
DA:64,0
LF:29
LH:18
BRDA:5,0,0,0
BRDA:5,1,0,39
BRDA:19,2,0,39
BRDA:19,2,1,108
BRDA:20,3,0,39
BRDA:20,3,1,0
BRDA:26,4,0,0
BRDA:32,5,0,108
BRDA:38,6,0,33
BRDA:44,7,0,6
BRDA:50,8,0,0
BRDA:50,8,1,0
BRDA:50,8,2,0
BRDA:50,8,3,0
BRDA:50,8,4,0
BRF:15
BRH:7
end_of_record
